Start testing: Jun 29 11:19 CST
----------------------------------------------------------
Unable to find executable: pyfolio_tests_NOT_BUILT
1/31 Testing: pyfolio_tests_NOT_BUILT
1/31 Test: pyfolio_tests_NOT_BUILT
Command: ""
Directory: /Users/yunjinqi/Documents/source_code/pyfolio_cpp/build/tests
"pyfolio_tests_NOT_BUILT" start time: 
Output:
----------------------------------------------------------
<end of output>
Test time =   0.00 sec
----------------------------------------------------------
Test Passed.
"pyfolio_tests_NOT_BUILT" end time: Jun 29 11:19 CST
"pyfolio_tests_NOT_BUILT" time elapsed: 00:00:00
----------------------------------------------------------

2/31 Testing: test_core
2/31 Test: test_core
Command: "/Users/yunjinqi/Documents/source_code/pyfolio_cpp/build/tests/test_core"
Directory: /Users/yunjinqi/Documents/source_code/pyfolio_cpp/build/tests
"test_core" start time: Jun 29 11:19 CST
Output:
----------------------------------------------------------
Running main() from /Users/yunjinqi/Documents/source_code/pyfolio_cpp/build/_deps/googletest-src/googletest/src/gtest_main.cc
[==========] Running 18 tests from 1 test suite.
[----------] Global test environment set-up.
[----------] 18 tests from CoreTypesTest
[ RUN      ] CoreTypesTest.ResultMonadBasicFunctionality
[       OK ] CoreTypesTest.ResultMonadBasicFunctionality (0 ms)
[ RUN      ] CoreTypesTest.ResultMonadErrorHandling
[       OK ] CoreTypesTest.ResultMonadErrorHandling (0 ms)
[ RUN      ] CoreTypesTest.ResultMonadChaining
[       OK ] CoreTypesTest.ResultMonadChaining (0 ms)
[ RUN      ] CoreTypesTest.DateTimeBasicOperations
[       OK ] CoreTypesTest.DateTimeBasicOperations (0 ms)
[ RUN      ] CoreTypesTest.DateTimeDifferences
[       OK ] CoreTypesTest.DateTimeDifferences (0 ms)
[ RUN      ] CoreTypesTest.DateTimeBusinessDays
[       OK ] CoreTypesTest.DateTimeBusinessDays (0 ms)
[ RUN      ] CoreTypesTest.BusinessCalendarHolidays
[       OK ] CoreTypesTest.BusinessCalendarHolidays (0 ms)
[ RUN      ] CoreTypesTest.BusinessCalendarWeekends
[       OK ] CoreTypesTest.BusinessCalendarWeekends (0 ms)
[ RUN      ] CoreTypesTest.FinancialTypes
[       OK ] CoreTypesTest.FinancialTypes (0 ms)
[ RUN      ] CoreTypesTest.SymbolHandling
[       OK ] CoreTypesTest.SymbolHandling (0 ms)
[ RUN      ] CoreTypesTest.CurrencyHandling
[       OK ] CoreTypesTest.CurrencyHandling (0 ms)
[ RUN      ] CoreTypesTest.Constants
[       OK ] CoreTypesTest.Constants (0 ms)
[ RUN      ] CoreTypesTest.ErrorHandlingEdgeCases
[       OK ] CoreTypesTest.ErrorHandlingEdgeCases (0 ms)
[ RUN      ] CoreTypesTest.ResultValueOrDefault
[       OK ] CoreTypesTest.ResultValueOrDefault (0 ms)
[ RUN      ] CoreTypesTest.DateTimeEdgeCases
[       OK ] CoreTypesTest.DateTimeEdgeCases (0 ms)
[ RUN      ] CoreTypesTest.DateTimeComparison
[       OK ] CoreTypesTest.DateTimeComparison (0 ms)
[ RUN      ] CoreTypesTest.BasicThreadSafety
[       OK ] CoreTypesTest.BasicThreadSafety (0 ms)
[ RUN      ] CoreTypesTest.PerformanceBaseline
[       OK ] CoreTypesTest.PerformanceBaseline (9 ms)
[----------] 18 tests from CoreTypesTest (10 ms total)

[----------] Global test environment tear-down
[==========] 18 tests from 1 test suite ran. (10 ms total)
[  PASSED  ] 18 tests.
<end of output>
Test time =   0.01 sec
----------------------------------------------------------
Test Passed.
"test_core" end time: Jun 29 11:19 CST
"test_core" time elapsed: 00:00:00
----------------------------------------------------------

Unable to find executable: /Users/yunjinqi/Documents/source_code/pyfolio_cpp/build/tests/test_datetime_only
3/31 Testing: test_datetime_only
3/31 Test: test_datetime_only
Command: ""
Directory: /Users/yunjinqi/Documents/source_code/pyfolio_cpp/build/tests
"test_datetime_only" start time: 
Output:
----------------------------------------------------------
<end of output>
Test time =   0.00 sec
----------------------------------------------------------
Test Passed.
"test_datetime_only" end time: Jun 29 11:19 CST
"test_datetime_only" time elapsed: 00:00:00
----------------------------------------------------------

Unable to find executable: /Users/yunjinqi/Documents/source_code/pyfolio_cpp/build/tests/test_time_series_only
4/31 Testing: test_time_series_only
4/31 Test: test_time_series_only
Command: ""
Directory: /Users/yunjinqi/Documents/source_code/pyfolio_cpp/build/tests
"test_time_series_only" start time: 
Output:
----------------------------------------------------------
<end of output>
Test time =   0.00 sec
----------------------------------------------------------
Test Passed.
"test_time_series_only" end time: Jun 29 11:19 CST
"test_time_series_only" time elapsed: 00:00:00
----------------------------------------------------------

5/31 Testing: test_statistics_only
5/31 Test: test_statistics_only
Command: "/Users/yunjinqi/Documents/source_code/pyfolio_cpp/build/tests/test_statistics_only"
Directory: /Users/yunjinqi/Documents/source_code/pyfolio_cpp/build/tests
"test_statistics_only" start time: Jun 29 11:19 CST
Output:
----------------------------------------------------------
Running main() from /Users/yunjinqi/Documents/source_code/pyfolio_cpp/build/_deps/googletest-src/googletest/src/gtest_main.cc
[==========] Running 17 tests from 1 test suite.
[----------] Global test environment set-up.
[----------] 17 tests from StatisticsTest
[ RUN      ] StatisticsTest.BasicStatistics
[       OK ] StatisticsTest.BasicStatistics (0 ms)
[ RUN      ] StatisticsTest.SharpeRatio
[       OK ] StatisticsTest.SharpeRatio (0 ms)
[ RUN      ] StatisticsTest.SortinoRatio
[       OK ] StatisticsTest.SortinoRatio (0 ms)
[ RUN      ] StatisticsTest.CalmarRatio
[       OK ] StatisticsTest.CalmarRatio (0 ms)
[ RUN      ] StatisticsTest.MaxDrawdown
[       OK ] StatisticsTest.MaxDrawdown (0 ms)
[ RUN      ] StatisticsTest.VolatilityCalculation
[       OK ] StatisticsTest.VolatilityCalculation (0 ms)
[ RUN      ] StatisticsTest.DownsideDeviation
[       OK ] StatisticsTest.DownsideDeviation (0 ms)
[ RUN      ] StatisticsTest.AlphaBeta
[       OK ] StatisticsTest.AlphaBeta (0 ms)
[ RUN      ] StatisticsTest.InformationRatio
[       OK ] StatisticsTest.InformationRatio (0 ms)
[ RUN      ] StatisticsTest.TrackingError
[       OK ] StatisticsTest.TrackingError (0 ms)
[ RUN      ] StatisticsTest.Skewness
[       OK ] StatisticsTest.Skewness (0 ms)
[ RUN      ] StatisticsTest.Kurtosis
[       OK ] StatisticsTest.Kurtosis (0 ms)
[ RUN      ] StatisticsTest.VaRHistorical
[       OK ] StatisticsTest.VaRHistorical (0 ms)
[ RUN      ] StatisticsTest.ConditionalVaR
[       OK ] StatisticsTest.ConditionalVaR (0 ms)
[ RUN      ] StatisticsTest.EmptyTimeSeriesHandling
[       OK ] StatisticsTest.EmptyTimeSeriesHandling (0 ms)
[ RUN      ] StatisticsTest.SingleValueTimeSeries
[       OK ] StatisticsTest.SingleValueTimeSeries (0 ms)
[ RUN      ] StatisticsTest.PerformanceConsistency
[       OK ] StatisticsTest.PerformanceConsistency (0 ms)
[----------] 17 tests from StatisticsTest (0 ms total)

[----------] Global test environment tear-down
[==========] 17 tests from 1 test suite ran. (0 ms total)
[  PASSED  ] 17 tests.
<end of output>
Test time =   0.00 sec
----------------------------------------------------------
Test Passed.
"test_statistics_only" end time: Jun 29 11:19 CST
"test_statistics_only" time elapsed: 00:00:00
----------------------------------------------------------

Unable to find executable: /Users/yunjinqi/Documents/source_code/pyfolio_cpp/build/tests/test_performance_only
6/31 Testing: test_performance_only
6/31 Test: test_performance_only
Command: ""
Directory: /Users/yunjinqi/Documents/source_code/pyfolio_cpp/build/tests
"test_performance_only" start time: 
Output:
----------------------------------------------------------
<end of output>
Test time =   0.00 sec
----------------------------------------------------------
Test Passed.
"test_performance_only" end time: Jun 29 11:19 CST
"test_performance_only" time elapsed: 00:00:00
----------------------------------------------------------

Unable to find executable: /Users/yunjinqi/Documents/source_code/pyfolio_cpp/build/tests/test_transactions_only
7/31 Testing: test_transactions_only
7/31 Test: test_transactions_only
Command: ""
Directory: /Users/yunjinqi/Documents/source_code/pyfolio_cpp/build/tests
"test_transactions_only" start time: 
Output:
----------------------------------------------------------
<end of output>
Test time =   0.00 sec
----------------------------------------------------------
Test Passed.
"test_transactions_only" end time: Jun 29 11:19 CST
"test_transactions_only" time elapsed: 00:00:00
----------------------------------------------------------

Unable to find executable: /Users/yunjinqi/Documents/source_code/pyfolio_cpp/build/tests/test_round_trips_only
8/31 Testing: test_round_trips_only
8/31 Test: test_round_trips_only
Command: ""
Directory: /Users/yunjinqi/Documents/source_code/pyfolio_cpp/build/tests
"test_round_trips_only" start time: 
Output:
----------------------------------------------------------
<end of output>
Test time =   0.00 sec
----------------------------------------------------------
Test Passed.
"test_round_trips_only" end time: Jun 29 11:19 CST
"test_round_trips_only" time elapsed: 00:00:00
----------------------------------------------------------

Unable to find executable: /Users/yunjinqi/Documents/source_code/pyfolio_cpp/build/tests/test_positions_only
9/31 Testing: test_positions_only
9/31 Test: test_positions_only
Command: ""
Directory: /Users/yunjinqi/Documents/source_code/pyfolio_cpp/build/tests
"test_positions_only" start time: 
Output:
----------------------------------------------------------
<end of output>
Test time =   0.00 sec
----------------------------------------------------------
Test Passed.
"test_positions_only" end time: Jun 29 11:19 CST
"test_positions_only" time elapsed: 00:00:00
----------------------------------------------------------

Unable to find executable: /Users/yunjinqi/Documents/source_code/pyfolio_cpp/build/tests/test_attribution_only
10/31 Testing: test_attribution_only
10/31 Test: test_attribution_only
Command: ""
Directory: /Users/yunjinqi/Documents/source_code/pyfolio_cpp/build/tests
"test_attribution_only" start time: 
Output:
----------------------------------------------------------
<end of output>
Test time =   0.00 sec
----------------------------------------------------------
Test Passed.
"test_attribution_only" end time: Jun 29 11:19 CST
"test_attribution_only" time elapsed: 00:00:00
----------------------------------------------------------

Unable to find executable: /Users/yunjinqi/Documents/source_code/pyfolio_cpp/build/tests/test_risk_only
11/31 Testing: test_risk_only
11/31 Test: test_risk_only
Command: ""
Directory: /Users/yunjinqi/Documents/source_code/pyfolio_cpp/build/tests
"test_risk_only" start time: 
Output:
----------------------------------------------------------
<end of output>
Test time =   0.00 sec
----------------------------------------------------------
Test Passed.
"test_risk_only" end time: Jun 29 11:19 CST
"test_risk_only" time elapsed: 00:00:00
----------------------------------------------------------

Unable to find executable: /Users/yunjinqi/Documents/source_code/pyfolio_cpp/build/tests/test_capacity_only
12/31 Testing: test_capacity_only
12/31 Test: test_capacity_only
Command: ""
Directory: /Users/yunjinqi/Documents/source_code/pyfolio_cpp/build/tests
"test_capacity_only" start time: 
Output:
----------------------------------------------------------
<end of output>
Test time =   0.00 sec
----------------------------------------------------------
Test Passed.
"test_capacity_only" end time: Jun 29 11:19 CST
"test_capacity_only" time elapsed: 00:00:00
----------------------------------------------------------

Unable to find executable: /Users/yunjinqi/Documents/source_code/pyfolio_cpp/build/tests/test_bayesian_only
13/31 Testing: test_bayesian_only
13/31 Test: test_bayesian_only
Command: ""
Directory: /Users/yunjinqi/Documents/source_code/pyfolio_cpp/build/tests
"test_bayesian_only" start time: 
Output:
----------------------------------------------------------
<end of output>
Test time =   0.00 sec
----------------------------------------------------------
Test Passed.
"test_bayesian_only" end time: Jun 29 11:19 CST
"test_bayesian_only" time elapsed: 00:00:00
----------------------------------------------------------

Unable to find executable: /Users/yunjinqi/Documents/source_code/pyfolio_cpp/build/tests/test_regime_only
14/31 Testing: test_regime_only
14/31 Test: test_regime_only
Command: ""
Directory: /Users/yunjinqi/Documents/source_code/pyfolio_cpp/build/tests
"test_regime_only" start time: 
Output:
----------------------------------------------------------
<end of output>
Test time =   0.00 sec
----------------------------------------------------------
Test Passed.
"test_regime_only" end time: Jun 29 11:19 CST
"test_regime_only" time elapsed: 00:00:00
----------------------------------------------------------

Unable to find executable: /Users/yunjinqi/Documents/source_code/pyfolio_cpp/build/tests/test_integration_only
15/31 Testing: test_integration_only
15/31 Test: test_integration_only
Command: ""
Directory: /Users/yunjinqi/Documents/source_code/pyfolio_cpp/build/tests
"test_integration_only" start time: 
Output:
----------------------------------------------------------
<end of output>
Test time =   0.00 sec
----------------------------------------------------------
Test Passed.
"test_integration_only" end time: Jun 29 11:19 CST
"test_integration_only" time elapsed: 00:00:00
----------------------------------------------------------

Unable to find executable: /Users/yunjinqi/Documents/source_code/pyfolio_cpp/build/tests/test_tear_sheets_only
16/31 Testing: test_tear_sheets_only
16/31 Test: test_tear_sheets_only
Command: ""
Directory: /Users/yunjinqi/Documents/source_code/pyfolio_cpp/build/tests
"test_tear_sheets_only" start time: 
Output:
----------------------------------------------------------
<end of output>
Test time =   0.00 sec
----------------------------------------------------------
Test Passed.
"test_tear_sheets_only" end time: Jun 29 11:19 CST
"test_tear_sheets_only" time elapsed: 00:00:00
----------------------------------------------------------

Unable to find executable: /Users/yunjinqi/Documents/source_code/pyfolio_cpp/build/tests/test_rolling_metrics_only
17/31 Testing: test_rolling_metrics_only
17/31 Test: test_rolling_metrics_only
Command: ""
Directory: /Users/yunjinqi/Documents/source_code/pyfolio_cpp/build/tests
"test_rolling_metrics_only" start time: 
Output:
----------------------------------------------------------
<end of output>
Test time =   0.00 sec
----------------------------------------------------------
Test Passed.
"test_rolling_metrics_only" end time: Jun 29 11:19 CST
"test_rolling_metrics_only" time elapsed: 00:00:00
----------------------------------------------------------

Unable to find executable: /Users/yunjinqi/Documents/source_code/pyfolio_cpp/build/tests/test_data_loader_only
18/31 Testing: test_data_loader_only
18/31 Test: test_data_loader_only
Command: ""
Directory: /Users/yunjinqi/Documents/source_code/pyfolio_cpp/build/tests
"test_data_loader_only" start time: 
Output:
----------------------------------------------------------
<end of output>
Test time =   0.00 sec
----------------------------------------------------------
Test Passed.
"test_data_loader_only" end time: Jun 29 11:19 CST
"test_data_loader_only" time elapsed: 00:00:00
----------------------------------------------------------

Unable to find executable: /Users/yunjinqi/Documents/source_code/pyfolio_cpp/build/tests/test_visualization_only
19/31 Testing: test_visualization_only
19/31 Test: test_visualization_only
Command: ""
Directory: /Users/yunjinqi/Documents/source_code/pyfolio_cpp/build/tests
"test_visualization_only" start time: 
Output:
----------------------------------------------------------
<end of output>
Test time =   0.00 sec
----------------------------------------------------------
Test Passed.
"test_visualization_only" end time: Jun 29 11:19 CST
"test_visualization_only" time elapsed: 00:00:00
----------------------------------------------------------

Unable to find executable: /Users/yunjinqi/Documents/source_code/pyfolio_cpp/build/tests/test_cached_performance_only
20/31 Testing: test_cached_performance_only
20/31 Test: test_cached_performance_only
Command: ""
Directory: /Users/yunjinqi/Documents/source_code/pyfolio_cpp/build/tests
"test_cached_performance_only" start time: 
Output:
----------------------------------------------------------
<end of output>
Test time =   0.00 sec
----------------------------------------------------------
Test Passed.
"test_cached_performance_only" end time: Jun 29 11:19 CST
"test_cached_performance_only" time elapsed: 00:00:00
----------------------------------------------------------

Unable to find executable: /Users/yunjinqi/Documents/source_code/pyfolio_cpp/build/tests/test_parallel_algorithms_only
21/31 Testing: test_parallel_algorithms_only
21/31 Test: test_parallel_algorithms_only
Command: ""
Directory: /Users/yunjinqi/Documents/source_code/pyfolio_cpp/build/tests
"test_parallel_algorithms_only" start time: 
Output:
----------------------------------------------------------
<end of output>
Test time =   0.00 sec
----------------------------------------------------------
Test Passed.
"test_parallel_algorithms_only" end time: Jun 29 11:19 CST
"test_parallel_algorithms_only" time elapsed: 00:00:00
----------------------------------------------------------

22/31 Testing: test_plotly_enhanced_only
22/31 Test: test_plotly_enhanced_only
Command: "/Users/yunjinqi/Documents/source_code/pyfolio_cpp/build/tests/test_plotly_enhanced_only"
Directory: /Users/yunjinqi/Documents/source_code/pyfolio_cpp/build/tests
"test_plotly_enhanced_only" start time: Jun 29 11:19 CST
Output:
----------------------------------------------------------
Running main() from /Users/yunjinqi/Documents/source_code/pyfolio_cpp/build/_deps/googletest-src/googletest/src/gtest_main.cc
[==========] Running 13 tests from 1 test suite.
[----------] Global test environment set-up.
[----------] 13 tests from PlotlyEnhancedTest
[ RUN      ] PlotlyEnhancedTest.PlotlyEngineBasicFunctionality
[       OK ] PlotlyEnhancedTest.PlotlyEngineBasicFunctionality (0 ms)
[ RUN      ] PlotlyEnhancedTest.CandlestickChartCreation
[       OK ] PlotlyEnhancedTest.CandlestickChartCreation (0 ms)
[ RUN      ] PlotlyEnhancedTest.CorrelationHeatmapCreation
[       OK ] PlotlyEnhancedTest.CorrelationHeatmapCreation (0 ms)
[ RUN      ] PlotlyEnhancedTest.TreemapCreation
[       OK ] PlotlyEnhancedTest.TreemapCreation (0 ms)
[ RUN      ] PlotlyEnhancedTest.WaterfallChartCreation
[       OK ] PlotlyEnhancedTest.WaterfallChartCreation (0 ms)
[ RUN      ] PlotlyEnhancedTest.PortfolioeDashboardCreation
[       OK ] PlotlyEnhancedTest.PortfolioeDashboardCreation (0 ms)
[ RUN      ] PlotlyEnhancedTest.RiskDashboardCreation
[       OK ] PlotlyEnhancedTest.RiskDashboardCreation (0 ms)
[ RUN      ] PlotlyEnhancedTest.AttributionWaterfallCreation
[       OK ] PlotlyEnhancedTest.AttributionWaterfallCreation (0 ms)
[ RUN      ] PlotlyEnhancedTest.InteractivePlotConfigCustomization
[       OK ] PlotlyEnhancedTest.InteractivePlotConfigCustomization (0 ms)
[ RUN      ] PlotlyEnhancedTest.RealTimeChartInitialization
[       OK ] PlotlyEnhancedTest.RealTimeChartInitialization (0 ms)
[ RUN      ] PlotlyEnhancedTest.ErrorHandling
[       OK ] PlotlyEnhancedTest.ErrorHandling (0 ms)
[ RUN      ] PlotlyEnhancedTest.ThreeDSurfacePlot
[       OK ] PlotlyEnhancedTest.ThreeDSurfacePlot (0 ms)
[ RUN      ] PlotlyEnhancedTest.ComplexDashboardIntegration
[       OK ] PlotlyEnhancedTest.ComplexDashboardIntegration (1 ms)
[----------] 13 tests from PlotlyEnhancedTest (7 ms total)

[----------] Global test environment tear-down
[==========] 13 tests from 1 test suite ran. (7 ms total)
[  PASSED  ] 13 tests.
<end of output>
Test time =   0.01 sec
----------------------------------------------------------
Test Passed.
"test_plotly_enhanced_only" end time: Jun 29 11:19 CST
"test_plotly_enhanced_only" time elapsed: 00:00:00
----------------------------------------------------------

Unable to find executable: /Users/yunjinqi/Documents/source_code/pyfolio_cpp/build/tests/test_exact_python_equivalence_only
23/31 Testing: test_exact_python_equivalence_only
23/31 Test: test_exact_python_equivalence_only
Command: ""
Directory: /Users/yunjinqi/Documents/source_code/pyfolio_cpp/build/tests
"test_exact_python_equivalence_only" start time: 
Output:
----------------------------------------------------------
<end of output>
Test time =   0.00 sec
----------------------------------------------------------
Test Passed.
"test_exact_python_equivalence_only" end time: Jun 29 11:19 CST
"test_exact_python_equivalence_only" time elapsed: 00:00:00
----------------------------------------------------------

Unable to find executable: /Users/yunjinqi/Documents/source_code/pyfolio_cpp/build/tests/test_python_txn_equivalence_only
24/31 Testing: test_python_txn_equivalence_only
24/31 Test: test_python_txn_equivalence_only
Command: ""
Directory: /Users/yunjinqi/Documents/source_code/pyfolio_cpp/build/tests
"test_python_txn_equivalence_only" start time: 
Output:
----------------------------------------------------------
<end of output>
Test time =   0.00 sec
----------------------------------------------------------
Test Passed.
"test_python_txn_equivalence_only" end time: Jun 29 11:19 CST
"test_python_txn_equivalence_only" time elapsed: 00:00:00
----------------------------------------------------------

Unable to find executable: /Users/yunjinqi/Documents/source_code/pyfolio_cpp/build/tests/test_python_pos_equivalence_only
25/31 Testing: test_python_pos_equivalence_only
25/31 Test: test_python_pos_equivalence_only
Command: ""
Directory: /Users/yunjinqi/Documents/source_code/pyfolio_cpp/build/tests
"test_python_pos_equivalence_only" start time: 
Output:
----------------------------------------------------------
<end of output>
Test time =   0.00 sec
----------------------------------------------------------
Test Passed.
"test_python_pos_equivalence_only" end time: Jun 29 11:19 CST
"test_python_pos_equivalence_only" time elapsed: 00:00:00
----------------------------------------------------------

Unable to find executable: /Users/yunjinqi/Documents/source_code/pyfolio_cpp/build/tests/test_pyfolio_equivalent_only
26/31 Testing: test_pyfolio_equivalent_only
26/31 Test: test_pyfolio_equivalent_only
Command: ""
Directory: /Users/yunjinqi/Documents/source_code/pyfolio_cpp/build/tests
"test_pyfolio_equivalent_only" start time: 
Output:
----------------------------------------------------------
<end of output>
Test time =   0.00 sec
----------------------------------------------------------
Test Passed.
"test_pyfolio_equivalent_only" end time: Jun 29 11:19 CST
"test_pyfolio_equivalent_only" time elapsed: 00:00:00
----------------------------------------------------------

Unable to find executable: /Users/yunjinqi/Documents/source_code/pyfolio_cpp/build/tests/run_python_equivalent_tests
27/31 Testing: run_python_equivalent_tests
27/31 Test: run_python_equivalent_tests
Command: ""
Directory: /Users/yunjinqi/Documents/source_code/pyfolio_cpp/build/tests
"run_python_equivalent_tests" start time: 
Output:
----------------------------------------------------------
<end of output>
Test time =   0.00 sec
----------------------------------------------------------
Test Passed.
"run_python_equivalent_tests" end time: Jun 29 11:19 CST
"run_python_equivalent_tests" time elapsed: 00:00:00
----------------------------------------------------------

Unable to find executable: /Users/yunjinqi/Documents/source_code/pyfolio_cpp/build/tests/simd_performance_tests
28/31 Testing: simd_performance_tests
28/31 Test: simd_performance_tests
Command: ""
Directory: /Users/yunjinqi/Documents/source_code/pyfolio_cpp/build/tests
"simd_performance_tests" start time: 
Output:
----------------------------------------------------------
<end of output>
Test time =   0.00 sec
----------------------------------------------------------
Test Passed.
"simd_performance_tests" end time: Jun 29 11:19 CST
"simd_performance_tests" time elapsed: 00:00:00
----------------------------------------------------------

Unable to find executable: /Users/yunjinqi/Documents/source_code/pyfolio_cpp/build/tests/memory_pool_tests
29/31 Testing: memory_pool_tests
29/31 Test: memory_pool_tests
Command: ""
Directory: /Users/yunjinqi/Documents/source_code/pyfolio_cpp/build/tests
"memory_pool_tests" start time: 
Output:
----------------------------------------------------------
<end of output>
Test time =   0.00 sec
----------------------------------------------------------
Test Passed.
"memory_pool_tests" end time: Jun 29 11:19 CST
"memory_pool_tests" time elapsed: 00:00:00
----------------------------------------------------------

Unable to find executable: /Users/yunjinqi/Documents/source_code/pyfolio_cpp/build/tests/simple_memory_pool_tests
30/31 Testing: simple_memory_pool_tests
30/31 Test: simple_memory_pool_tests
Command: ""
Directory: /Users/yunjinqi/Documents/source_code/pyfolio_cpp/build/tests
"simple_memory_pool_tests" start time: 
Output:
----------------------------------------------------------
<end of output>
Test time =   0.00 sec
----------------------------------------------------------
Test Passed.
"simple_memory_pool_tests" end time: Jun 29 11:19 CST
"simple_memory_pool_tests" time elapsed: 00:00:00
----------------------------------------------------------

Unable to find executable: /Users/yunjinqi/Documents/source_code/pyfolio_cpp/build/tests/test_simple_rest_api
31/31 Testing: test_simple_rest_api
31/31 Test: test_simple_rest_api
Command: ""
Directory: /Users/yunjinqi/Documents/source_code/pyfolio_cpp/build/tests
"test_simple_rest_api" start time: 
Output:
----------------------------------------------------------
<end of output>
Test time =   0.00 sec
----------------------------------------------------------
Test Passed.
"test_simple_rest_api" end time: Jun 29 11:19 CST
"test_simple_rest_api" time elapsed: 00:00:00
----------------------------------------------------------

End testing: Jun 29 11:19 CST
