TN:
SF:/Library/Developer/CommandLineTools/SDKs/MacOSX.sdk/usr/include/c++/v1/__algorithm/comp.h
FNL:0,40,41
FNA:0,6,_ZNKSt3__16__lessIvvEclB8ne180100IN7pyfolio8DateTimeES4_EEbRKT_RKT0_
FNA:0,10,_ZNKSt3__16__lessIvvEclB8ne180100IddEEbRKT_RKT0_
FNA:0,2273,_ZNKSt3__16__lessIvvEclB8ne180100ImmEEbRKT_RKT0_
FNF:1
FNH:1
DA:40,2289
DA:41,2289
LF:2
LH:2
end_of_record
TN:
SF:/Library/Developer/CommandLineTools/SDKs/MacOSX.sdk/usr/include/c++/v1/__algorithm/copy.h
FNL:0,103,104
FNA:0,54,_ZNKSt3__114__copy_trivialclB8ne180100IKN7pyfolio8DateTimeES3_Li0EEENS_4pairIPT_PT0_EES7_S7_S9_
FNA:0,22,_ZNKSt3__114__copy_trivialclB8ne180100IKccLi0EEENS_4pairIPT_PT0_EES5_S5_S7_
FNA:0,91,_ZNKSt3__114__copy_trivialclB8ne180100IKddLi0EEENS_4pairIPT_PT0_EES5_S5_S7_
FNA:0,121,_ZNKSt3__114__copy_trivialclB8ne180100IN7pyfolio8DateTimeES3_Li0EEENS_4pairIPT_PT0_EES6_S6_S8_
FNA:0,129,_ZNKSt3__114__copy_trivialclB8ne180100IddLi0EEENS_4pairIPT_PT0_EES4_S4_S6_
FNL:1,110,112
FNA:1,54,_ZNSt3__16__copyB8ne180100INS_17_ClassicAlgPolicyEPKN7pyfolio8DateTimeES5_PS3_EENS_4pairIT0_T2_EES8_T1_S9_
FNA:1,0,_ZNSt3__16__copyB8ne180100INS_17_ClassicAlgPolicyEPKNS_3mapINS_12basic_stringIcNS_11char_traitsIcEENS_9allocatorIcEEEEdNS_4lessIS8_EENS6_INS_4pairIKS8_dEEEEEESH_PSF_EENSB_IT0_T2_EESJ_T1_SK_
FNA:1,22,_ZNSt3__16__copyB8ne180100INS_17_ClassicAlgPolicyEPKcS3_PcEENS_4pairIT0_T2_EES6_T1_S7_
FNA:1,91,_ZNSt3__16__copyB8ne180100INS_17_ClassicAlgPolicyEPKdS3_PdEENS_4pairIT0_T2_EES6_T1_S7_
FNA:1,121,_ZNSt3__16__copyB8ne180100INS_17_ClassicAlgPolicyEPN7pyfolio8DateTimeES4_S4_EENS_4pairIT0_T2_EES6_T1_S7_
FNA:1,129,_ZNSt3__16__copyB8ne180100INS_17_ClassicAlgPolicyEPdS2_S2_EENS_4pairIT0_T2_EES4_T1_S5_
FNL:2,117,118
FNA:2,54,_ZNSt3__14copyB8ne180100IPKN7pyfolio8DateTimeEPS2_EET0_T_S7_S6_
FNA:2,0,_ZNSt3__14copyB8ne180100IPKNS_3mapINS_12basic_stringIcNS_11char_traitsIcEENS_9allocatorIcEEEEdNS_4lessIS7_EENS5_INS_4pairIKS7_dEEEEEEPSE_EET0_T_SJ_SI_
FNA:2,22,_ZNSt3__14copyB8ne180100IPKcPcEET0_T_S5_S4_
FNA:2,91,_ZNSt3__14copyB8ne180100IPKdPdEET0_T_S5_S4_
FNA:2,121,_ZNSt3__14copyB8ne180100IPN7pyfolio8DateTimeES3_EET0_T_S5_S4_
FNA:2,129,_ZNSt3__14copyB8ne180100IPdS1_EET0_T_S3_S2_
FNL:3,38,45
FNA:3,0,_ZNKSt3__111__copy_loopINS_17_ClassicAlgPolicyEEclB8ne180100IPKNS_3mapINS_12basic_stringIcNS_11char_traitsIcEENS_9allocatorIcEEEEdNS_4lessISA_EENS8_INS_4pairIKSA_dEEEEEESJ_PSH_EENSD_IT_T1_EESL_T0_SM_
FNF:4
FNH:3
DA:38,0
DA:39,0
DA:40,0
DA:41,0
DA:42,0
DA:45,0
DA:103,417
DA:104,417
DA:110,417
DA:111,417
DA:112,417
DA:117,417
DA:118,417
LF:13
LH:7
end_of_record
TN:
SF:/Library/Developer/CommandLineTools/SDKs/MacOSX.sdk/usr/include/c++/v1/__algorithm/copy_move_common.h
FNL:0,107,111
FNA:0,54,_ZNSt3__121__unwrap_and_dispatchB8ne180100INS_10__overloadINS_11__copy_loopINS_17_ClassicAlgPolicyEEENS_14__copy_trivialEEEPKN7pyfolio8DateTimeESA_PS8_Li0EEENS_4pairIT0_T2_EESD_T1_SE_
FNA:0,0,_ZNSt3__121__unwrap_and_dispatchB8ne180100INS_10__overloadINS_11__copy_loopINS_17_ClassicAlgPolicyEEENS_14__copy_trivialEEEPKNS_3mapINS_12basic_stringIcNS_11char_traitsIcEENS_9allocatorIcEEEEdNS_4lessISD_EENSB_INS_4pairIKSD_dEEEEEESM_PSK_Li0EEENSG_IT0_T2_EESO_T1_SP_
FNA:0,22,_ZNSt3__121__unwrap_and_dispatchB8ne180100INS_10__overloadINS_11__copy_loopINS_17_ClassicAlgPolicyEEENS_14__copy_trivialEEEPKcS8_PcLi0EEENS_4pairIT0_T2_EESB_T1_SC_
FNA:0,91,_ZNSt3__121__unwrap_and_dispatchB8ne180100INS_10__overloadINS_11__copy_loopINS_17_ClassicAlgPolicyEEENS_14__copy_trivialEEEPKdS8_PdLi0EEENS_4pairIT0_T2_EESB_T1_SC_
FNA:0,121,_ZNSt3__121__unwrap_and_dispatchB8ne180100INS_10__overloadINS_11__copy_loopINS_17_ClassicAlgPolicyEEENS_14__copy_trivialEEEPN7pyfolio8DateTimeES9_S9_Li0EEENS_4pairIT0_T2_EESB_T1_SC_
FNA:0,129,_ZNSt3__121__unwrap_and_dispatchB8ne180100INS_10__overloadINS_11__copy_loopINS_17_ClassicAlgPolicyEEENS_14__copy_trivialEEEPdS7_S7_Li0EEENS_4pairIT0_T2_EES9_T1_SA_
FNA:0,0,_ZNSt3__121__unwrap_and_dispatchB8ne180100INS_10__overloadINS_11__move_loopINS_17_ClassicAlgPolicyEEENS_14__move_trivialEEENS_16reverse_iteratorIPN7pyfolio11performance12DrawdownInfoEEESC_SC_Li0EEENS_4pairIT0_T2_EESE_T1_SF_
FNA:0,109,_ZNSt3__121__unwrap_and_dispatchB8ne180100INS_10__overloadINS_11__move_loopINS_17_ClassicAlgPolicyEEENS_14__move_trivialEEENS_16reverse_iteratorIPN7pyfolio8DateTimeEEESB_SB_Li0EEENS_4pairIT0_T2_EESD_T1_SE_
FNA:0,142,_ZNSt3__121__unwrap_and_dispatchB8ne180100INS_10__overloadINS_11__move_loopINS_17_ClassicAlgPolicyEEENS_14__move_trivialEEENS_16reverse_iteratorIPdEES9_S9_Li0EEENS_4pairIT0_T2_EESB_T1_SC_
FNA:0,0,_ZNSt3__121__unwrap_and_dispatchB8ne180100INS_10__overloadINS_11__move_loopINS_17_ClassicAlgPolicyEEENS_14__move_trivialEEENS_16reverse_iteratorIPiEES9_S9_Li0EEENS_4pairIT0_T2_EESB_T1_SC_
FNL:1,131,133
FNA:1,54,_ZNSt3__123__dispatch_copy_or_moveB8ne180100INS_17_ClassicAlgPolicyENS_11__copy_loopIS1_EENS_14__copy_trivialEPKN7pyfolio8DateTimeES8_PS6_EENS_4pairIT2_T4_EESB_T3_SC_
FNA:1,0,_ZNSt3__123__dispatch_copy_or_moveB8ne180100INS_17_ClassicAlgPolicyENS_11__copy_loopIS1_EENS_14__copy_trivialEPKNS_3mapINS_12basic_stringIcNS_11char_traitsIcEENS_9allocatorIcEEEEdNS_4lessISB_EENS9_INS_4pairIKSB_dEEEEEESK_PSI_EENSE_IT2_T4_EESM_T3_SN_
FNA:1,22,_ZNSt3__123__dispatch_copy_or_moveB8ne180100INS_17_ClassicAlgPolicyENS_11__copy_loopIS1_EENS_14__copy_trivialEPKcS6_PcEENS_4pairIT2_T4_EES9_T3_SA_
FNA:1,91,_ZNSt3__123__dispatch_copy_or_moveB8ne180100INS_17_ClassicAlgPolicyENS_11__copy_loopIS1_EENS_14__copy_trivialEPKdS6_PdEENS_4pairIT2_T4_EES9_T3_SA_
FNA:1,121,_ZNSt3__123__dispatch_copy_or_moveB8ne180100INS_17_ClassicAlgPolicyENS_11__copy_loopIS1_EENS_14__copy_trivialEPN7pyfolio8DateTimeES7_S7_EENS_4pairIT2_T4_EES9_T3_SA_
FNA:1,129,_ZNSt3__123__dispatch_copy_or_moveB8ne180100INS_17_ClassicAlgPolicyENS_11__copy_loopIS1_EENS_14__copy_trivialEPdS5_S5_EENS_4pairIT2_T4_EES7_T3_S8_
FNA:1,0,_ZNSt3__123__dispatch_copy_or_moveB8ne180100INS_17_ClassicAlgPolicyENS_11__move_loopIS1_EENS_14__move_trivialENS_16reverse_iteratorIPN7pyfolio11performance12DrawdownInfoEEESA_SA_EENS_4pairIT2_T4_EESC_T3_SD_
FNA:1,109,_ZNSt3__123__dispatch_copy_or_moveB8ne180100INS_17_ClassicAlgPolicyENS_11__move_loopIS1_EENS_14__move_trivialENS_16reverse_iteratorIPN7pyfolio8DateTimeEEES9_S9_EENS_4pairIT2_T4_EESB_T3_SC_
FNA:1,142,_ZNSt3__123__dispatch_copy_or_moveB8ne180100INS_17_ClassicAlgPolicyENS_11__move_loopIS1_EENS_14__move_trivialENS_16reverse_iteratorIPdEES7_S7_EENS_4pairIT2_T4_EES9_T3_SA_
FNA:1,0,_ZNSt3__123__dispatch_copy_or_moveB8ne180100INS_17_ClassicAlgPolicyENS_11__move_loopIS1_EENS_14__move_trivialENS_16reverse_iteratorIPiEES7_S7_EENS_4pairIT2_T4_EES9_T3_SA_
FNL:2,63,68
FNA:2,54,_ZNSt3__119__copy_trivial_implB8ne180100IKN7pyfolio8DateTimeES2_EENS_4pairIPT_PT0_EES6_S6_S8_
FNA:2,22,_ZNSt3__119__copy_trivial_implB8ne180100IKccEENS_4pairIPT_PT0_EES4_S4_S6_
FNA:2,91,_ZNSt3__119__copy_trivial_implB8ne180100IKddEENS_4pairIPT_PT0_EES4_S4_S6_
FNA:2,121,_ZNSt3__119__copy_trivial_implB8ne180100IN7pyfolio8DateTimeES2_EENS_4pairIPT_PT0_EES5_S5_S7_
FNA:2,129,_ZNSt3__119__copy_trivial_implB8ne180100IddEENS_4pairIPT_PT0_EES3_S3_S5_
FNF:3
FNH:3
DA:63,417
DA:64,417
DA:66,417
DA:68,417
DA:107,668
DA:108,668
DA:109,668
DA:110,1336
DA:111,668
DA:131,668
DA:133,668
LF:11
LH:11
end_of_record
TN:
SF:/Library/Developer/CommandLineTools/SDKs/MacOSX.sdk/usr/include/c++/v1/__algorithm/copy_n.h
FNL:0,51,55
FNA:0,22,_ZNSt3__16copy_nB8ne180100IPKcmPcLi0EEET1_T_T0_S4_
FNF:1
FNH:1
DA:51,22
DA:54,22
DA:55,22
LF:3
LH:3
end_of_record
TN:
SF:/Library/Developer/CommandLineTools/SDKs/MacOSX.sdk/usr/include/c++/v1/__algorithm/fill_n.h
FNL:0,26,29
FNA:0,11,_ZNSt3__18__fill_nB8ne180100IPcmcEET_S2_T0_RKT1_
FNL:1,34,35
FNA:1,11,_ZNSt3__16fill_nB8ne180100IPcmcEET_S2_T0_RKT1_
FNF:2
FNH:2
DA:26,11
DA:27,22
DA:28,11
DA:29,11
DA:34,11
DA:35,11
LF:6
LH:6
end_of_record
TN:
SF:/Library/Developer/CommandLineTools/SDKs/MacOSX.sdk/usr/include/c++/v1/__algorithm/half_positive.h
FNL:0,26,27
FNA:0,6,_ZNSt3__115__half_positiveB8ne180100IlLi0EEET_S1_
FNF:1
FNH:1
DA:26,6
DA:27,6
LF:2
LH:2
end_of_record
TN:
SF:/Library/Developer/CommandLineTools/SDKs/MacOSX.sdk/usr/include/c++/v1/__algorithm/iter_swap.h
FNL:0,23,27
FNA:0,0,_ZNSt3__19iter_swapB8ne180100IPmS1_EEvT_T0_
FNF:1
FNH:0
DA:23,0
DA:26,0
DA:27,0
LF:3
LH:0
end_of_record
TN:
SF:/Library/Developer/CommandLineTools/SDKs/MacOSX.sdk/usr/include/c++/v1/__algorithm/iterator_operations.h
FNL:0,102,108
FNA:0,0,_ZNSt3__18_IterOpsINS_17_ClassicAlgPolicyEE25__validate_iter_referenceB8ne180100IRNS_16reverse_iteratorIPN7pyfolio11performance12DrawdownInfoEEEEEvv
FNA:0,20,_ZNSt3__18_IterOpsINS_17_ClassicAlgPolicyEE25__validate_iter_referenceB8ne180100IRNS_16reverse_iteratorIPN7pyfolio8DateTimeEEEEEvv
FNA:0,71,_ZNSt3__18_IterOpsINS_17_ClassicAlgPolicyEE25__validate_iter_referenceB8ne180100IRNS_16reverse_iteratorIPdEEEEvv
FNA:0,0,_ZNSt3__18_IterOpsINS_17_ClassicAlgPolicyEE25__validate_iter_referenceB8ne180100IRNS_16reverse_iteratorIPiEEEEvv
FNA:0,0,_ZNSt3__18_IterOpsINS_17_ClassicAlgPolicyEE25__validate_iter_referenceB8ne180100IRPmEEvv
FNL:1,116,119
FNA:1,0,_ZNSt3__18_IterOpsINS_17_ClassicAlgPolicyEE11__iter_moveB8ne180100IRNS_16reverse_iteratorIPN7pyfolio11performance12DrawdownInfoEEELi0EEEDTclsr3stdE4movedeclsr3stdE7declvalIRT_EEEEOSB_
FNA:1,20,_ZNSt3__18_IterOpsINS_17_ClassicAlgPolicyEE11__iter_moveB8ne180100IRNS_16reverse_iteratorIPN7pyfolio8DateTimeEEELi0EEEDTclsr3stdE4movedeclsr3stdE7declvalIRT_EEEEOSA_
FNA:1,71,_ZNSt3__18_IterOpsINS_17_ClassicAlgPolicyEE11__iter_moveB8ne180100IRNS_16reverse_iteratorIPdEELi0EEEDTclsr3stdE4movedeclsr3stdE7declvalIRT_EEEEOS8_
FNA:1,0,_ZNSt3__18_IterOpsINS_17_ClassicAlgPolicyEE11__iter_moveB8ne180100IRNS_16reverse_iteratorIPiEELi0EEEDTclsr3stdE4movedeclsr3stdE7declvalIRT_EEEEOS8_
FNA:1,0,_ZNSt3__18_IterOpsINS_17_ClassicAlgPolicyEE11__iter_moveB8ne180100IRPmLi0EEEDTclsr3stdE4movedeclsr3stdE7declvalIRT_EEEEOS6_
FNL:2,136,138
FNA:2,0,_ZNSt3__18_IterOpsINS_17_ClassicAlgPolicyEE9iter_swapB8ne180100IPmS4_EEvOT_OT0_
FNA:2,0,_ZNSt3__18_IterOpsINS_17_ClassicAlgPolicyEE9iter_swapB8ne180100IRPmS4_EEvOT_OT0_
FNA:2,0,_ZNSt3__18_IterOpsINS_17_ClassicAlgPolicyEE9iter_swapB8ne180100IRPmS5_EEvOT_OT0_
FNL:3,142,143
FNA:3,0,_ZNSt3__18_IterOpsINS_17_ClassicAlgPolicyEE4nextB8ne180100IPmEET_S5_S5_
FNL:4,148,149
FNA:4,3,_ZNSt3__18_IterOpsINS_17_ClassicAlgPolicyEE4nextB8ne180100IRNS_11__wrap_iterIPKN7pyfolio8DateTimeEEEEEu14__remove_cvrefIT_EOSB_NS_15iterator_traitsISC_E15difference_typeE
FNL:5,84,86
FNA:5,3,_ZNSt3__18_IterOpsINS_17_ClassicAlgPolicyEE7advanceB8ne180100INS_11__wrap_iterIPKN7pyfolio8DateTimeEEElEEvRT_T0_
FNL:6,91,92
FNA:6,2,_ZNSt3__18_IterOpsINS_17_ClassicAlgPolicyEE8distanceB8ne180100INS_11__wrap_iterIPKN7pyfolio8DateTimeEEEEENS_15iterator_traitsIT_E15difference_typeESB_SB_
FNF:7
FNH:5
DA:84,3
DA:85,3
DA:86,3
DA:91,2
DA:92,2
DA:102,91
DA:108,91
DA:116,91
DA:117,91
DA:119,91
DA:136,0
DA:137,0
DA:138,0
DA:142,0
DA:143,0
DA:148,3
DA:149,3
LF:17
LH:12
end_of_record
TN:
SF:/Library/Developer/CommandLineTools/SDKs/MacOSX.sdk/usr/include/c++/v1/__algorithm/lower_bound.h
FNL:0,32,46
FNA:0,1,_ZNSt3__113__lower_boundB8ne180100INS_17_ClassicAlgPolicyENS_11__wrap_iterIPKN7pyfolio8DateTimeEEES7_S4_NS_10__identityENS_6__lessIvvEEEET0_SB_T1_RKT2_RT4_RT3_
FNL:1,51,54
FNA:1,1,_ZNSt3__111lower_boundB8ne180100INS_11__wrap_iterIPKN7pyfolio8DateTimeEEES3_NS_6__lessIvvEEEET_S9_S9_RKT0_T1_
FNL:2,59,60
FNA:2,1,_ZNSt3__111lower_boundB8ne180100INS_11__wrap_iterIPKN7pyfolio8DateTimeEEES3_EET_S7_S7_RKT0_
FNF:3
FNH:3
DA:32,1
DA:33,1
DA:35,4
DA:36,3
DA:37,3
DA:38,3
DA:39,3
DA:40,1
DA:41,1
DA:42,1
DA:43,2
DA:46,1
DA:51,1
DA:53,1
DA:54,1
DA:59,1
DA:60,1
LF:17
LH:17
end_of_record
TN:
SF:/Library/Developer/CommandLineTools/SDKs/MacOSX.sdk/usr/include/c++/v1/__algorithm/make_heap.h
FNL:0,31,42
FNA:0,0,_ZNSt3__111__make_heapB8ne180100INS_17_ClassicAlgPolicyERZN7pyfolio10TimeSeriesIdE12sort_by_timeEvEUlmmE_PmEEvT1_S8_OT0_
FNF:1
FNH:0
DA:31,0
DA:32,0
DA:35,0
DA:36,0
DA:38,0
DA:39,0
DA:40,0
DA:41,0
DA:42,0
LF:9
LH:0
end_of_record
TN:
SF:/Library/Developer/CommandLineTools/SDKs/MacOSX.sdk/usr/include/c++/v1/__algorithm/max.h
FNL:0,29,30
FNA:0,225,_ZNSt3__13maxB8ne180100ImNS_6__lessIvvEEEERKT_S5_S5_T0_
FNL:1,35,36
FNA:1,225,_ZNSt3__13maxB8ne180100ImEERKT_S3_S3_
FNF:2
FNH:2
DA:29,225
DA:30,225
DA:35,225
DA:36,225
LF:4
LH:4
end_of_record
TN:
SF:/Library/Developer/CommandLineTools/SDKs/MacOSX.sdk/usr/include/c++/v1/__algorithm/max_element.h
FNL:0,25,34
FNA:0,0,_ZNSt3__113__max_elementB8ne180100IRNS_6__lessIvvEENS_11__wrap_iterIPKdEEEET0_S8_S8_T_
FNL:1,39,40
FNA:1,0,_ZNSt3__111max_elementB8ne180100INS_11__wrap_iterIPKdEENS_6__lessIvvEEEET_S7_S7_T0_
FNL:2,45,46
FNA:2,0,_ZNSt3__111max_elementB8ne180100INS_11__wrap_iterIPKdEEEET_S5_S5_
FNF:3
FNH:0
DA:25,0
DA:28,0
DA:29,0
DA:30,0
DA:31,0
DA:32,0
DA:33,0
DA:34,0
DA:39,0
DA:40,0
DA:45,0
DA:46,0
LF:12
LH:0
end_of_record
TN:
SF:/Library/Developer/CommandLineTools/SDKs/MacOSX.sdk/usr/include/c++/v1/__algorithm/min.h
FNL:0,29,30
FNA:0,2048,_ZNSt3__13minB8ne180100ImNS_6__lessIvvEEEERKT_S5_S5_T0_
FNL:1,35,36
FNA:1,2048,_ZNSt3__13minB8ne180100ImEERKT_S3_S3_
FNF:2
FNH:2
DA:29,2048
DA:30,2048
DA:35,2048
DA:36,2048
LF:4
LH:4
end_of_record
TN:
SF:/Library/Developer/CommandLineTools/SDKs/MacOSX.sdk/usr/include/c++/v1/__algorithm/minmax_element.h
FNL:0,32,33
FNA:0,1,_ZNSt3__122_MinmaxElementLessFuncINS_6__lessIvvEENS_10__identityEEC1B8ne180100ERS2_RS3_
FNA:0,1,_ZNSt3__122_MinmaxElementLessFuncINS_6__lessIvvEENS_10__identityEEC2B8ne180100ERS2_RS3_
FNL:1,36,37
FNA:1,10,_ZNSt3__122_MinmaxElementLessFuncINS_6__lessIvvEENS_10__identityEEclB8ne180100INS_11__wrap_iterIPdEEEEbRT_SA_
FNL:2,43,79
FNA:2,1,_ZNSt3__121__minmax_element_implB8ne180100INS_11__wrap_iterIPdEES3_NS_10__identityENS_6__lessIvvEEEENS_4pairIT_S8_EES8_T0_RT2_RT1_
FNL:3,83,89
FNA:3,1,_ZNSt3__114minmax_elementB8ne180100INS_11__wrap_iterIPdEENS_6__lessIvvEEEENS_4pairIT_S7_EES7_S7_T0_
FNL:4,95,96
FNA:4,1,_ZNSt3__114minmax_elementB8ne180100INS_11__wrap_iterIPdEEEENS_4pairIT_S5_EES5_S5_
FNF:5
FNH:5
DA:32,2
DA:33,2
DA:36,10
DA:37,10
DA:43,1
DA:44,1
DA:46,1
DA:47,1
DA:48,0
DA:50,1
DA:51,1
DA:53,0
DA:55,4
DA:56,3
DA:57,3
DA:58,0
DA:59,0
DA:60,0
DA:61,0
DA:62,0
DA:65,3
DA:66,3
DA:67,0
DA:68,3
DA:69,2
DA:70,3
DA:71,0
DA:72,0
DA:73,0
DA:74,0
DA:78,1
DA:79,1
DA:83,1
DA:88,1
DA:89,1
DA:95,1
DA:96,1
LF:37
LH:25
end_of_record
TN:
SF:/Library/Developer/CommandLineTools/SDKs/MacOSX.sdk/usr/include/c++/v1/__algorithm/move.h
FNL:0,111,113
FNA:0,0,_ZNSt3__16__moveB8ne180100INS_17_ClassicAlgPolicyENS_16reverse_iteratorIPN7pyfolio11performance12DrawdownInfoEEES7_S7_EENS_4pairIT0_T2_EES9_T1_SA_
FNA:0,109,_ZNSt3__16__moveB8ne180100INS_17_ClassicAlgPolicyENS_16reverse_iteratorIPN7pyfolio8DateTimeEEES6_S6_EENS_4pairIT0_T2_EES8_T1_S9_
FNA:0,142,_ZNSt3__16__moveB8ne180100INS_17_ClassicAlgPolicyENS_16reverse_iteratorIPdEES4_S4_EENS_4pairIT0_T2_EES6_T1_S7_
FNA:0,0,_ZNSt3__16__moveB8ne180100INS_17_ClassicAlgPolicyENS_16reverse_iteratorIPiEES4_S4_EENS_4pairIT0_T2_EES6_T1_S7_
FNL:1,118,122
FNA:1,0,_ZNSt3__14moveB8ne180100INS_16reverse_iteratorIPN7pyfolio11performance12DrawdownInfoEEES6_EET0_T_S8_S7_
FNA:1,109,_ZNSt3__14moveB8ne180100INS_16reverse_iteratorIPN7pyfolio8DateTimeEEES5_EET0_T_S7_S6_
FNA:1,142,_ZNSt3__14moveB8ne180100INS_16reverse_iteratorIPdEES3_EET0_T_S5_S4_
FNA:1,0,_ZNSt3__14moveB8ne180100INS_16reverse_iteratorIPiEES3_EET0_T_S5_S4_
FNL:2,40,46
FNA:2,0,_ZNKSt3__111__move_loopINS_17_ClassicAlgPolicyEEclB8ne180100INS_16reverse_iteratorIPN7pyfolio11performance12DrawdownInfoEEES9_S9_EENS_4pairIT_T1_EESB_T0_SC_
FNA:2,109,_ZNKSt3__111__move_loopINS_17_ClassicAlgPolicyEEclB8ne180100INS_16reverse_iteratorIPN7pyfolio8DateTimeEEES8_S8_EENS_4pairIT_T1_EESA_T0_SB_
FNA:2,142,_ZNKSt3__111__move_loopINS_17_ClassicAlgPolicyEEclB8ne180100INS_16reverse_iteratorIPdEES6_S6_EENS_4pairIT_T1_EES8_T0_S9_
FNA:2,0,_ZNKSt3__111__move_loopINS_17_ClassicAlgPolicyEEclB8ne180100INS_16reverse_iteratorIPiEES6_S6_EENS_4pairIT_T1_EES8_T0_S9_
FNF:3
FNH:3
DA:40,251
DA:41,342
DA:42,91
DA:43,91
DA:44,91
DA:46,251
DA:111,251
DA:112,251
DA:113,251
DA:118,251
DA:122,251
LF:11
LH:11
end_of_record
TN:
SF:/Library/Developer/CommandLineTools/SDKs/MacOSX.sdk/usr/include/c++/v1/__algorithm/partial_sort.h
FNL:0,35,54
FNA:0,0,_ZNSt3__119__partial_sort_implB8ne180100INS_17_ClassicAlgPolicyERZN7pyfolio10TimeSeriesIdE12sort_by_timeEvEUlmmE_PmS7_EET1_S8_S8_T2_OT0_
FNL:1,58,70
FNA:1,0,_ZNSt3__114__partial_sortB8ne180100INS_17_ClassicAlgPolicyERZN7pyfolio10TimeSeriesIdE12sort_by_timeEvEUlmmE_PmS7_EET1_S8_S8_T2_RT0_
FNF:2
FNH:0
DA:35,0
DA:37,0
DA:38,0
DA:41,0
DA:43,0
DA:44,0
DA:45,0
DA:46,0
DA:47,0
DA:48,0
DA:49,0
DA:50,0
DA:51,0
DA:53,0
DA:54,0
DA:58,0
DA:59,0
DA:60,0
DA:62,0
DA:64,0
DA:65,0
DA:67,0
DA:69,0
DA:70,0
LF:24
LH:0
end_of_record
TN:
SF:/Library/Developer/CommandLineTools/SDKs/MacOSX.sdk/usr/include/c++/v1/__algorithm/pop_heap.h
FNL:0,35,59
FNA:0,0,_ZNSt3__110__pop_heapB8ne180100INS_17_ClassicAlgPolicyEZN7pyfolio10TimeSeriesIdE12sort_by_timeEvEUlmmE_PmEEvT1_S7_RT0_NS_15iterator_traitsIS7_E15difference_typeE
FNF:1
FNH:0
DA:35,0
DA:42,0
DA:45,0
DA:46,0
DA:47,0
DA:48,0
DA:50,0
DA:51,0
DA:52,0
DA:53,0
DA:54,0
DA:55,0
DA:56,0
DA:58,0
DA:59,0
LF:15
LH:0
end_of_record
TN:
SF:/Library/Developer/CommandLineTools/SDKs/MacOSX.sdk/usr/include/c++/v1/__algorithm/push_heap.h
FNL:0,32,56
FNA:0,0,_ZNSt3__19__sift_upB8ne180100INS_17_ClassicAlgPolicyERZN7pyfolio10TimeSeriesIdE12sort_by_timeEvEUlmmE_PmEEvT1_S8_OT0_NS_15iterator_traitsIS8_E15difference_typeE
FNF:1
FNH:0
DA:32,0
DA:38,0
DA:39,0
DA:40,0
DA:42,0
DA:43,0
DA:44,0
DA:45,0
DA:46,0
DA:47,0
DA:48,0
DA:49,0
DA:50,0
DA:51,0
DA:53,0
DA:54,0
DA:55,0
DA:56,0
LF:18
LH:0
end_of_record
TN:
SF:/Library/Developer/CommandLineTools/SDKs/MacOSX.sdk/usr/include/c++/v1/__algorithm/sift_down.h
FNL:0,29,80
FNA:0,0,_ZNSt3__111__sift_downB8ne180100INS_17_ClassicAlgPolicyERZN7pyfolio10TimeSeriesIdE12sort_by_timeEvEUlmmE_PmEEvT1_OT0_NS_15iterator_traitsIS8_E15difference_typeES8_
FNL:1,83,110
FNA:1,0,_ZNSt3__117__floyd_sift_downB8ne180100INS_17_ClassicAlgPolicyERZN7pyfolio10TimeSeriesIdE12sort_by_timeEvEUlmmE_PmEET1_S8_OT0_NS_15iterator_traitsIS8_E15difference_typeE
FNF:2
FNH:0
DA:29,0
DA:39,0
DA:41,0
DA:42,0
DA:44,0
DA:45,0
DA:47,0
DA:49,0
DA:50,0
DA:51,0
DA:54,0
DA:56,0
DA:58,0
DA:59,0
DA:61,0
DA:62,0
DA:64,0
DA:65,0
DA:68,0
DA:69,0
DA:71,0
DA:73,0
DA:74,0
DA:75,0
DA:78,0
DA:79,0
DA:80,0
DA:83,0
DA:90,0
DA:91,0
DA:92,0
DA:94,0
DA:95,0
DA:96,0
DA:98,0
DA:100,0
DA:101,0
DA:102,0
DA:105,0
DA:106,0
DA:109,0
DA:110,0
LF:42
LH:0
end_of_record
TN:
SF:/Library/Developer/CommandLineTools/SDKs/MacOSX.sdk/usr/include/c++/v1/__algorithm/sort.h
FNL:0,1003,1005
FNA:0,4,_ZNSt3__14sortB8ne180100INS_11__wrap_iterIPdEENS_6__lessIvvEEEEvT_S6_T0_
FNA:0,95,_ZNSt3__14sortB8ne180100INS_11__wrap_iterIPmEEZN7pyfolio10TimeSeriesIdE12sort_by_timeEvEUlmmE_EEvT_S8_T0_
FNL:1,1009,1011
FNA:1,4,_ZNSt3__14sortB8ne180100INS_11__wrap_iterIPdEEEEvT_S4_
FNL:2,107,128
FNA:2,9,_ZNSt3__17__sort5B8ne180100INS_17_ClassicAlgPolicyERZN7pyfolio10TimeSeriesIdE12sort_by_timeEvEUlmmE_PmEEvT1_S8_S8_S8_S8_T0_
FNL:3,199,202
FNA:3,4,_ZNSt3__124__sort3_maybe_branchlessB8ne180100INS_17_ClassicAlgPolicyERZN7pyfolio10TimeSeriesIdE12sort_by_timeEvEUlmmE_PmLi0EEEvT1_S8_S8_T0_
FNL:4,225,232
FNA:4,3,_ZNSt3__124__sort4_maybe_branchlessB8ne180100INS_17_ClassicAlgPolicyERZN7pyfolio10TimeSeriesIdE12sort_by_timeEvEUlmmE_PmLi0EEEvT1_S8_S8_S8_T0_
FNL:5,257,266
FNA:5,9,_ZNSt3__124__sort5_maybe_branchlessB8ne180100INS_17_ClassicAlgPolicyERZN7pyfolio10TimeSeriesIdE12sort_by_timeEvEUlmmE_PmLi0EEEvT1_S8_S8_S8_S8_T0_
FNL:6,284,305
FNA:6,77,_ZNSt3__116__insertion_sortB8ne180100INS_17_ClassicAlgPolicyERZN7pyfolio10TimeSeriesIdE12sort_by_timeEvEUlmmE_PmEEvT1_S8_T0_
FNL:7,314,338
FNA:7,0,_ZNSt3__126__insertion_sort_unguardedB8ne180100INS_17_ClassicAlgPolicyERZN7pyfolio10TimeSeriesIdE12sort_by_timeEvEUlmmE_PmEEvT1_S8_T0_
FNL:8,342,392
FNA:8,0,_ZNSt3__127__insertion_sort_incompleteB8ne180100INS_17_ClassicAlgPolicyERZN7pyfolio10TimeSeriesIdE12sort_by_timeEvEUlmmE_PmEEbT1_S8_T0_
FNL:9,395,408
FNA:9,0,_ZNSt3__117__swap_bitmap_posB8ne180100INS_17_ClassicAlgPolicyEPmEEvT0_S3_RyS4_
FNL:10,414,424
FNA:10,0,_ZNSt3__122__populate_left_bitsetB8ne180100IRZN7pyfolio10TimeSeriesIdE12sort_by_timeEvEUlmmE_PmmEEvT0_T_RT1_Ry
FNL:11,430,440
FNA:11,0,_ZNSt3__123__populate_right_bitsetB8ne180100IRZN7pyfolio10TimeSeriesIdE12sort_by_timeEvEUlmmE_PmmEEvT0_T_RT1_Ry
FNL:12,446,490
FNA:12,0,_ZNSt3__133__bitset_partition_partial_blocksB8ne180100INS_17_ClassicAlgPolicyERZN7pyfolio10TimeSeriesIdE12sort_by_timeEvEUlmmE_PmmEEvRT1_S9_T0_RT2_RySD_
FNL:13,493,523
FNA:13,0,_ZNSt3__124__swap_bitmap_pos_withinB8ne180100INS_17_ClassicAlgPolicyEPmEEvRT0_S4_RyS5_
FNL:14,51,83
FNA:14,16,_ZNSt3__17__sort3B8ne180100INS_17_ClassicAlgPolicyERZN7pyfolio10TimeSeriesIdE12sort_by_timeEvEUlmmE_PmEEjT1_S8_S8_T0_
FNL:15,535,617
FNA:15,0,_ZNSt3__118__bitset_partitionB8ne180100INS_17_ClassicAlgPolicyEPmRZN7pyfolio10TimeSeriesIdE12sort_by_timeEvEUlmmE_EENS_4pairIT0_bEES9_S9_T1_
FNL:16,627,688
FNA:16,0,_ZNSt3__132__partition_with_equals_on_rightB8ne180100INS_17_ClassicAlgPolicyEPmRZN7pyfolio10TimeSeriesIdE12sort_by_timeEvEUlmmE_EENS_4pairIT0_bEES9_S9_T1_
FNL:17,695,747
FNA:17,0,_ZNSt3__131__partition_with_equals_on_leftB8ne180100INS_17_ClassicAlgPolicyEPmRZN7pyfolio10TimeSeriesIdE12sort_by_timeEvEUlmmE_EET0_S8_S8_T1_
FNL:18,758,870
FNA:18,95,_ZNSt3__111__introsortINS_17_ClassicAlgPolicyERZN7pyfolio10TimeSeriesIdE12sort_by_timeEvEUlmmE_PmLb0EEEvT1_S8_T0_NS_15iterator_traitsIS8_E15difference_typeEb
FNL:19,873,889
FNA:19,95,_ZNSt3__17__log2iB8ne180100IlEET_S1_
FNL:20,89,101
FNA:20,12,_ZNSt3__17__sort4B8ne180100INS_17_ClassicAlgPolicyERZN7pyfolio10TimeSeriesIdE12sort_by_timeEvEUlmmE_PmEEvT1_S8_S8_S8_T0_
FNL:21,922,933
FNA:21,95,_ZNSt3__115__sort_dispatchB8ne180100INS_17_ClassicAlgPolicyEPmZN7pyfolio10TimeSeriesIdE12sort_by_timeEvEUlmmE_EEvT0_S7_RT1_
FNL:22,960,963
FNA:22,4,_ZNSt3__115__sort_dispatchB8ne180100INS_17_ClassicAlgPolicyEdLi0EEEvPT0_S3_RNS_6__lessIvvEE
FNL:23,989,999
FNA:23,4,_ZNSt3__111__sort_implB8ne180100INS_17_ClassicAlgPolicyENS_11__wrap_iterIPdEENS_6__lessIvvEEEEvT0_S7_RT1_
FNA:23,95,_ZNSt3__111__sort_implB8ne180100INS_17_ClassicAlgPolicyENS_11__wrap_iterIPmEEZN7pyfolio10TimeSeriesIdE12sort_by_timeEvEUlmmE_EEvT0_S9_RT1_
FNF:24
FNH:14
DA:51,16
DA:54,16
DA:55,16
DA:57,16
DA:58,16
DA:60,0
DA:61,0
DA:62,0
DA:64,0
DA:65,0
DA:66,0
DA:67,0
DA:69,0
DA:71,0
DA:72,0
DA:73,0
DA:75,0
DA:76,0
DA:77,0
DA:79,0
DA:80,0
DA:81,0
DA:82,0
DA:83,16
DA:89,12
DA:91,12
DA:92,12
DA:93,0
DA:94,0
DA:95,0
DA:96,0
DA:97,0
DA:98,0
DA:99,0
DA:100,0
DA:101,12
DA:107,9
DA:115,9
DA:116,9
DA:117,0
DA:118,0
DA:119,0
DA:120,0
DA:121,0
DA:122,0
DA:123,0
DA:124,0
DA:125,0
DA:126,0
DA:127,0
DA:128,9
DA:199,4
DA:201,4
DA:202,4
DA:225,3
DA:231,3
DA:232,3
DA:257,9
DA:264,9
DA:265,9
DA:266,9
DA:284,77
DA:288,77
DA:289,0
DA:290,77
DA:291,694
DA:292,617
DA:293,617
DA:294,617
DA:295,0
DA:296,0
DA:297,0
DA:298,0
DA:299,0
DA:300,0
DA:301,0
DA:302,0
DA:303,0
DA:304,617
DA:305,77
DA:314,0
DA:318,0
DA:319,0
DA:320,0
DA:322,0
DA:323,0
DA:324,0
DA:325,0
DA:326,0
DA:327,0
DA:328,0
DA:329,0
DA:330,0
DA:334,0
DA:335,0
DA:336,0
DA:337,0
DA:338,0
DA:342,0
DA:346,0
DA:349,0
DA:351,0
DA:352,0
DA:353,0
DA:355,0
DA:356,0
DA:358,0
DA:359,0
DA:360,0
DA:362,0
DA:363,0
DA:364,0
DA:365,0
DA:366,0
DA:367,0
DA:368,0
DA:369,0
DA:372,0
DA:373,0
DA:374,0
DA:375,0
DA:376,0
DA:377,0
DA:378,0
DA:379,0
DA:380,0
DA:381,0
DA:382,0
DA:383,0
DA:384,0
DA:385,0
DA:386,0
DA:387,0
DA:388,0
DA:389,0
DA:390,0
DA:391,0
DA:392,0
DA:395,0
DA:401,0
DA:402,0
DA:403,0
DA:404,0
DA:405,0
DA:406,0
DA:408,0
DA:414,0
DA:417,0
DA:418,0
DA:419,0
DA:420,0
DA:421,0
DA:422,0
DA:424,0
DA:430,0
DA:433,0
DA:434,0
DA:435,0
DA:436,0
DA:437,0
DA:438,0
DA:440,0
DA:446,0
DA:454,0
DA:457,0
DA:458,0
DA:459,0
DA:460,0
DA:462,0
DA:463,0
DA:464,0
DA:465,0
DA:466,0
DA:469,0
DA:470,0
DA:471,0
DA:472,0
DA:473,0
DA:474,0
DA:475,0
DA:476,0
DA:479,0
DA:480,0
DA:481,0
DA:482,0
DA:483,0
DA:484,0
DA:485,0
DA:486,0
DA:487,0
DA:488,0
DA:489,0
DA:490,0
DA:493,0
DA:497,0
DA:500,0
DA:501,0
DA:502,0
DA:503,0
DA:504,0
DA:505,0
DA:506,0
DA:507,0
DA:509,0
DA:510,0
DA:513,0
DA:514,0
DA:515,0
DA:516,0
DA:517,0
DA:518,0
DA:519,0
DA:520,0
DA:522,0
DA:523,0
DA:535,0
DA:540,0
DA:541,0
DA:544,0
DA:546,0
DA:548,0
DA:549,0
DA:553,0
DA:554,0
DA:555,0
DA:559,0
DA:562,0
DA:566,0
DA:567,0
DA:568,0
DA:573,0
DA:574,0
DA:575,0
DA:576,0
DA:577,0
DA:581,0
DA:582,0
DA:583,0
DA:586,0
DA:589,0
DA:590,0
DA:593,0
DA:594,0
DA:597,0
DA:600,0
DA:601,0
DA:605,0
DA:606,0
DA:609,0
DA:612,0
DA:613,0
DA:614,0
DA:615,0
DA:616,0
DA:617,0
DA:627,0
DA:632,0
DA:633,0
DA:635,0
DA:639,0
DA:640,0
DA:644,0
DA:647,0
DA:648,0
DA:650,0
DA:652,0
DA:656,0
DA:657,0
DA:663,0
DA:667,0
DA:668,0
DA:669,0
DA:670,0
DA:674,0
DA:675,0
DA:679,0
DA:680,0
DA:683,0
DA:684,0
DA:685,0
DA:686,0
DA:687,0
DA:688,0
DA:695,0
DA:700,0
DA:701,0
DA:703,0
DA:704,0
DA:706,0
DA:707,0
DA:711,0
DA:712,0
DA:713,0
DA:717,0
DA:720,0
DA:724,0
DA:725,0
DA:726,0
DA:727,0
DA:728,0
DA:729,0
DA:730,0
DA:734,0
DA:735,0
DA:739,0
DA:740,0
DA:742,0
DA:743,0
DA:744,0
DA:745,0
DA:746,0
DA:747,0
DA:758,95
DA:767,95
DA:769,95
DA:770,95
DA:771,95
DA:772,95
DA:775,2
DA:777,0
DA:778,0
DA:779,0
DA:781,4
DA:782,4
DA:784,3
DA:785,3
DA:786,3
DA:788,9
DA:789,9
DA:790,9
DA:791,9
DA:792,9
DA:793,9
DA:794,9
DA:795,9
DA:798,77
DA:799,77
DA:800,77
DA:801,77
DA:802,0
DA:804,77
DA:806,0
DA:808,0
DA:809,0
DA:811,0
DA:813,0
DA:816,0
DA:817,0
DA:818,0
DA:819,0
DA:820,0
DA:821,0
DA:822,0
DA:823,0
DA:824,0
DA:825,0
DA:826,0
DA:837,0
DA:838,0
DA:839,0
DA:840,0
DA:843,0
DA:844,0
DA:845,0
DA:846,0
DA:847,0
DA:850,0
DA:851,0
DA:852,0
DA:853,0
DA:854,0
DA:855,0
DA:856,0
DA:858,0
DA:859,0
DA:860,0
DA:863,0
DA:865,0
DA:866,0
DA:867,0
DA:868,0
DA:870,95
DA:873,95
DA:874,95
DA:875,0
DA:879,95
DA:889,95
DA:922,95
DA:924,95
DA:929,95
DA:932,95
DA:933,95
DA:960,4
DA:962,4
DA:963,4
DA:989,99
DA:990,99
DA:996,99
DA:998,99
DA:999,99
DA:1003,99
DA:1004,99
DA:1005,99
DA:1009,4
DA:1010,4
DA:1011,4
LF:406
LH:82
end_of_record
TN:
SF:/Library/Developer/CommandLineTools/SDKs/MacOSX.sdk/usr/include/c++/v1/__algorithm/sort_heap.h
FNL:0,34,42
FNA:0,0,_ZNSt3__111__sort_heapB8ne180100INS_17_ClassicAlgPolicyERZN7pyfolio10TimeSeriesIdE12sort_by_timeEvEUlmmE_PmEEvT1_S8_OT0_
FNF:1
FNH:0
DA:34,0
DA:35,0
DA:36,0
DA:39,0
DA:40,0
DA:41,0
DA:42,0
LF:7
LH:0
end_of_record
TN:
SF:/Library/Developer/CommandLineTools/SDKs/MacOSX.sdk/usr/include/c++/v1/__algorithm/unwrap_iter.h
FNL:0,39,39
FNA:0,0,_ZNSt3__118__unwrap_iter_implINS_16reverse_iteratorIPN7pyfolio11performance12DrawdownInfoEEELb0EE8__rewrapB8ne180100ES6_S6_
FNA:0,218,_ZNSt3__118__unwrap_iter_implINS_16reverse_iteratorIPN7pyfolio8DateTimeEEELb0EE8__rewrapB8ne180100ES5_S5_
FNA:0,284,_ZNSt3__118__unwrap_iter_implINS_16reverse_iteratorIPdEELb0EE8__rewrapB8ne180100ES3_S3_
FNA:0,0,_ZNSt3__118__unwrap_iter_implINS_16reverse_iteratorIPiEELb0EE8__rewrapB8ne180100ES3_S3_
FNL:1,40,40
FNA:1,0,_ZNSt3__118__unwrap_iter_implINS_16reverse_iteratorIPN7pyfolio11performance12DrawdownInfoEEELb0EE8__unwrapB8ne180100ES6_
FNA:1,327,_ZNSt3__118__unwrap_iter_implINS_16reverse_iteratorIPN7pyfolio8DateTimeEEELb0EE8__unwrapB8ne180100ES5_
FNA:1,426,_ZNSt3__118__unwrap_iter_implINS_16reverse_iteratorIPdEELb0EE8__unwrapB8ne180100ES3_
FNA:1,0,_ZNSt3__118__unwrap_iter_implINS_16reverse_iteratorIPiEELb0EE8__unwrapB8ne180100ES3_
FNL:2,51,52
FNA:2,54,_ZNSt3__118__unwrap_iter_implIPKN7pyfolio8DateTimeELb1EE8__rewrapB8ne180100ES4_S4_
FNA:2,0,_ZNSt3__118__unwrap_iter_implIPKNS_3mapINS_12basic_stringIcNS_11char_traitsIcEENS_9allocatorIcEEEEdNS_4lessIS7_EENS5_INS_4pairIKS7_dEEEEEELb1EE8__rewrapB8ne180100ESG_SG_
FNA:2,22,_ZNSt3__118__unwrap_iter_implIPKcLb1EE8__rewrapB8ne180100ES2_S2_
FNA:2,91,_ZNSt3__118__unwrap_iter_implIPKdLb1EE8__rewrapB8ne180100ES2_S2_
FNA:2,471,_ZNSt3__118__unwrap_iter_implIPN7pyfolio8DateTimeELb1EE8__rewrapB8ne180100ES3_S3_
FNA:2,18,_ZNSt3__118__unwrap_iter_implIPNS_3mapINS_12basic_stringIcNS_11char_traitsIcEENS_9allocatorIcEEEEdNS_4lessIS7_EENS5_INS_4pairIKS7_dEEEEEELb1EE8__rewrapB8ne180100ESF_SF_
FNA:2,22,_ZNSt3__118__unwrap_iter_implIPcLb1EE8__rewrapB8ne180100ES1_S1_
FNA:2,569,_ZNSt3__118__unwrap_iter_implIPdLb1EE8__rewrapB8ne180100ES1_S1_
FNL:3,55,56
FNA:3,2,_ZNSt3__118__unwrap_iter_implINS_11__wrap_iterIPKN7pyfolio8DateTimeEEELb1EE8__unwrapB8ne180100ES6_
FNA:3,8,_ZNSt3__118__unwrap_iter_implINS_11__wrap_iterIPKdEELb1EE8__unwrapB8ne180100ES4_
FNA:3,16,_ZNSt3__118__unwrap_iter_implINS_11__wrap_iterIPdEELb1EE8__unwrapB8ne180100ES3_
FNA:3,380,_ZNSt3__118__unwrap_iter_implINS_11__wrap_iterIPmEELb1EE8__unwrapB8ne180100ES3_
FNA:3,214,_ZNSt3__118__unwrap_iter_implIPKN7pyfolio8DateTimeELb1EE8__unwrapB8ne180100ES4_
FNA:3,36,_ZNSt3__118__unwrap_iter_implIPKNS_3mapINS_12basic_stringIcNS_11char_traitsIcEENS_9allocatorIcEEEEdNS_4lessIS7_EENS5_INS_4pairIKS7_dEEEEEELb1EE8__unwrapB8ne180100ESG_
FNA:3,44,_ZNSt3__118__unwrap_iter_implIPKcLb1EE8__unwrapB8ne180100ES2_
FNA:3,356,_ZNSt3__118__unwrap_iter_implIPKdLb1EE8__unwrapB8ne180100ES2_
FNA:3,834,_ZNSt3__118__unwrap_iter_implIPN7pyfolio8DateTimeELb1EE8__unwrapB8ne180100ES3_
FNA:3,18,_ZNSt3__118__unwrap_iter_implIPNS_3mapINS_12basic_stringIcNS_11char_traitsIcEENS_9allocatorIcEEEEdNS_4lessIS7_EENS5_INS_4pairIKS7_dEEEEEELb1EE8__unwrapB8ne180100ESF_
FNA:3,22,_ZNSt3__118__unwrap_iter_implIPcLb1EE8__unwrapB8ne180100ES1_
FNA:3,956,_ZNSt3__118__unwrap_iter_implIPdLb1EE8__unwrapB8ne180100ES1_
FNL:4,64,65
FNA:4,2,_ZNSt3__113__unwrap_iterB8ne180100INS_11__wrap_iterIPKN7pyfolio8DateTimeEEENS_18__unwrap_iter_implIS6_Lb1EEELi0EEEDTclsrT0_8__unwrapclsr3stdE7declvalIT_EEEESA_
FNA:4,8,_ZNSt3__113__unwrap_iterB8ne180100INS_11__wrap_iterIPKdEENS_18__unwrap_iter_implIS4_Lb1EEELi0EEEDTclsrT0_8__unwrapclsr3stdE7declvalIT_EEEES8_
FNA:4,16,_ZNSt3__113__unwrap_iterB8ne180100INS_11__wrap_iterIPdEENS_18__unwrap_iter_implIS3_Lb1EEELi0EEEDTclsrT0_8__unwrapclsr3stdE7declvalIT_EEEES7_
FNA:4,380,_ZNSt3__113__unwrap_iterB8ne180100INS_11__wrap_iterIPmEENS_18__unwrap_iter_implIS3_Lb1EEELi0EEEDTclsrT0_8__unwrapclsr3stdE7declvalIT_EEEES7_
FNA:4,0,_ZNSt3__113__unwrap_iterB8ne180100INS_16reverse_iteratorIPN7pyfolio11performance12DrawdownInfoEEENS_18__unwrap_iter_implIS6_Lb0EEELi0EEEDTclsrT0_8__unwrapclsr3stdE7declvalIT_EEEESA_
FNA:4,327,_ZNSt3__113__unwrap_iterB8ne180100INS_16reverse_iteratorIPN7pyfolio8DateTimeEEENS_18__unwrap_iter_implIS5_Lb0EEELi0EEEDTclsrT0_8__unwrapclsr3stdE7declvalIT_EEEES9_
FNA:4,426,_ZNSt3__113__unwrap_iterB8ne180100INS_16reverse_iteratorIPdEENS_18__unwrap_iter_implIS3_Lb0EEELi0EEEDTclsrT0_8__unwrapclsr3stdE7declvalIT_EEEES7_
FNA:4,0,_ZNSt3__113__unwrap_iterB8ne180100INS_16reverse_iteratorIPiEENS_18__unwrap_iter_implIS3_Lb0EEELi0EEEDTclsrT0_8__unwrapclsr3stdE7declvalIT_EEEES7_
FNA:4,214,_ZNSt3__113__unwrap_iterB8ne180100IPKN7pyfolio8DateTimeENS_18__unwrap_iter_implIS4_Lb1EEELi0EEEDTclsrT0_8__unwrapclsr3stdE7declvalIT_EEEES8_
FNA:4,36,_ZNSt3__113__unwrap_iterB8ne180100IPKNS_3mapINS_12basic_stringIcNS_11char_traitsIcEENS_9allocatorIcEEEEdNS_4lessIS7_EENS5_INS_4pairIKS7_dEEEEEENS_18__unwrap_iter_implISG_Lb1EEELi0EEEDTclsrT0_8__unwrapclsr3stdE7declvalIT_EEEESK_
FNA:4,44,_ZNSt3__113__unwrap_iterB8ne180100IPKcNS_18__unwrap_iter_implIS2_Lb1EEELi0EEEDTclsrT0_8__unwrapclsr3stdE7declvalIT_EEEES6_
FNA:4,356,_ZNSt3__113__unwrap_iterB8ne180100IPKdNS_18__unwrap_iter_implIS2_Lb1EEELi0EEEDTclsrT0_8__unwrapclsr3stdE7declvalIT_EEEES6_
FNA:4,834,_ZNSt3__113__unwrap_iterB8ne180100IPN7pyfolio8DateTimeENS_18__unwrap_iter_implIS3_Lb1EEELi0EEEDTclsrT0_8__unwrapclsr3stdE7declvalIT_EEEES7_
FNA:4,18,_ZNSt3__113__unwrap_iterB8ne180100IPNS_3mapINS_12basic_stringIcNS_11char_traitsIcEENS_9allocatorIcEEEEdNS_4lessIS7_EENS5_INS_4pairIKS7_dEEEEEENS_18__unwrap_iter_implISF_Lb1EEELi0EEEDTclsrT0_8__unwrapclsr3stdE7declvalIT_EEEESJ_
FNA:4,22,_ZNSt3__113__unwrap_iterB8ne180100IPcNS_18__unwrap_iter_implIS1_Lb1EEELi0EEEDTclsrT0_8__unwrapclsr3stdE7declvalIT_EEEES5_
FNA:4,956,_ZNSt3__113__unwrap_iterB8ne180100IPdNS_18__unwrap_iter_implIS1_Lb1EEELi0EEEDTclsrT0_8__unwrapclsr3stdE7declvalIT_EEEES5_
FNL:5,77,78
FNA:5,0,_ZNSt3__113__rewrap_iterB8ne180100INS_16reverse_iteratorIPN7pyfolio11performance12DrawdownInfoEEES6_NS_18__unwrap_iter_implIS6_Lb0EEEEET_S9_T0_
FNA:5,218,_ZNSt3__113__rewrap_iterB8ne180100INS_16reverse_iteratorIPN7pyfolio8DateTimeEEES5_NS_18__unwrap_iter_implIS5_Lb0EEEEET_S8_T0_
FNA:5,284,_ZNSt3__113__rewrap_iterB8ne180100INS_16reverse_iteratorIPdEES3_NS_18__unwrap_iter_implIS3_Lb0EEEEET_S6_T0_
FNA:5,0,_ZNSt3__113__rewrap_iterB8ne180100INS_16reverse_iteratorIPiEES3_NS_18__unwrap_iter_implIS3_Lb0EEEEET_S6_T0_
FNA:5,54,_ZNSt3__113__rewrap_iterB8ne180100IPKN7pyfolio8DateTimeES4_NS_18__unwrap_iter_implIS4_Lb1EEEEET_S7_T0_
FNA:5,0,_ZNSt3__113__rewrap_iterB8ne180100IPKNS_3mapINS_12basic_stringIcNS_11char_traitsIcEENS_9allocatorIcEEEEdNS_4lessIS7_EENS5_INS_4pairIKS7_dEEEEEESG_NS_18__unwrap_iter_implISG_Lb1EEEEET_SJ_T0_
FNA:5,22,_ZNSt3__113__rewrap_iterB8ne180100IPKcS2_NS_18__unwrap_iter_implIS2_Lb1EEEEET_S5_T0_
FNA:5,91,_ZNSt3__113__rewrap_iterB8ne180100IPKdS2_NS_18__unwrap_iter_implIS2_Lb1EEEEET_S5_T0_
FNA:5,471,_ZNSt3__113__rewrap_iterB8ne180100IPN7pyfolio8DateTimeES3_NS_18__unwrap_iter_implIS3_Lb1EEEEET_S6_T0_
FNA:5,18,_ZNSt3__113__rewrap_iterB8ne180100IPNS_3mapINS_12basic_stringIcNS_11char_traitsIcEENS_9allocatorIcEEEEdNS_4lessIS7_EENS5_INS_4pairIKS7_dEEEEEESF_NS_18__unwrap_iter_implISF_Lb1EEEEET_SI_T0_
FNA:5,22,_ZNSt3__113__rewrap_iterB8ne180100IPcS1_NS_18__unwrap_iter_implIS1_Lb1EEEEET_S4_T0_
FNA:5,569,_ZNSt3__113__rewrap_iterB8ne180100IPdS1_NS_18__unwrap_iter_implIS1_Lb1EEEEET_S4_T0_
FNF:6
FNH:6
DA:39,502
DA:40,753
DA:51,1247
DA:52,1247
DA:55,2886
DA:56,2886
DA:64,3639
DA:65,3639
DA:77,1749
DA:78,1749
LF:10
LH:10
end_of_record
TN:
SF:/Library/Developer/CommandLineTools/SDKs/MacOSX.sdk/usr/include/c++/v1/__algorithm/unwrap_range.h
FNL:0,64,65
FNA:0,1,_ZNSt3__119__unwrap_range_implINS_11__wrap_iterIPKN7pyfolio8DateTimeEEES6_E8__unwrapB8ne180100ES6_S6_
FNA:0,4,_ZNSt3__119__unwrap_range_implINS_11__wrap_iterIPKdEES4_E8__unwrapB8ne180100ES4_S4_
FNA:0,0,_ZNSt3__119__unwrap_range_implINS_16reverse_iteratorIPN7pyfolio11performance12DrawdownInfoEEES6_E8__unwrapB8ne180100ES6_S6_
FNA:0,109,_ZNSt3__119__unwrap_range_implINS_16reverse_iteratorIPN7pyfolio8DateTimeEEES5_E8__unwrapB8ne180100ES5_S5_
FNA:0,142,_ZNSt3__119__unwrap_range_implINS_16reverse_iteratorIPdEES3_E8__unwrapB8ne180100ES3_S3_
FNA:0,0,_ZNSt3__119__unwrap_range_implINS_16reverse_iteratorIPiEES3_E8__unwrapB8ne180100ES3_S3_
FNA:0,107,_ZNSt3__119__unwrap_range_implIPKN7pyfolio8DateTimeES4_E8__unwrapB8ne180100ES4_S4_
FNA:0,18,_ZNSt3__119__unwrap_range_implIPKNS_3mapINS_12basic_stringIcNS_11char_traitsIcEENS_9allocatorIcEEEEdNS_4lessIS7_EENS5_INS_4pairIKS7_dEEEEEESG_E8__unwrapB8ne180100ESG_SG_
FNA:0,22,_ZNSt3__119__unwrap_range_implIPKcS2_E8__unwrapB8ne180100ES2_S2_
FNA:0,178,_ZNSt3__119__unwrap_range_implIPKdS2_E8__unwrapB8ne180100ES2_S2_
FNA:0,242,_ZNSt3__119__unwrap_range_implIPN7pyfolio8DateTimeES3_E8__unwrapB8ne180100ES3_S3_
FNA:0,258,_ZNSt3__119__unwrap_range_implIPdS1_E8__unwrapB8ne180100ES1_S1_
FNL:1,69,70
FNA:1,0,_ZNSt3__119__unwrap_range_implINS_16reverse_iteratorIPN7pyfolio11performance12DrawdownInfoEEES6_E8__rewrapB8ne180100ES6_S6_
FNA:1,109,_ZNSt3__119__unwrap_range_implINS_16reverse_iteratorIPN7pyfolio8DateTimeEEES5_E8__rewrapB8ne180100ES5_S5_
FNA:1,142,_ZNSt3__119__unwrap_range_implINS_16reverse_iteratorIPdEES3_E8__rewrapB8ne180100ES3_S3_
FNA:1,0,_ZNSt3__119__unwrap_range_implINS_16reverse_iteratorIPiEES3_E8__rewrapB8ne180100ES3_S3_
FNA:1,54,_ZNSt3__119__unwrap_range_implIPKN7pyfolio8DateTimeES4_E8__rewrapB8ne180100ES4_S4_
FNA:1,0,_ZNSt3__119__unwrap_range_implIPKNS_3mapINS_12basic_stringIcNS_11char_traitsIcEENS_9allocatorIcEEEEdNS_4lessIS7_EENS5_INS_4pairIKS7_dEEEEEESG_E8__rewrapB8ne180100ESG_SG_
FNA:1,22,_ZNSt3__119__unwrap_range_implIPKcS2_E8__rewrapB8ne180100ES2_S2_
FNA:1,91,_ZNSt3__119__unwrap_range_implIPKdS2_E8__rewrapB8ne180100ES2_S2_
FNA:1,121,_ZNSt3__119__unwrap_range_implIPN7pyfolio8DateTimeES3_E8__rewrapB8ne180100ES3_S3_
FNA:1,129,_ZNSt3__119__unwrap_range_implIPdS1_E8__rewrapB8ne180100ES1_S1_
FNL:2,75,76
FNA:2,1,_ZNSt3__114__unwrap_rangeB8ne180100INS_11__wrap_iterIPKN7pyfolio8DateTimeEEES6_EEDaT_T0_
FNA:2,4,_ZNSt3__114__unwrap_rangeB8ne180100INS_11__wrap_iterIPKdEES4_EEDaT_T0_
FNA:2,0,_ZNSt3__114__unwrap_rangeB8ne180100INS_16reverse_iteratorIPN7pyfolio11performance12DrawdownInfoEEES6_EEDaT_T0_
FNA:2,109,_ZNSt3__114__unwrap_rangeB8ne180100INS_16reverse_iteratorIPN7pyfolio8DateTimeEEES5_EEDaT_T0_
FNA:2,142,_ZNSt3__114__unwrap_rangeB8ne180100INS_16reverse_iteratorIPdEES3_EEDaT_T0_
FNA:2,0,_ZNSt3__114__unwrap_rangeB8ne180100INS_16reverse_iteratorIPiEES3_EEDaT_T0_
FNA:2,107,_ZNSt3__114__unwrap_rangeB8ne180100IPKN7pyfolio8DateTimeES4_EEDaT_T0_
FNA:2,18,_ZNSt3__114__unwrap_rangeB8ne180100IPKNS_3mapINS_12basic_stringIcNS_11char_traitsIcEENS_9allocatorIcEEEEdNS_4lessIS7_EENS5_INS_4pairIKS7_dEEEEEESG_EEDaT_T0_
FNA:2,22,_ZNSt3__114__unwrap_rangeB8ne180100IPKcS2_EEDaT_T0_
FNA:2,178,_ZNSt3__114__unwrap_rangeB8ne180100IPKdS2_EEDaT_T0_
FNA:2,242,_ZNSt3__114__unwrap_rangeB8ne180100IPN7pyfolio8DateTimeES3_EEDaT_T0_
FNA:2,258,_ZNSt3__114__unwrap_rangeB8ne180100IPdS1_EEDaT_T0_
FNL:3,80,81
FNA:3,0,_ZNSt3__114__rewrap_rangeB8ne180100INS_16reverse_iteratorIPN7pyfolio11performance12DrawdownInfoEEES6_S6_EET0_S7_T1_
FNA:3,109,_ZNSt3__114__rewrap_rangeB8ne180100INS_16reverse_iteratorIPN7pyfolio8DateTimeEEES5_S5_EET0_S6_T1_
FNA:3,142,_ZNSt3__114__rewrap_rangeB8ne180100INS_16reverse_iteratorIPdEES3_S3_EET0_S4_T1_
FNA:3,0,_ZNSt3__114__rewrap_rangeB8ne180100INS_16reverse_iteratorIPiEES3_S3_EET0_S4_T1_
FNA:3,54,_ZNSt3__114__rewrap_rangeB8ne180100IPKN7pyfolio8DateTimeES4_S4_EET0_S5_T1_
FNA:3,0,_ZNSt3__114__rewrap_rangeB8ne180100IPKNS_3mapINS_12basic_stringIcNS_11char_traitsIcEENS_9allocatorIcEEEEdNS_4lessIS7_EENS5_INS_4pairIKS7_dEEEEEESG_SG_EET0_SH_T1_
FNA:3,22,_ZNSt3__114__rewrap_rangeB8ne180100IPKcS2_S2_EET0_S3_T1_
FNA:3,91,_ZNSt3__114__rewrap_rangeB8ne180100IPKdS2_S2_EET0_S3_T1_
FNA:3,121,_ZNSt3__114__rewrap_rangeB8ne180100IPN7pyfolio8DateTimeES3_S3_EET0_S4_T1_
FNA:3,129,_ZNSt3__114__rewrap_rangeB8ne180100IPdS1_S1_EET0_S2_T1_
FNF:4
FNH:4
DA:64,1081
DA:65,1081
DA:69,668
DA:70,668
DA:75,1081
DA:76,1081
DA:80,668
DA:81,668
LF:8
LH:8
end_of_record
TN:
SF:/Library/Developer/CommandLineTools/SDKs/MacOSX.sdk/usr/include/c++/v1/__algorithm/upper_bound.h
FNL:0,35,47
FNA:0,1,_ZNSt3__113__upper_boundB8ne180100INS_17_ClassicAlgPolicyENS_6__lessIvvEENS_11__wrap_iterIPKN7pyfolio8DateTimeEEES9_S6_NS_10__identityEEET1_SB_T2_RKT3_OT0_OT4_
FNL:1,52,55
FNA:1,1,_ZNSt3__111upper_boundB8ne180100INS_11__wrap_iterIPKN7pyfolio8DateTimeEEES3_NS_6__lessIvvEEEET_S9_S9_RKT0_T1_
FNL:2,60,61
FNA:2,1,_ZNSt3__111upper_boundB8ne180100INS_11__wrap_iterIPKN7pyfolio8DateTimeEEES3_EET_S7_S7_RKT0_
FNF:3
FNH:3
DA:35,1
DA:36,1
DA:37,4
DA:38,3
DA:39,3
DA:40,3
DA:41,1
DA:43,2
DA:44,2
DA:47,1
DA:52,1
DA:54,1
DA:55,1
DA:60,1
DA:61,1
LF:15
LH:15
end_of_record
TN:
SF:/Library/Developer/CommandLineTools/SDKs/MacOSX.sdk/usr/include/c++/v1/__atomic/atomic.h
FNL:0,47,47
FNA:0,1,_ZNSt3__16atomicIiEC1B8ne180100Ei
FNA:0,1,_ZNSt3__16atomicIiEC2B8ne180100Ei
FNF:1
FNH:1
DA:47,2
LF:1
LH:1
end_of_record
TN:
SF:/Library/Developer/CommandLineTools/SDKs/MacOSX.sdk/usr/include/c++/v1/__atomic/atomic_base.h
FNL:0,132,132
FNA:0,1,_ZNSt3__113__atomic_baseIiLb0EEC2B8ne180100Ei
FNL:1,150,150
FNA:1,1,_ZNSt3__113__atomic_baseIiLb1EEC2B8ne180100Ei
FNL:2,155,156
FNA:2,10,_ZNSt3__113__atomic_baseIiLb1EE9fetch_addB8ne180100EiNS_12memory_orderE
FNL:3,58,60
FNA:3,1,_ZNKSt3__113__atomic_baseIiLb0EE4loadB8ne180100ENS_12memory_orderE
FNF:4
FNH:4
DA:58,1
DA:60,1
DA:132,1
DA:150,1
DA:155,10
DA:156,10
LF:6
LH:6
end_of_record
TN:
SF:/Library/Developer/CommandLineTools/SDKs/MacOSX.sdk/usr/include/c++/v1/__atomic/cxx_atomic_impl.h
FNL:0,305,305
FNA:0,1,_ZNSt3__122__cxx_atomic_base_implIiEC2Ei
FNL:1,347,350
FNA:1,1,_ZNSt3__117__cxx_atomic_loadB8ne180100IiEET_PKNS_22__cxx_atomic_base_implIS1_EENS_12memory_orderE
FNL:2,448,450
FNA:2,10,_ZNSt3__122__cxx_atomic_fetch_addB8ne180100IiEET_PNS_22__cxx_atomic_base_implIS1_EES1_NS_12memory_orderE
FNL:3,819,819
FNA:3,1,_ZNSt3__117__cxx_atomic_implIiNS_22__cxx_atomic_base_implIiEEEC1B8ne180100Ei
FNA:3,1,_ZNSt3__117__cxx_atomic_implIiNS_22__cxx_atomic_base_implIiEEEC2B8ne180100Ei
FNF:4
FNH:4
DA:305,1
DA:347,1
DA:349,1
DA:350,1
DA:448,10
DA:449,10
DA:450,10
DA:819,2
LF:8
LH:8
end_of_record
TN:
SF:/Library/Developer/CommandLineTools/SDKs/MacOSX.sdk/usr/include/c++/v1/__bit/blsr.h
FNL:0,28,29
FNA:0,0,_ZNSt3__113__libcpp_blsrB8ne180100Ey
FNF:1
FNH:0
DA:28,0
DA:29,0
LF:2
LH:0
end_of_record
TN:
SF:/Library/Developer/CommandLineTools/SDKs/MacOSX.sdk/usr/include/c++/v1/__bit/countl.h
FNL:0,31,32
FNA:0,95,_ZNSt3__112__libcpp_clzB8ne180100Em
FNL:1,35,36
FNA:1,0,_ZNSt3__112__libcpp_clzB8ne180100Ey
FNF:2
FNH:1
DA:31,95
DA:32,95
DA:35,0
DA:36,0
LF:4
LH:2
end_of_record
TN:
SF:/Library/Developer/CommandLineTools/SDKs/MacOSX.sdk/usr/include/c++/v1/__bit/countr.h
FNL:0,34,35
FNA:0,0,_ZNSt3__112__libcpp_ctzB8ne180100Ey
FNF:1
FNH:0
DA:34,0
DA:35,0
LF:2
LH:0
end_of_record
TN:
SF:/Library/Developer/CommandLineTools/SDKs/MacOSX.sdk/usr/include/c++/v1/__chrono/day.h
FNL:0,33,34
FNA:0,839,_ZNSt3__16chrono3dayC1B8ne180100Ej
FNA:0,839,_ZNSt3__16chrono3dayC2B8ne180100Ej
FNL:1,55,55
FNA:1,2013,_ZNKSt3__16chrono3daycvjB8ne180100Ev
FNL:2,63,64
FNA:2,802,_ZNSt3__16chronossB8ne180100ERKNS0_3dayES3_
FNF:3
FNH:3
DA:33,1678
DA:34,1678
DA:55,2013
DA:63,802
DA:64,802
LF:5
LH:5
end_of_record
TN:
SF:/Library/Developer/CommandLineTools/SDKs/MacOSX.sdk/usr/include/c++/v1/__chrono/duration.h
FNL:0,106,107
FNA:0,17,_ZNSt3__16chrono13duration_castB8ne180100INS0_8durationIiNS_5ratioILl86400ELl1EEEEExNS3_ILl1ELl1000000EEELi0EEET_RKNS2_IT0_T1_EE
FNA:0,408,_ZNSt3__16chrono13duration_castB8ne180100INS0_8durationIxNS_5ratioILl1ELl1000000EEEEEiNS3_ILl86400ELl1EEELi0EEET_RKNS2_IT0_T1_EE
FNA:0,1,_ZNSt3__16chrono13duration_castB8ne180100INS0_8durationIxNS_5ratioILl1ELl1000000EEEEExNS3_ILl1ELl1000000000EEELi0EEET_RKNS2_IT0_T1_EE
FNL:1,128,132
FNA:1,17,_ZNSt3__16chrono5floorB8ne180100INS0_8durationIiNS_5ratioILl86400ELl1EEEEExNS3_ILl1ELl1000000EEELi0EEET_RKNS2_IT0_T1_EE
FNL:2,210,210
FNA:2,441,_ZNSt3__16chrono8durationIiNS_5ratioILl86400ELl1EEEEC1B8ne180100IiLi0EEERKT_
FNA:2,441,_ZNSt3__16chrono8durationIiNS_5ratioILl86400ELl1EEEEC2B8ne180100IiLi0EEERKT_
FNA:2,1,_ZNSt3__16chrono8durationIxNS_5ratioILl1ELl1000000000EEEEC1B8ne180100IxLi0EEERKT_
FNA:2,1,_ZNSt3__16chrono8durationIxNS_5ratioILl1ELl1000000000EEEEC2B8ne180100IxLi0EEERKT_
FNA:2,411,_ZNSt3__16chrono8durationIxNS_5ratioILl1ELl1000000EEEEC1B8ne180100IxLi0EEERKT_
FNA:2,411,_ZNSt3__16chrono8durationIxNS_5ratioILl1ELl1000000EEEEC2B8ne180100IxLi0EEERKT_
FNL:3,219,220
FNA:3,408,_ZNSt3__16chrono8durationIxNS_5ratioILl1ELl1000000EEEEC1B8ne180100IiNS2_ILl86400ELl1EEELi0EEERKNS1_IT_T0_EE
FNA:3,408,_ZNSt3__16chrono8durationIxNS_5ratioILl1ELl1000000EEEEC2B8ne180100IiNS2_ILl86400ELl1EEELi0EEERKNS1_IT_T0_EE
FNL:4,224,224
FNA:4,458,_ZNKSt3__16chrono8durationIiNS_5ratioILl86400ELl1EEEE5countB8ne180100Ev
FNA:4,3,_ZNKSt3__16chrono8durationIxNS_5ratioILl1ELl1000000000EEEE5countB8ne180100Ev
FNA:4,1870,_ZNKSt3__16chrono8durationIxNS_5ratioILl1ELl1000000EEEE5countB8ne180100Ev
FNL:5,308,309
FNA:5,4,_ZNKSt3__16chrono13__duration_eqINS0_8durationIxNS_5ratioILl1ELl1000000EEEEES5_EclB8ne180100ERKS5_S8_
FNL:6,315,316
FNA:6,4,_ZNSt3__16chronoeqB8ne180100IxNS_5ratioILl1ELl1000000EEExS3_EEbRKNS0_8durationIT_T0_EERKNS4_IT1_T2_EE
FNL:7,383,385
FNA:7,17,_ZNSt3__16chronossB8ne180100IiNS_5ratioILl86400ELl1EEExNS2_ILl1ELl1000000EEEEEDaRKNS0_8durationIT_T0_EERKNS6_IT1_T2_EE
FNA:7,699,_ZNSt3__16chronossB8ne180100IxNS_5ratioILl1ELl1000000EEExS3_EEDaRKNS0_8durationIT_T0_EERKNS5_IT1_T2_EE
FNL:8,395,397
FNA:8,7,_ZNSt3__16chronoplB8ne180100IiNS_5ratioILl86400ELl1EEEiS3_EENS_11common_typeIJNS0_8durationIT_T0_EENS5_IT1_T2_EEEE4typeERKS8_RKSB_
FNA:8,2,_ZNSt3__16chronoplB8ne180100IxNS_5ratioILl1ELl1000000EEEiNS2_ILl86400ELl1EEEEENS_11common_typeIJNS0_8durationIT_T0_EENS6_IT1_T2_EEEE4typeERKS9_RKSC_
FNL:9,405,407
FNA:9,1,_ZNSt3__16chronomiB8ne180100IiNS_5ratioILl86400ELl1EEEiS3_EENS_11common_typeIJNS0_8durationIT_T0_EENS5_IT1_T2_EEEE4typeERKS8_RKSB_
FNA:9,1,_ZNSt3__16chronomiB8ne180100IxNS_5ratioILl1ELl1000000000EEExS3_EENS_11common_typeIJNS0_8durationIT_T0_EENS5_IT1_T2_EEEE4typeERKS8_RKSB_
FNL:10,80,83
FNA:10,1,_ZNKSt3__16chrono15__duration_castINS0_8durationIxNS_5ratioILl1ELl1000000000EEEEENS2_IxNS3_ILl1ELl1000000EEEEENS3_ILl1ELl1000EEELb1ELb0EEclB8ne180100ERKS5_
FNA:10,17,_ZNKSt3__16chrono15__duration_castINS0_8durationIxNS_5ratioILl1ELl1000000EEEEENS2_IiNS3_ILl86400ELl1EEEEENS3_ILl1ELl86400000000EEELb1ELb0EEclB8ne180100ERKS5_
FNL:11,89,92
FNA:11,408,_ZNKSt3__16chrono15__duration_castINS0_8durationIiNS_5ratioILl86400ELl1EEEEENS2_IxNS3_ILl1ELl1000000EEEEENS3_ILl86400000000ELl1EEELb0ELb1EEclB8ne180100ERKS5_
FNF:12
FNH:12
DA:80,18
DA:82,18
DA:83,18
DA:89,408
DA:91,408
DA:92,408
DA:106,426
DA:107,426
DA:128,17
DA:129,17
DA:130,17
DA:131,0
DA:132,17
DA:210,1706
DA:219,816
DA:220,816
DA:224,2331
DA:308,4
DA:309,4
DA:315,4
DA:316,4
DA:383,716
DA:385,716
DA:395,9
DA:397,9
DA:405,2
DA:407,2
LF:27
LH:26
end_of_record
TN:
SF:/Library/Developer/CommandLineTools/SDKs/MacOSX.sdk/usr/include/c++/v1/__chrono/month.h
FNL:0,33,34
FNA:0,412,_ZNSt3__16chrono5monthC1B8ne180100Ej
FNA:0,412,_ZNSt3__16chrono5monthC2B8ne180100Ej
FNL:1,55,55
FNA:1,2582,_ZNKSt3__16chrono5monthcvjB8ne180100Ev
FNL:2,56,56
FNA:2,779,_ZNKSt3__16chrono5month2okB8ne180100Ev
FNL:3,59,60
FNA:3,390,_ZNSt3__16chronoeqB8ne180100ERKNS0_5monthES3_
FNL:4,63,64
FNA:4,502,_ZNSt3__16chronossB8ne180100ERKNS0_5monthES3_
FNF:5
FNH:5
DA:33,824
DA:34,824
DA:55,2582
DA:56,779
DA:59,390
DA:60,390
DA:63,502
DA:64,502
LF:8
LH:8
end_of_record
TN:
SF:/Library/Developer/CommandLineTools/SDKs/MacOSX.sdk/usr/include/c++/v1/__chrono/monthday.h
FNL:0,96,96
FNA:0,390,_ZNSt3__16chrono14month_day_lastC1B8ne180100ERKNS0_5monthE
FNA:0,390,_ZNSt3__16chrono14month_day_lastC2B8ne180100ERKNS0_5monthE
FNL:1,97,97
FNA:1,1168,_ZNKSt3__16chrono14month_day_last5monthB8ne180100Ev
FNF:2
FNH:2
DA:96,780
DA:97,1168
LF:2
LH:2
end_of_record
TN:
SF:/Library/Developer/CommandLineTools/SDKs/MacOSX.sdk/usr/include/c++/v1/__chrono/time_point.h
FNL:0,122,123
FNA:0,4,_ZNSt3__16chronoeqB8ne180100INS0_12system_clockENS0_8durationIxNS_5ratioILl1ELl1000000EEEEES6_EEbRKNS0_10time_pointIT_T0_EERKNS7_IS8_T1_EE
FNL:1,174,175
FNA:1,699,_ZNSt3__16chronossB8ne180100INS0_12system_clockENS0_8durationIxNS_5ratioILl1ELl1000000EEEEES6_EEDaRKNS0_10time_pointIT_T0_EERKNS8_IS9_T1_EE
FNL:2,185,187
FNA:2,7,_ZNSt3__16chronoplB8ne180100INS0_12system_clockENS0_8durationIiNS_5ratioILl86400ELl1EEEEEiS5_EENS0_10time_pointIT_NS_11common_typeIJT0_NS3_IT1_T2_EEEE4typeEEERKNS7_IS8_SA_EERKSD_
FNA:2,2,_ZNSt3__16chronoplB8ne180100INS0_12system_clockENS0_8durationIxNS_5ratioILl1ELl1000000EEEEEiNS4_ILl86400ELl1EEEEENS0_10time_pointIT_NS_11common_typeIJT0_NS3_IT1_T2_EEEE4typeEEERKNS8_IS9_SB_EERKSE_
FNL:3,213,214
FNA:3,1,_ZNSt3__16chronomiB8ne180100INS0_12steady_clockENS0_8durationIxNS_5ratioILl1ELl1000000000EEEEES6_EENS_11common_typeIJT0_T1_EE4typeERKNS0_10time_pointIT_S8_EERKNSC_ISD_S9_EE
FNA:3,1,_ZNSt3__16chronomiB8ne180100INS0_12system_clockENS0_8durationIiNS_5ratioILl86400ELl1EEEEES6_EENS_11common_typeIJT0_T1_EE4typeERKNS0_10time_pointIT_S8_EERKNSC_ISD_S9_EE
FNL:4,49,49
FNA:4,431,_ZNSt3__16chrono10time_pointINS0_12system_clockENS0_8durationIiNS_5ratioILl86400ELl1EEEEEEC1B8ne180100ERKS6_
FNA:4,431,_ZNSt3__16chrono10time_pointINS0_12system_clockENS0_8durationIiNS_5ratioILl86400ELl1EEEEEEC2B8ne180100ERKS6_
FNA:4,2,_ZNSt3__16chrono10time_pointINS0_12system_clockENS0_8durationIxNS_5ratioILl1ELl1000000EEEEEEC1B8ne180100ERKS6_
FNA:4,2,_ZNSt3__16chrono10time_pointINS0_12system_clockENS0_8durationIxNS_5ratioILl1ELl1000000EEEEEEC2B8ne180100ERKS6_
FNL:5,53,54
FNA:5,389,_ZNSt3__16chrono10time_pointINS0_12system_clockENS0_8durationIxNS_5ratioILl1ELl1000000EEEEEEC1B8ne180100INS3_IiNS4_ILl86400ELl1EEEEELi0EEERKNS1_IS2_T_EE
FNA:5,389,_ZNSt3__16chrono10time_pointINS0_12system_clockENS0_8durationIxNS_5ratioILl1ELl1000000EEEEEEC2B8ne180100INS3_IiNS4_ILl86400ELl1EEEEELi0EEERKNS1_IS2_T_EE
FNL:6,58,58
FNA:6,2,_ZNKSt3__16chrono10time_pointINS0_12steady_clockENS0_8durationIxNS_5ratioILl1ELl1000000000EEEEEE16time_since_epochB8ne180100Ev
FNA:6,431,_ZNKSt3__16chrono10time_pointINS0_12system_clockENS0_8durationIiNS_5ratioILl86400ELl1EEEEEE16time_since_epochB8ne180100Ev
FNA:6,1425,_ZNKSt3__16chrono10time_pointINS0_12system_clockENS0_8durationIxNS_5ratioILl1ELl1000000EEEEEE16time_since_epochB8ne180100Ev
FNL:7,96,97
FNA:7,17,_ZNSt3__16chrono5floorB8ne180100INS0_8durationIiNS_5ratioILl86400ELl1EEEEENS0_12system_clockENS2_IxNS3_ILl1ELl1000000EEEEELi0EEENS0_10time_pointIT0_T_EERKNS9_ISA_T1_EE
FNF:8
FNH:8
DA:49,866
DA:53,778
DA:54,778
DA:58,1858
DA:96,17
DA:97,17
DA:122,4
DA:123,4
DA:174,699
DA:175,699
DA:185,9
DA:187,9
DA:213,2
DA:214,2
LF:14
LH:14
end_of_record
TN:
SF:/Library/Developer/CommandLineTools/SDKs/MacOSX.sdk/usr/include/c++/v1/__chrono/weekday.h
FNL:0,41,42
FNA:0,11,_ZNSt3__16chrono7weekdayC1B8ne180100ERKNS0_10time_pointINS0_12system_clockENS0_8durationIiNS_5ratioILl86400ELl1EEEEEEE
FNA:0,11,_ZNSt3__16chrono7weekdayC2B8ne180100ERKNS0_10time_pointINS0_12system_clockENS0_8durationIiNS_5ratioILl86400ELl1EEEEEEE
FNL:1,66,66
FNA:1,40,_ZNKSt3__16chrono7weekday10c_encodingB8ne180100Ev
FNL:2,74,75
FNA:2,11,_ZNSt3__16chrono7weekday19__weekday_from_daysB8ne180100Ei
FNL:3,78,79
FNA:3,20,_ZNSt3__16chronoeqB8ne180100ERKNS0_7weekdayES3_
FNF:4
FNH:4
DA:41,22
DA:42,22
DA:66,40
DA:74,11
DA:75,11
DA:78,20
DA:79,20
LF:7
LH:7
end_of_record
TN:
SF:/Library/Developer/CommandLineTools/SDKs/MacOSX.sdk/usr/include/c++/v1/__chrono/year.h
FNL:0,105,107
FNA:0,390,_ZNKSt3__16chrono4year2okB8ne180100Ev
FNL:1,37,37
FNA:1,838,_ZNSt3__16chrono4yearC1B8ne180100Ei
FNA:1,838,_ZNSt3__16chrono4yearC2B8ne180100Ei
FNL:2,62,63
FNA:2,2,_ZNKSt3__16chrono4year7is_leapB8ne180100Ev
FNL:3,65,65
FNA:3,1085,_ZNKSt3__16chrono4yearcviB8ne180100Ev
FNL:4,67,67
FNA:4,390,_ZNSt3__16chrono4year3minB8ne180100Ev
FNL:5,75,76
FNA:5,143,_ZNSt3__16chronossB8ne180100ERKNS0_4yearES3_
FNF:6
FNH:6
DA:37,1676
DA:62,2
DA:63,3
DA:65,1085
DA:67,390
DA:75,143
DA:76,143
DA:105,390
DA:107,390
LF:9
LH:9
end_of_record
TN:
SF:/Library/Developer/CommandLineTools/SDKs/MacOSX.sdk/usr/include/c++/v1/__chrono/year_month.h
FNL:0,35,36
FNA:0,816,_ZNSt3__16chrono10year_monthC1B8ne180100ERKNS0_4yearERKNS0_5monthE
FNA:0,816,_ZNSt3__16chrono10year_monthC2B8ne180100ERKNS0_4yearERKNS0_5monthE
FNL:1,37,37
FNA:1,816,_ZNKSt3__16chrono10year_month4yearB8ne180100Ev
FNL:2,38,38
FNA:2,816,_ZNKSt3__16chrono10year_month5monthB8ne180100Ev
FNL:3,46,47
FNA:3,816,_ZNSt3__16chronodvB8ne180100ERKNS0_4yearERKNS0_5monthE
FNF:4
FNH:4
DA:35,1632
DA:36,1632
DA:37,816
DA:38,816
DA:46,816
DA:47,816
LF:6
LH:6
end_of_record
TN:
SF:/Library/Developer/CommandLineTools/SDKs/MacOSX.sdk/usr/include/c++/v1/__chrono/year_month_day.h
FNL:0,112,118
FNA:0,143,_ZNSt3__16chronossB8ne180100ERKNS0_14year_month_dayES3_
FNL:1,120,121
FNA:1,426,_ZNSt3__16chronodvB8ne180100ERKNS0_10year_monthERKNS0_3dayE
FNL:2,124,125
FNA:2,36,_ZNSt3__16chronodvB8ne180100ERKNS0_10year_monthEi
FNL:3,197,198
FNA:3,390,_ZNSt3__16chrono19year_month_day_lastC1B8ne180100ERKNS0_4yearERKNS0_14month_day_lastE
FNA:3,390,_ZNSt3__16chrono19year_month_day_lastC2B8ne180100ERKNS0_4yearERKNS0_14month_day_lastE
FNL:4,206,206
FNA:4,1168,_ZNKSt3__16chrono19year_month_day_last5monthB8ne180100Ev
FNL:5,218,234
FNA:5,392,_ZNKSt3__16chrono19year_month_day_last3dayB8ne180100Ev
FNL:6,271,272
FNA:6,390,_ZNSt3__16chronodvB8ne180100ERKNS0_10year_monthENS0_9last_specE
FNL:7,347,351
FNA:7,390,_ZNKSt3__16chrono14year_month_day2okB8ne180100Ev
FNL:8,46,48
FNA:8,448,_ZNSt3__16chrono14year_month_dayC1B8ne180100ERKNS0_4yearERKNS0_5monthERKNS0_3dayE
FNA:8,448,_ZNSt3__16chrono14year_month_dayC2B8ne180100ERKNS0_4yearERKNS0_5monthERKNS0_3dayE
FNL:9,50,51
FNA:9,22,_ZNSt3__16chrono14year_month_dayC1B8ne180100ERKNS0_10time_pointINS0_12system_clockENS0_8durationIiNS_5ratioILl86400ELl1EEEEEEE
FNL:10,60,60
FNA:10,288,_ZNKSt3__16chrono14year_month_day4yearB8ne180100Ev
FNL:11,61,61
FNA:11,192,_ZNKSt3__16chrono14year_month_day5monthB8ne180100Ev
FNL:12,62,62
FNA:12,46,_ZNKSt3__16chrono14year_month_day3dayB8ne180100Ev
FNL:13,63,63
FNA:13,407,_ZNKSt3__16chrono14year_month_daycvNS0_10time_pointINS0_12system_clockENS0_8durationIiNS_5ratioILl86400ELl1EEEEEEEB8ne180100Ev
FNL:14,75,87
FNA:14,22,_ZNSt3__16chrono14year_month_day11__from_daysB8ne180100ENS0_8durationIiNS_5ratioILl86400ELl1EEEEE
FNL:15,91,103
FNA:15,407,_ZNKSt3__16chrono14year_month_day9__to_daysB8ne180100Ev
FNF:16
FNH:16
DA:46,896
DA:48,896
DA:50,22
DA:51,22
DA:60,288
DA:61,192
DA:62,46
DA:63,407
DA:75,22
DA:78,22
DA:79,22
DA:80,22
DA:81,22
DA:82,22
DA:83,22
DA:84,22
DA:85,22
DA:86,22
DA:87,22
DA:91,407
DA:95,407
DA:96,407
DA:97,407
DA:99,407
DA:100,407
DA:101,407
DA:102,407
DA:103,407
DA:112,143
DA:113,143
DA:114,48
DA:115,95
DA:116,73
DA:117,22
DA:118,143
DA:120,426
DA:121,426
DA:124,36
DA:125,36
DA:197,780
DA:198,780
DA:206,1168
DA:218,392
DA:219,392
DA:232,392
DA:233,389
DA:234,3
DA:271,390
DA:272,390
DA:347,390
DA:348,390
DA:349,0
DA:350,390
DA:351,390
LF:54
LH:53
end_of_record
TN:
SF:/Library/Developer/CommandLineTools/SDKs/MacOSX.sdk/usr/include/c++/v1/__compare/ordering.h
FNL:0,213,214
FNA:0,937,_ZNSt3__1eqB8ne180100ENS_15strong_orderingENS_20_CmpUnspecifiedParamE
FNL:1,217,218
FNA:1,1555,_ZNSt3__1ltB8ne180100ENS_15strong_orderingENS_20_CmpUnspecifiedParamE
FNL:2,221,222
FNA:2,1189,_ZNSt3__1leB8ne180100ENS_15strong_orderingENS_20_CmpUnspecifiedParamE
FNL:3,225,226
FNA:3,18,_ZNSt3__1gtB8ne180100ENS_15strong_orderingENS_20_CmpUnspecifiedParamE
FNL:4,229,230
FNA:4,4,_ZNSt3__1geB8ne180100ENS_15strong_orderingENS_20_CmpUnspecifiedParamE
FNL:5,37,37
FNA:5,3703,_ZNSt3__120_CmpUnspecifiedParamC1B8ne180100EMS0_i
FNA:5,3703,_ZNSt3__120_CmpUnspecifiedParamC2B8ne180100EMS0_i
FNF:6
FNH:6
DA:37,7406
DA:213,937
DA:214,937
DA:217,1555
DA:218,1555
DA:221,1189
DA:222,1189
DA:225,18
DA:226,18
DA:229,4
DA:230,4
LF:11
LH:11
end_of_record
TN:
SF:/Library/Developer/CommandLineTools/SDKs/MacOSX.sdk/usr/include/c++/v1/__debug_utils/randomize_range.h
FNL:0,26,38
FNA:0,4,_ZNSt3__123__debug_randomize_rangeB8ne180100INS_17_ClassicAlgPolicyENS_11__wrap_iterIPdEES4_EEvT0_T1_
FNA:0,95,_ZNSt3__123__debug_randomize_rangeB8ne180100INS_17_ClassicAlgPolicyENS_11__wrap_iterIPmEES4_EEvT0_T1_
FNA:0,0,_ZNSt3__123__debug_randomize_rangeB8ne180100INS_17_ClassicAlgPolicyEPmS2_EEvT0_T1_
FNF:1
FNH:1
DA:26,99
DA:38,99
LF:2
LH:2
end_of_record
TN:
SF:/Library/Developer/CommandLineTools/SDKs/MacOSX.sdk/usr/include/c++/v1/__debug_utils/strict_weak_ordering_check.h
FNL:0,28,73
FNA:0,4,_ZNSt3__135__check_strict_weak_ordering_sortedB8ne180100IPdNS_6__lessIvvEEEEvT_S4_RT0_
FNA:0,95,_ZNSt3__135__check_strict_weak_ordering_sortedB8ne180100IPmZN7pyfolio10TimeSeriesIdE12sort_by_timeEvEUlmmE_EEvT_S6_RT0_
FNF:1
FNH:1
DA:28,99
DA:71,99
DA:73,99
LF:3
LH:3
end_of_record
TN:
SF:/Library/Developer/CommandLineTools/SDKs/MacOSX.sdk/usr/include/c++/v1/__exception/exception.h
FNL:0,74,74
FNA:0,0,_ZNSt9exceptionC2B8ne180100Ev
FNF:1
FNH:0
DA:74,0
LF:1
LH:0
end_of_record
TN:
SF:/Library/Developer/CommandLineTools/SDKs/MacOSX.sdk/usr/include/c++/v1/__functional/function.h
FNL:0,105,106
FNA:0,0,_ZNSt3__110__function10__not_nullB8ne180100IZN7pyfolio11performance17aggregate_returnsERKNS2_10TimeSeriesIdEENS2_9FrequencyEE3$_0EEbRKT_
FNA:0,1,_ZNSt3__110__function10__not_nullB8ne180100IZNK7pyfolio10TimeSeriesIdE8resampleENS2_9FrequencyEEUlRKNS_6vectorIdNS_9allocatorIdEEEEE_EEbRKT_
FNL:1,150,150
FNA:1,0,_ZNKSt3__110__function12__alloc_funcIZN7pyfolio11performance17aggregate_returnsERKNS2_10TimeSeriesIdEENS2_9FrequencyEE3$_0NS_9allocatorIS9_EEFdRKNS_6vectorIdNSA_IdEEEEEE8__targetB8ne180100Ev
FNA:1,0,_ZNKSt3__110__function12__alloc_funcIZNK7pyfolio10TimeSeriesIdE8resampleENS2_9FrequencyEEUlRKNS_6vectorIdNS_9allocatorIdEEEEE_NS7_ISC_EEFdSB_EE8__targetB8ne180100Ev
FNL:2,153,153
FNA:2,0,_ZNKSt3__110__function12__alloc_funcIZN7pyfolio11performance17aggregate_returnsERKNS2_10TimeSeriesIdEENS2_9FrequencyEE3$_0NS_9allocatorIS9_EEFdRKNS_6vectorIdNSA_IdEEEEEE15__get_allocatorB8ne180100Ev
FNA:2,0,_ZNKSt3__110__function12__alloc_funcIZNK7pyfolio10TimeSeriesIdE8resampleENS2_9FrequencyEEUlRKNS_6vectorIdNS_9allocatorIdEEEEE_NS7_ISC_EEFdSB_EE15__get_allocatorB8ne180100Ev
FNL:3,158,159
FNA:3,0,_ZNSt3__110__function12__alloc_funcIZN7pyfolio11performance17aggregate_returnsERKNS2_10TimeSeriesIdEENS2_9FrequencyEE3$_0NS_9allocatorIS9_EEFdRKNS_6vectorIdNSA_IdEEEEEEC1B8ne180100ERKS9_RKSB_
FNA:3,0,_ZNSt3__110__function12__alloc_funcIZN7pyfolio11performance17aggregate_returnsERKNS2_10TimeSeriesIdEENS2_9FrequencyEE3$_0NS_9allocatorIS9_EEFdRKNS_6vectorIdNSA_IdEEEEEEC2B8ne180100ERKS9_RKSB_
FNA:3,0,_ZNSt3__110__function12__alloc_funcIZNK7pyfolio10TimeSeriesIdE8resampleENS2_9FrequencyEEUlRKNS_6vectorIdNS_9allocatorIdEEEEE_NS7_ISC_EEFdSB_EEC1B8ne180100ERKSC_RKSD_
FNA:3,0,_ZNSt3__110__function12__alloc_funcIZNK7pyfolio10TimeSeriesIdE8resampleENS2_9FrequencyEEUlRKNS_6vectorIdNS_9allocatorIdEEEEE_NS7_ISC_EEFdSB_EEC2B8ne180100ERKSC_RKSD_
FNL:4,161,162
FNA:4,0,_ZNSt3__110__function12__alloc_funcIZN7pyfolio11performance17aggregate_returnsERKNS2_10TimeSeriesIdEENS2_9FrequencyEE3$_0NS_9allocatorIS9_EEFdRKNS_6vectorIdNSA_IdEEEEEEC1B8ne180100ERKS9_OSB_
FNA:4,0,_ZNSt3__110__function12__alloc_funcIZN7pyfolio11performance17aggregate_returnsERKNS2_10TimeSeriesIdEENS2_9FrequencyEE3$_0NS_9allocatorIS9_EEFdRKNS_6vectorIdNSA_IdEEEEEEC2B8ne180100ERKS9_OSB_
FNA:4,0,_ZNSt3__110__function12__alloc_funcIZNK7pyfolio10TimeSeriesIdE8resampleENS2_9FrequencyEEUlRKNS_6vectorIdNS_9allocatorIdEEEEE_NS7_ISC_EEFdSB_EEC1B8ne180100ERKSC_OSD_
FNA:4,0,_ZNSt3__110__function12__alloc_funcIZNK7pyfolio10TimeSeriesIdE8resampleENS2_9FrequencyEEUlRKNS_6vectorIdNS_9allocatorIdEEEEE_NS7_ISC_EEFdSB_EEC2B8ne180100ERKSC_OSD_
FNL:5,164,165
FNA:5,0,_ZNSt3__110__function12__alloc_funcIZN7pyfolio11performance17aggregate_returnsERKNS2_10TimeSeriesIdEENS2_9FrequencyEE3$_0NS_9allocatorIS9_EEFdRKNS_6vectorIdNSA_IdEEEEEEC1B8ne180100EOS9_OSB_
FNA:5,0,_ZNSt3__110__function12__alloc_funcIZN7pyfolio11performance17aggregate_returnsERKNS2_10TimeSeriesIdEENS2_9FrequencyEE3$_0NS_9allocatorIS9_EEFdRKNS_6vectorIdNSA_IdEEEEEEC2B8ne180100EOS9_OSB_
FNA:5,1,_ZNSt3__110__function12__alloc_funcIZNK7pyfolio10TimeSeriesIdE8resampleENS2_9FrequencyEEUlRKNS_6vectorIdNS_9allocatorIdEEEEE_NS7_ISC_EEFdSB_EEC1B8ne180100EOSC_OSD_
FNA:5,1,_ZNSt3__110__function12__alloc_funcIZNK7pyfolio10TimeSeriesIdE8resampleENS2_9FrequencyEEUlRKNS_6vectorIdNS_9allocatorIdEEEEE_NS7_ISC_EEFdSB_EEC2B8ne180100EOSC_OSD_
FNL:6,167,169
FNA:6,0,_ZNSt3__110__function12__alloc_funcIZN7pyfolio11performance17aggregate_returnsERKNS2_10TimeSeriesIdEENS2_9FrequencyEE3$_0NS_9allocatorIS9_EEFdRKNS_6vectorIdNSA_IdEEEEEEclB8ne180100ESG_
FNA:6,5,_ZNSt3__110__function12__alloc_funcIZNK7pyfolio10TimeSeriesIdE8resampleENS2_9FrequencyEEUlRKNS_6vectorIdNS_9allocatorIdEEEEE_NS7_ISC_EEFdSB_EEclB8ne180100ESB_
FNL:7,182,182
FNA:7,0,_ZNSt3__110__function12__alloc_funcIZN7pyfolio11performance17aggregate_returnsERKNS2_10TimeSeriesIdEENS2_9FrequencyEE3$_0NS_9allocatorIS9_EEFdRKNS_6vectorIdNSA_IdEEEEEE7destroyB8ne180100Ev
FNA:7,1,_ZNSt3__110__function12__alloc_funcIZNK7pyfolio10TimeSeriesIdE8resampleENS2_9FrequencyEEUlRKNS_6vectorIdNS_9allocatorIdEEEEE_NS7_ISC_EEFdSB_EE7destroyB8ne180100Ev
FNL:8,237,237
FNA:8,1,_ZNSt3__110__function6__baseIFdRKNS_6vectorIdNS_9allocatorIdEEEEEEC2B8ne180100Ev
FNL:9,238,238
FNA:9,0,_ZNSt3__110__function6__baseIFdRKNS_6vectorIdNS_9allocatorIdEEEEEED0Ev
FNA:9,0,_ZNSt3__110__function6__baseIFdRKNS_6vectorIdNS_9allocatorIdEEEEEED1Ev
FNA:9,0,_ZNSt3__110__function6__baseIFdRKNS_6vectorIdNS_9allocatorIdEEEEEED2Ev
FNL:10,253
FNA:10,0,_ZNSt3__110__function6__funcIZN7pyfolio11performance17aggregate_returnsERKNS2_10TimeSeriesIdEENS2_9FrequencyEE3$_0NS_9allocatorIS9_EEFdRKNS_6vectorIdNSA_IdEEEEEED0Ev
FNA:10,0,_ZNSt3__110__function6__funcIZN7pyfolio11performance17aggregate_returnsERKNS2_10TimeSeriesIdEENS2_9FrequencyEE3$_0NS_9allocatorIS9_EEFdRKNS_6vectorIdNSA_IdEEEEEED1Ev
FNA:10,0,_ZNSt3__110__function6__funcIZN7pyfolio11performance17aggregate_returnsERKNS2_10TimeSeriesIdEENS2_9FrequencyEE3$_0NS_9allocatorIS9_EEFdRKNS_6vectorIdNSA_IdEEEEEED2Ev
FNA:10,0,_ZNSt3__110__function6__funcIZNK7pyfolio10TimeSeriesIdE8resampleENS2_9FrequencyEEUlRKNS_6vectorIdNS_9allocatorIdEEEEE_NS7_ISC_EEFdSB_EED0Ev
FNA:10,0,_ZNSt3__110__function6__funcIZNK7pyfolio10TimeSeriesIdE8resampleENS2_9FrequencyEEUlRKNS_6vectorIdNS_9allocatorIdEEEEE_NS7_ISC_EEFdSB_EED1Ev
FNA:10,0,_ZNSt3__110__function6__funcIZNK7pyfolio10TimeSeriesIdE8resampleENS2_9FrequencyEEUlRKNS_6vectorIdNS_9allocatorIdEEEEE_NS7_ISC_EEFdSB_EED2Ev
FNL:11,262,262
FNA:11,0,_ZNSt3__110__function6__funcIZN7pyfolio11performance17aggregate_returnsERKNS2_10TimeSeriesIdEENS2_9FrequencyEE3$_0NS_9allocatorIS9_EEFdRKNS_6vectorIdNSA_IdEEEEEEC1B8ne180100ERKS9_RKSB_
FNA:11,0,_ZNSt3__110__function6__funcIZN7pyfolio11performance17aggregate_returnsERKNS2_10TimeSeriesIdEENS2_9FrequencyEE3$_0NS_9allocatorIS9_EEFdRKNS_6vectorIdNSA_IdEEEEEEC2B8ne180100ERKS9_RKSB_
FNA:11,0,_ZNSt3__110__function6__funcIZNK7pyfolio10TimeSeriesIdE8resampleENS2_9FrequencyEEUlRKNS_6vectorIdNS_9allocatorIdEEEEE_NS7_ISC_EEFdSB_EEC1B8ne180100ERKSC_RKSD_
FNA:11,0,_ZNSt3__110__function6__funcIZNK7pyfolio10TimeSeriesIdE8resampleENS2_9FrequencyEEUlRKNS_6vectorIdNS_9allocatorIdEEEEE_NS7_ISC_EEFdSB_EEC2B8ne180100ERKSC_RKSD_
FNL:12,264,264
FNA:12,0,_ZNSt3__110__function6__funcIZN7pyfolio11performance17aggregate_returnsERKNS2_10TimeSeriesIdEENS2_9FrequencyEE3$_0NS_9allocatorIS9_EEFdRKNS_6vectorIdNSA_IdEEEEEEC1B8ne180100ERKS9_OSB_
FNA:12,0,_ZNSt3__110__function6__funcIZN7pyfolio11performance17aggregate_returnsERKNS2_10TimeSeriesIdEENS2_9FrequencyEE3$_0NS_9allocatorIS9_EEFdRKNS_6vectorIdNSA_IdEEEEEEC2B8ne180100ERKS9_OSB_
FNA:12,0,_ZNSt3__110__function6__funcIZNK7pyfolio10TimeSeriesIdE8resampleENS2_9FrequencyEEUlRKNS_6vectorIdNS_9allocatorIdEEEEE_NS7_ISC_EEFdSB_EEC1B8ne180100ERKSC_OSD_
FNA:12,0,_ZNSt3__110__function6__funcIZNK7pyfolio10TimeSeriesIdE8resampleENS2_9FrequencyEEUlRKNS_6vectorIdNS_9allocatorIdEEEEE_NS7_ISC_EEFdSB_EEC2B8ne180100ERKSC_OSD_
FNL:13,266,266
FNA:13,0,_ZNSt3__110__function6__funcIZN7pyfolio11performance17aggregate_returnsERKNS2_10TimeSeriesIdEENS2_9FrequencyEE3$_0NS_9allocatorIS9_EEFdRKNS_6vectorIdNSA_IdEEEEEEC1B8ne180100EOS9_OSB_
FNA:13,0,_ZNSt3__110__function6__funcIZN7pyfolio11performance17aggregate_returnsERKNS2_10TimeSeriesIdEENS2_9FrequencyEE3$_0NS_9allocatorIS9_EEFdRKNS_6vectorIdNSA_IdEEEEEEC2B8ne180100EOS9_OSB_
FNA:13,1,_ZNSt3__110__function6__funcIZNK7pyfolio10TimeSeriesIdE8resampleENS2_9FrequencyEEUlRKNS_6vectorIdNS_9allocatorIdEEEEE_NS7_ISC_EEFdSB_EEC1B8ne180100EOSC_OSD_
FNA:13,1,_ZNSt3__110__function6__funcIZNK7pyfolio10TimeSeriesIdE8resampleENS2_9FrequencyEEUlRKNS_6vectorIdNS_9allocatorIdEEEEE_NS7_ISC_EEFdSB_EEC2B8ne180100EOSC_OSD_
FNL:14,280,288
FNA:14,0,_ZNKSt3__110__function6__funcIZN7pyfolio11performance17aggregate_returnsERKNS2_10TimeSeriesIdEENS2_9FrequencyEE3$_0NS_9allocatorIS9_EEFdRKNS_6vectorIdNSA_IdEEEEEE7__cloneEv
FNA:14,0,_ZNKSt3__110__function6__funcIZNK7pyfolio10TimeSeriesIdE8resampleENS2_9FrequencyEEUlRKNS_6vectorIdNS_9allocatorIdEEEEE_NS7_ISC_EEFdSB_EE7__cloneEv
FNL:15,291,293
FNA:15,0,_ZNKSt3__110__function6__funcIZN7pyfolio11performance17aggregate_returnsERKNS2_10TimeSeriesIdEENS2_9FrequencyEE3$_0NS_9allocatorIS9_EEFdRKNS_6vectorIdNSA_IdEEEEEE7__cloneEPNS0_6__baseISH_EE
FNA:15,0,_ZNKSt3__110__function6__funcIZNK7pyfolio10TimeSeriesIdE8resampleENS2_9FrequencyEEUlRKNS_6vectorIdNS_9allocatorIdEEEEE_NS7_ISC_EEFdSB_EE7__cloneEPNS0_6__baseISE_EE
FNL:16,296,298
FNA:16,0,_ZNSt3__110__function6__funcIZN7pyfolio11performance17aggregate_returnsERKNS2_10TimeSeriesIdEENS2_9FrequencyEE3$_0NS_9allocatorIS9_EEFdRKNS_6vectorIdNSA_IdEEEEEE7destroyEv
FNA:16,1,_ZNSt3__110__function6__funcIZNK7pyfolio10TimeSeriesIdE8resampleENS2_9FrequencyEEUlRKNS_6vectorIdNS_9allocatorIdEEEEE_NS7_ISC_EEFdSB_EE7destroyEv
FNL:17,301,307
FNA:17,0,_ZNSt3__110__function6__funcIZN7pyfolio11performance17aggregate_returnsERKNS2_10TimeSeriesIdEENS2_9FrequencyEE3$_0NS_9allocatorIS9_EEFdRKNS_6vectorIdNSA_IdEEEEEE18destroy_deallocateEv
FNA:17,0,_ZNSt3__110__function6__funcIZNK7pyfolio10TimeSeriesIdE8resampleENS2_9FrequencyEEUlRKNS_6vectorIdNS_9allocatorIdEEEEE_NS7_ISC_EEFdSB_EE18destroy_deallocateEv
FNL:18,310,311
FNA:18,0,_ZNSt3__110__function6__funcIZN7pyfolio11performance17aggregate_returnsERKNS2_10TimeSeriesIdEENS2_9FrequencyEE3$_0NS_9allocatorIS9_EEFdRKNS_6vectorIdNSA_IdEEEEEEclESG_
FNA:18,5,_ZNSt3__110__function6__funcIZNK7pyfolio10TimeSeriesIdE8resampleENS2_9FrequencyEEUlRKNS_6vectorIdNS_9allocatorIdEEEEE_NS7_ISC_EEFdSB_EEclESB_
FNL:19,317,321
FNA:19,0,_ZNKSt3__110__function6__funcIZN7pyfolio11performance17aggregate_returnsERKNS2_10TimeSeriesIdEENS2_9FrequencyEE3$_0NS_9allocatorIS9_EEFdRKNS_6vectorIdNSA_IdEEEEEE6targetERKSt9type_info
FNA:19,0,_ZNKSt3__110__function6__funcIZNK7pyfolio10TimeSeriesIdE8resampleENS2_9FrequencyEEUlRKNS_6vectorIdNS_9allocatorIdEEEEE_NS7_ISC_EEFdSB_EE6targetERKSt9type_info
FNL:20,324,325
FNA:20,0,_ZNKSt3__110__function6__funcIZN7pyfolio11performance17aggregate_returnsERKNS2_10TimeSeriesIdEENS2_9FrequencyEE3$_0NS_9allocatorIS9_EEFdRKNS_6vectorIdNSA_IdEEEEEE11target_typeEv
FNA:20,0,_ZNKSt3__110__function6__funcIZNK7pyfolio10TimeSeriesIdE8resampleENS2_9FrequencyEEUlRKNS_6vectorIdNS_9allocatorIdEEEEE_NS7_ISC_EEFdSB_EE11target_typeEv
FNL:21,350,367
FNA:21,0,_ZNSt3__110__function12__value_funcIFdRKNS_6vectorIdNS_9allocatorIdEEEEEEC1B8ne180100IZN7pyfolio11performance17aggregate_returnsERKNSB_10TimeSeriesIdEENSB_9FrequencyEE3$_0NS3_ISI_EEEEOT_RKT0_
FNA:21,1,_ZNSt3__110__function12__value_funcIFdRKNS_6vectorIdNS_9allocatorIdEEEEEEC1B8ne180100IZNK7pyfolio10TimeSeriesIdE8resampleENSB_9FrequencyEEUlS7_E_NS3_ISF_EEEEOT_RKT0_
FNA:21,0,_ZNSt3__110__function12__value_funcIFdRKNS_6vectorIdNS_9allocatorIdEEEEEEC2B8ne180100IZN7pyfolio11performance17aggregate_returnsERKNSB_10TimeSeriesIdEENSB_9FrequencyEE3$_0NS3_ISI_EEEEOT_RKT0_
FNA:21,1,_ZNSt3__110__function12__value_funcIFdRKNS_6vectorIdNS_9allocatorIdEEEEEEC2B8ne180100IZNK7pyfolio10TimeSeriesIdE8resampleENSB_9FrequencyEEUlS7_E_NS3_ISF_EEEEOT_RKT0_
FNL:22,370,370
FNA:22,0,_ZNSt3__110__function12__value_funcIFdRKNS_6vectorIdNS_9allocatorIdEEEEEEC1B8ne180100IZN7pyfolio11performance17aggregate_returnsERKNSB_10TimeSeriesIdEENSB_9FrequencyEE3$_0Li0EEEOT_
FNA:22,1,_ZNSt3__110__function12__value_funcIFdRKNS_6vectorIdNS_9allocatorIdEEEEEEC1B8ne180100IZNK7pyfolio10TimeSeriesIdE8resampleENSB_9FrequencyEEUlS7_E_Li0EEEOT_
FNL:23,394,399
FNA:23,1,_ZNSt3__110__function12__value_funcIFdRKNS_6vectorIdNS_9allocatorIdEEEEEED1B8ne180100Ev
FNA:23,1,_ZNSt3__110__function12__value_funcIFdRKNS_6vectorIdNS_9allocatorIdEEEEEED2B8ne180100Ev
FNL:24,425,428
FNA:24,5,_ZNKSt3__110__function12__value_funcIFdRKNS_6vectorIdNS_9allocatorIdEEEEEEclB8ne180100ES7_
FNL:25,61,61
FNA:25,0,_ZNSt3__117bad_function_callC1B8ne180100Ev
FNA:25,0,_ZNSt3__117bad_function_callC2B8ne180100Ev
FNL:26,70,70
FNA:26,0,_ZNSt3__117bad_function_callD0Ev
FNA:26,0,_ZNSt3__117bad_function_callD1Ev
FNA:26,0,_ZNSt3__117bad_function_callD2Ev
FNL:27,79,81
FNA:27,0,_ZNSt3__125__throw_bad_function_callB8ne180100Ev
FNL:28,938,938
FNA:28,0,_ZNSt3__18functionIFdRKNS_6vectorIdNS_9allocatorIdEEEEEEC1IZN7pyfolio11performance17aggregate_returnsERKNSA_10TimeSeriesIdEENSA_9FrequencyEE3$_0vEET_
FNA:28,1,_ZNSt3__18functionIFdRKNS_6vectorIdNS_9allocatorIdEEEEEEC1IZNK7pyfolio10TimeSeriesIdE8resampleENSA_9FrequencyEEUlS6_E_vEET_
FNA:28,0,_ZNSt3__18functionIFdRKNS_6vectorIdNS_9allocatorIdEEEEEEC2IZN7pyfolio11performance17aggregate_returnsERKNSA_10TimeSeriesIdEENSA_9FrequencyEE3$_0vEET_
FNA:28,1,_ZNSt3__18functionIFdRKNS_6vectorIdNS_9allocatorIdEEEEEEC2IZNK7pyfolio10TimeSeriesIdE8resampleENSA_9FrequencyEEUlS6_E_vEET_
FNL:29,972,972
FNA:29,1,_ZNSt3__18functionIFdRKNS_6vectorIdNS_9allocatorIdEEEEEED1Ev
FNA:29,1,_ZNSt3__18functionIFdRKNS_6vectorIdNS_9allocatorIdEEEEEED2Ev
FNL:30,980,981
FNA:30,5,_ZNKSt3__18functionIFdRKNS_6vectorIdNS_9allocatorIdEEEEEEclES6_
FNF:31
FNH:15
DA:61,0
DA:70,0
DA:79,0
DA:81,0
DA:105,1
DA:106,1
DA:150,0
DA:153,0
DA:158,0
DA:159,0
DA:161,0
DA:162,0
DA:164,2
DA:165,2
DA:167,5
DA:169,5
DA:182,1
DA:237,1
DA:238,0
DA:262,0
DA:264,0
DA:266,2
DA:280,0
DA:283,0
DA:285,0
DA:286,0
DA:287,0
DA:288,0
DA:291,0
DA:292,0
DA:293,0
DA:296,1
DA:297,1
DA:298,1
DA:301,0
DA:304,0
DA:305,0
DA:306,0
DA:307,0
DA:310,5
DA:311,5
DA:317,0
DA:318,0
DA:319,0
DA:320,0
DA:321,0
DA:324,0
DA:325,0
DA:350,2
DA:355,1
DA:356,1
DA:359,1
DA:366,1
DA:367,2
DA:370,1
DA:394,2
DA:395,1
DA:396,1
DA:397,0
DA:398,0
DA:399,2
DA:425,5
DA:426,5
DA:427,0
DA:428,5
DA:938,2
DA:972,2
DA:980,5
DA:981,5
LF:69
LH:32
end_of_record
TN:
SF:/Library/Developer/CommandLineTools/SDKs/MacOSX.sdk/usr/include/c++/v1/__functional/identity.h
FNL:0,29,30
FNA:0,6,_ZNKSt3__110__identityclB8ne180100IRKN7pyfolio8DateTimeEEEOT_S7_
FNA:0,20,_ZNKSt3__110__identityclB8ne180100IRdEEOT_S4_
FNF:1
FNH:1
DA:29,26
DA:30,26
LF:2
LH:2
end_of_record
TN:
SF:/Library/Developer/CommandLineTools/SDKs/MacOSX.sdk/usr/include/c++/v1/__functional/operations.h
FNL:0,357,358
FNA:0,16,_ZNKSt3__14lessIN7pyfolio8DateTimeEEclB8ne180100ERKS2_S5_
FNA:0,720,_ZNKSt3__14lessINS_12basic_stringIcNS_11char_traitsIcEENS_9allocatorIcEEEEEclB8ne180100ERKS6_S9_
FNA:0,134,_ZNKSt3__14lessINS_6chrono14year_month_dayEEclB8ne180100ERKS2_S5_
FNF:1
FNH:1
DA:357,870
DA:358,870
LF:2
LH:2
end_of_record
TN:
SF:/Library/Developer/CommandLineTools/SDKs/MacOSX.sdk/usr/include/c++/v1/__iterator/advance.h
FNL:0,46,53
FNA:0,0,_ZNSt3__19__advanceB8ne180100INS_21__tree_const_iteratorINS_12__value_typeINS_12basic_stringIcNS_11char_traitsIcEENS_9allocatorIcEEEEdEEPNS_11__tree_nodeIS9_PvEElEEEEvRT_NS_15iterator_traitsISF_E15difference_typeENS_26bidirectional_iterator_tagE
FNL:1,57,59
FNA:1,6,_ZNSt3__19__advanceB8ne180100INS_11__wrap_iterIPKN7pyfolio8DateTimeEEEEEvRT_NS_15iterator_traitsIS7_E15difference_typeENS_26random_access_iterator_tagE
FNA:1,0,_ZNSt3__19__advanceB8ne180100INS_16reverse_iteratorIPNS_6threadEEEEEvRT_NS_15iterator_traitsIS5_E15difference_typeENS_26random_access_iterator_tagE
FNA:1,0,_ZNSt3__19__advanceB8ne180100IPKN7pyfolio8DateTimeEEEvRT_NS_15iterator_traitsIS5_E15difference_typeENS_26random_access_iterator_tagE
FNA:1,0,_ZNSt3__19__advanceB8ne180100IPKNS_3mapINS_12basic_stringIcNS_11char_traitsIcEENS_9allocatorIcEEEEdNS_4lessIS7_EENS5_INS_4pairIKS7_dEEEEEEEEvRT_NS_15iterator_traitsISH_E15difference_typeENS_26random_access_iterator_tagE
FNA:1,0,_ZNSt3__19__advanceB8ne180100IPKdEEvRT_NS_15iterator_traitsIS3_E15difference_typeENS_26random_access_iterator_tagE
FNA:1,0,_ZNSt3__19__advanceB8ne180100IPN7pyfolio8DateTimeEEEvRT_NS_15iterator_traitsIS4_E15difference_typeENS_26random_access_iterator_tagE
FNA:1,0,_ZNSt3__19__advanceB8ne180100IPNS_3mapINS_12basic_stringIcNS_11char_traitsIcEENS_9allocatorIcEEEEdNS_4lessIS7_EENS5_INS_4pairIKS7_dEEEEEEEEvRT_NS_15iterator_traitsISG_E15difference_typeENS_26random_access_iterator_tagE
FNA:1,15,_ZNSt3__19__advanceB8ne180100IPNS_6threadEEEvRT_NS_15iterator_traitsIS3_E15difference_typeENS_26random_access_iterator_tagE
FNL:2,65,72
FNA:2,6,_ZNSt3__17advanceB8ne180100INS_11__wrap_iterIPKN7pyfolio8DateTimeEEEllvEEvRT_T0_
FNA:2,0,_ZNSt3__17advanceB8ne180100INS_16reverse_iteratorIPNS_6threadEEEllvEEvRT_T0_
FNA:2,0,_ZNSt3__17advanceB8ne180100INS_21__tree_const_iteratorINS_12__value_typeINS_12basic_stringIcNS_11char_traitsIcEENS_9allocatorIcEEEEdEEPNS_11__tree_nodeIS9_PvEElEEllvEEvRT_T0_
FNA:2,0,_ZNSt3__17advanceB8ne180100IPKN7pyfolio8DateTimeEllvEEvRT_T0_
FNA:2,0,_ZNSt3__17advanceB8ne180100IPKNS_3mapINS_12basic_stringIcNS_11char_traitsIcEENS_9allocatorIcEEEEdNS_4lessIS7_EENS5_INS_4pairIKS7_dEEEEEEllvEEvRT_T0_
FNA:2,0,_ZNSt3__17advanceB8ne180100IPKdllvEEvRT_T0_
FNA:2,0,_ZNSt3__17advanceB8ne180100IPN7pyfolio8DateTimeEllvEEvRT_T0_
FNA:2,0,_ZNSt3__17advanceB8ne180100IPNS_3mapINS_12basic_stringIcNS_11char_traitsIcEENS_9allocatorIcEEEEdNS_4lessIS7_EENS5_INS_4pairIKS7_dEEEEEEllvEEvRT_T0_
FNA:2,15,_ZNSt3__17advanceB8ne180100IPNS_6threadEllvEEvRT_T0_
FNF:3
FNH:2
DA:46,0
DA:47,0
DA:48,0
DA:49,0
DA:51,0
DA:52,0
DA:53,0
DA:57,21
DA:58,21
DA:59,21
DA:65,21
DA:67,21
DA:71,21
DA:72,21
LF:14
LH:7
end_of_record
TN:
SF:/Library/Developer/CommandLineTools/SDKs/MacOSX.sdk/usr/include/c++/v1/__iterator/distance.h
FNL:0,40,41
FNA:0,5,_ZNSt3__110__distanceB8ne180100INS_11__wrap_iterIPKN7pyfolio8DateTimeEEEEENS_15iterator_traitsIT_E15difference_typeES8_S8_NS_26random_access_iterator_tagE
FNA:0,4,_ZNSt3__110__distanceB8ne180100INS_11__wrap_iterIPKdEEEENS_15iterator_traitsIT_E15difference_typeES6_S6_NS_26random_access_iterator_tagE
FNA:0,47,_ZNSt3__110__distanceB8ne180100IPKN7pyfolio8DateTimeEEENS_15iterator_traitsIT_E15difference_typeES6_S6_NS_26random_access_iterator_tagE
FNA:0,18,_ZNSt3__110__distanceB8ne180100IPKNS_3mapINS_12basic_stringIcNS_11char_traitsIcEENS_9allocatorIcEEEEdNS_4lessIS7_EENS5_INS_4pairIKS7_dEEEEEEEENS_15iterator_traitsIT_E15difference_typeESI_SI_NS_26random_access_iterator_tagE
FNA:0,82,_ZNSt3__110__distanceB8ne180100IPKdEENS_15iterator_traitsIT_E15difference_typeES4_S4_NS_26random_access_iterator_tagE
FNA:0,18,_ZNSt3__110__distanceB8ne180100IPN7pyfolio8DateTimeEEENS_15iterator_traitsIT_E15difference_typeES5_S5_NS_26random_access_iterator_tagE
FNL:1,46,47
FNA:1,5,_ZNSt3__18distanceB8ne180100INS_11__wrap_iterIPKN7pyfolio8DateTimeEEEEENS_15iterator_traitsIT_E15difference_typeES8_S8_
FNA:1,4,_ZNSt3__18distanceB8ne180100INS_11__wrap_iterIPKdEEEENS_15iterator_traitsIT_E15difference_typeES6_S6_
FNA:1,47,_ZNSt3__18distanceB8ne180100IPKN7pyfolio8DateTimeEEENS_15iterator_traitsIT_E15difference_typeES6_S6_
FNA:1,18,_ZNSt3__18distanceB8ne180100IPKNS_3mapINS_12basic_stringIcNS_11char_traitsIcEENS_9allocatorIcEEEEdNS_4lessIS7_EENS5_INS_4pairIKS7_dEEEEEEEENS_15iterator_traitsIT_E15difference_typeESI_SI_
FNA:1,82,_ZNSt3__18distanceB8ne180100IPKdEENS_15iterator_traitsIT_E15difference_typeES4_S4_
FNA:1,18,_ZNSt3__18distanceB8ne180100IPN7pyfolio8DateTimeEEENS_15iterator_traitsIT_E15difference_typeES5_S5_
FNF:2
FNH:2
DA:40,174
DA:41,174
DA:46,174
DA:47,174
LF:4
LH:4
end_of_record
TN:
SF:/Library/Developer/CommandLineTools/SDKs/MacOSX.sdk/usr/include/c++/v1/__iterator/next.h
FNL:0,29,36
FNA:0,3,_ZNSt3__14nextB8ne180100INS_11__wrap_iterIPKN7pyfolio8DateTimeEEELi0EEET_S7_NS_15iterator_traitsIS7_E15difference_typeE
FNA:0,0,_ZNSt3__14nextB8ne180100INS_21__tree_const_iteratorINS_12__value_typeINS_12basic_stringIcNS_11char_traitsIcEENS_9allocatorIcEEEEdEEPNS_11__tree_nodeIS9_PvEElEELi0EEET_SF_NS_15iterator_traitsISF_E15difference_typeE
FNA:0,0,_ZNSt3__14nextB8ne180100IPKN7pyfolio8DateTimeELi0EEET_S5_NS_15iterator_traitsIS5_E15difference_typeE
FNA:0,0,_ZNSt3__14nextB8ne180100IPKNS_3mapINS_12basic_stringIcNS_11char_traitsIcEENS_9allocatorIcEEEEdNS_4lessIS7_EENS5_INS_4pairIKS7_dEEEEEELi0EEET_SH_NS_15iterator_traitsISH_E15difference_typeE
FNA:0,0,_ZNSt3__14nextB8ne180100IPKdLi0EEET_S3_NS_15iterator_traitsIS3_E15difference_typeE
FNA:0,0,_ZNSt3__14nextB8ne180100IPN7pyfolio8DateTimeELi0EEET_S4_NS_15iterator_traitsIS4_E15difference_typeE
FNF:1
FNH:1
DA:29,3
DA:35,3
DA:36,3
LF:3
LH:3
end_of_record
TN:
SF:/Library/Developer/CommandLineTools/SDKs/MacOSX.sdk/usr/include/c++/v1/__iterator/ostreambuf_iterator.h
FNL:0,53,53
FNA:0,60,_ZNSt3__119ostreambuf_iteratorIcNS_11char_traitsIcEEEC1B8ne180100ERNS_13basic_ostreamIcS2_EE
FNA:0,60,_ZNSt3__119ostreambuf_iteratorIcNS_11char_traitsIcEEEC2B8ne180100ERNS_13basic_ostreamIcS2_EE
FNL:1,63,63
FNA:1,60,_ZNKSt3__119ostreambuf_iteratorIcNS_11char_traitsIcEEE6failedB8ne180100Ev
FNF:2
FNH:2
DA:53,120
DA:63,60
LF:2
LH:2
end_of_record
TN:
SF:/Library/Developer/CommandLineTools/SDKs/MacOSX.sdk/usr/include/c++/v1/__iterator/prev.h
FNL:0,29,35
FNA:0,0,_ZNSt3__14prevB8ne180100INS_16reverse_iteratorIPNS_6threadEEELi0EEET_S5_NS_15iterator_traitsIS5_E15difference_typeE
FNA:0,0,_ZNSt3__14prevB8ne180100IPNS_3mapINS_12basic_stringIcNS_11char_traitsIcEENS_9allocatorIcEEEEdNS_4lessIS7_EENS5_INS_4pairIKS7_dEEEEEELi0EEET_SG_NS_15iterator_traitsISG_E15difference_typeE
FNA:0,15,_ZNSt3__14prevB8ne180100IPNS_6threadELi0EEET_S3_NS_15iterator_traitsIS3_E15difference_typeE
FNF:1
FNH:1
DA:29,15
DA:34,15
DA:35,15
LF:3
LH:3
end_of_record
TN:
SF:/Library/Developer/CommandLineTools/SDKs/MacOSX.sdk/usr/include/c++/v1/__iterator/reverse_iterator.h
FNL:0,129,129
FNA:0,0,_ZNKSt3__116reverse_iteratorINS0_IPNS_6threadEEEE4baseB8ne180100Ev
FNA:0,0,_ZNKSt3__116reverse_iteratorIPN7pyfolio11performance12DrawdownInfoEE4baseB8ne180100Ev
FNA:0,367,_ZNKSt3__116reverse_iteratorIPN7pyfolio8DateTimeEE4baseB8ne180100Ev
FNA:0,0,_ZNKSt3__116reverse_iteratorIPNS_3mapINS_12basic_stringIcNS_11char_traitsIcEENS_9allocatorIcEEEEdNS_4lessIS7_EENS5_INS_4pairIKS7_dEEEEEEE4baseB8ne180100Ev
FNA:0,45,_ZNKSt3__116reverse_iteratorIPNS_6threadEE4baseB8ne180100Ev
FNA:0,568,_ZNKSt3__116reverse_iteratorIPdE4baseB8ne180100Ev
FNA:0,0,_ZNKSt3__116reverse_iteratorIPiE4baseB8ne180100Ev
FNL:1,130,132
FNA:1,0,_ZNKSt3__116reverse_iteratorIPN7pyfolio11performance12DrawdownInfoEEdeB8ne180100Ev
FNA:1,40,_ZNKSt3__116reverse_iteratorIPN7pyfolio8DateTimeEEdeB8ne180100Ev
FNA:1,15,_ZNKSt3__116reverse_iteratorIPNS_6threadEEdeB8ne180100Ev
FNA:1,142,_ZNKSt3__116reverse_iteratorIPdEdeB8ne180100Ev
FNA:1,0,_ZNKSt3__116reverse_iteratorIPiEdeB8ne180100Ev
FNL:2,136,142
FNA:2,0,_ZNKSt3__116reverse_iteratorINS0_IPNS_6threadEEEEptB8ne180100Ev
FNA:2,0,_ZNKSt3__116reverse_iteratorIPNS_3mapINS_12basic_stringIcNS_11char_traitsIcEENS_9allocatorIcEEEEdNS_4lessIS7_EENS5_INS_4pairIKS7_dEEEEEEEptB8ne180100Ev
FNA:2,15,_ZNKSt3__116reverse_iteratorIPNS_6threadEEptB8ne180100Ev
FNL:3,149,151
FNA:3,0,_ZNSt3__116reverse_iteratorINS0_IPNS_6threadEEEEppB8ne180100Ev
FNA:3,0,_ZNSt3__116reverse_iteratorIPN7pyfolio11performance12DrawdownInfoEEppB8ne180100Ev
FNA:3,40,_ZNSt3__116reverse_iteratorIPN7pyfolio8DateTimeEEppB8ne180100Ev
FNA:3,0,_ZNSt3__116reverse_iteratorIPNS_3mapINS_12basic_stringIcNS_11char_traitsIcEENS_9allocatorIcEEEEdNS_4lessIS7_EENS5_INS_4pairIKS7_dEEEEEEEppB8ne180100Ev
FNA:3,30,_ZNSt3__116reverse_iteratorIPNS_6threadEEppB8ne180100Ev
FNA:3,142,_ZNSt3__116reverse_iteratorIPdEppB8ne180100Ev
FNA:3,0,_ZNSt3__116reverse_iteratorIPiEppB8ne180100Ev
FNL:4,158,160
FNA:4,0,_ZNSt3__116reverse_iteratorIPNS_6threadEEmmB8ne180100Ev
FNL:5,170,172
FNA:5,0,_ZNSt3__116reverse_iteratorIPNS_6threadEEpLB8ne180100El
FNL:6,231,238
FNA:6,0,_ZNSt3__1neB8ne180100INS_16reverse_iteratorIPNS_6threadEEES4_EEbRKNS1_IT_EERKNS1_IT0_EE
FNA:6,0,_ZNSt3__1neB8ne180100IPN7pyfolio11performance12DrawdownInfoES4_EEbRKNS_16reverse_iteratorIT_EERKNS5_IT0_EE
FNA:6,129,_ZNSt3__1neB8ne180100IPN7pyfolio8DateTimeES3_EEbRKNS_16reverse_iteratorIT_EERKNS4_IT0_EE
FNA:6,0,_ZNSt3__1neB8ne180100IPNS_3mapINS_12basic_stringIcNS_11char_traitsIcEENS_9allocatorIcEEEEdNS_4lessIS7_EENS5_INS_4pairIKS7_dEEEEEESF_EEbRKNS_16reverse_iteratorIT_EERKNSG_IT0_EE
FNA:6,20,_ZNSt3__1neB8ne180100IPNS_6threadES2_EEbRKNS_16reverse_iteratorIT_EERKNS3_IT0_EE
FNA:6,213,_ZNSt3__1neB8ne180100IPdS1_EEbRKNS_16reverse_iteratorIT_EERKNS2_IT0_EE
FNA:6,0,_ZNSt3__1neB8ne180100IPiS1_EEbRKNS_16reverse_iteratorIT_EERKNS2_IT0_EE
FNL:7,97,97
FNA:7,0,_ZNSt3__116reverse_iteratorINS0_IPNS_6threadEEEEC1B8ne180100ES3_
FNA:7,0,_ZNSt3__116reverse_iteratorINS0_IPNS_6threadEEEEC2B8ne180100ES3_
FNA:7,0,_ZNSt3__116reverse_iteratorIPN7pyfolio11performance12DrawdownInfoEEC1B8ne180100ES4_
FNA:7,0,_ZNSt3__116reverse_iteratorIPN7pyfolio11performance12DrawdownInfoEEC2B8ne180100ES4_
FNA:7,327,_ZNSt3__116reverse_iteratorIPN7pyfolio8DateTimeEEC1B8ne180100ES3_
FNA:7,327,_ZNSt3__116reverse_iteratorIPN7pyfolio8DateTimeEEC2B8ne180100ES3_
FNA:7,0,_ZNSt3__116reverse_iteratorIPNS_3mapINS_12basic_stringIcNS_11char_traitsIcEENS_9allocatorIcEEEEdNS_4lessIS7_EENS5_INS_4pairIKS7_dEEEEEEEC1B8ne180100ESF_
FNA:7,0,_ZNSt3__116reverse_iteratorIPNS_3mapINS_12basic_stringIcNS_11char_traitsIcEENS_9allocatorIcEEEEdNS_4lessIS7_EENS5_INS_4pairIKS7_dEEEEEEEC2B8ne180100ESF_
FNA:7,15,_ZNSt3__116reverse_iteratorIPNS_6threadEEC1B8ne180100ES2_
FNA:7,15,_ZNSt3__116reverse_iteratorIPNS_6threadEEC2B8ne180100ES2_
FNA:7,426,_ZNSt3__116reverse_iteratorIPdEC1B8ne180100ES1_
FNA:7,426,_ZNSt3__116reverse_iteratorIPdEC2B8ne180100ES1_
[...]
FNA:10,1,_ZN7testing8internal15TestFactoryImplI42PerformanceMetricsTest_DrawdownSeries_TestEC1Ev
FNA:10,1,_ZN7testing8internal15TestFactoryImplI42PerformanceMetricsTest_DrawdownSeries_TestEC2Ev
FNA:10,0,_ZN7testing8internal15TestFactoryImplI42PerformanceMetricsTest_DrawdownSeries_TestED0Ev
FNA:10,0,_ZN7testing8internal15TestFactoryImplI42PerformanceMetricsTest_DrawdownSeries_TestED1Ev
FNA:10,0,_ZN7testing8internal15TestFactoryImplI42PerformanceMetricsTest_DrawdownSeries_TestED2Ev
FNA:10,1,_ZN7testing8internal15TestFactoryImplI42PerformanceMetricsTest_RollingMetrics_TestEC1Ev
FNA:10,1,_ZN7testing8internal15TestFactoryImplI42PerformanceMetricsTest_RollingMetrics_TestEC2Ev
FNA:10,0,_ZN7testing8internal15TestFactoryImplI42PerformanceMetricsTest_RollingMetrics_TestED0Ev
FNA:10,0,_ZN7testing8internal15TestFactoryImplI42PerformanceMetricsTest_RollingMetrics_TestED1Ev
FNA:10,0,_ZN7testing8internal15TestFactoryImplI42PerformanceMetricsTest_RollingMetrics_TestED2Ev
FNA:10,1,_ZN7testing8internal15TestFactoryImplI42StatisticsTest_PerformanceConsistency_TestEC1Ev
FNA:10,1,_ZN7testing8internal15TestFactoryImplI42StatisticsTest_PerformanceConsistency_TestEC2Ev
FNA:10,0,_ZN7testing8internal15TestFactoryImplI42StatisticsTest_PerformanceConsistency_TestED0Ev
FNA:10,0,_ZN7testing8internal15TestFactoryImplI42StatisticsTest_PerformanceConsistency_TestED1Ev
FNA:10,0,_ZN7testing8internal15TestFactoryImplI42StatisticsTest_PerformanceConsistency_TestED2Ev
FNA:10,1,_ZN7testing8internal15TestFactoryImplI43CoreTypesTest_BusinessCalendarHolidays_TestEC1Ev
FNA:10,1,_ZN7testing8internal15TestFactoryImplI43CoreTypesTest_BusinessCalendarHolidays_TestEC2Ev
FNA:10,0,_ZN7testing8internal15TestFactoryImplI43CoreTypesTest_BusinessCalendarHolidays_TestED0Ev
FNA:10,0,_ZN7testing8internal15TestFactoryImplI43CoreTypesTest_BusinessCalendarHolidays_TestED1Ev
FNA:10,0,_ZN7testing8internal15TestFactoryImplI43CoreTypesTest_BusinessCalendarHolidays_TestED2Ev
FNA:10,1,_ZN7testing8internal15TestFactoryImplI43CoreTypesTest_BusinessCalendarWeekends_TestEC1Ev
FNA:10,1,_ZN7testing8internal15TestFactoryImplI43CoreTypesTest_BusinessCalendarWeekends_TestEC2Ev
FNA:10,0,_ZN7testing8internal15TestFactoryImplI43CoreTypesTest_BusinessCalendarWeekends_TestED0Ev
FNA:10,0,_ZN7testing8internal15TestFactoryImplI43CoreTypesTest_BusinessCalendarWeekends_TestED1Ev
FNA:10,0,_ZN7testing8internal15TestFactoryImplI43CoreTypesTest_BusinessCalendarWeekends_TestED2Ev
FNA:10,1,_ZN7testing8internal15TestFactoryImplI43CoreTypesTest_ResultMonadErrorHandling_TestEC1Ev
FNA:10,1,_ZN7testing8internal15TestFactoryImplI43CoreTypesTest_ResultMonadErrorHandling_TestEC2Ev
FNA:10,0,_ZN7testing8internal15TestFactoryImplI43CoreTypesTest_ResultMonadErrorHandling_TestED0Ev
FNA:10,0,_ZN7testing8internal15TestFactoryImplI43CoreTypesTest_ResultMonadErrorHandling_TestED1Ev
FNA:10,0,_ZN7testing8internal15TestFactoryImplI43CoreTypesTest_ResultMonadErrorHandling_TestED2Ev
FNA:10,1,_ZN7testing8internal15TestFactoryImplI43StatisticsTest_EmptyTimeSeriesHandling_TestEC1Ev
FNA:10,1,_ZN7testing8internal15TestFactoryImplI43StatisticsTest_EmptyTimeSeriesHandling_TestEC2Ev
FNA:10,0,_ZN7testing8internal15TestFactoryImplI43StatisticsTest_EmptyTimeSeriesHandling_TestED0Ev
FNA:10,0,_ZN7testing8internal15TestFactoryImplI43StatisticsTest_EmptyTimeSeriesHandling_TestED1Ev
FNA:10,0,_ZN7testing8internal15TestFactoryImplI43StatisticsTest_EmptyTimeSeriesHandling_TestED2Ev
FNA:10,1,_ZN7testing8internal15TestFactoryImplI43TimeSeriesTest_RollingWindowOperations_TestEC1Ev
FNA:10,1,_ZN7testing8internal15TestFactoryImplI43TimeSeriesTest_RollingWindowOperations_TestEC2Ev
FNA:10,0,_ZN7testing8internal15TestFactoryImplI43TimeSeriesTest_RollingWindowOperations_TestED0Ev
FNA:10,0,_ZN7testing8internal15TestFactoryImplI43TimeSeriesTest_RollingWindowOperations_TestED1Ev
FNA:10,0,_ZN7testing8internal15TestFactoryImplI43TimeSeriesTest_RollingWindowOperations_TestED2Ev
FNA:10,1,_ZN7testing8internal15TestFactoryImplI44PerformanceMetricsTest_AnnualVolatility_TestEC1Ev
FNA:10,1,_ZN7testing8internal15TestFactoryImplI44PerformanceMetricsTest_AnnualVolatility_TestEC2Ev
FNA:10,0,_ZN7testing8internal15TestFactoryImplI44PerformanceMetricsTest_AnnualVolatility_TestED0Ev
FNA:10,0,_ZN7testing8internal15TestFactoryImplI44PerformanceMetricsTest_AnnualVolatility_TestED1Ev
FNA:10,0,_ZN7testing8internal15TestFactoryImplI44PerformanceMetricsTest_AnnualVolatility_TestED2Ev
FNA:10,1,_ZN7testing8internal15TestFactoryImplI44PerformanceMetricsTest_CommonSenseRatio_TestEC1Ev
FNA:10,1,_ZN7testing8internal15TestFactoryImplI44PerformanceMetricsTest_CommonSenseRatio_TestEC2Ev
FNA:10,0,_ZN7testing8internal15TestFactoryImplI44PerformanceMetricsTest_CommonSenseRatio_TestED0Ev
FNA:10,0,_ZN7testing8internal15TestFactoryImplI44PerformanceMetricsTest_CommonSenseRatio_TestED1Ev
FNA:10,0,_ZN7testing8internal15TestFactoryImplI44PerformanceMetricsTest_CommonSenseRatio_TestED2Ev
FNA:10,1,_ZN7testing8internal15TestFactoryImplI45PerformanceMetricsTest_AlphaBetaAnalysis_TestEC1Ev
FNA:10,1,_ZN7testing8internal15TestFactoryImplI45PerformanceMetricsTest_AlphaBetaAnalysis_TestEC2Ev
FNA:10,0,_ZN7testing8internal15TestFactoryImplI45PerformanceMetricsTest_AlphaBetaAnalysis_TestED0Ev
FNA:10,0,_ZN7testing8internal15TestFactoryImplI45PerformanceMetricsTest_AlphaBetaAnalysis_TestED1Ev
FNA:10,0,_ZN7testing8internal15TestFactoryImplI45PerformanceMetricsTest_AlphaBetaAnalysis_TestED2Ev
FNA:10,1,_ZN7testing8internal15TestFactoryImplI46PerformanceMetricsTest_UpDownCaptureRatio_TestEC1Ev
FNA:10,1,_ZN7testing8internal15TestFactoryImplI46PerformanceMetricsTest_UpDownCaptureRatio_TestEC2Ev
FNA:10,0,_ZN7testing8internal15TestFactoryImplI46PerformanceMetricsTest_UpDownCaptureRatio_TestED0Ev
FNA:10,0,_ZN7testing8internal15TestFactoryImplI46PerformanceMetricsTest_UpDownCaptureRatio_TestED1Ev
FNA:10,0,_ZN7testing8internal15TestFactoryImplI46PerformanceMetricsTest_UpDownCaptureRatio_TestED2Ev
FNA:10,1,_ZN7testing8internal15TestFactoryImplI47PerformanceMetricsTest_MaxDrawdownAnalysis_TestEC1Ev
FNA:10,1,_ZN7testing8internal15TestFactoryImplI47PerformanceMetricsTest_MaxDrawdownAnalysis_TestEC2Ev
FNA:10,0,_ZN7testing8internal15TestFactoryImplI47PerformanceMetricsTest_MaxDrawdownAnalysis_TestED0Ev
FNA:10,0,_ZN7testing8internal15TestFactoryImplI47PerformanceMetricsTest_MaxDrawdownAnalysis_TestED1Ev
FNA:10,0,_ZN7testing8internal15TestFactoryImplI47PerformanceMetricsTest_MaxDrawdownAnalysis_TestED2Ev
FNA:10,1,_ZN7testing8internal15TestFactoryImplI48CoreTypesTest_ResultMonadBasicFunctionality_TestEC1Ev
FNA:10,1,_ZN7testing8internal15TestFactoryImplI48CoreTypesTest_ResultMonadBasicFunctionality_TestEC2Ev
FNA:10,0,_ZN7testing8internal15TestFactoryImplI48CoreTypesTest_ResultMonadBasicFunctionality_TestED0Ev
FNA:10,0,_ZN7testing8internal15TestFactoryImplI48CoreTypesTest_ResultMonadBasicFunctionality_TestED1Ev
FNA:10,0,_ZN7testing8internal15TestFactoryImplI48CoreTypesTest_ResultMonadBasicFunctionality_TestED2Ev
FNA:10,1,_ZN7testing8internal15TestFactoryImplI49PerformanceMetricsTest_StabilityOfTimeseries_TestEC1Ev
FNA:10,1,_ZN7testing8internal15TestFactoryImplI49PerformanceMetricsTest_StabilityOfTimeseries_TestEC2Ev
FNA:10,0,_ZN7testing8internal15TestFactoryImplI49PerformanceMetricsTest_StabilityOfTimeseries_TestED0Ev
FNA:10,0,_ZN7testing8internal15TestFactoryImplI49PerformanceMetricsTest_StabilityOfTimeseries_TestED1Ev
FNA:10,0,_ZN7testing8internal15TestFactoryImplI49PerformanceMetricsTest_StabilityOfTimeseries_TestED2Ev
FNA:10,1,_ZN7testing8internal15TestFactoryImplI50PerformanceMetricsTest_CalmarRatioCalculation_TestEC1Ev
FNA:10,1,_ZN7testing8internal15TestFactoryImplI50PerformanceMetricsTest_CalmarRatioCalculation_TestEC2Ev
FNA:10,0,_ZN7testing8internal15TestFactoryImplI50PerformanceMetricsTest_CalmarRatioCalculation_TestED0Ev
FNA:10,0,_ZN7testing8internal15TestFactoryImplI50PerformanceMetricsTest_CalmarRatioCalculation_TestED1Ev
FNA:10,0,_ZN7testing8internal15TestFactoryImplI50PerformanceMetricsTest_CalmarRatioCalculation_TestED2Ev
FNA:10,1,_ZN7testing8internal15TestFactoryImplI50PerformanceMetricsTest_SharpeRatioCalculation_TestEC1Ev
FNA:10,1,_ZN7testing8internal15TestFactoryImplI50PerformanceMetricsTest_SharpeRatioCalculation_TestEC2Ev
FNA:10,0,_ZN7testing8internal15TestFactoryImplI50PerformanceMetricsTest_SharpeRatioCalculation_TestED0Ev
FNA:10,0,_ZN7testing8internal15TestFactoryImplI50PerformanceMetricsTest_SharpeRatioCalculation_TestED1Ev
FNA:10,0,_ZN7testing8internal15TestFactoryImplI50PerformanceMetricsTest_SharpeRatioCalculation_TestED2Ev
FNA:10,1,_ZN7testing8internal15TestFactoryImplI51PerformanceMetricsTest_SortinoRatioCalculation_TestEC1Ev
FNA:10,1,_ZN7testing8internal15TestFactoryImplI51PerformanceMetricsTest_SortinoRatioCalculation_TestEC2Ev
FNA:10,0,_ZN7testing8internal15TestFactoryImplI51PerformanceMetricsTest_SortinoRatioCalculation_TestED0Ev
FNA:10,0,_ZN7testing8internal15TestFactoryImplI51PerformanceMetricsTest_SortinoRatioCalculation_TestED1Ev
FNA:10,0,_ZN7testing8internal15TestFactoryImplI51PerformanceMetricsTest_SortinoRatioCalculation_TestED2Ev
FNA:10,1,_ZN7testing8internal15TestFactoryImplI52PerformanceMetricsTest_CumulativeReturnsProfile_TestEC1Ev
FNA:10,1,_ZN7testing8internal15TestFactoryImplI52PerformanceMetricsTest_CumulativeReturnsProfile_TestEC2Ev
FNA:10,0,_ZN7testing8internal15TestFactoryImplI52PerformanceMetricsTest_CumulativeReturnsProfile_TestED0Ev
FNA:10,0,_ZN7testing8internal15TestFactoryImplI52PerformanceMetricsTest_CumulativeReturnsProfile_TestED1Ev
FNA:10,0,_ZN7testing8internal15TestFactoryImplI52PerformanceMetricsTest_CumulativeReturnsProfile_TestED2Ev
FNA:10,1,_ZN7testing8internal15TestFactoryImplI52PerformanceMetricsTest_TrackingErrorCalculation_TestEC1Ev
FNA:10,1,_ZN7testing8internal15TestFactoryImplI52PerformanceMetricsTest_TrackingErrorCalculation_TestEC2Ev
FNA:10,0,_ZN7testing8internal15TestFactoryImplI52PerformanceMetricsTest_TrackingErrorCalculation_TestED0Ev
FNA:10,0,_ZN7testing8internal15TestFactoryImplI52PerformanceMetricsTest_TrackingErrorCalculation_TestED1Ev
FNA:10,0,_ZN7testing8internal15TestFactoryImplI52PerformanceMetricsTest_TrackingErrorCalculation_TestED2Ev
FNA:10,1,_ZN7testing8internal15TestFactoryImplI53PerformanceMetricsTest_ComprehensiveMetricsSuite_TestEC1Ev
FNA:10,1,_ZN7testing8internal15TestFactoryImplI53PerformanceMetricsTest_ComprehensiveMetricsSuite_TestEC2Ev
FNA:10,0,_ZN7testing8internal15TestFactoryImplI53PerformanceMetricsTest_ComprehensiveMetricsSuite_TestED0Ev
FNA:10,0,_ZN7testing8internal15TestFactoryImplI53PerformanceMetricsTest_ComprehensiveMetricsSuite_TestED1Ev
FNA:10,0,_ZN7testing8internal15TestFactoryImplI53PerformanceMetricsTest_ComprehensiveMetricsSuite_TestED2Ev
FNA:10,1,_ZN7testing8internal15TestFactoryImplI55PerformanceMetricsTest_InformationRatioCalculation_TestEC1Ev
FNA:10,1,_ZN7testing8internal15TestFactoryImplI55PerformanceMetricsTest_InformationRatioCalculation_TestEC2Ev
FNA:10,0,_ZN7testing8internal15TestFactoryImplI55PerformanceMetricsTest_InformationRatioCalculation_TestED0Ev
FNA:10,0,_ZN7testing8internal15TestFactoryImplI55PerformanceMetricsTest_InformationRatioCalculation_TestED1Ev
FNA:10,0,_ZN7testing8internal15TestFactoryImplI55PerformanceMetricsTest_InformationRatioCalculation_TestED2Ev
FNL:11,472,472
FNA:11,1,_ZN7testing8internal15TestFactoryImplI28CoreTypesTest_Constants_TestE10CreateTestEv
FNA:11,1,_ZN7testing8internal15TestFactoryImplI28StatisticsTest_Kurtosis_TestE10CreateTestEv
FNA:11,1,_ZN7testing8internal15TestFactoryImplI28StatisticsTest_Skewness_TestE10CreateTestEv
FNA:11,1,_ZN7testing8internal15TestFactoryImplI29StatisticsTest_AlphaBeta_TestE10CreateTestEv
FNA:11,1,_ZN7testing8internal15TestFactoryImplI29TimeSeriesTest_Alignment_TestE10CreateTestEv
FNA:11,1,_ZN7testing8internal15TestFactoryImplI31StatisticsTest_CalmarRatio_TestE10CreateTestEv
FNA:11,1,_ZN7testing8internal15TestFactoryImplI31StatisticsTest_MaxDrawdown_TestE10CreateTestEv
FNA:11,1,_ZN7testing8internal15TestFactoryImplI31StatisticsTest_SharpeRatio_TestE10CreateTestEv
FNA:11,1,_ZN7testing8internal15TestFactoryImplI32StatisticsTest_SortinoRatio_TestE10CreateTestEv
FNA:11,1,_ZN7testing8internal15TestFactoryImplI32TimeSeriesTest_DateIndexing_TestE10CreateTestEv
FNA:11,1,_ZN7testing8internal15TestFactoryImplI33CoreTypesTest_FinancialTypes_TestE10CreateTestEv
FNA:11,1,_ZN7testing8internal15TestFactoryImplI33CoreTypesTest_SymbolHandling_TestE10CreateTestEv
FNA:11,1,_ZN7testing8internal15TestFactoryImplI33StatisticsTest_TrackingError_TestE10CreateTestEv
FNA:11,1,_ZN7testing8internal15TestFactoryImplI33StatisticsTest_VaRHistorical_TestE10CreateTestEv
FNA:11,1,_ZN7testing8internal15TestFactoryImplI34StatisticsTest_ConditionalVaR_TestE10CreateTestEv
FNA:11,1,_ZN7testing8internal15TestFactoryImplI35CoreTypesTest_CurrencyHandling_TestE10CreateTestEv
FNA:11,1,_ZN7testing8internal15TestFactoryImplI35StatisticsTest_BasicStatistics_TestE10CreateTestEv
FNA:11,1,_ZN7testing8internal15TestFactoryImplI35TimeSeriesTest_EmptyTimeSeries_TestE10CreateTestEv
FNA:11,1,_ZN7testing8internal15TestFactoryImplI35TimeSeriesTest_MismatchedSizes_TestE10CreateTestEv
FNA:11,1,_ZN7testing8internal15TestFactoryImplI35TimeSeriesTest_ResamplingDaily_TestE10CreateTestEv
FNA:11,1,_ZN7testing8internal15TestFactoryImplI36CoreTypesTest_BasicThreadSafety_TestE10CreateTestEv
FNA:11,1,_ZN7testing8internal15TestFactoryImplI36CoreTypesTest_DateTimeEdgeCases_TestE10CreateTestEv
FNA:11,1,_ZN7testing8internal15TestFactoryImplI36StatisticsTest_InformationRatio_TestE10CreateTestEv
FNA:11,1,_ZN7testing8internal15TestFactoryImplI37CoreTypesTest_DateTimeComparison_TestE10CreateTestEv
FNA:11,1,_ZN7testing8internal15TestFactoryImplI37PerformanceMetricsTest_TailRatio_TestE10CreateTestEv
FNA:11,1,_ZN7testing8internal15TestFactoryImplI37StatisticsTest_DownsideDeviation_TestE10CreateTestEv
FNA:11,1,_ZN7testing8internal15TestFactoryImplI37TimeSeriesTest_BasicConstruction_TestE10CreateTestEv
FNA:11,1,_ZN7testing8internal15TestFactoryImplI37TimeSeriesTest_CumulativeReturns_TestE10CreateTestEv
FNA:11,1,_ZN7testing8internal15TestFactoryImplI37TimeSeriesTest_FillMissingValues_TestE10CreateTestEv
FNA:11,1,_ZN7testing8internal15TestFactoryImplI37TimeSeriesTest_SlicingOperations_TestE10CreateTestEv
FNA:11,1,_ZN7testing8internal15TestFactoryImplI38CoreTypesTest_DateTimeDifferences_TestE10CreateTestEv
FNA:11,1,_ZN7testing8internal15TestFactoryImplI38CoreTypesTest_PerformanceBaseline_TestE10CreateTestEv
FNA:11,1,_ZN7testing8internal15TestFactoryImplI38CoreTypesTest_ResultMonadChaining_TestE10CreateTestEv
FNA:11,1,_ZN7testing8internal15TestFactoryImplI38TimeSeriesTest_ReturnCalculations_TestE10CreateTestEv
FNA:11,1,_ZN7testing8internal15TestFactoryImplI39CoreTypesTest_DateTimeBusinessDays_TestE10CreateTestEv
FNA:11,1,_ZN7testing8internal15TestFactoryImplI39CoreTypesTest_ResultValueOrDefault_TestE10CreateTestEv
FNA:11,1,_ZN7testing8internal15TestFactoryImplI40PerformanceMetricsTest_AnnualReturn_TestE10CreateTestEv
FNA:11,1,_ZN7testing8internal15TestFactoryImplI41CoreTypesTest_ErrorHandlingEdgeCases_TestE10CreateTestEv
FNA:11,1,_ZN7testing8internal15TestFactoryImplI41PerformanceMetricsTest_ErrorHandling_TestE10CreateTestEv
FNA:11,1,_ZN7testing8internal15TestFactoryImplI41StatisticsTest_SingleValueTimeSeries_TestE10CreateTestEv
FNA:11,1,_ZN7testing8internal15TestFactoryImplI41StatisticsTest_VolatilityCalculation_TestE10CreateTestEv
FNA:11,1,_ZN7testing8internal15TestFactoryImplI41TimeSeriesTest_StatisticalOperations_TestE10CreateTestEv
FNA:11,1,_ZN7testing8internal15TestFactoryImplI42CoreTypesTest_DateTimeBasicOperations_TestE10CreateTestEv
FNA:11,1,_ZN7testing8internal15TestFactoryImplI42PerformanceMetricsTest_DrawdownSeries_TestE10CreateTestEv
FNA:11,1,_ZN7testing8internal15TestFactoryImplI42PerformanceMetricsTest_RollingMetrics_TestE10CreateTestEv
FNA:11,1,_ZN7testing8internal15TestFactoryImplI42StatisticsTest_PerformanceConsistency_TestE10CreateTestEv
FNA:11,1,_ZN7testing8internal15TestFactoryImplI43CoreTypesTest_BusinessCalendarHolidays_TestE10CreateTestEv
FNA:11,1,_ZN7testing8internal15TestFactoryImplI43CoreTypesTest_BusinessCalendarWeekends_TestE10CreateTestEv
FNA:11,1,_ZN7testing8internal15TestFactoryImplI43CoreTypesTest_ResultMonadErrorHandling_TestE10CreateTestEv
FNA:11,1,_ZN7testing8internal15TestFactoryImplI43StatisticsTest_EmptyTimeSeriesHandling_TestE10CreateTestEv
FNA:11,1,_ZN7testing8internal15TestFactoryImplI43TimeSeriesTest_RollingWindowOperations_TestE10CreateTestEv
FNA:11,1,_ZN7testing8internal15TestFactoryImplI44PerformanceMetricsTest_AnnualVolatility_TestE10CreateTestEv
FNA:11,1,_ZN7testing8internal15TestFactoryImplI44PerformanceMetricsTest_CommonSenseRatio_TestE10CreateTestEv
FNA:11,1,_ZN7testing8internal15TestFactoryImplI45PerformanceMetricsTest_AlphaBetaAnalysis_TestE10CreateTestEv
FNA:11,1,_ZN7testing8internal15TestFactoryImplI46PerformanceMetricsTest_UpDownCaptureRatio_TestE10CreateTestEv
FNA:11,1,_ZN7testing8internal15TestFactoryImplI47PerformanceMetricsTest_MaxDrawdownAnalysis_TestE10CreateTestEv
FNA:11,1,_ZN7testing8internal15TestFactoryImplI48CoreTypesTest_ResultMonadBasicFunctionality_TestE10CreateTestEv
FNA:11,1,_ZN7testing8internal15TestFactoryImplI49PerformanceMetricsTest_StabilityOfTimeseries_TestE10CreateTestEv
FNA:11,1,_ZN7testing8internal15TestFactoryImplI50PerformanceMetricsTest_CalmarRatioCalculation_TestE10CreateTestEv
FNA:11,1,_ZN7testing8internal15TestFactoryImplI50PerformanceMetricsTest_SharpeRatioCalculation_TestE10CreateTestEv
FNA:11,1,_ZN7testing8internal15TestFactoryImplI51PerformanceMetricsTest_SortinoRatioCalculation_TestE10CreateTestEv
FNA:11,1,_ZN7testing8internal15TestFactoryImplI52PerformanceMetricsTest_CumulativeReturnsProfile_TestE10CreateTestEv
FNA:11,1,_ZN7testing8internal15TestFactoryImplI52PerformanceMetricsTest_TrackingErrorCalculation_TestE10CreateTestEv
FNA:11,1,_ZN7testing8internal15TestFactoryImplI53PerformanceMetricsTest_ComprehensiveMetricsSuite_TestE10CreateTestEv
FNA:11,1,_ZN7testing8internal15TestFactoryImplI55PerformanceMetricsTest_InformationRatioCalculation_TestE10CreateTestEv
FNL:12,492
FNA:12,65,_ZN7testing8internal12CodeLocationD1Ev
FNA:12,65,_ZN7testing8internal12CodeLocationD2Ev
FNL:13,493,494
FNA:13,65,_ZN7testing8internal12CodeLocationC1ERKNSt3__112basic_stringIcNS2_11char_traitsIcEENS2_9allocatorIcEEEEi
FNA:13,65,_ZN7testing8internal12CodeLocationC2ERKNSt3__112basic_stringIcNS2_11char_traitsIcEENS2_9allocatorIcEEEEi
FNL:14,506,508
FNA:14,260,_ZN7testing8internal19GetNotDefaultOrNullEPFvvES2_
FNL:15,521,540
FNA:15,18,_ZN7testing8internal16SuiteApiResolverI13CoreTypesTestE19GetSetUpCaseOrSuiteEPKci
FNA:15,17,_ZN7testing8internal16SuiteApiResolverI14StatisticsTestE19GetSetUpCaseOrSuiteEPKci
FNA:15,12,_ZN7testing8internal16SuiteApiResolverI14TimeSeriesTestE19GetSetUpCaseOrSuiteEPKci
FNA:15,18,_ZN7testing8internal16SuiteApiResolverI22PerformanceMetricsTestE19GetSetUpCaseOrSuiteEPKci
FNL:16,542,561
FNA:16,18,_ZN7testing8internal16SuiteApiResolverI13CoreTypesTestE22GetTearDownCaseOrSuiteEPKci
FNA:16,17,_ZN7testing8internal16SuiteApiResolverI14StatisticsTestE22GetTearDownCaseOrSuiteEPKci
FNA:16,12,_ZN7testing8internal16SuiteApiResolverI14TimeSeriesTestE22GetTearDownCaseOrSuiteEPKci
FNA:16,18,_ZN7testing8internal16SuiteApiResolverI22PerformanceMetricsTestE22GetTearDownCaseOrSuiteEPKci
FNF:17
FNH:15
DA:298,56
DA:325,28
DA:328,0
DA:334,28
DA:337,28
DA:346,14
DA:349,14
DA:351,28
DA:352,14
DA:353,14
DA:377,28
DA:378,28
DA:380,0
DA:383,28
DA:385,28
DA:389,14
DA:391,14
DA:392,14
DA:393,14
DA:435,65
DA:440,65
DA:454,0
DA:461,65
DA:472,65
DA:493,130
DA:494,130
DA:506,260
DA:508,260
DA:521,65
DA:524,65
DA:525,65
DA:526,65
DA:527,65
DA:529,65
DA:530,0
DA:532,0
DA:534,65
DA:540,0
DA:542,65
DA:545,65
DA:546,65
DA:547,65
DA:548,65
DA:550,65
DA:551,0
DA:553,0
DA:555,65
DA:561,0
LF:48
LH:39
end_of_record
TN:
SF:/Users/yunjinqi/opt/anaconda3/include/gtest/internal/gtest-port.h
FNL:0,974,974
FNA:0,0,_ZN7testing8internal8GTestLog9GetStreamEv
FNF:1
FNH:0
DA:974,0
LF:1
LH:0
end_of_record
