TN:
SF:/Users/yunjinqi/Documents/source_code/pyfolio_cpp/include/pyfolio/analytics/statistics.h
FNL:0,282,287
FNA:0,3,_ZN7pyfolio10Statistics21calculate_basic_statsIdEENS_6ResultINS_9analytics10statistics18StatisticalSummaryEEERKNS_10TimeSeriesIT_EE
FNL:1,291,308
FNA:1,6,_ZN7pyfolio10Statistics12sharpe_ratioIdEENS_6ResultIdEERKNS_10TimeSeriesIT_EEd
FNL:2,312,345
FNA:2,1,_ZN7pyfolio10Statistics13sortino_ratioIdEENS_6ResultIdEERKNS_10TimeSeriesIT_EEd
FNL:3,349,357
FNA:3,1,_ZN7pyfolio10Statistics12calmar_ratioIdEENS_6ResultIdEERKNS_10TimeSeriesIT_EE
FNL:4,358,381
FNA:4,1,_ZZN7pyfolio10Statistics12calmar_ratioIdEENS_6ResultIdEERKNS_10TimeSeriesIT_EEENKUlRKS5_E_clINS4_IdEEEEDaSA_
FNL:5,384,388
FNA:5,1,_ZN7pyfolio10Statistics18SimpleDrawdownInfoC1Ev
FNA:5,1,_ZN7pyfolio10Statistics18SimpleDrawdownInfoC2Ev
FNL:6,392,395
FNA:6,1,_ZN7pyfolio10Statistics15AlphaBetaResultC1Ev
FNA:6,1,_ZN7pyfolio10Statistics15AlphaBetaResultC2Ev
FNL:7,400,448
FNA:7,1,_ZN7pyfolio10Statistics12max_drawdownIdEENS_6ResultINS0_18SimpleDrawdownInfoEEERKNS_10TimeSeriesIT_EE
FNL:8,42,103
FNA:8,2,_ZN7pyfolio9analytics10statistics17calculate_summaryIdEENS_6ResultINS1_18StatisticalSummaryEEERKNS_10TimeSeriesIT_EE
FNL:9,452,453
FNA:9,2,_ZN7pyfolio10Statistics10volatilityIdEENS_6ResultIdEERKNS_10TimeSeriesIT_EE
FNL:10,458,477
FNA:10,1,_ZN7pyfolio10Statistics18downside_deviationIdEENS_6ResultIdEERKNS_10TimeSeriesIT_EEd
FNL:11,481,522
FNA:11,1,_ZN7pyfolio10Statistics10alpha_betaIdEENS_6ResultINS0_15AlphaBetaResultEEERKNS_10TimeSeriesIT_EES9_d
FNL:12,526,565
FNA:12,1,_ZN7pyfolio10Statistics17information_ratioIdEENS_6ResultIdEERKNS_10TimeSeriesIT_EES8_
FNL:13,568,602
FNA:13,1,_ZN7pyfolio10Statistics14tracking_errorIdEENS_6ResultIdEERKNS_10TimeSeriesIT_EES8_
FNL:14,605,608
FNA:14,1,_ZN7pyfolio10Statistics8skewnessIdEENS_6ResultIdEERKNS_10TimeSeriesIT_EE
FNL:15,611,614
FNA:15,1,_ZN7pyfolio10Statistics8kurtosisIdEENS_6ResultIdEERKNS_10TimeSeriesIT_EE
FNL:16,617,622
FNA:16,2,_ZN7pyfolio10Statistics24value_at_risk_historicalIdEENS_6ResultIdEERKNS_10TimeSeriesIT_EEd
FNL:17,625,630
FNA:17,1,_ZN7pyfolio10Statistics25conditional_value_at_riskIdEENS_6ResultIdEERKNS_10TimeSeriesIT_EEd
FNF:18
FNH:18
DA:42,2
DA:43,2
DA:44,0
DA:47,2
DA:48,2
DA:53,2
DA:54,2
DA:55,0
DA:57,2
DA:59,2
DA:60,2
DA:62,1
DA:63,1
DA:64,1
DA:65,1
DA:66,1
DA:69,2
DA:70,2
DA:72,1
DA:73,1
DA:74,1
DA:77,2
DA:78,2
DA:80,1
DA:81,1
DA:82,1
DA:86,2
DA:87,2
DA:88,2
DA:91,2
DA:92,2
DA:94,2
DA:95,2
DA:96,2
DA:97,2
DA:99,2
DA:100,2
DA:102,2
DA:103,2
DA:282,3
DA:283,3
DA:284,1
DA:286,2
DA:287,3
DA:291,6
DA:292,6
DA:293,6
DA:294,6
DA:295,1
DA:298,5
DA:299,1
DA:303,4
DA:304,4
DA:305,4
DA:306,4
DA:307,4
DA:308,6
DA:312,1
DA:313,1
DA:314,1
DA:315,0
DA:319,1
DA:322,1
DA:323,1
DA:324,1
DA:325,9
DA:326,8
DA:327,4
DA:328,4
DA:329,4
DA:330,4
DA:333,1
DA:334,0
DA:337,1
DA:339,1
DA:341,1
DA:342,1
DA:343,1
DA:344,1
DA:345,1
DA:349,1
DA:350,1
DA:351,1
DA:352,0
DA:356,1
DA:357,1
DA:358,0
DA:361,1
DA:362,1
DA:363,1
DA:365,9
DA:366,8
DA:367,3
DA:368,3
DA:369,8
DA:370,8
DA:371,1
DA:372,1
DA:375,1
DA:376,0
DA:379,1
DA:380,1
DA:381,1
DA:384,1
DA:387,1
DA:388,1
DA:392,1
DA:395,1
DA:400,1
DA:401,1
DA:402,1
DA:403,0
DA:406,1
DA:407,1
DA:408,0
DA:412,1
DA:413,1
DA:414,1
DA:415,1
DA:417,9
DA:418,8
DA:419,0
DA:420,0
DA:421,0
DA:422,8
DA:423,8
DA:424,8
DA:425,8
DA:429,8
DA:430,8
DA:431,8
DA:433,8
DA:434,8
DA:436,0
DA:439,8
DA:440,2
DA:441,2
DA:444,1
DA:445,1
DA:446,1
DA:447,1
DA:448,1
DA:452,2
DA:453,2
DA:458,1
DA:459,1
DA:460,1
DA:461,1
DA:463,9
DA:464,8
DA:465,4
DA:466,4
DA:467,4
DA:468,4
DA:471,1
DA:472,0
DA:475,1
DA:476,1
DA:477,1
DA:481,1
DA:484,1
DA:485,0
DA:488,1
DA:489,1
DA:492,1
DA:493,1
DA:494,9
DA:495,8
DA:496,8
DA:497,8
DA:498,1
DA:499,1
DA:502,1
DA:503,1
DA:505,9
DA:506,8
DA:507,8
DA:508,8
DA:509,8
DA:510,8
DA:512,1
DA:513,1
DA:515,1
DA:516,1
DA:518,1
DA:519,1
DA:520,1
DA:521,1
DA:522,1
DA:526,1
DA:528,1
DA:529,0
DA:533,1
DA:534,1
DA:535,1
DA:537,9
DA:538,8
DA:539,8
DA:542,1
DA:543,9
DA:544,8
DA:546,1
DA:548,1
DA:549,9
DA:550,8
DA:551,8
DA:553,1
DA:554,1
DA:556,1
DA:557,0
DA:561,1
DA:562,1
DA:564,1
DA:565,1
DA:568,1
DA:570,1
DA:571,0
DA:575,1
DA:576,1
DA:577,1
DA:579,9
DA:580,8
DA:581,8
DA:584,1
DA:585,9
DA:586,8
DA:588,1
DA:590,1
DA:591,9
DA:592,8
DA:593,8
DA:595,1
DA:596,1
DA:599,1
DA:601,1
DA:602,1
DA:605,1
DA:606,1
DA:607,1
DA:608,1
DA:611,1
DA:612,1
DA:613,1
DA:614,1
DA:617,2
DA:618,2
DA:620,2
DA:621,2
DA:622,2
DA:625,1
DA:626,1
DA:628,1
DA:629,1
DA:630,1
LF:254
LH:236
end_of_record
TN:
SF:/Users/yunjinqi/Documents/source_code/pyfolio_cpp/include/pyfolio/core/datetime.h
FNL:0,107,108
FNA:0,1,_ZNK7pyfolio16BusinessCalendar10is_holidayERKNSt3__16chrono14year_month_dayE
FNL:1,117,132
FNA:1,5,_ZN7pyfolio16BusinessCalendar27initialize_default_holidaysEv
FNL:2,145,145
FNA:2,13,_ZN7pyfolio8DateTimeC1Ev
FNA:2,13,_ZN7pyfolio8DateTimeC2Ev
FNL:3,147,147
FNA:3,1323,_ZN7pyfolio8DateTimeC1ERKNSt3__16chrono10time_pointINS2_12system_clockENS2_8durationIxNS1_5ratioILl1ELl1000000EEEEEEE
FNA:3,1323,_ZN7pyfolio8DateTimeC2ERKNSt3__16chrono10time_pointINS2_12system_clockENS2_8durationIxNS1_5ratioILl1ELl1000000EEEEEEE
FNL:4,149,150
FNA:4,150,_ZN7pyfolio8DateTimeC1ERKNSt3__16chrono14year_month_dayE
FNA:4,150,_ZN7pyfolio8DateTimeC2ERKNSt3__16chrono14year_month_dayE
FNL:5,152,155
FNA:5,1333,_ZN7pyfolio8DateTimeC1Eiii
FNA:5,1333,_ZN7pyfolio8DateTimeC2Eiii
FNL:6,160,186
FNA:6,151,_ZN7pyfolio8DateTime5parseERKNSt3__112basic_stringIcNS1_11char_traitsIcEENS1_9allocatorIcEEEES9_
FNL:7,19,25
FNA:7,2,_ZN7pyfolio16BusinessCalendarD1Ev
FNA:7,2,_ZN7pyfolio16BusinessCalendarD2Ev
FNL:8,191,192
FNA:8,2,_ZN7pyfolio8DateTime3nowEv
FNL:9,205,206
FNA:9,652,_ZNK7pyfolio8DateTime7to_dateEv
FNL:10,212,227
FNA:10,643,_ZNK7pyfolio8DateTime9to_stringERKNSt3__112basic_stringIcNS1_11char_traitsIcEENS1_9allocatorIcEEEE
FNL:11,25,27
FNA:11,5,_ZN7pyfolio16BusinessCalendarC1ERKNSt3__112basic_stringIcNS1_11char_traitsIcEENS1_9allocatorIcEEEE
FNA:11,5,_ZN7pyfolio16BusinessCalendarC2ERKNSt3__112basic_stringIcNS1_11char_traitsIcEENS1_9allocatorIcEEEE
FNL:12,255,257
FNA:12,1,_ZNK7pyfolio8DateTime19business_days_untilERKS0_RKNS_16BusinessCalendarE
FNL:13,263,264
FNA:13,1321,_ZNK7pyfolio8DateTime8add_daysEi
FNL:14,270,293
FNA:14,1,_ZNK7pyfolio8DateTime10add_monthsEi
FNL:15,32,43
FNA:15,11,_ZNK7pyfolio16BusinessCalendar15is_business_dayERKNSt3__16chrono14year_month_dayE
FNL:16,335,338
FNA:16,1,_ZNK7pyfolio8DateTime10days_sinceERKS0_
FNL:17,360,360
FNA:17,1,_ZNK7pyfolio8DateTimeeqERKS0_
FNL:18,361,361
FNA:18,1543,_ZNK7pyfolio8DateTimessERKS0_
FNL:19,392,393
FNA:19,1,_ZNK7pyfolio16BusinessCalendar10is_holidayERKNS_8DateTimeE
FNL:20,396,397
FNA:20,4,_ZNK7pyfolio16BusinessCalendar15is_business_dayERKNS_8DateTimeE
FNL:21,400,402
FNA:21,1,_ZN7pyfolio16BusinessCalendar11add_holidayERKNS_8DateTimeE
FNL:22,73,88
FNA:22,1,_ZNK7pyfolio16BusinessCalendar21business_days_betweenERKNSt3__16chrono14year_month_dayES5_
FNL:23,93,95
FNA:23,1,_ZN7pyfolio16BusinessCalendar11add_holidayERKNSt3__16chrono14year_month_dayE
FNF:24
FNH:24
DA:25,10
DA:26,5
DA:27,10
DA:32,11
DA:34,11
DA:35,11
DA:37,11
DA:38,4
DA:42,7
DA:43,11
DA:73,1
DA:75,1
DA:77,1
DA:78,1
DA:80,8
DA:81,7
DA:82,5
DA:83,5
DA:84,7
DA:87,1
DA:88,1
DA:93,1
DA:94,1
DA:95,1
DA:107,1
DA:108,1
DA:117,5
DA:122,5
DA:123,5
DA:126,5
DA:127,5
DA:130,5
DA:131,5
DA:132,5
DA:145,26
DA:147,2646
DA:149,300
DA:150,300
DA:152,2666
DA:153,2666
DA:154,1333
DA:155,2666
DA:160,151
DA:164,151
DA:165,150
DA:166,150
DA:167,150
DA:169,150
DA:171,150
DA:172,1
DA:173,1
DA:176,149
DA:179,1
DA:180,1
DA:182,0
DA:183,0
DA:184,0
DA:185,0
DA:186,151
DA:191,2
DA:192,2
DA:205,652
DA:206,652
DA:212,643
DA:213,643
DA:215,643
DA:216,643
DA:217,643
DA:218,1286
DA:219,643
DA:220,643
DA:224,0
DA:225,0
DA:226,0
DA:227,643
DA:255,1
DA:257,1
DA:263,1321
DA:264,1321
DA:270,1
DA:271,1
DA:272,1
DA:273,1
DA:276,1
DA:277,0
DA:278,0
DA:280,1
DA:281,0
DA:282,0
DA:285,1
DA:288,1
DA:290,0
DA:291,0
DA:293,1
DA:335,1
DA:336,2
DA:337,1
DA:338,1
DA:360,1
DA:361,1543
DA:392,1
DA:393,1
DA:396,4
DA:397,4
DA:400,1
DA:401,1
DA:402,1
LF:107
LH:94
end_of_record
TN:
SF:/Users/yunjinqi/Documents/source_code/pyfolio_cpp/include/pyfolio/core/error_handling.h
FNL:0,104,105
FNA:0,8,_ZNK7pyfolio6ResultIdE9has_valueEv
FNL:1,117,123
FNA:1,1,_ZN7pyfolio6ResultINS_10Statistics15AlphaBetaResultEE5valueEv
FNA:1,1,_ZN7pyfolio6ResultINS_10Statistics18SimpleDrawdownInfoEE5valueEv
FNA:1,15,_ZN7pyfolio6ResultINS_10TimeSeriesIdEEE5valueEv
FNA:1,149,_ZN7pyfolio6ResultINS_8DateTimeEE5valueEv
FNA:1,2,_ZN7pyfolio6ResultINS_9analytics10statistics18StatisticalSummaryEE5valueEv
FNA:1,12,_ZN7pyfolio6ResultINSt3__112basic_stringIcNS1_11char_traitsIcEENS1_9allocatorIcEEEEE5valueEv
FNA:1,100070,_ZN7pyfolio6ResultIdE5valueEv
FNA:1,2,_ZN7pyfolio6ResultIiE5valueEv
FNL:2,125,130
FNA:2,0,_ZNK7pyfolio6ResultINS_10TimeSeriesIdEEE5errorEv
FNA:2,5,_ZNK7pyfolio6ResultINSt3__112basic_stringIcNS1_11char_traitsIcEENS1_9allocatorIcEEEEE5errorEv
FNA:2,0,_ZNK7pyfolio6ResultIdE5errorEv
FNA:2,2,_ZNK7pyfolio6ResultIiE5errorEv
FNL:3,133,134
FNA:3,2,_ZNK7pyfolio6ResultIdE8value_orERKd
FNL:4,139,151
FNA:4,0,_ZNK7pyfolio6ResultINS_10TimeSeriesIdEEE3mapIZNS_10Statistics12calmar_ratioIdEENS0_IdEERKNS1_IT_EEEUlRKS8_E_EENS0_IDTclfp_clL_ZNSt3__17declvalB8ne180100IS2_EEDTclsr3stdE9__declvalIS8_ELi0EEEvEEEEEEOS8_
FNL:5,182
FNA:5,76,_ZN7pyfolio6ResultIvED1Ev
FNA:5,76,_ZN7pyfolio6ResultIvED2Ev
FNL:6,188,188
FNA:6,76,_ZN7pyfolio6ResultIvEC1Ev
FNA:6,76,_ZN7pyfolio6ResultIvEC2Ev
FNL:7,190,190
FNA:7,0,_ZN7pyfolio6ResultIvEC1EONS_5ErrorE
FNA:7,0,_ZN7pyfolio6ResultIvEC2EONS_5ErrorE
FNL:8,193,194
FNA:8,76,_ZN7pyfolio6ResultIvE7successEv
FNL:9,198,203
FNA:9,0,_ZN7pyfolio6ResultIvE5errorENS_9ErrorCodeERKNSt3__112basic_stringIcNS3_11char_traitsIcEENS3_9allocatorIcEEEESB_NS3_15source_locationE
FNL:10,206,207
FNA:10,0,_ZNK7pyfolio6ResultIvE5is_okEv
FNL:11,210,211
FNA:11,37,_ZNK7pyfolio6ResultIvE8is_errorEv
FNL:12,220,225
FNA:12,0,_ZNK7pyfolio6ResultIvE5errorEv
FNL:13,38,38
FNA:13,17,_ZN7pyfolio5ErrorC1EOS0_
FNA:13,0,_ZN7pyfolio5ErrorC1ERKS0_
FNA:13,17,_ZN7pyfolio5ErrorC2EOS0_
FNA:13,0,_ZN7pyfolio5ErrorC2ERKS0_
FNA:13,35,_ZN7pyfolio5ErrorD1Ev
FNA:13,35,_ZN7pyfolio5ErrorD2Ev
FNA:13,1,_ZN7pyfolio5ErroraSEOS0_
FNL:14,44,48
FNA:14,18,_ZN7pyfolio5ErrorC1ENS_9ErrorCodeERKNSt3__112basic_stringIcNS2_11char_traitsIcEENS2_9allocatorIcEEEESA_NS2_15source_locationE
FNA:14,18,_ZN7pyfolio5ErrorC2ENS_9ErrorCodeERKNSt3__112basic_stringIcNS2_11char_traitsIcEENS2_9allocatorIcEEEESA_NS2_15source_locationE
FNL:15,55,59
FNA:15,1,_ZNK7pyfolio5Error9to_stringEv
FNL:16,66
FNA:16,1,_ZN7pyfolio6ResultINS_10Statistics15AlphaBetaResultEED1Ev
FNA:16,1,_ZN7pyfolio6ResultINS_10Statistics15AlphaBetaResultEED2Ev
FNA:16,1,_ZN7pyfolio6ResultINS_10Statistics18SimpleDrawdownInfoEED1Ev
FNA:16,1,_ZN7pyfolio6ResultINS_10Statistics18SimpleDrawdownInfoEED2Ev
FNA:16,15,_ZN7pyfolio6ResultINS_10TimeSeriesIdEEED1Ev
FNA:16,15,_ZN7pyfolio6ResultINS_10TimeSeriesIdEEED2Ev
FNA:16,151,_ZN7pyfolio6ResultINS_8DateTimeEED1Ev
FNA:16,151,_ZN7pyfolio6ResultINS_8DateTimeEED2Ev
FNA:16,3,_ZN7pyfolio6ResultINS_9analytics10statistics18StatisticalSummaryEED1Ev
FNA:16,3,_ZN7pyfolio6ResultINS_9analytics10statistics18StatisticalSummaryEED2Ev
FNA:16,19,_ZN7pyfolio6ResultINSt3__112basic_stringIcNS1_11char_traitsIcEENS1_9allocatorIcEEEEED1Ev
FNA:16,19,_ZN7pyfolio6ResultINSt3__112basic_stringIcNS1_11char_traitsIcEENS1_9allocatorIcEEEEED2Ev
FNA:16,1,_ZN7pyfolio6ResultINSt3__112basic_stringIcNS1_11char_traitsIcEENS1_9allocatorIcEEEEEaSEOS8_
FNA:16,0,_ZN7pyfolio6ResultIdEC1EOS1_
FNA:16,0,_ZN7pyfolio6ResultIdEC2EOS1_
FNA:16,100076,_ZN7pyfolio6ResultIdED1Ev
FNA:16,100076,_ZN7pyfolio6ResultIdED2Ev
FNA:16,13,_ZN7pyfolio6ResultIiED1Ev
FNA:16,13,_ZN7pyfolio6ResultIiED2Ev
FNL:17,72,72
FNA:17,1,_ZN7pyfolio6ResultINS_10Statistics15AlphaBetaResultEEC1ERKS2_
FNA:17,1,_ZN7pyfolio6ResultINS_10Statistics15AlphaBetaResultEEC2ERKS2_
FNA:17,1,_ZN7pyfolio6ResultINS_10Statistics18SimpleDrawdownInfoEEC1ERKS2_
FNA:17,1,_ZN7pyfolio6ResultINS_10Statistics18SimpleDrawdownInfoEEC2ERKS2_
FNA:17,2,_ZN7pyfolio6ResultINS_9analytics10statistics18StatisticalSummaryEEC1ERKS3_
FNA:17,2,_ZN7pyfolio6ResultINS_9analytics10statistics18StatisticalSummaryEEC2ERKS3_
FNA:17,2,_ZN7pyfolio6ResultINSt3__112basic_stringIcNS1_11char_traitsIcEENS1_9allocatorIcEEEEEC1ERKS7_
FNA:17,2,_ZN7pyfolio6ResultINSt3__112basic_stringIcNS1_11char_traitsIcEENS1_9allocatorIcEEEEEC2ERKS7_
FNA:17,15,_ZN7pyfolio6ResultIdEC1ERKd
FNA:17,15,_ZN7pyfolio6ResultIdEC2ERKd
FNL:18,73,73
FNA:18,15,_ZN7pyfolio6ResultINS_10TimeSeriesIdEEEC1EOS2_
FNA:18,15,_ZN7pyfolio6ResultINS_10TimeSeriesIdEEEC2EOS2_
FNA:18,149,_ZN7pyfolio6ResultINS_8DateTimeEEC1EOS1_
FNA:18,149,_ZN7pyfolio6ResultINS_8DateTimeEEC2EOS1_
FNA:18,12,_ZN7pyfolio6ResultINSt3__112basic_stringIcNS1_11char_traitsIcEENS1_9allocatorIcEEEEEC1EOS7_
FNA:18,12,_ZN7pyfolio6ResultINSt3__112basic_stringIcNS1_11char_traitsIcEENS1_9allocatorIcEEEEEC2EOS7_
FNA:18,100053,_ZN7pyfolio6ResultIdEC1EOd
FNA:18,100053,_ZN7pyfolio6ResultIdEC2EOd
FNA:18,12,_ZN7pyfolio6ResultIiEC1EOi
FNA:18,12,_ZN7pyfolio6ResultIiEC2EOi
FNL:19,74,74
FNA:19,0,_ZN7pyfolio6ResultIdEC1ERKNS_5ErrorE
FNA:19,0,_ZN7pyfolio6ResultIdEC2ERKNS_5ErrorE
FNL:20,75,75
FNA:20,0,_ZN7pyfolio6ResultINS_10Statistics15AlphaBetaResultEEC1EONS_5ErrorE
FNA:20,0,_ZN7pyfolio6ResultINS_10Statistics15AlphaBetaResultEEC2EONS_5ErrorE
FNA:20,0,_ZN7pyfolio6ResultINS_10Statistics18SimpleDrawdownInfoEEC1EONS_5ErrorE
FNA:20,0,_ZN7pyfolio6ResultINS_10Statistics18SimpleDrawdownInfoEEC2EONS_5ErrorE
FNA:20,0,_ZN7pyfolio6ResultINS_10TimeSeriesIdEEEC1EONS_5ErrorE
FNA:20,0,_ZN7pyfolio6ResultINS_10TimeSeriesIdEEEC2EONS_5ErrorE
FNA:20,2,_ZN7pyfolio6ResultINS_8DateTimeEEC1EONS_5ErrorE
FNA:20,2,_ZN7pyfolio6ResultINS_8DateTimeEEC2EONS_5ErrorE
FNA:20,1,_ZN7pyfolio6ResultINS_9analytics10statistics18StatisticalSummaryEEC1EONS_5ErrorE
FNA:20,1,_ZN7pyfolio6ResultINS_9analytics10statistics18StatisticalSummaryEEC2EONS_5ErrorE
FNA:20,5,_ZN7pyfolio6ResultINSt3__112basic_stringIcNS1_11char_traitsIcEENS1_9allocatorIcEEEEEC1EONS_5ErrorE
FNA:20,5,_ZN7pyfolio6ResultINSt3__112basic_stringIcNS1_11char_traitsIcEENS1_9allocatorIcEEEEEC2EONS_5ErrorE
FNA:20,8,_ZN7pyfolio6ResultIdEC1EONS_5ErrorE
FNA:20,8,_ZN7pyfolio6ResultIdEC2EONS_5ErrorE
FNA:20,1,_ZN7pyfolio6ResultIiEC1EONS_5ErrorE
FNA:20,1,_ZN7pyfolio6ResultIiEC2EONS_5ErrorE
FNL:21,78,79
FNA:21,1,_ZN7pyfolio6ResultINS_10Statistics15AlphaBetaResultEE7successERKS2_
FNA:21,1,_ZN7pyfolio6ResultINS_10Statistics18SimpleDrawdownInfoEE7successERKS2_
FNA:21,2,_ZN7pyfolio6ResultINS_9analytics10statistics18StatisticalSummaryEE7successERKS3_
FNA:21,2,_ZN7pyfolio6ResultINSt3__112basic_stringIcNS1_11char_traitsIcEENS1_9allocatorIcEEEEE7successERKS7_
FNA:21,15,_ZN7pyfolio6ResultIdE7successERKd
FNL:22,82,83
FNA:22,15,_ZN7pyfolio6ResultINS_10TimeSeriesIdEEE7successEOS2_
FNA:22,149,_ZN7pyfolio6ResultINS_8DateTimeEE7successEOS1_
FNA:22,12,_ZN7pyfolio6ResultINSt3__112basic_stringIcNS1_11char_traitsIcEENS1_9allocatorIcEEEEE7successEOS7_
FNA:22,100053,_ZN7pyfolio6ResultIdE7successEOd
FNA:22,12,_ZN7pyfolio6ResultIiE7successEOi
FNL:23,87,92
FNA:23,0,_ZN7pyfolio6ResultINS_10Statistics15AlphaBetaResultEE5errorENS_9ErrorCodeERKNSt3__112basic_stringIcNS5_11char_traitsIcEENS5_9allocatorIcEEEESD_NS5_15source_locationE
FNA:23,0,_ZN7pyfolio6ResultINS_10Statistics18SimpleDrawdownInfoEE5errorENS_9ErrorCodeERKNSt3__112basic_stringIcNS5_11char_traitsIcEENS5_9allocatorIcEEEESD_NS5_15source_locationE
FNA:23,0,_ZN7pyfolio6ResultINS_10TimeSeriesIdEEE5errorENS_9ErrorCodeERKNSt3__112basic_stringIcNS5_11char_traitsIcEENS5_9allocatorIcEEEESD_NS5_15source_locationE
FNA:23,2,_ZN7pyfolio6ResultINS_8DateTimeEE5errorENS_9ErrorCodeERKNSt3__112basic_stringIcNS4_11char_traitsIcEENS4_9allocatorIcEEEESC_NS4_15source_locationE
FNA:23,1,_ZN7pyfolio6ResultINS_9analytics10statistics18StatisticalSummaryEE5errorENS_9ErrorCodeERKNSt3__112basic_stringIcNS6_11char_traitsIcEENS6_9allocatorIcEEEESE_NS6_15source_locationE
FNA:23,5,_ZN7pyfolio6ResultINSt3__112basic_stringIcNS1_11char_traitsIcEENS1_9allocatorIcEEEEE5errorENS_9ErrorCodeERKS7_SB_NS1_15source_locationE
FNA:23,8,_ZN7pyfolio6ResultIdE5errorENS_9ErrorCodeERKNSt3__112basic_stringIcNS3_11char_traitsIcEENS3_9allocatorIcEEEESB_NS3_15source_locationE
FNA:23,1,_ZN7pyfolio6ResultIiE5errorENS_9ErrorCodeERKNSt3__112basic_stringIcNS3_11char_traitsIcEENS3_9allocatorIcEEEESB_NS3_15source_locationE
FNL:24,95,96
FNA:24,1,_ZNK7pyfolio6ResultINS_10Statistics15AlphaBetaResultEE5is_okEv
FNA:24,1,_ZNK7pyfolio6ResultINS_10Statistics18SimpleDrawdownInfoEE5is_okEv
FNA:24,13,_ZNK7pyfolio6ResultINS_10TimeSeriesIdEEE5is_okEv
FNA:24,2,_ZNK7pyfolio6ResultINS_8DateTimeEE5is_okEv
FNA:24,2,_ZNK7pyfolio6ResultINS_9analytics10statistics18StatisticalSummaryEE5is_okEv
FNA:24,19,_ZNK7pyfolio6ResultINSt3__112basic_stringIcNS1_11char_traitsIcEENS1_9allocatorIcEEEEE5is_okEv
FNA:24,100029,_ZNK7pyfolio6ResultIdE5is_okEv
FNA:24,15,_ZNK7pyfolio6ResultIiE5is_okEv
FNL:25,99,100
FNA:25,1,_ZNK7pyfolio6ResultINS_10Statistics15AlphaBetaResultEE8is_errorEv
FNA:25,1,_ZNK7pyfolio6ResultINS_10Statistics18SimpleDrawdownInfoEE8is_errorEv
FNA:25,17,_ZNK7pyfolio6ResultINS_10TimeSeriesIdEEE8is_errorEv
FNA:25,151,_ZNK7pyfolio6ResultINS_8DateTimeEE8is_errorEv
FNA:25,3,_ZNK7pyfolio6ResultINS_9analytics10statistics18StatisticalSummaryEE8is_errorEv
FNA:25,17,_ZNK7pyfolio6ResultINSt3__112basic_stringIcNS1_11char_traitsIcEENS1_9allocatorIcEEEEE8is_errorEv
FNA:25,100116,_ZNK7pyfolio6ResultIdE8is_errorEv
FNA:25,4,_ZNK7pyfolio6ResultIiE8is_errorEv
FNF:26
FNH:20
DA:38,0
DA:44,36
DA:48,36
DA:55,1
DA:56,3
DA:57,2
DA:58,1
DA:59,0
DA:72,42
DA:73,200482
DA:74,0
DA:75,34
DA:78,21
DA:79,21
DA:82,100241
DA:83,100241
DA:87,17
DA:91,17
DA:92,0
DA:95,100082
DA:96,100082
DA:99,100310
DA:100,100310
DA:104,8
DA:105,8
DA:117,100252
DA:118,100252
DA:119,0
DA:120,0
DA:122,100252
DA:123,0
DA:125,7
DA:126,7
DA:127,0
DA:129,7
DA:130,0
DA:133,2
DA:134,2
DA:139,0
DA:142,0
DA:143,0
DA:147,0
DA:148,0
DA:149,0
DA:150,0
DA:151,0
DA:188,152
DA:190,0
DA:193,76
DA:194,76
DA:198,0
DA:202,0
DA:203,0
DA:206,0
DA:207,0
DA:210,37
DA:211,37
DA:220,0
DA:221,0
DA:222,0
DA:224,0
DA:225,0
LF:62
LH:34
end_of_record
TN:
SF:/Users/yunjinqi/Documents/source_code/pyfolio_cpp/include/pyfolio/core/time_series.h
FNL:0,109,109
FNA:0,1756,_ZNK7pyfolio10TimeSeriesIdE4sizeEv
FNL:1,110,110
FNA:1,85,_ZNK7pyfolio10TimeSeriesIdE5emptyEv
FNL:2,117,117
FNA:2,100,_ZNK7pyfolio10TimeSeriesIdEixEm
FNL:3,131,131
FNA:3,6,_ZNK7pyfolio10TimeSeriesIdE10timestampsEv
FNL:4,132,132
FNA:4,22,_ZNK7pyfolio10TimeSeriesIdE6valuesEv
FNL:5,22,22
FNA:5,15,_ZN7pyfolio10TimeSeriesIdEC1EOS1_
FNA:5,8,_ZN7pyfolio10TimeSeriesIdEC1ERKS1_
FNA:5,15,_ZN7pyfolio10TimeSeriesIdEC2EOS1_
FNA:5,8,_ZN7pyfolio10TimeSeriesIdEC2ERKS1_
FNA:5,121,_ZN7pyfolio10TimeSeriesIdED1Ev
FNA:5,121,_ZN7pyfolio10TimeSeriesIdED2Ev
FNA:5,34,_ZN7pyfolio10TimeSeriesIdEaSEOS1_
FNA:5,13,_ZN7pyfolio10TimeSeriesIdEaSERKS1_
FNL:6,234,250
FNA:6,50,_ZN7pyfolio10TimeSeriesIdE12sort_by_timeEv
FNL:7,256,265
FNA:7,50,_ZNK7pyfolio10TimeSeriesIdE17is_sorted_by_timeEv
FNL:8,270,286
FNA:8,0,_ZN7pyfolio10TimeSeriesIdE18sort_by_time_smallEv
FNL:9,29,35
FNA:9,37,_ZNK7pyfolio10TimeSeriesIdE20validate_consistencyEv
FNL:10,291,302
FNA:10,0,_ZN7pyfolio10TimeSeriesIdE22sort_by_time_optimizedEv
FNL:11,303,312
FNA:11,0,_ZZN7pyfolio10TimeSeriesIdE22sort_by_time_optimizedEvENKUlRKT_RKT0_E_clINSt3__14pairINS_8DateTimeEdEESD_EEDaS4_S7_
FNL:12,38,43
FNA:12,37,_ZNK7pyfolio10TimeSeriesIdE18validate_and_throwEv
FNL:13,52,52
FNA:13,61,_ZN7pyfolio10TimeSeriesIdEC1Ev
FNA:13,61,_ZN7pyfolio10TimeSeriesIdEC2Ev
FNL:14,56,62
FNA:14,37,_ZN7pyfolio10TimeSeriesIdEC1ERKNSt3__16vectorINS_8DateTimeENS2_9allocatorIS4_EEEERKNS3_IdNS5_IdEEEERKNS2_12basic_stringIcNS2_11char_traitsIcEENS5_IcEEEE
FNA:14,37,_ZN7pyfolio10TimeSeriesIdEC2ERKNSt3__16vectorINS_8DateTimeENS2_9allocatorIS4_EEEERKNS3_IdNS5_IdEEEERKNS2_12basic_stringIcNS2_11char_traitsIcEENS5_IcEEEE
FNL:15,73,89
FNA:15,13,_ZN7pyfolio10TimeSeriesIdE6createERKNSt3__16vectorINS_8DateTimeENS2_9allocatorIS4_EEEERKNS3_IdNS5_IdEEEERKNS2_12basic_stringIcNS2_11char_traitsIcEENS5_IcEEEE
FNL:16,803,821
FNA:16,18,_ZNK7pyfolio10TimeSeriesIdE4meanEv
FNL:17,826,847
FNA:17,10,_ZNK7pyfolio10TimeSeriesIdE3stdEv
FNL:18,877,894
FNA:18,2,_ZNK7pyfolio10TimeSeriesIdE18cumulative_returnsEv
FNF:19
FNH:16
DA:22,8
DA:29,37
DA:30,37
DA:31,0
DA:32,0
DA:34,37
DA:35,37
DA:38,37
DA:39,37
DA:40,37
DA:41,0
DA:43,37
DA:52,122
DA:56,74
DA:59,74
DA:60,37
DA:61,37
DA:62,74
DA:73,13
DA:76,13
DA:77,0
DA:78,0
DA:82,13
DA:83,13
DA:84,13
DA:85,13
DA:86,13
DA:88,13
DA:89,13
DA:109,1756
DA:110,85
DA:117,100
DA:131,6
DA:132,22
DA:234,50
DA:235,50
DA:238,50
DA:239,50
DA:243,0
DA:244,0
DA:245,0
DA:249,0
DA:250,50
DA:256,50
DA:257,50
DA:259,1588
DA:260,1539
DA:261,0
DA:263,1539
DA:264,49
DA:265,50
DA:270,0
DA:272,0
DA:273,0
DA:274,0
DA:276,0
DA:277,0
DA:278,0
DA:279,0
DA:280,0
DA:283,0
DA:284,0
DA:285,0
DA:286,0
DA:291,0
DA:293,0
DA:294,0
DA:297,0
DA:298,0
DA:299,0
DA:302,0
DA:303,0
DA:304,0
DA:308,0
DA:309,0
DA:310,0
DA:311,0
DA:312,0
DA:803,18
DA:804,18
DA:805,1
DA:806,1
DA:811,17
DA:812,17
DA:821,18
DA:826,10
DA:827,10
DA:828,1
DA:829,1
DA:832,9
DA:833,9
DA:834,0
DA:837,9
DA:838,9
DA:840,74
DA:841,65
DA:842,65
DA:845,9
DA:846,9
DA:847,10
DA:877,2
DA:878,2
DA:879,0
DA:880,0
DA:883,2
DA:884,2
DA:886,2
DA:887,18
DA:888,16
DA:889,16
DA:892,2
DA:893,2
DA:894,2
LF:113
LH:73
end_of_record
TN:
SF:/Users/yunjinqi/Documents/source_code/pyfolio_cpp/include/pyfolio/math/statistics.h
FNL:0,109,117
FNA:0,12,_ZN7pyfolio5stats4meanIdEENS_6ResultIdEENSt3__14spanIKT_Lm18446744073709551615EEE
FNL:1,123,144
FNA:1,6,_ZN7pyfolio5stats8varianceIdEENS_6ResultIdEENSt3__14spanIKT_Lm18446744073709551615EEEb
FNL:2,150,157
FNA:2,4,_ZN7pyfolio5stats18standard_deviationIdEENS_6ResultIdEENSt3__14spanIKT_Lm18446744073709551615EEEb
FNL:3,163,190
FNA:3,3,_ZN7pyfolio5stats8skewnessIdEENS_6ResultIdEENSt3__14spanIKT_Lm18446744073709551615EEE
FNL:4,196,225
FNA:4,3,_ZN7pyfolio5stats8kurtosisIdEENS_6ResultIdEENSt3__14spanIKT_Lm18446744073709551615EEEb
FNL:5,313,343
FNA:5,3,_ZN7pyfolio5stats10percentileIdEENS_6ResultIdEENSt3__14spanIKT_Lm18446744073709551615EEEd
FNL:6,370,386
FNA:6,3,_ZN7pyfolio5stats13value_at_riskIdEENS_6ResultIdEENSt3__14spanIKT_Lm18446744073709551615EEEd
FNL:7,392,420
FNA:7,1,_ZN7pyfolio5stats25conditional_value_at_riskIdEENS_6ResultIdEENSt3__14spanIKT_Lm18446744073709551615EEEd
FNF:8
FNH:8
DA:109,12
DA:110,12
DA:111,0
DA:112,0
DA:115,12
DA:116,12
DA:117,12
DA:123,6
DA:124,6
DA:125,1
DA:126,1
DA:129,5
DA:130,5
DA:131,0
DA:134,5
DA:135,5
DA:137,45
DA:138,40
DA:139,40
DA:142,5
DA:143,5
DA:144,6
DA:150,4
DA:151,4
DA:152,4
DA:153,0
DA:156,4
DA:157,4
DA:163,3
DA:164,3
DA:165,1
DA:166,1
DA:169,2
DA:170,2
DA:172,2
DA:173,2
DA:175,2
DA:176,2
DA:178,2
DA:179,0
DA:180,0
DA:183,2
DA:184,18
DA:185,16
DA:186,16
DA:189,2
DA:190,3
DA:196,3
DA:197,3
DA:198,1
DA:199,1
DA:202,2
DA:203,2
DA:205,2
DA:206,2
DA:208,2
DA:209,2
DA:211,2
DA:212,0
DA:213,0
DA:216,2
DA:217,18
DA:218,16
DA:219,16
DA:220,16
DA:223,2
DA:224,2
DA:225,3
DA:313,3
DA:314,3
DA:315,0
DA:316,0
DA:319,3
DA:320,0
DA:321,0
DA:324,3
DA:325,3
DA:327,3
DA:328,3
DA:330,3
DA:331,3
DA:332,3
DA:334,3
DA:335,0
DA:338,3
DA:339,6
DA:340,3
DA:342,3
DA:343,3
DA:370,3
DA:371,3
DA:372,0
DA:373,0
DA:376,3
DA:377,3
DA:379,3
DA:380,0
DA:385,3
DA:386,3
DA:392,1
DA:393,1
DA:394,1
DA:395,0
DA:398,1
DA:401,1
DA:402,9
DA:403,8
DA:404,1
DA:405,1
DA:408,1
DA:409,0
DA:410,0
DA:413,1
DA:414,1
DA:415,0
DA:419,1
DA:420,1
LF:117
LH:97
end_of_record
TN:
SF:/Users/yunjinqi/Documents/source_code/pyfolio_cpp/include/pyfolio/positions/holdings.h
FNL:0,16,29
FNA:0,39,_ZN7pyfolio9positions7HoldingC1Ev
FNA:0,39,_ZN7pyfolio9positions7HoldingC2Ev
FNA:0,39,_ZN7pyfolio9positions7HoldingD1Ev
FNA:0,39,_ZN7pyfolio9positions7HoldingD2Ev
FNL:1,29,34
FNA:1,117,_ZN7pyfolio9positions7Holding17calculate_metricsEd
FNL:2,47
FNA:2,13,_ZN7pyfolio9positions17PortfolioHoldingsD1Ev
FNA:2,13,_ZN7pyfolio9positions17PortfolioHoldingsD2Ev
FNL:3,54,59
FNA:3,39,_ZN7pyfolio9positions17PortfolioHoldings18update_total_valueEv
FNL:4,62,63
FNA:4,13,_ZN7pyfolio9positions17PortfolioHoldingsC1ERKNS_8DateTimeEd
FNA:4,13,_ZN7pyfolio9positions17PortfolioHoldingsC2ERKNS_8DateTimeEd
FNL:5,66,66
FNA:5,1,_ZNK7pyfolio9positions17PortfolioHoldings9timestampEv
FNL:6,67,67
FNA:6,3,_ZNK7pyfolio9positions17PortfolioHoldings12cash_balanceEv
FNL:7,68,68
FNA:7,2,_ZNK7pyfolio9positions17PortfolioHoldings11total_valueEv
FNL:8,69,69
FNA:8,3,_ZNK7pyfolio9positions17PortfolioHoldings8holdingsEv
FNL:9,82,110
FNA:9,39,_ZN7pyfolio9positions17PortfolioHoldings14update_holdingERKNSt3__112basic_stringIcNS2_11char_traitsIcEENS2_9allocatorIcEEEEddd
FNF:10
FNH:10
DA:29,117
DA:30,117
DA:31,117
DA:32,117
DA:33,117
DA:34,117
DA:54,39
DA:55,39
DA:56,117
DA:57,78
DA:59,39
DA:62,39
DA:63,39
DA:66,1
DA:67,3
DA:68,2
DA:69,3
DA:82,39
DA:84,39
DA:85,0
DA:86,0
DA:89,39
DA:90,39
DA:91,39
DA:92,39
DA:93,39
DA:96,39
DA:97,0
DA:98,0
DA:99,39
DA:102,39
DA:105,117
DA:106,78
DA:109,39
DA:110,39
LF:35
LH:31
end_of_record
TN:
SF:/Users/yunjinqi/Documents/source_code/pyfolio_cpp/include/pyfolio/visualization/plotly_enhanced.h
FNL:0,214
FNA:0,1,_ZN7pyfolio13visualization11interactive13RealTimeChartD1Ev
FNA:0,1,_ZN7pyfolio13visualization11interactive13RealTimeChartD2Ev
FNL:1,221,221
FNA:1,1,_ZN7pyfolio13visualization11interactive13RealTimeChartC1ERKNSt3__112basic_stringIcNS3_11char_traitsIcEENS3_9allocatorIcEEEE
FNA:1,1,_ZN7pyfolio13visualization11interactive13RealTimeChartC2ERKNSt3__112basic_stringIcNS3_11char_traitsIcEENS3_9allocatorIcEEEE
FNL:2,32,50
FNA:2,13,_ZN7pyfolio13visualization21InteractivePlotConfigC1Ev
FNA:2,13,_ZN7pyfolio13visualization21InteractivePlotConfigC2Ev
FNA:2,29,_ZN7pyfolio13visualization21InteractivePlotConfigD1Ev
FNA:2,29,_ZN7pyfolio13visualization21InteractivePlotConfigD2Ev
FNL:3,374,398
FNA:3,11,_ZN7pyfolio13visualization12PlotlyEngine22generate_plotly_configERKNS0_21InteractivePlotConfigE
FNL:4,400,439
FNA:4,11,_ZN7pyfolio13visualization12PlotlyEngine15generate_layoutERKNS0_21InteractivePlotConfigERKNSt3__112basic_stringIcNS5_11char_traitsIcEENS5_9allocatorIcEEEE
FNL:5,441,502
FNA:5,11,_ZN7pyfolio13visualization12PlotlyEngine21generate_html_wrapperERKN8nlohmann16json_abi_v3_11_310basic_jsonINSt3__13mapENS5_6vectorENS5_12basic_stringIcNS5_11char_traitsIcEENS5_9allocatorIcEEEEbxydSB_NS3_14adl_serializerENS7_IhNSB_IhEEEEvEESJ_SJ_RKSD_
FNL:6,504,506
FNA:6,340,_ZN7pyfolio13visualization12PlotlyEngine25datetime_to_plotly_stringERKNS_8DateTimeE
FNL:7,508,563
FNA:7,5,_ZN7pyfolio13visualization12PlotlyEngine24create_time_series_chartERKNSt3__16vectorINS_10TimeSeriesIdEENS2_9allocatorIS5_EEEERKNS3_INS2_12basic_stringIcNS2_11char_traitsIcEENS6_IcEEEENS6_ISF_EEEERKNS0_21InteractivePlotConfigE
FNL:8,565,639
FNA:8,2,_ZN7pyfolio13visualization12PlotlyEngine24create_candlestick_chartERKNS0_8OHLCDataERKNS0_21InteractivePlotConfigE
FNL:9,641,676
FNA:9,3,_ZN7pyfolio13visualization12PlotlyEngine26create_correlation_heatmapERKNSt3__16vectorINS3_IdNS2_9allocatorIdEEEENS4_IS6_EEEERKNS3_INS2_12basic_stringIcNS2_11char_traitsIcEENS4_IcEEEENS4_ISF_EEEERKNS0_21InteractivePlotConfigE
FNL:10,75
FNA:10,2,_ZN7pyfolio13visualization8OHLCDataC1Ev
FNA:10,2,_ZN7pyfolio13visualization8OHLCDataC2Ev
FNA:10,2,_ZN7pyfolio13visualization8OHLCDataD1Ev
FNA:10,2,_ZN7pyfolio13visualization8OHLCDataD2Ev
FNL:11,88
FNA:11,11,_ZN7pyfolio13visualization12PlotlyEngineD1Ev
FNA:11,11,_ZN7pyfolio13visualization12PlotlyEngineD2Ev
FNL:12,93,93
FNA:12,11,_ZN7pyfolio13visualization12PlotlyEngineC1Ev
FNA:12,11,_ZN7pyfolio13visualization12PlotlyEngineC2Ev
FNF:13
FNH:13
DA:32,26
DA:33,13
DA:34,13
DA:35,13
DA:36,13
DA:37,13
DA:38,13
DA:39,13
DA:40,13
DA:44,13
DA:45,13
DA:48,13
DA:49,13
DA:50,13
DA:93,22
DA:221,2
DA:374,11
DA:375,55
DA:376,11
DA:377,11
DA:378,11
DA:379,11
DA:382,11
DA:383,0
DA:384,0
DA:385,0
DA:386,0
DA:388,11
DA:389,0
DA:390,0
DA:393,11
DA:394,0
DA:395,0
DA:397,11
DA:398,11
DA:400,11
DA:401,55
DA:402,11
DA:403,11
DA:404,33
DA:405,11
DA:406,11
DA:408,11
DA:411,11
DA:412,32
DA:413,8
DA:414,8
DA:415,8
DA:417,8
DA:419,11
DA:420,30
DA:421,10
DA:422,10
DA:424,10
DA:426,11
DA:427,20
DA:428,60
DA:429,10
DA:430,10
DA:431,10
DA:432,10
DA:433,10
DA:436,10
DA:438,11
DA:439,11
DA:441,11
DA:447,11
DA:449,22
DA:483,11
DA:487,11
DA:488,11
DA:489,11
DA:491,11
DA:495,11
DA:501,11
DA:502,11
DA:504,340
DA:505,340
DA:506,0
DA:508,5
DA:513,5
DA:514,1
DA:517,4
DA:518,1
DA:521,3
DA:522,3
DA:523,3
DA:524,0
DA:525,0
DA:527,6
DA:528,3
DA:530,21
DA:531,3
DA:532,3
DA:533,3
DA:534,3
DA:535,3
DA:536,3
DA:539,3
DA:540,3
DA:542,303
DA:543,300
DA:544,300
DA:545,300
DA:547,3
DA:548,3
DA:549,3
DA:551,3
DA:552,3
DA:554,3
DA:555,3
DA:556,3
DA:558,3
DA:560,3
DA:561,3
DA:563,5
DA:565,2
DA:569,2
DA:570,1
DA:573,1
DA:576,12
DA:577,1
DA:578,1
DA:579,1
DA:580,1
DA:581,1
DA:582,1
DA:583,1
DA:584,1
DA:585,1
DA:586,1
DA:587,1
DA:590,21
DA:591,20
DA:592,20
DA:593,20
DA:594,20
DA:595,20
DA:596,20
DA:598,1
DA:601,1
DA:602,8
DA:603,1
DA:604,1
DA:605,1
DA:606,1
DA:607,1
DA:608,1
DA:609,1
DA:612,21
DA:613,20
DA:614,20
DA:615,20
DA:617,1
DA:618,1
DA:620,1
DA:623,1
DA:624,5
DA:625,1
DA:626,1
DA:627,1
DA:628,1
DA:630,1
DA:632,1
DA:634,1
DA:636,1
DA:637,1
DA:639,2
DA:641,3
DA:646,3
DA:647,1
DA:650,2
DA:652,18
DA:653,2
DA:654,2
DA:655,2
DA:656,2
DA:657,2
DA:658,2
DA:659,2
DA:660,2
DA:663,2
DA:665,2
DA:666,2
DA:667,2
DA:668,2
DA:669,2
DA:671,2
DA:673,2
DA:674,2
DA:676,3
LF:191
LH:180
end_of_record
TN:
SF:/Users/yunjinqi/Documents/source_code/pyfolio_cpp/include/pyfolio/visualization/plotting.h
FNL:0,22,33
FNA:0,13,_ZN7pyfolio13visualization10PlotConfigC2Ev
FNA:0,0,_ZN7pyfolio13visualization10PlotConfigD1Ev
FNA:0,29,_ZN7pyfolio13visualization10PlotConfigD2Ev
FNF:1
FNH:1
DA:22,13
DA:23,13
DA:24,13
DA:25,13
DA:26,13
DA:27,13
DA:28,13
DA:29,13
DA:30,13
DA:31,13
DA:32,13
DA:33,13
LF:12
LH:12
end_of_record
TN:
SF:/Users/yunjinqi/Documents/source_code/pyfolio_cpp/src/math/simd_math.cpp
FNL:0,107,135
FNA:0,0,_ZN7pyfolio4simd15vector_multiplyENSt3__14spanIKdLm18446744073709551615EEES4_NS2_IdLm18446744073709551615EEE
FNL:1,11,35
FNA:1,1,_ZN7pyfolio4simd6detail16SIMDCapabilitiesC1Ev
FNA:1,1,_ZN7pyfolio4simd6detail16SIMDCapabilitiesC2Ev
FNL:2,137,165
FNA:2,0,_ZN7pyfolio4simd12vector_scaleENSt3__14spanIKdLm18446744073709551615EEEdNS2_IdLm18446744073709551615EEE
FNL:3,167,192
FNA:3,0,_ZN7pyfolio4simd11dot_productENSt3__14spanIKdLm18446744073709551615EEES4_
FNL:4,194,218
FNA:4,17,_ZN7pyfolio4simd10vector_sumENSt3__14spanIKdLm18446744073709551615EEE
FNL:5,220,223
FNA:5,17,_ZN7pyfolio4simd11vector_meanENSt3__14spanIKdLm18446744073709551615EEE
FNL:6,225,239
FNA:6,0,_ZN7pyfolio4simd15vector_varianceENSt3__14spanIKdLm18446744073709551615EEEd
FNL:7,241,242
FNA:7,0,_ZN7pyfolio4simd10vector_stdENSt3__14spanIKdLm18446744073709551615EEEd
FNL:8,245,265
FNA:8,0,_ZN7pyfolio4simd16rolling_sum_simdENSt3__14spanIKdLm18446744073709551615EEEmNS2_IdLm18446744073709551615EEE
FNL:9,267,280
FNA:9,0,_ZN7pyfolio4simd31exponential_moving_average_simdENSt3__14spanIKdLm18446744073709551615EEEdNS2_IdLm18446744073709551615EEE
FNL:10,282,295
FNA:10,0,_ZN7pyfolio4simd22calculate_returns_simdENSt3__14spanIKdLm18446744073709551615EEENS2_IdLm18446744073709551615EEE
FNL:11,297,309
FNA:11,0,_ZN7pyfolio4simd23cumulative_product_simdENSt3__14spanIKdLm18446744073709551615EEENS2_IdLm18446744073709551615EEE
FNL:12,311,320
FNA:12,0,_ZN7pyfolio4simd16correlation_simdENSt3__14spanIKdLm18446744073709551615EEES4_
FNL:13,322,335
FNA:13,0,_ZN7pyfolio4simd15covariance_simdENSt3__14spanIKdLm18446744073709551615EEES4_dd
FNL:14,343,347
FNA:14,0,_ZN7pyfolio4simd6detail6scalar17vector_add_scalarEPKdS4_Pdm
FNL:15,349,353
FNA:15,0,_ZN7pyfolio4simd6detail6scalar22vector_subtract_scalarEPKdS4_Pdm
FNL:16,355,359
FNA:16,0,_ZN7pyfolio4simd6detail6scalar22vector_multiply_scalarEPKdS4_Pdm
FNL:17,361,365
FNA:17,0,_ZN7pyfolio4simd6detail6scalar19vector_scale_scalarEPKddPdm
FNL:18,367,372
FNA:18,0,_ZN7pyfolio4simd6detail6scalar18dot_product_scalarEPKdS4_m
FNL:19,37,39
FNA:19,17,_ZN7pyfolio4simd6detail16SIMDCapabilities3getEv
FNL:20,375,380
FNA:20,0,_ZN7pyfolio4simd6detail6scalar17vector_sum_scalarEPKdm
FNL:21,46,75
FNA:21,0,_ZN7pyfolio4simd10vector_addENSt3__14spanIKdLm18446744073709551615EEES4_NS2_IdLm18446744073709551615EEE
FNL:22,614,627
FNA:22,0,_ZN7pyfolio4simd6detail4neon15vector_add_neonEPKdS4_Pdm
FNL:23,629,642
FNA:23,0,_ZN7pyfolio4simd6detail4neon20vector_subtract_neonEPKdS4_Pdm
FNL:24,644,657
FNA:24,0,_ZN7pyfolio4simd6detail4neon20vector_multiply_neonEPKdS4_Pdm
FNL:25,659,672
FNA:25,0,_ZN7pyfolio4simd6detail4neon17vector_scale_neonEPKddPdm
FNL:26,674,692
FNA:26,0,_ZN7pyfolio4simd6detail4neon16dot_product_neonEPKdS4_m
FNL:27,695,710
FNA:27,17,_ZN7pyfolio4simd6detail4neon15vector_sum_neonEPKdm
FNL:28,77,105
FNA:28,0,_ZN7pyfolio4simd15vector_subtractENSt3__14spanIKdLm18446744073709551615EEES4_NS2_IdLm18446744073709551615EEE
FNF:29
FNH:5
DA:11,2
DA:21,1
DA:27,1
DA:31,1
DA:35,2
DA:37,17
DA:38,17
DA:39,17
DA:46,0
DA:47,0
DA:48,0
DA:50,0
DA:67,0
DA:68,0
DA:69,0
DA:74,0
DA:75,0
DA:77,0
DA:78,0
DA:79,0
DA:81,0
DA:98,0
DA:99,0
DA:100,0
DA:104,0
DA:105,0
DA:107,0
DA:108,0
DA:109,0
DA:111,0
DA:128,0
DA:129,0
DA:130,0
DA:134,0
DA:135,0
DA:137,0
DA:138,0
DA:139,0
DA:141,0
DA:158,0
DA:159,0
DA:160,0
DA:164,0
DA:165,0
DA:167,0
DA:168,0
DA:169,0
DA:171,0
DA:186,0
DA:187,0
DA:191,0
DA:192,0
DA:194,17
DA:195,17
DA:197,17
DA:212,17
DA:213,17
DA:217,0
DA:218,17
DA:220,17
DA:221,17
DA:222,17
DA:223,17
DA:225,0
DA:226,0
DA:228,0
DA:231,0
DA:232,0
DA:234,0
DA:235,0
DA:236,0
DA:238,0
DA:239,0
DA:241,0
DA:242,0
DA:245,0
DA:246,0
DA:249,0
DA:252,0
DA:253,0
DA:256,0
DA:257,0
DA:258,0
DA:261,0
DA:262,0
DA:263,0
DA:264,0
DA:265,0
DA:267,0
DA:268,0
DA:270,0
DA:271,0
DA:274,0
DA:277,0
DA:278,0
DA:279,0
DA:280,0
DA:282,0
DA:283,0
DA:285,0
DA:288,0
DA:291,0
DA:294,0
DA:295,0
DA:297,0
DA:298,0
DA:300,0
DA:303,0
DA:306,0
DA:307,0
DA:308,0
DA:309,0
DA:311,0
DA:312,0
DA:313,0
DA:315,0
DA:316,0
DA:318,0
DA:319,0
DA:320,0
DA:322,0
DA:323,0
DA:324,0
DA:327,0
DA:328,0
DA:330,0
DA:331,0
DA:332,0
DA:334,0
DA:335,0
DA:343,0
DA:344,0
DA:345,0
DA:346,0
DA:347,0
DA:349,0
DA:350,0
DA:351,0
DA:352,0
DA:353,0
DA:355,0
DA:356,0
DA:357,0
DA:358,0
DA:359,0
DA:361,0
DA:362,0
DA:363,0
DA:364,0
DA:365,0
DA:367,0
DA:368,0
DA:369,0
DA:370,0
DA:371,0
DA:372,0
DA:375,0
DA:376,0
DA:377,0
DA:378,0
DA:379,0
DA:380,0
DA:614,0
DA:615,0
DA:617,0
DA:618,0
DA:619,0
DA:620,0
DA:621,0
DA:622,0
DA:624,0
DA:625,0
DA:626,0
DA:627,0
DA:629,0
DA:630,0
DA:632,0
DA:633,0
DA:634,0
DA:635,0
DA:636,0
DA:637,0
DA:639,0
DA:640,0
DA:641,0
DA:642,0
DA:644,0
DA:645,0
DA:647,0
DA:648,0
DA:649,0
DA:650,0
DA:651,0
DA:652,0
DA:654,0
DA:655,0
DA:656,0
DA:657,0
DA:659,0
DA:660,0
DA:661,0
DA:663,0
DA:664,0
DA:665,0
DA:666,0
DA:667,0
DA:669,0
DA:670,0
DA:671,0
DA:672,0
DA:674,0
DA:675,0
DA:676,0
DA:678,0
DA:679,0
DA:680,0
DA:681,0
DA:682,0
DA:683,0
DA:686,0
DA:688,0
DA:689,0
DA:690,0
DA:692,0
DA:695,17
DA:696,17
DA:697,17
DA:699,77
DA:700,60
DA:701,60
DA:702,60
DA:704,17
DA:706,19
DA:707,2
DA:708,2
DA:710,17
LF:236
LH:30
end_of_record
TN:
SF:/Users/yunjinqi/Documents/source_code/pyfolio_cpp/src/visualization/plotly_enhanced.cpp
