TN:
SF:/Library/Developer/CommandLineTools/SDKs/MacOSX.sdk/usr/include/___wctype.h
FNL:0,153,155
FNA:0,0,_Z8towloweri
FNF:1
FNH:0
DA:153,0
DA:155,0
LF:2
LH:0
end_of_record
TN:
SF:/Library/Developer/CommandLineTools/SDKs/MacOSX.sdk/usr/include/_ctype.h
FNL:0,137,139
FNA:0,0,_Z7isasciii
FNL:1,155,161
FNA:1,0,_Z8__istypeim
FNL:2,166,172
FNA:2,0,_Z9__isctypeim
FNL:3,232,234
FNA:3,0,_Z7iscntrli
FNL:4,239,241
FNA:4,0,_Z7isdigiti
FNL:5,269,271
FNA:5,0,_Z7isspacei
FNL:6,282,284
FNA:6,0,_Z8isxdigiti
FNL:7,300,302
FNA:7,1656,_Z7toupperi
FNF:8
FNH:1
DA:137,0
DA:139,0
DA:155,0
DA:160,0
DA:161,0
DA:166,0
DA:171,0
DA:172,0
DA:232,0
DA:234,0
DA:239,0
DA:241,0
DA:269,0
DA:271,0
DA:282,0
DA:284,0
DA:300,1656
DA:302,1656
LF:18
LH:2
end_of_record
TN:
SF:/Library/Developer/CommandLineTools/SDKs/MacOSX.sdk/usr/include/c++/v1/__algorithm/any_of.h
FNL:0,23,28
FNA:0,256,_ZNSt3__16any_ofB8ne180100INS_11__wrap_iterIPKNS_12basic_stringIcNS_11char_traitsIcEENS_9allocatorIcEEEEEEZNK7testing8internal12_GLOBAL__N_114UnitTestFilter11MatchesNameERS8_EUlSF_E_EEbT_SH_T0_
FNA:0,20,_ZNSt3__16any_ofB8ne180100INS_11__wrap_iterIPKcEEZN7testing8internal12_GLOBAL__N_113IsGlobPatternERKNS_12basic_stringIcNS_11char_traitsIcEENS_9allocatorIcEEEEE3$_0EEbT_SH_T0_
FNF:1
FNH:1
DA:23,276
DA:24,572
DA:25,379
DA:26,83
DA:27,193
DA:28,276
LF:6
LH:6
end_of_record
TN:
SF:/Library/Developer/CommandLineTools/SDKs/MacOSX.sdk/usr/include/c++/v1/__algorithm/comp.h
FNL:0,40,41
FNA:0,30,_ZNKSt3__16__lessIvvEclB8ne180100IddEEbRKT_RKT0_
FNA:0,1981,_ZNKSt3__16__lessIvvEclB8ne180100ImmEEbRKT_RKT0_
FNF:1
FNH:1
DA:40,2011
DA:41,2011
LF:2
LH:2
end_of_record
TN:
SF:/Library/Developer/CommandLineTools/SDKs/MacOSX.sdk/usr/include/c++/v1/__algorithm/copy.h
FNL:0,103,104
FNA:0,37,_ZNKSt3__114__copy_trivialclB8ne180100IKN7pyfolio8DateTimeES3_Li0EEENS_4pairIPT_PT0_EES7_S7_S9_
FNA:0,154,_ZNKSt3__114__copy_trivialclB8ne180100IKccLi0EEENS_4pairIPT_PT0_EES5_S5_S7_
FNA:0,75,_ZNKSt3__114__copy_trivialclB8ne180100IKddLi0EEENS_4pairIPT_PT0_EES5_S5_S7_
FNA:0,100,_ZNKSt3__114__copy_trivialclB8ne180100IN7pyfolio8DateTimeES3_Li0EEENS_4pairIPT_PT0_EES6_S6_S8_
FNA:0,0,_ZNKSt3__114__copy_trivialclB8ne180100IN7testing8internal13edit_distance8EditTypeES5_Li0EEENS_4pairIPT_PT0_EES8_S8_SA_
FNA:0,109,_ZNKSt3__114__copy_trivialclB8ne180100IddLi0EEENS_4pairIPT_PT0_EES4_S4_S6_
FNL:1,110,112
FNA:1,37,_ZNSt3__16__copyB8ne180100INS_17_ClassicAlgPolicyEPKN7pyfolio8DateTimeES5_PS3_EENS_4pairIT0_T2_EES8_T1_S9_
FNA:1,0,_ZNSt3__16__copyB8ne180100INS_17_ClassicAlgPolicyEPKNS_3mapINS_12basic_stringIcNS_11char_traitsIcEENS_9allocatorIcEEEEdNS_4lessIS8_EENS6_INS_4pairIKS8_dEEEEEESH_PSF_EENSB_IT0_T2_EESJ_T1_SK_
FNA:1,154,_ZNSt3__16__copyB8ne180100INS_17_ClassicAlgPolicyEPKcS3_PcEENS_4pairIT0_T2_EES6_T1_S7_
FNA:1,75,_ZNSt3__16__copyB8ne180100INS_17_ClassicAlgPolicyEPKdS3_PdEENS_4pairIT0_T2_EES6_T1_S7_
FNA:1,100,_ZNSt3__16__copyB8ne180100INS_17_ClassicAlgPolicyEPN7pyfolio8DateTimeES4_S4_EENS_4pairIT0_T2_EES6_T1_S7_
FNA:1,0,_ZNSt3__16__copyB8ne180100INS_17_ClassicAlgPolicyEPN7testing8internal13edit_distance8EditTypeES6_S6_EENS_4pairIT0_T2_EES8_T1_S9_
FNA:1,109,_ZNSt3__16__copyB8ne180100INS_17_ClassicAlgPolicyEPdS2_S2_EENS_4pairIT0_T2_EES4_T1_S5_
FNL:2,117,118
FNA:2,37,_ZNSt3__14copyB8ne180100IPKN7pyfolio8DateTimeEPS2_EET0_T_S7_S6_
FNA:2,0,_ZNSt3__14copyB8ne180100IPKNS_3mapINS_12basic_stringIcNS_11char_traitsIcEENS_9allocatorIcEEEEdNS_4lessIS7_EENS5_INS_4pairIKS7_dEEEEEEPSE_EET0_T_SJ_SI_
FNA:2,154,_ZNSt3__14copyB8ne180100IPKcPcEET0_T_S5_S4_
FNA:2,75,_ZNSt3__14copyB8ne180100IPKdPdEET0_T_S5_S4_
FNA:2,100,_ZNSt3__14copyB8ne180100IPN7pyfolio8DateTimeES3_EET0_T_S5_S4_
FNA:2,0,_ZNSt3__14copyB8ne180100IPN7testing8internal13edit_distance8EditTypeES5_EET0_T_S7_S6_
FNA:2,109,_ZNSt3__14copyB8ne180100IPdS1_EET0_T_S3_S2_
FNL:3,38,45
FNA:3,0,_ZNKSt3__111__copy_loopINS_17_ClassicAlgPolicyEEclB8ne180100IPKNS_3mapINS_12basic_stringIcNS_11char_traitsIcEENS_9allocatorIcEEEEdNS_4lessISA_EENS8_INS_4pairIKSA_dEEEEEESJ_PSH_EENSD_IT_T1_EESL_T0_SM_
FNF:4
FNH:3
DA:38,0
DA:39,0
DA:40,0
DA:41,0
DA:42,0
DA:45,0
DA:103,475
DA:104,475
DA:110,475
DA:111,475
DA:112,475
DA:117,475
DA:118,475
LF:13
LH:7
end_of_record
TN:
SF:/Library/Developer/CommandLineTools/SDKs/MacOSX.sdk/usr/include/c++/v1/__algorithm/copy_move_common.h
FNL:0,107,111
FNA:0,37,_ZNSt3__121__unwrap_and_dispatchB8ne180100INS_10__overloadINS_11__copy_loopINS_17_ClassicAlgPolicyEEENS_14__copy_trivialEEEPKN7pyfolio8DateTimeESA_PS8_Li0EEENS_4pairIT0_T2_EESD_T1_SE_
FNA:0,0,_ZNSt3__121__unwrap_and_dispatchB8ne180100INS_10__overloadINS_11__copy_loopINS_17_ClassicAlgPolicyEEENS_14__copy_trivialEEEPKNS_3mapINS_12basic_stringIcNS_11char_traitsIcEENS_9allocatorIcEEEEdNS_4lessISD_EENSB_INS_4pairIKSD_dEEEEEESM_PSK_Li0EEENSG_IT0_T2_EESO_T1_SP_
FNA:0,154,_ZNSt3__121__unwrap_and_dispatchB8ne180100INS_10__overloadINS_11__copy_loopINS_17_ClassicAlgPolicyEEENS_14__copy_trivialEEEPKcS8_PcLi0EEENS_4pairIT0_T2_EESB_T1_SC_
FNA:0,75,_ZNSt3__121__unwrap_and_dispatchB8ne180100INS_10__overloadINS_11__copy_loopINS_17_ClassicAlgPolicyEEENS_14__copy_trivialEEEPKdS8_PdLi0EEENS_4pairIT0_T2_EESB_T1_SC_
FNA:0,100,_ZNSt3__121__unwrap_and_dispatchB8ne180100INS_10__overloadINS_11__copy_loopINS_17_ClassicAlgPolicyEEENS_14__copy_trivialEEEPN7pyfolio8DateTimeES9_S9_Li0EEENS_4pairIT0_T2_EESB_T1_SC_
FNA:0,0,_ZNSt3__121__unwrap_and_dispatchB8ne180100INS_10__overloadINS_11__copy_loopINS_17_ClassicAlgPolicyEEENS_14__copy_trivialEEEPN7testing8internal13edit_distance8EditTypeESB_SB_Li0EEENS_4pairIT0_T2_EESD_T1_SE_
FNA:0,109,_ZNSt3__121__unwrap_and_dispatchB8ne180100INS_10__overloadINS_11__copy_loopINS_17_ClassicAlgPolicyEEENS_14__copy_trivialEEEPdS7_S7_Li0EEENS_4pairIT0_T2_EES9_T1_SA_
FNA:0,12,_ZNSt3__121__unwrap_and_dispatchB8ne180100INS_10__overloadINS_11__move_loopINS_17_ClassicAlgPolicyEEENS_14__move_trivialEEENS_11__wrap_iterIPNS_12basic_stringIcNS_11char_traitsIcEENS_9allocatorIcEEEEEESF_NS_15insert_iteratorINS_13unordered_setISD_NS_4hashISD_EENS_8equal_toISD_EENSB_ISD_EEEEEELi0EEENS_4pairIT0_T2_EESQ_T1_SR_
FNA:0,12,_ZNSt3__121__unwrap_and_dispatchB8ne180100INS_10__overloadINS_11__move_loopINS_17_ClassicAlgPolicyEEENS_14__move_trivialEEENS_11__wrap_iterIPNS_12basic_stringIcNS_11char_traitsIcEENS_9allocatorIcEEEEEESF_NS_15insert_iteratorINS_6vectorISD_NSB_ISD_EEEEEELi0EEENS_4pairIT0_T2_EESM_T1_SN_
FNA:0,1,_ZNSt3__121__unwrap_and_dispatchB8ne180100INS_10__overloadINS_11__move_loopINS_17_ClassicAlgPolicyEEENS_14__move_trivialEEENS_16reverse_iteratorIPN7pyfolio8DateTimeEEESB_SB_Li0EEENS_4pairIT0_T2_EESD_T1_SE_
FNA:0,0,_ZNSt3__121__unwrap_and_dispatchB8ne180100INS_10__overloadINS_11__move_loopINS_17_ClassicAlgPolicyEEENS_14__move_trivialEEENS_16reverse_iteratorIPN7testing8internal13edit_distance8EditTypeEEESD_SD_Li0EEENS_4pairIT0_T2_EESF_T1_SG_
FNA:0,0,_ZNSt3__121__unwrap_and_dispatchB8ne180100INS_10__overloadINS_11__move_loopINS_17_ClassicAlgPolicyEEENS_14__move_trivialEEENS_16reverse_iteratorIPPN7testing11EnvironmentEEESC_SC_Li0EEENS_4pairIT0_T2_EESE_T1_SF_
FNA:0,4,_ZNSt3__121__unwrap_and_dispatchB8ne180100INS_10__overloadINS_11__move_loopINS_17_ClassicAlgPolicyEEENS_14__move_trivialEEENS_16reverse_iteratorIPPN7testing17TestEventListenerEEESC_SC_Li0EEENS_4pairIT0_T2_EESE_T1_SF_
FNA:0,23,_ZNSt3__121__unwrap_and_dispatchB8ne180100INS_10__overloadINS_11__move_loopINS_17_ClassicAlgPolicyEEENS_14__move_trivialEEENS_16reverse_iteratorIPPN7testing8TestInfoEEESC_SC_Li0EEENS_4pairIT0_T2_EESE_T1_SF_
FNA:0,4,_ZNSt3__121__unwrap_and_dispatchB8ne180100INS_10__overloadINS_11__move_loopINS_17_ClassicAlgPolicyEEENS_14__move_trivialEEENS_16reverse_iteratorIPPN7testing9TestSuiteEEESC_SC_Li0EEENS_4pairIT0_T2_EESE_T1_SF_
FNA:0,0,_ZNSt3__121__unwrap_and_dispatchB8ne180100INS_10__overloadINS_11__move_loopINS_17_ClassicAlgPolicyEEENS_14__move_trivialEEENS_16reverse_iteratorIPPcEESA_SA_Li0EEENS_4pairIT0_T2_EESC_T1_SD_
FNA:0,25,_ZNSt3__121__unwrap_and_dispatchB8ne180100INS_10__overloadINS_11__move_loopINS_17_ClassicAlgPolicyEEENS_14__move_trivialEEENS_16reverse_iteratorIPdEES9_S9_Li0EEENS_4pairIT0_T2_EESB_T1_SC_
FNA:0,27,_ZNSt3__121__unwrap_and_dispatchB8ne180100INS_10__overloadINS_11__move_loopINS_17_ClassicAlgPolicyEEENS_14__move_trivialEEENS_16reverse_iteratorIPiEES9_S9_Li0EEENS_4pairIT0_T2_EESB_T1_SC_
FNA:0,0,_ZNSt3__121__unwrap_and_dispatchB8ne180100INS_10__overloadINS_11__move_loopINS_17_ClassicAlgPolicyEEENS_14__move_trivialEEENS_16reverse_iteratorIPmEES9_S9_Li0EEENS_4pairIT0_T2_EESB_T1_SC_
FNA:0,0,_ZNSt3__121__unwrap_and_dispatchB8ne180100INS_10__overloadINS_11__move_loopINS_17_ClassicAlgPolicyEEENS_14__move_trivialEEEPNS_12basic_stringIcNS_11char_traitsIcEENS_9allocatorIcEEEESD_SD_Li0EEENS_4pairIT0_T2_EESF_T1_SG_
FNA:0,0,_ZNSt3__121__unwrap_and_dispatchB8ne180100INS_10__overloadINS_11__move_loopINS_17_ClassicAlgPolicyEEENS_14__move_trivialEEEPPN7testing17TestEventListenerESA_SA_Li0EEENS_4pairIT0_T2_EESC_T1_SD_
FNA:0,0,_ZNSt3__121__unwrap_and_dispatchB8ne180100INS_10__overloadINS_11__move_loopINS_17_ClassicAlgPolicyEEENS_14__move_trivialEEEPPN7testing9TestSuiteESA_SA_Li0EEENS_4pairIT0_T2_EESC_T1_SD_
FNA:0,0,_ZNSt3__121__unwrap_and_dispatchB8ne180100INS_10__overloadINS_11__move_loopINS_17_ClassicAlgPolicyEEENS_14__move_trivialEEEPPcS8_S8_Li0EEENS_4pairIT0_T2_EESA_T1_SB_
FNA:0,0,_ZNSt3__121__unwrap_and_dispatchB8ne180100INS_10__overloadINS_20__move_backward_loopINS_17_ClassicAlgPolicyEEENS_23__move_backward_trivialEEEPNS_12basic_stringIcNS_11char_traitsIcEENS_9allocatorIcEEEESD_SD_Li0EEENS_4pairIT0_T2_EESF_T1_SG_
FNA:0,0,_ZNSt3__121__unwrap_and_dispatchB8ne180100INS_10__overloadINS_20__move_backward_loopINS_17_ClassicAlgPolicyEEENS_23__move_backward_trivialEEEPPN7testing9TestSuiteESA_SA_Li0EEENS_4pairIT0_T2_EESC_T1_SD_
FNA:0,0,_ZNSt3__121__unwrap_and_dispatchB8ne180100INS_10__overloadINS_20__move_backward_loopINS_17_ClassicAlgPolicyEEENS_23__move_backward_trivialEEEPPcS8_S8_Li0EEENS_4pairIT0_T2_EESA_T1_SB_
FNL:1,131,133
FNA:1,37,_ZNSt3__123__dispatch_copy_or_moveB8ne180100INS_17_ClassicAlgPolicyENS_11__copy_loopIS1_EENS_14__copy_trivialEPKN7pyfolio8DateTimeES8_PS6_EENS_4pairIT2_T4_EESB_T3_SC_
FNA:1,0,_ZNSt3__123__dispatch_copy_or_moveB8ne180100INS_17_ClassicAlgPolicyENS_11__copy_loopIS1_EENS_14__copy_trivialEPKNS_3mapINS_12basic_stringIcNS_11char_traitsIcEENS_9allocatorIcEEEEdNS_4lessISB_EENS9_INS_4pairIKSB_dEEEEEESK_PSI_EENSE_IT2_T4_EESM_T3_SN_
FNA:1,154,_ZNSt3__123__dispatch_copy_or_moveB8ne180100INS_17_ClassicAlgPolicyENS_11__copy_loopIS1_EENS_14__copy_trivialEPKcS6_PcEENS_4pairIT2_T4_EES9_T3_SA_
FNA:1,75,_ZNSt3__123__dispatch_copy_or_moveB8ne180100INS_17_ClassicAlgPolicyENS_11__copy_loopIS1_EENS_14__copy_trivialEPKdS6_PdEENS_4pairIT2_T4_EES9_T3_SA_
FNA:1,100,_ZNSt3__123__dispatch_copy_or_moveB8ne180100INS_17_ClassicAlgPolicyENS_11__copy_loopIS1_EENS_14__copy_trivialEPN7pyfolio8DateTimeES7_S7_EENS_4pairIT2_T4_EES9_T3_SA_
FNA:1,0,_ZNSt3__123__dispatch_copy_or_moveB8ne180100INS_17_ClassicAlgPolicyENS_11__copy_loopIS1_EENS_14__copy_trivialEPN7testing8internal13edit_distance8EditTypeES9_S9_EENS_4pairIT2_T4_EESB_T3_SC_
FNA:1,109,_ZNSt3__123__dispatch_copy_or_moveB8ne180100INS_17_ClassicAlgPolicyENS_11__copy_loopIS1_EENS_14__copy_trivialEPdS5_S5_EENS_4pairIT2_T4_EES7_T3_S8_
FNA:1,12,_ZNSt3__123__dispatch_copy_or_moveB8ne180100INS_17_ClassicAlgPolicyENS_11__move_loopIS1_EENS_14__move_trivialENS_11__wrap_iterIPNS_12basic_stringIcNS_11char_traitsIcEENS_9allocatorIcEEEEEESD_NS_15insert_iteratorINS_13unordered_setISB_NS_4hashISB_EENS_8equal_toISB_EENS9_ISB_EEEEEEEENS_4pairIT2_T4_EESO_T3_SP_
FNA:1,12,_ZNSt3__123__dispatch_copy_or_moveB8ne180100INS_17_ClassicAlgPolicyENS_11__move_loopIS1_EENS_14__move_trivialENS_11__wrap_iterIPNS_12basic_stringIcNS_11char_traitsIcEENS_9allocatorIcEEEEEESD_NS_15insert_iteratorINS_6vectorISB_NS9_ISB_EEEEEEEENS_4pairIT2_T4_EESK_T3_SL_
FNA:1,1,_ZNSt3__123__dispatch_copy_or_moveB8ne180100INS_17_ClassicAlgPolicyENS_11__move_loopIS1_EENS_14__move_trivialENS_16reverse_iteratorIPN7pyfolio8DateTimeEEES9_S9_EENS_4pairIT2_T4_EESB_T3_SC_
FNA:1,0,_ZNSt3__123__dispatch_copy_or_moveB8ne180100INS_17_ClassicAlgPolicyENS_11__move_loopIS1_EENS_14__move_trivialENS_16reverse_iteratorIPN7testing8internal13edit_distance8EditTypeEEESB_SB_EENS_4pairIT2_T4_EESD_T3_SE_
FNA:1,0,_ZNSt3__123__dispatch_copy_or_moveB8ne180100INS_17_ClassicAlgPolicyENS_11__move_loopIS1_EENS_14__move_trivialENS_16reverse_iteratorIPPN7testing11EnvironmentEEESA_SA_EENS_4pairIT2_T4_EESC_T3_SD_
FNA:1,4,_ZNSt3__123__dispatch_copy_or_moveB8ne180100INS_17_ClassicAlgPolicyENS_11__move_loopIS1_EENS_14__move_trivialENS_16reverse_iteratorIPPN7testing17TestEventListenerEEESA_SA_EENS_4pairIT2_T4_EESC_T3_SD_
FNA:1,23,_ZNSt3__123__dispatch_copy_or_moveB8ne180100INS_17_ClassicAlgPolicyENS_11__move_loopIS1_EENS_14__move_trivialENS_16reverse_iteratorIPPN7testing8TestInfoEEESA_SA_EENS_4pairIT2_T4_EESC_T3_SD_
FNA:1,4,_ZNSt3__123__dispatch_copy_or_moveB8ne180100INS_17_ClassicAlgPolicyENS_11__move_loopIS1_EENS_14__move_trivialENS_16reverse_iteratorIPPN7testing9TestSuiteEEESA_SA_EENS_4pairIT2_T4_EESC_T3_SD_
FNA:1,0,_ZNSt3__123__dispatch_copy_or_moveB8ne180100INS_17_ClassicAlgPolicyENS_11__move_loopIS1_EENS_14__move_trivialENS_16reverse_iteratorIPPcEES8_S8_EENS_4pairIT2_T4_EESA_T3_SB_
FNA:1,25,_ZNSt3__123__dispatch_copy_or_moveB8ne180100INS_17_ClassicAlgPolicyENS_11__move_loopIS1_EENS_14__move_trivialENS_16reverse_iteratorIPdEES7_S7_EENS_4pairIT2_T4_EES9_T3_SA_
FNA:1,27,_ZNSt3__123__dispatch_copy_or_moveB8ne180100INS_17_ClassicAlgPolicyENS_11__move_loopIS1_EENS_14__move_trivialENS_16reverse_iteratorIPiEES7_S7_EENS_4pairIT2_T4_EES9_T3_SA_
FNA:1,0,_ZNSt3__123__dispatch_copy_or_moveB8ne180100INS_17_ClassicAlgPolicyENS_11__move_loopIS1_EENS_14__move_trivialENS_16reverse_iteratorIPmEES7_S7_EENS_4pairIT2_T4_EES9_T3_SA_
FNA:1,0,_ZNSt3__123__dispatch_copy_or_moveB8ne180100INS_17_ClassicAlgPolicyENS_11__move_loopIS1_EENS_14__move_trivialEPNS_12basic_stringIcNS_11char_traitsIcEENS_9allocatorIcEEEESB_SB_EENS_4pairIT2_T4_EESD_T3_SE_
FNA:1,0,_ZNSt3__123__dispatch_copy_or_moveB8ne180100INS_17_ClassicAlgPolicyENS_11__move_loopIS1_EENS_14__move_trivialEPPN7testing17TestEventListenerES8_S8_EENS_4pairIT2_T4_EESA_T3_SB_
FNA:1,0,_ZNSt3__123__dispatch_copy_or_moveB8ne180100INS_17_ClassicAlgPolicyENS_11__move_loopIS1_EENS_14__move_trivialEPPN7testing9TestSuiteES8_S8_EENS_4pairIT2_T4_EESA_T3_SB_
FNA:1,0,_ZNSt3__123__dispatch_copy_or_moveB8ne180100INS_17_ClassicAlgPolicyENS_11__move_loopIS1_EENS_14__move_trivialEPPcS6_S6_EENS_4pairIT2_T4_EES8_T3_S9_
FNA:1,0,_ZNSt3__123__dispatch_copy_or_moveB8ne180100INS_17_ClassicAlgPolicyENS_20__move_backward_loopIS1_EENS_23__move_backward_trivialEPNS_12basic_stringIcNS_11char_traitsIcEENS_9allocatorIcEEEESB_SB_EENS_4pairIT2_T4_EESD_T3_SE_
FNA:1,0,_ZNSt3__123__dispatch_copy_or_moveB8ne180100INS_17_ClassicAlgPolicyENS_20__move_backward_loopIS1_EENS_23__move_backward_trivialEPPN7testing9TestSuiteES8_S8_EENS_4pairIT2_T4_EESA_T3_SB_
FNA:1,0,_ZNSt3__123__dispatch_copy_or_moveB8ne180100INS_17_ClassicAlgPolicyENS_20__move_backward_loopIS1_EENS_23__move_backward_trivialEPPcS6_S6_EENS_4pairIT2_T4_EES8_T3_S9_
FNL:2,63,68
FNA:2,37,_ZNSt3__119__copy_trivial_implB8ne180100IKN7pyfolio8DateTimeES2_EENS_4pairIPT_PT0_EES6_S6_S8_
FNA:2,154,_ZNSt3__119__copy_trivial_implB8ne180100IKccEENS_4pairIPT_PT0_EES4_S4_S6_
FNA:2,75,_ZNSt3__119__copy_trivial_implB8ne180100IKddEENS_4pairIPT_PT0_EES4_S4_S6_
FNA:2,100,_ZNSt3__119__copy_trivial_implB8ne180100IN7pyfolio8DateTimeES2_EENS_4pairIPT_PT0_EES5_S5_S7_
FNA:2,0,_ZNSt3__119__copy_trivial_implB8ne180100IN7testing8internal13edit_distance8EditTypeES4_EENS_4pairIPT_PT0_EES7_S7_S9_
FNA:2,0,_ZNSt3__119__copy_trivial_implB8ne180100IPN7testing17TestEventListenerES3_EENS_4pairIPT_PT0_EES6_S6_S8_
FNA:2,0,_ZNSt3__119__copy_trivial_implB8ne180100IPN7testing9TestSuiteES3_EENS_4pairIPT_PT0_EES6_S6_S8_
FNA:2,0,_ZNSt3__119__copy_trivial_implB8ne180100IPcS1_EENS_4pairIPT_PT0_EES4_S4_S6_
FNA:2,109,_ZNSt3__119__copy_trivial_implB8ne180100IddEENS_4pairIPT_PT0_EES3_S3_S5_
FNL:3,73,79
FNA:3,0,_ZNSt3__128__copy_backward_trivial_implB8ne180100IPN7testing9TestSuiteES3_EENS_4pairIPT_PT0_EES6_S6_S8_
FNA:3,0,_ZNSt3__128__copy_backward_trivial_implB8ne180100IPcS1_EENS_4pairIPT_PT0_EES4_S4_S6_
FNF:4
FNH:3
DA:63,475
DA:64,475
DA:66,475
DA:68,475
DA:73,0
DA:74,0
DA:75,0
DA:77,0
DA:79,0
DA:107,583
DA:108,583
DA:109,583
DA:110,1166
DA:111,583
DA:131,583
DA:133,583
LF:16
LH:11
end_of_record
TN:
SF:/Library/Developer/CommandLineTools/SDKs/MacOSX.sdk/usr/include/c++/v1/__algorithm/copy_n.h
FNL:0,51,55
FNA:0,154,_ZNSt3__16copy_nB8ne180100IPKcmPcLi0EEET1_T_T0_S4_
FNF:1
FNH:1
DA:51,154
DA:54,154
DA:55,154
LF:3
LH:3
end_of_record
TN:
SF:/Library/Developer/CommandLineTools/SDKs/MacOSX.sdk/usr/include/c++/v1/__algorithm/fill_n.h
FNL:0,26,29
FNA:0,77,_ZNSt3__18__fill_nB8ne180100IPcmcEET_S2_T0_RKT1_
FNA:0,0,_ZNSt3__18__fill_nB8ne180100IPdmdEET_S2_T0_RKT1_
FNL:1,34,35
FNA:1,77,_ZNSt3__16fill_nB8ne180100IPcmcEET_S2_T0_RKT1_
FNA:1,0,_ZNSt3__16fill_nB8ne180100IPdmdEET_S2_T0_RKT1_
FNF:2
FNH:2
DA:26,77
DA:27,154
DA:28,77
DA:29,77
DA:34,77
DA:35,77
LF:6
LH:6
end_of_record
TN:
SF:/Library/Developer/CommandLineTools/SDKs/MacOSX.sdk/usr/include/c++/v1/__algorithm/find.h
FNL:0,177,180
FNA:0,0,_ZNSt3__14findB8ne180100INS_11__wrap_iterIPKNS_12basic_stringIcNS_11char_traitsIcEENS_9allocatorIcEEEEEES7_EET_SB_SB_RKT0_
FNL:1,46,50
FNA:1,0,_ZNSt3__111__find_implB8ne180100IPKNS_12basic_stringIcNS_11char_traitsIcEENS_9allocatorIcEEEES8_S6_NS_10__identityEEET_SA_T0_RKT1_RT2_
FNF:2
FNH:0
DA:46,0
DA:47,0
DA:48,0
DA:49,0
DA:50,0
DA:177,0
DA:179,0
DA:180,0
LF:8
LH:0
end_of_record
TN:
SF:/Library/Developer/CommandLineTools/SDKs/MacOSX.sdk/usr/include/c++/v1/__algorithm/find_if.h
FNL:0,23,27
FNA:0,0,_ZNSt3__17find_ifB8ne180100INS_11__wrap_iterIPN7testing12TestPropertyEEENS2_8internal17TestPropertyKeyIsEEET_S8_S8_T0_
FNA:0,63,_ZNSt3__17find_ifB8ne180100INS_16reverse_iteratorINS_11__wrap_iterIPPN7testing9TestSuiteEEEEENS3_8internal15TestSuiteNameIsEEET_SB_SB_T0_
FNF:1
FNH:1
DA:23,63
DA:24,63
DA:25,59
DA:26,59
DA:27,63
LF:5
LH:5
end_of_record
TN:
SF:/Library/Developer/CommandLineTools/SDKs/MacOSX.sdk/usr/include/c++/v1/__algorithm/for_each.h
FNL:0,32,35
FNA:0,4,_ZNSt3__18for_eachB8ne180100INS_11__wrap_iterIPKPN7testing11EnvironmentEEEPFvS4_EEET0_T_SB_SA_
FNA:0,0,_ZNSt3__18for_eachB8ne180100INS_11__wrap_iterIPKPN7testing17TestEventListenerEEEPFvS4_EEET0_T_SB_SA_
FNA:0,4,_ZNSt3__18for_eachB8ne180100INS_11__wrap_iterIPKPN7testing8TestInfoEEEPFvS4_EEET0_T_SB_SA_
FNA:0,4,_ZNSt3__18for_eachB8ne180100INS_11__wrap_iterIPKPN7testing9TestSuiteEEEPFvS4_EEET0_T_SB_SA_
FNA:0,4,_ZNSt3__18for_eachB8ne180100INS_16reverse_iteratorINS_11__wrap_iterIPPN7testing11EnvironmentEEEEEPFvS5_EEET0_T_SC_SB_
FNF:1
FNH:1
DA:32,16
DA:33,83
DA:34,67
DA:35,16
LF:4
LH:4
end_of_record
TN:
SF:/Library/Developer/CommandLineTools/SDKs/MacOSX.sdk/usr/include/c++/v1/__algorithm/iter_swap.h
FNL:0,23,27
FNA:0,0,_ZNSt3__19iter_swapB8ne180100INS_11__wrap_iterIPN7testing8internal13edit_distance8EditTypeEEES7_EEvT_T0_
FNA:0,0,_ZNSt3__19iter_swapB8ne180100INS_11__wrap_iterIPNS_12basic_stringIcNS_11char_traitsIcEENS_9allocatorIcEEEEEES9_EEvT_T0_
FNA:0,0,_ZNSt3__19iter_swapB8ne180100IPNS_4pairIN7pyfolio8DateTimeEdEES5_EEvT_T0_
FNF:1
FNH:0
DA:23,0
DA:26,0
DA:27,0
LF:3
LH:0
end_of_record
TN:
SF:/Library/Developer/CommandLineTools/SDKs/MacOSX.sdk/usr/include/c++/v1/__algorithm/iterator_operations.h
FNL:0,102,108
FNA:0,0,_ZNSt3__18_IterOpsINS_17_ClassicAlgPolicyEE25__validate_iter_referenceB8ne180100IRNS_16reverse_iteratorIPN7pyfolio8DateTimeEEEEEvv
FNA:0,0,_ZNSt3__18_IterOpsINS_17_ClassicAlgPolicyEE25__validate_iter_referenceB8ne180100IRNS_16reverse_iteratorIPN7testing8internal13edit_distance8EditTypeEEEEEvv
FNA:0,0,_ZNSt3__18_IterOpsINS_17_ClassicAlgPolicyEE25__validate_iter_referenceB8ne180100IRNS_16reverse_iteratorIPPN7testing11EnvironmentEEEEEvv
FNA:0,0,_ZNSt3__18_IterOpsINS_17_ClassicAlgPolicyEE25__validate_iter_referenceB8ne180100IRNS_16reverse_iteratorIPPN7testing17TestEventListenerEEEEEvv
FNA:0,108,_ZNSt3__18_IterOpsINS_17_ClassicAlgPolicyEE25__validate_iter_referenceB8ne180100IRNS_16reverse_iteratorIPPN7testing8TestInfoEEEEEvv
FNA:0,0,_ZNSt3__18_IterOpsINS_17_ClassicAlgPolicyEE25__validate_iter_referenceB8ne180100IRNS_16reverse_iteratorIPPN7testing9TestSuiteEEEEEvv
FNA:0,0,_ZNSt3__18_IterOpsINS_17_ClassicAlgPolicyEE25__validate_iter_referenceB8ne180100IRNS_16reverse_iteratorIPPcEEEEvv
FNA:0,44,_ZNSt3__18_IterOpsINS_17_ClassicAlgPolicyEE25__validate_iter_referenceB8ne180100IRNS_16reverse_iteratorIPdEEEEvv
FNA:0,108,_ZNSt3__18_IterOpsINS_17_ClassicAlgPolicyEE25__validate_iter_referenceB8ne180100IRNS_16reverse_iteratorIPiEEEEvv
FNA:0,0,_ZNSt3__18_IterOpsINS_17_ClassicAlgPolicyEE25__validate_iter_referenceB8ne180100IRNS_16reverse_iteratorIPmEEEEvv
FNA:0,20,_ZNSt3__18_IterOpsINS_17_ClassicAlgPolicyEE25__validate_iter_referenceB8ne180100IRPNS_12basic_stringIcNS_11char_traitsIcEENS_9allocatorIcEEEEEEvv
FNA:0,0,_ZNSt3__18_IterOpsINS_17_ClassicAlgPolicyEE25__validate_iter_referenceB8ne180100IRPNS_4pairIN7pyfolio8DateTimeEdEEEEvv
FNL:1,116,119
FNA:1,0,_ZNSt3__18_IterOpsINS_17_ClassicAlgPolicyEE11__iter_moveB8ne180100IRNS_16reverse_iteratorIPN7pyfolio8DateTimeEEELi0EEEDTclsr3stdE4movedeclsr3stdE7declvalIRT_EEEEOSA_
FNA:1,0,_ZNSt3__18_IterOpsINS_17_ClassicAlgPolicyEE11__iter_moveB8ne180100IRNS_16reverse_iteratorIPN7testing8internal13edit_distance8EditTypeEEELi0EEEDTclsr3stdE4movedeclsr3stdE7declvalIRT_EEEEOSC_
FNA:1,0,_ZNSt3__18_IterOpsINS_17_ClassicAlgPolicyEE11__iter_moveB8ne180100IRNS_16reverse_iteratorIPPN7testing11EnvironmentEEELi0EEEDTclsr3stdE4movedeclsr3stdE7declvalIRT_EEEEOSB_
FNA:1,0,_ZNSt3__18_IterOpsINS_17_ClassicAlgPolicyEE11__iter_moveB8ne180100IRNS_16reverse_iteratorIPPN7testing17TestEventListenerEEELi0EEEDTclsr3stdE4movedeclsr3stdE7declvalIRT_EEEEOSB_
FNA:1,108,_ZNSt3__18_IterOpsINS_17_ClassicAlgPolicyEE11__iter_moveB8ne180100IRNS_16reverse_iteratorIPPN7testing8TestInfoEEELi0EEEDTclsr3stdE4movedeclsr3stdE7declvalIRT_EEEEOSB_
FNA:1,0,_ZNSt3__18_IterOpsINS_17_ClassicAlgPolicyEE11__iter_moveB8ne180100IRNS_16reverse_iteratorIPPN7testing9TestSuiteEEELi0EEEDTclsr3stdE4movedeclsr3stdE7declvalIRT_EEEEOSB_
FNA:1,0,_ZNSt3__18_IterOpsINS_17_ClassicAlgPolicyEE11__iter_moveB8ne180100IRNS_16reverse_iteratorIPPcEELi0EEEDTclsr3stdE4movedeclsr3stdE7declvalIRT_EEEEOS9_
FNA:1,44,_ZNSt3__18_IterOpsINS_17_ClassicAlgPolicyEE11__iter_moveB8ne180100IRNS_16reverse_iteratorIPdEELi0EEEDTclsr3stdE4movedeclsr3stdE7declvalIRT_EEEEOS8_
FNA:1,108,_ZNSt3__18_IterOpsINS_17_ClassicAlgPolicyEE11__iter_moveB8ne180100IRNS_16reverse_iteratorIPiEELi0EEEDTclsr3stdE4movedeclsr3stdE7declvalIRT_EEEEOS8_
FNA:1,0,_ZNSt3__18_IterOpsINS_17_ClassicAlgPolicyEE11__iter_moveB8ne180100IRNS_16reverse_iteratorIPmEELi0EEEDTclsr3stdE4movedeclsr3stdE7declvalIRT_EEEEOS8_
FNA:1,20,_ZNSt3__18_IterOpsINS_17_ClassicAlgPolicyEE11__iter_moveB8ne180100IRPNS_12basic_stringIcNS_11char_traitsIcEENS_9allocatorIcEEEELi0EEEDTclsr3stdE4movedeclsr3stdE7declvalIRT_EEEEOSC_
FNA:1,0,_ZNSt3__18_IterOpsINS_17_ClassicAlgPolicyEE11__iter_moveB8ne180100IRPNS_4pairIN7pyfolio8DateTimeEdEELi0EEEDTclsr3stdE4movedeclsr3stdE7declvalIRT_EEEEOSA_
FNL:2,136,138
FNA:2,0,_ZNSt3__18_IterOpsINS_17_ClassicAlgPolicyEE9iter_swapB8ne180100IPNS_4pairIN7pyfolio8DateTimeEdEES8_EEvOT_OT0_
FNA:2,0,_ZNSt3__18_IterOpsINS_17_ClassicAlgPolicyEE9iter_swapB8ne180100IRNS_11__wrap_iterIPN7testing8internal13edit_distance8EditTypeEEESB_EEvOT_OT0_
FNA:2,0,_ZNSt3__18_IterOpsINS_17_ClassicAlgPolicyEE9iter_swapB8ne180100IRNS_11__wrap_iterIPNS_12basic_stringIcNS_11char_traitsIcEENS_9allocatorIcEEEEEESD_EEvOT_OT0_
FNA:2,0,_ZNSt3__18_IterOpsINS_17_ClassicAlgPolicyEE9iter_swapB8ne180100IRPNS_4pairIN7pyfolio8DateTimeEdEES8_EEvOT_OT0_
FNA:2,0,_ZNSt3__18_IterOpsINS_17_ClassicAlgPolicyEE9iter_swapB8ne180100IRPNS_4pairIN7pyfolio8DateTimeEdEES9_EEvOT_OT0_
FNL:3,142,143
FNA:3,12,_ZNSt3__18_IterOpsINS_17_ClassicAlgPolicyEE4nextB8ne180100INS_11__wrap_iterIPNS_12basic_stringIcNS_11char_traitsIcEENS_9allocatorIcEEEEEEEET_SD_SD_
FNA:3,0,_ZNSt3__18_IterOpsINS_17_ClassicAlgPolicyEE4nextB8ne180100IPNS_12basic_stringIcNS_11char_traitsIcEENS_9allocatorIcEEEEEET_SB_SB_
FNA:3,0,_ZNSt3__18_IterOpsINS_17_ClassicAlgPolicyEE4nextB8ne180100IPNS_4pairIN7pyfolio8DateTimeEdEEEET_S9_S9_
FNF:4
FNH:3
DA:102,280
DA:108,280
DA:116,280
DA:117,280
DA:119,280
DA:136,0
DA:137,0
DA:138,0
DA:142,12
DA:143,12
LF:10
LH:7
end_of_record
TN:
SF:/Library/Developer/CommandLineTools/SDKs/MacOSX.sdk/usr/include/c++/v1/__algorithm/make_heap.h
FNL:0,31,42
FNA:0,0,_ZNSt3__111__make_heapB8ne180100INS_17_ClassicAlgPolicyERZN7pyfolio10TimeSeriesIdE22sort_by_time_optimizedEvEUlRKT_RKT0_E_PNS_4pairINS2_8DateTimeEdEEEEvT1_SH_OS8_
FNF:1
FNH:0
DA:31,0
DA:32,0
DA:35,0
DA:36,0
DA:38,0
DA:39,0
DA:40,0
DA:41,0
DA:42,0
LF:9
LH:0
end_of_record
TN:
SF:/Library/Developer/CommandLineTools/SDKs/MacOSX.sdk/usr/include/c++/v1/__algorithm/max.h
FNL:0,29,30
FNA:0,20,_ZNSt3__13maxB8ne180100IdNS_6__lessIvvEEEERKT_S5_S5_T0_
FNA:0,260,_ZNSt3__13maxB8ne180100ImNS_6__lessIvvEEEERKT_S5_S5_T0_
FNL:1,35,36
FNA:1,20,_ZNSt3__13maxB8ne180100IdEERKT_S3_S3_
FNA:1,260,_ZNSt3__13maxB8ne180100ImEERKT_S3_S3_
FNF:2
FNH:2
DA:29,280
DA:30,280
DA:35,280
DA:36,280
LF:4
LH:4
end_of_record
TN:
SF:/Library/Developer/CommandLineTools/SDKs/MacOSX.sdk/usr/include/c++/v1/__algorithm/min.h
FNL:0,29,30
FNA:0,0,_ZNSt3__13minB8ne180100IdNS_6__lessIvvEEEERKT_S5_S5_T0_
FNA:0,1721,_ZNSt3__13minB8ne180100ImNS_6__lessIvvEEEERKT_S5_S5_T0_
FNL:1,35,36
FNA:1,0,_ZNSt3__13minB8ne180100IdEERKT_S3_S3_
FNA:1,1721,_ZNSt3__13minB8ne180100ImEERKT_S3_S3_
FNL:2,48,49
FNA:2,0,_ZNSt3__13minB8ne180100ImEET_St16initializer_listIS1_E
FNF:3
FNH:2
DA:29,1721
DA:30,1721
DA:35,1721
DA:36,1721
DA:48,0
DA:49,0
LF:6
LH:4
end_of_record
TN:
SF:/Library/Developer/CommandLineTools/SDKs/MacOSX.sdk/usr/include/c++/v1/__algorithm/min_element.h
FNL:0,32,42
FNA:0,0,_ZNSt3__113__min_elementB8ne180100IRNS_6__lessIvvEEPKmS5_NS_10__identityEEET0_S7_T1_T_RT2_
FNL:1,45,47
FNA:1,0,_ZNSt3__113__min_elementB8ne180100IRNS_6__lessIvvEEPKmS5_EET0_S6_T1_T_
FNL:2,52,58
FNA:2,0,_ZNSt3__111min_elementB8ne180100IPKmNS_6__lessIvvEEEET_S5_S5_T0_
FNF:3
FNH:0
DA:32,0
DA:33,0
DA:34,0
DA:36,0
DA:37,0
DA:38,0
DA:39,0
DA:41,0
DA:42,0
DA:45,0
DA:46,0
DA:47,0
DA:52,0
DA:58,0
LF:14
LH:0
end_of_record
TN:
SF:/Library/Developer/CommandLineTools/SDKs/MacOSX.sdk/usr/include/c++/v1/__algorithm/minmax_element.h
FNL:0,32,33
FNA:0,2,_ZNSt3__122_MinmaxElementLessFuncINS_6__lessIvvEENS_10__identityEEC1B8ne180100ERS2_RS3_
FNA:0,2,_ZNSt3__122_MinmaxElementLessFuncINS_6__lessIvvEENS_10__identityEEC2B8ne180100ERS2_RS3_
FNL:1,36,37
FNA:1,10,_ZNSt3__122_MinmaxElementLessFuncINS_6__lessIvvEENS_10__identityEEclB8ne180100INS_11__wrap_iterIPdEEEEbRT_SA_
FNL:2,43,79
FNA:2,2,_ZNSt3__121__minmax_element_implB8ne180100INS_11__wrap_iterIPdEES3_NS_10__identityENS_6__lessIvvEEEENS_4pairIT_S8_EES8_T0_RT2_RT1_
FNL:3,83,89
FNA:3,2,_ZNSt3__114minmax_elementB8ne180100INS_11__wrap_iterIPdEENS_6__lessIvvEEEENS_4pairIT_S7_EES7_S7_T0_
FNL:4,95,96
FNA:4,2,_ZNSt3__114minmax_elementB8ne180100INS_11__wrap_iterIPdEEEENS_4pairIT_S5_EES5_S5_
FNF:5
FNH:5
DA:32,4
DA:33,4
DA:36,10
DA:37,10
DA:43,2
DA:44,2
DA:46,2
DA:47,2
DA:48,1
DA:50,1
DA:51,1
DA:53,0
DA:55,4
DA:56,3
DA:57,3
DA:58,0
DA:59,0
DA:60,0
DA:61,0
DA:62,0
DA:65,3
DA:66,3
DA:67,0
DA:68,3
DA:69,2
DA:70,3
DA:71,0
DA:72,0
DA:73,0
DA:74,0
DA:78,1
DA:79,2
DA:83,2
DA:88,2
DA:89,2
DA:95,2
DA:96,2
LF:37
LH:26
end_of_record
TN:
SF:/Library/Developer/CommandLineTools/SDKs/MacOSX.sdk/usr/include/c++/v1/__algorithm/move.h
FNL:0,104,105
FNA:0,0,_ZNKSt3__114__move_trivialclB8ne180100IPN7testing17TestEventListenerES4_Li0EEENS_4pairIPT_PT0_EES7_S7_S9_
FNA:0,0,_ZNKSt3__114__move_trivialclB8ne180100IPN7testing9TestSuiteES4_Li0EEENS_4pairIPT_PT0_EES7_S7_S9_
FNA:0,0,_ZNKSt3__114__move_trivialclB8ne180100IPcS2_Li0EEENS_4pairIPT_PT0_EES5_S5_S7_
FNL:1,111,113
FNA:1,12,_ZNSt3__16__moveB8ne180100INS_17_ClassicAlgPolicyENS_11__wrap_iterIPNS_12basic_stringIcNS_11char_traitsIcEENS_9allocatorIcEEEEEESA_NS_15insert_iteratorINS_13unordered_setIS8_NS_4hashIS8_EENS_8equal_toIS8_EENS6_IS8_EEEEEEEENS_4pairIT0_T2_EESL_T1_SM_
FNA:1,12,_ZNSt3__16__moveB8ne180100INS_17_ClassicAlgPolicyENS_11__wrap_iterIPNS_12basic_stringIcNS_11char_traitsIcEENS_9allocatorIcEEEEEESA_NS_15insert_iteratorINS_6vectorIS8_NS6_IS8_EEEEEEEENS_4pairIT0_T2_EESH_T1_SI_
FNA:1,1,_ZNSt3__16__moveB8ne180100INS_17_ClassicAlgPolicyENS_16reverse_iteratorIPN7pyfolio8DateTimeEEES6_S6_EENS_4pairIT0_T2_EES8_T1_S9_
FNA:1,0,_ZNSt3__16__moveB8ne180100INS_17_ClassicAlgPolicyENS_16reverse_iteratorIPN7testing8internal13edit_distance8EditTypeEEES8_S8_EENS_4pairIT0_T2_EESA_T1_SB_
FNA:1,0,_ZNSt3__16__moveB8ne180100INS_17_ClassicAlgPolicyENS_16reverse_iteratorIPPN7testing11EnvironmentEEES7_S7_EENS_4pairIT0_T2_EES9_T1_SA_
FNA:1,4,_ZNSt3__16__moveB8ne180100INS_17_ClassicAlgPolicyENS_16reverse_iteratorIPPN7testing17TestEventListenerEEES7_S7_EENS_4pairIT0_T2_EES9_T1_SA_
FNA:1,23,_ZNSt3__16__moveB8ne180100INS_17_ClassicAlgPolicyENS_16reverse_iteratorIPPN7testing8TestInfoEEES7_S7_EENS_4pairIT0_T2_EES9_T1_SA_
FNA:1,4,_ZNSt3__16__moveB8ne180100INS_17_ClassicAlgPolicyENS_16reverse_iteratorIPPN7testing9TestSuiteEEES7_S7_EENS_4pairIT0_T2_EES9_T1_SA_
FNA:1,0,_ZNSt3__16__moveB8ne180100INS_17_ClassicAlgPolicyENS_16reverse_iteratorIPPcEES5_S5_EENS_4pairIT0_T2_EES7_T1_S8_
FNA:1,25,_ZNSt3__16__moveB8ne180100INS_17_ClassicAlgPolicyENS_16reverse_iteratorIPdEES4_S4_EENS_4pairIT0_T2_EES6_T1_S7_
FNA:1,27,_ZNSt3__16__moveB8ne180100INS_17_ClassicAlgPolicyENS_16reverse_iteratorIPiEES4_S4_EENS_4pairIT0_T2_EES6_T1_S7_
FNA:1,0,_ZNSt3__16__moveB8ne180100INS_17_ClassicAlgPolicyENS_16reverse_iteratorIPmEES4_S4_EENS_4pairIT0_T2_EES6_T1_S7_
FNA:1,0,_ZNSt3__16__moveB8ne180100INS_17_ClassicAlgPolicyEPNS_12basic_stringIcNS_11char_traitsIcEENS_9allocatorIcEEEES8_S8_EENS_4pairIT0_T2_EESA_T1_SB_
FNA:1,0,_ZNSt3__16__moveB8ne180100INS_17_ClassicAlgPolicyEPPN7testing17TestEventListenerES5_S5_EENS_4pairIT0_T2_EES7_T1_S8_
FNA:1,0,_ZNSt3__16__moveB8ne180100INS_17_ClassicAlgPolicyEPPN7testing9TestSuiteES5_S5_EENS_4pairIT0_T2_EES7_T1_S8_
FNA:1,0,_ZNSt3__16__moveB8ne180100INS_17_ClassicAlgPolicyEPPcS3_S3_EENS_4pairIT0_T2_EES5_T1_S6_
FNL:2,118,122
FNA:2,12,_ZNSt3__14moveB8ne180100INS_11__wrap_iterIPNS_12basic_stringIcNS_11char_traitsIcEENS_9allocatorIcEEEEEENS_15insert_iteratorINS_13unordered_setIS7_NS_4hashIS7_EENS_8equal_toIS7_EENS5_IS7_EEEEEEEET0_T_SK_SJ_
FNA:2,12,_ZNSt3__14moveB8ne180100INS_11__wrap_iterIPNS_12basic_stringIcNS_11char_traitsIcEENS_9allocatorIcEEEEEENS_15insert_iteratorINS_6vectorIS7_NS5_IS7_EEEEEEEET0_T_SG_SF_
FNA:2,1,_ZNSt3__14moveB8ne180100INS_16reverse_iteratorIPN7pyfolio8DateTimeEEES5_EET0_T_S7_S6_
FNA:2,0,_ZNSt3__14moveB8ne180100INS_16reverse_iteratorIPN7testing8internal13edit_distance8EditTypeEEES7_EET0_T_S9_S8_
FNA:2,0,_ZNSt3__14moveB8ne180100INS_16reverse_iteratorIPPN7testing11EnvironmentEEES6_EET0_T_S8_S7_
FNA:2,4,_ZNSt3__14moveB8ne180100INS_16reverse_iteratorIPPN7testing17TestEventListenerEEES6_EET0_T_S8_S7_
FNA:2,23,_ZNSt3__14moveB8ne180100INS_16reverse_iteratorIPPN7testing8TestInfoEEES6_EET0_T_S8_S7_
FNA:2,4,_ZNSt3__14moveB8ne180100INS_16reverse_iteratorIPPN7testing9TestSuiteEEES6_EET0_T_S8_S7_
FNA:2,0,_ZNSt3__14moveB8ne180100INS_16reverse_iteratorIPPcEES4_EET0_T_S6_S5_
FNA:2,25,_ZNSt3__14moveB8ne180100INS_16reverse_iteratorIPdEES3_EET0_T_S5_S4_
FNA:2,27,_ZNSt3__14moveB8ne180100INS_16reverse_iteratorIPiEES3_EET0_T_S5_S4_
FNA:2,0,_ZNSt3__14moveB8ne180100INS_16reverse_iteratorIPmEES3_EET0_T_S5_S4_
FNA:2,0,_ZNSt3__14moveB8ne180100IPNS_12basic_stringIcNS_11char_traitsIcEENS_9allocatorIcEEEES7_EET0_T_S9_S8_
FNA:2,0,_ZNSt3__14moveB8ne180100IPPN7testing17TestEventListenerES4_EET0_T_S6_S5_
FNA:2,0,_ZNSt3__14moveB8ne180100IPPN7testing9TestSuiteES4_EET0_T_S6_S5_
FNA:2,0,_ZNSt3__14moveB8ne180100IPPcS2_EET0_T_S4_S3_
FNL:3,40,46
FNA:3,1,_ZNKSt3__111__move_loopINS_17_ClassicAlgPolicyEEclB8ne180100INS_16reverse_iteratorIPN7pyfolio8DateTimeEEES8_S8_EENS_4pairIT_T1_EESA_T0_SB_
FNA:3,0,_ZNKSt3__111__move_loopINS_17_ClassicAlgPolicyEEclB8ne180100INS_16reverse_iteratorIPN7testing8internal13edit_distance8EditTypeEEESA_SA_EENS_4pairIT_T1_EESC_T0_SD_
FNA:3,0,_ZNKSt3__111__move_loopINS_17_ClassicAlgPolicyEEclB8ne180100INS_16reverse_iteratorIPPN7testing11EnvironmentEEES9_S9_EENS_4pairIT_T1_EESB_T0_SC_
FNA:3,4,_ZNKSt3__111__move_loopINS_17_ClassicAlgPolicyEEclB8ne180100INS_16reverse_iteratorIPPN7testing17TestEventListenerEEES9_S9_EENS_4pairIT_T1_EESB_T0_SC_
FNA:3,23,_ZNKSt3__111__move_loopINS_17_ClassicAlgPolicyEEclB8ne180100INS_16reverse_iteratorIPPN7testing8TestInfoEEES9_S9_EENS_4pairIT_T1_EESB_T0_SC_
FNA:3,4,_ZNKSt3__111__move_loopINS_17_ClassicAlgPolicyEEclB8ne180100INS_16reverse_iteratorIPPN7testing9TestSuiteEEES9_S9_EENS_4pairIT_T1_EESB_T0_SC_
FNA:3,0,_ZNKSt3__111__move_loopINS_17_ClassicAlgPolicyEEclB8ne180100INS_16reverse_iteratorIPPcEES7_S7_EENS_4pairIT_T1_EES9_T0_SA_
FNA:3,25,_ZNKSt3__111__move_loopINS_17_ClassicAlgPolicyEEclB8ne180100INS_16reverse_iteratorIPdEES6_S6_EENS_4pairIT_T1_EES8_T0_S9_
FNA:3,27,_ZNKSt3__111__move_loopINS_17_ClassicAlgPolicyEEclB8ne180100INS_16reverse_iteratorIPiEES6_S6_EENS_4pairIT_T1_EES8_T0_S9_
FNA:3,0,_ZNKSt3__111__move_loopINS_17_ClassicAlgPolicyEEclB8ne180100INS_16reverse_iteratorIPmEES6_S6_EENS_4pairIT_T1_EES8_T0_S9_
FNA:3,12,_ZNKSt3__111__move_loopINS_17_ClassicAlgPolicyEEclB8ne180100IPNS_12basic_stringIcNS_11char_traitsIcEENS_9allocatorIcEEEESA_NS_15insert_iteratorINS_13unordered_setIS9_NS_4hashIS9_EENS_8equal_toIS9_EENS7_IS9_EEEEEEEENS_4pairIT_T1_EESL_T0_SM_
FNA:3,12,_ZNKSt3__111__move_loopINS_17_ClassicAlgPolicyEEclB8ne180100IPNS_12basic_stringIcNS_11char_traitsIcEENS_9allocatorIcEEEESA_NS_15insert_iteratorINS_6vectorIS9_NS7_IS9_EEEEEEEENS_4pairIT_T1_EESH_T0_SI_
FNA:3,0,_ZNKSt3__111__move_loopINS_17_ClassicAlgPolicyEEclB8ne180100IPNS_12basic_stringIcNS_11char_traitsIcEENS_9allocatorIcEEEESA_SA_EENS_4pairIT_T1_EESC_T0_SD_
FNF:4
FNH:3
DA:40,108
DA:41,388
DA:42,280
DA:43,280
DA:44,280
DA:46,108
DA:104,0
DA:105,0
DA:111,108
DA:112,108
DA:113,108
DA:118,108
DA:122,108
LF:13
LH:11
end_of_record
TN:
SF:/Library/Developer/CommandLineTools/SDKs/MacOSX.sdk/usr/include/c++/v1/__algorithm/move_backward.h
FNL:0,113,114
FNA:0,0,_ZNKSt3__123__move_backward_trivialclB8ne180100IPN7testing9TestSuiteES4_Li0EEENS_4pairIPT_PT0_EES7_S7_S9_
FNA:0,0,_ZNKSt3__123__move_backward_trivialclB8ne180100IPcS2_Li0EEENS_4pairIPT_PT0_EES5_S5_S7_
FNL:1,120,126
FNA:1,0,_ZNSt3__115__move_backwardB8ne180100INS_17_ClassicAlgPolicyEPNS_12basic_stringIcNS_11char_traitsIcEENS_9allocatorIcEEEES8_S8_EENS_4pairIT0_T2_EESA_T1_SB_
FNA:1,0,_ZNSt3__115__move_backwardB8ne180100INS_17_ClassicAlgPolicyEPPN7testing9TestSuiteES5_S5_EENS_4pairIT0_T2_EES7_T1_S8_
FNA:1,0,_ZNSt3__115__move_backwardB8ne180100INS_17_ClassicAlgPolicyEPPcS3_S3_EENS_4pairIT0_T2_EES5_T1_S6_
FNL:2,131,132
FNA:2,0,_ZNSt3__113move_backwardB8ne180100IPNS_12basic_stringIcNS_11char_traitsIcEENS_9allocatorIcEEEES7_EET0_T_S9_S8_
FNA:2,0,_ZNSt3__113move_backwardB8ne180100IPPN7testing9TestSuiteES4_EET0_T_S6_S5_
FNA:2,0,_ZNSt3__113move_backwardB8ne180100IPPcS2_EET0_T_S4_S3_
FNL:3,39,47
FNA:3,0,_ZNKSt3__120__move_backward_loopINS_17_ClassicAlgPolicyEEclB8ne180100IPNS_12basic_stringIcNS_11char_traitsIcEENS_9allocatorIcEEEESA_SA_EENS_4pairIT_T1_EESC_T0_SD_
FNF:4
FNH:0
DA:39,0
DA:40,0
DA:41,0
DA:43,0
DA:44,0
DA:47,0
DA:113,0
DA:114,0
DA:120,0
DA:125,0
DA:126,0
DA:131,0
DA:132,0
LF:13
LH:0
end_of_record
TN:
SF:/Library/Developer/CommandLineTools/SDKs/MacOSX.sdk/usr/include/c++/v1/__algorithm/partial_sort.h
FNL:0,35,54
FNA:0,0,_ZNSt3__119__partial_sort_implB8ne180100INS_17_ClassicAlgPolicyERZN7pyfolio10TimeSeriesIdE22sort_by_time_optimizedEvEUlRKT_RKT0_E_PNS_4pairINS2_8DateTimeEdEESG_EET1_SH_SH_T2_OS8_
FNL:1,58,70
FNA:1,0,_ZNSt3__114__partial_sortB8ne180100INS_17_ClassicAlgPolicyERZN7pyfolio10TimeSeriesIdE22sort_by_time_optimizedEvEUlRKT_RKT0_E_PNS_4pairINS2_8DateTimeEdEESG_EET1_SH_SH_T2_RS8_
FNF:2
FNH:0
DA:35,0
DA:37,0
DA:38,0
DA:41,0
DA:43,0
DA:44,0
DA:45,0
DA:46,0
DA:47,0
DA:48,0
DA:49,0
DA:50,0
DA:51,0
DA:53,0
DA:54,0
DA:58,0
DA:59,0
DA:60,0
DA:62,0
DA:64,0
DA:65,0
DA:67,0
DA:69,0
DA:70,0
LF:24
LH:0
end_of_record
TN:
SF:/Library/Developer/CommandLineTools/SDKs/MacOSX.sdk/usr/include/c++/v1/__algorithm/partition.h
FNL:0,50,69
FNA:0,12,_ZNSt3__116__partition_implB8ne180100IRPFbRKNS_12basic_stringIcNS_11char_traitsIcEENS_9allocatorIcEEEEENS_17_ClassicAlgPolicyENS_11__wrap_iterIPS6_EESF_EENS_4pairIT1_SH_EESH_T2_T_NS_26bidirectional_iterator_tagE
FNL:1,73,75
FNA:1,12,_ZNSt3__111__partitionB8ne180100INS_17_ClassicAlgPolicyENS_11__wrap_iterIPNS_12basic_stringIcNS_11char_traitsIcEENS_9allocatorIcEEEEEESA_RPFbRKS8_ENS_26random_access_iterator_tagEEENS_4pairIT0_SI_EESI_T1_OT2_T3_
FNL:2,80,83
FNA:2,12,_ZNSt3__19partitionB8ne180100INS_11__wrap_iterIPNS_12basic_stringIcNS_11char_traitsIcEENS_9allocatorIcEEEEEEPFbRKS7_EEET_SE_SE_T0_
FNF:3
FNH:3
DA:50,12
DA:51,12
DA:52,12
DA:54,12
DA:55,32
DA:56,32
DA:57,12
DA:58,20
DA:59,0
DA:60,20
DA:62,0
DA:63,0
DA:64,0
DA:65,0
DA:66,0
DA:67,0
DA:69,12
DA:73,12
DA:74,12
DA:75,12
DA:80,12
DA:82,12
DA:83,12
LF:23
LH:16
end_of_record
TN:
SF:/Library/Developer/CommandLineTools/SDKs/MacOSX.sdk/usr/include/c++/v1/__algorithm/pop_heap.h
FNL:0,35,59
FNA:0,0,_ZNSt3__110__pop_heapB8ne180100INS_17_ClassicAlgPolicyEZN7pyfolio10TimeSeriesIdE22sort_by_time_optimizedEvEUlRKT_RKT0_E_PNS_4pairINS2_8DateTimeEdEEEEvT1_SG_RS8_NS_15iterator_traitsISG_E15difference_typeE
FNF:1
FNH:0
DA:35,0
DA:42,0
DA:45,0
DA:46,0
DA:47,0
DA:48,0
DA:50,0
DA:51,0
DA:52,0
DA:53,0
DA:54,0
DA:55,0
DA:56,0
DA:58,0
DA:59,0
LF:15
LH:0
end_of_record
TN:
SF:/Library/Developer/CommandLineTools/SDKs/MacOSX.sdk/usr/include/c++/v1/__algorithm/push_heap.h
FNL:0,32,56
FNA:0,0,_ZNSt3__19__sift_upB8ne180100INS_17_ClassicAlgPolicyERZN7pyfolio10TimeSeriesIdE22sort_by_time_optimizedEvEUlRKT_RKT0_E_PNS_4pairINS2_8DateTimeEdEEEEvT1_SH_OS8_NS_15iterator_traitsISH_E15difference_typeE
FNF:1
FNH:0
DA:32,0
DA:38,0
DA:39,0
DA:40,0
DA:42,0
DA:43,0
DA:44,0
DA:45,0
DA:46,0
DA:47,0
DA:48,0
DA:49,0
DA:50,0
DA:51,0
DA:53,0
DA:54,0
DA:55,0
DA:56,0
LF:18
LH:0
end_of_record
TN:
SF:/Library/Developer/CommandLineTools/SDKs/MacOSX.sdk/usr/include/c++/v1/__algorithm/reverse.h
FNL:0,40,44
FNA:0,0,_ZNSt3__114__reverse_implB8ne180100INS_17_ClassicAlgPolicyENS_11__wrap_iterIPN7testing8internal13edit_distance8EditTypeEEEEEvT0_S9_NS_26random_access_iterator_tagE
FNL:1,47,50
FNA:1,0,_ZNSt3__19__reverseB8ne180100INS_17_ClassicAlgPolicyENS_11__wrap_iterIPN7testing8internal13edit_distance8EditTypeEEES8_EEvT0_T1_
FNL:2,54,56
FNA:2,0,_ZNSt3__17reverseB8ne180100INS_11__wrap_iterIPN7testing8internal13edit_distance8EditTypeEEEEEvT_S8_
FNF:3
FNH:0
DA:40,0
DA:41,0
DA:42,0
DA:43,0
DA:44,0
DA:47,0
DA:49,0
DA:50,0
DA:54,0
DA:55,0
DA:56,0
LF:11
LH:0
end_of_record
TN:
SF:/Library/Developer/CommandLineTools/SDKs/MacOSX.sdk/usr/include/c++/v1/__algorithm/sift_down.h
FNL:0,29,80
FNA:0,0,_ZNSt3__111__sift_downB8ne180100INS_17_ClassicAlgPolicyERZN7pyfolio10TimeSeriesIdE22sort_by_time_optimizedEvEUlRKT_RKT0_E_PNS_4pairINS2_8DateTimeEdEEEEvT1_OS8_NS_15iterator_traitsISH_E15difference_typeESH_
FNL:1,83,110
FNA:1,0,_ZNSt3__117__floyd_sift_downB8ne180100INS_17_ClassicAlgPolicyERZN7pyfolio10TimeSeriesIdE22sort_by_time_optimizedEvEUlRKT_RKT0_E_PNS_4pairINS2_8DateTimeEdEEEET1_SH_OS8_NS_15iterator_traitsISH_E15difference_typeE
FNF:2
FNH:0
DA:29,0
DA:39,0
DA:41,0
DA:42,0
DA:44,0
DA:45,0
DA:47,0
DA:49,0
DA:50,0
DA:51,0
DA:54,0
DA:56,0
DA:58,0
DA:59,0
DA:61,0
DA:62,0
DA:64,0
DA:65,0
DA:68,0
DA:69,0
DA:71,0
DA:73,0
DA:74,0
DA:75,0
DA:78,0
DA:79,0
DA:80,0
DA:83,0
DA:90,0
DA:91,0
DA:92,0
DA:94,0
DA:95,0
DA:96,0
DA:98,0
DA:100,0
DA:101,0
DA:102,0
DA:105,0
DA:106,0
DA:109,0
DA:110,0
LF:42
LH:0
end_of_record
TN:
SF:/Library/Developer/CommandLineTools/SDKs/MacOSX.sdk/usr/include/c++/v1/__algorithm/sort.h
FNL:0,1003,1005
FNA:0,0,_ZNSt3__14sortB8ne180100INS_11__wrap_iterIPNS_4pairIN7pyfolio8DateTimeEdEEEEZNS3_10TimeSeriesIdE22sort_by_time_optimizedEvEUlRKT_RKT0_E_EEvSA_SA_SD_
FNA:0,5,_ZNSt3__14sortB8ne180100INS_11__wrap_iterIPdEENS_6__lessIvvEEEEvT_S6_T0_
FNL:1,1009,1011
FNA:1,5,_ZNSt3__14sortB8ne180100INS_11__wrap_iterIPdEEEEvT_S4_
FNL:2,107,128
FNA:2,0,_ZNSt3__17__sort5B8ne180100INS_17_ClassicAlgPolicyERZN7pyfolio10TimeSeriesIdE22sort_by_time_optimizedEvEUlRKT_RKT0_E_PNS_4pairINS2_8DateTimeEdEEEEvT1_SH_SH_SH_SH_S8_
FNL:3,199,202
FNA:3,0,_ZNSt3__124__sort3_maybe_branchlessB8ne180100INS_17_ClassicAlgPolicyERZN7pyfolio10TimeSeriesIdE22sort_by_time_optimizedEvEUlRKT_RKT0_E_PNS_4pairINS2_8DateTimeEdEELi0EEEvT1_SH_SH_S8_
FNL:4,225,232
FNA:4,0,_ZNSt3__124__sort4_maybe_branchlessB8ne180100INS_17_ClassicAlgPolicyERZN7pyfolio10TimeSeriesIdE22sort_by_time_optimizedEvEUlRKT_RKT0_E_PNS_4pairINS2_8DateTimeEdEELi0EEEvT1_SH_SH_SH_S8_
FNL:5,257,266
FNA:5,0,_ZNSt3__124__sort5_maybe_branchlessB8ne180100INS_17_ClassicAlgPolicyERZN7pyfolio10TimeSeriesIdE22sort_by_time_optimizedEvEUlRKT_RKT0_E_PNS_4pairINS2_8DateTimeEdEELi0EEEvT1_SH_SH_SH_SH_S8_
FNL:6,284,305
FNA:6,0,_ZNSt3__116__insertion_sortB8ne180100INS_17_ClassicAlgPolicyERZN7pyfolio10TimeSeriesIdE22sort_by_time_optimizedEvEUlRKT_RKT0_E_PNS_4pairINS2_8DateTimeEdEEEEvT1_SH_S8_
FNL:7,314,338
FNA:7,0,_ZNSt3__126__insertion_sort_unguardedB8ne180100INS_17_ClassicAlgPolicyERZN7pyfolio10TimeSeriesIdE22sort_by_time_optimizedEvEUlRKT_RKT0_E_PNS_4pairINS2_8DateTimeEdEEEEvT1_SH_S8_
FNL:8,342,392
FNA:8,0,_ZNSt3__127__insertion_sort_incompleteB8ne180100INS_17_ClassicAlgPolicyERZN7pyfolio10TimeSeriesIdE22sort_by_time_optimizedEvEUlRKT_RKT0_E_PNS_4pairINS2_8DateTimeEdEEEEbT1_SH_S8_
FNL:9,395,408
FNA:9,0,_ZNSt3__117__swap_bitmap_posB8ne180100INS_17_ClassicAlgPolicyEPNS_4pairIN7pyfolio8DateTimeEdEEEEvT0_S7_RyS8_
FNL:10,414,424
FNA:10,0,_ZNSt3__122__populate_left_bitsetB8ne180100IRZN7pyfolio10TimeSeriesIdE22sort_by_time_optimizedEvEUlRKT_RKT0_E_PNS_4pairINS1_8DateTimeEdEESE_EEvS7_S4_RT1_Ry
FNL:11,430,440
FNA:11,0,_ZNSt3__123__populate_right_bitsetB8ne180100IRZN7pyfolio10TimeSeriesIdE22sort_by_time_optimizedEvEUlRKT_RKT0_E_PNS_4pairINS1_8DateTimeEdEESE_EEvS7_S4_RT1_Ry
FNL:12,446,490
FNA:12,0,_ZNSt3__133__bitset_partition_partial_blocksB8ne180100INS_17_ClassicAlgPolicyERZN7pyfolio10TimeSeriesIdE22sort_by_time_optimizedEvEUlRKT_RKT0_E_PNS_4pairINS2_8DateTimeEdEESF_EEvRT1_SI_S8_RT2_RySL_
FNL:13,493,523
FNA:13,0,_ZNSt3__124__swap_bitmap_pos_withinB8ne180100INS_17_ClassicAlgPolicyEPNS_4pairIN7pyfolio8DateTimeEdEEEEvRT0_S8_RyS9_
FNL:14,51,83
FNA:14,0,_ZNSt3__17__sort3B8ne180100INS_17_ClassicAlgPolicyERZN7pyfolio10TimeSeriesIdE22sort_by_time_optimizedEvEUlRKT_RKT0_E_PNS_4pairINS2_8DateTimeEdEEEEjT1_SH_SH_S8_
FNL:15,535,617
FNA:15,0,_ZNSt3__118__bitset_partitionB8ne180100INS_17_ClassicAlgPolicyEPNS_4pairIN7pyfolio8DateTimeEdEERZNS3_10TimeSeriesIdE22sort_by_time_optimizedEvEUlRKT_RKT0_E_EENS2_ISC_bEESC_SC_T1_
FNL:16,627,688
FNA:16,0,_ZNSt3__132__partition_with_equals_on_rightB8ne180100INS_17_ClassicAlgPolicyEPNS_4pairIN7pyfolio8DateTimeEdEERZNS3_10TimeSeriesIdE22sort_by_time_optimizedEvEUlRKT_RKT0_E_EENS2_ISC_bEESC_SC_T1_
FNL:17,695,747
FNA:17,0,_ZNSt3__131__partition_with_equals_on_leftB8ne180100INS_17_ClassicAlgPolicyEPNS_4pairIN7pyfolio8DateTimeEdEERZNS3_10TimeSeriesIdE22sort_by_time_optimizedEvEUlRKT_RKT0_E_EESC_SC_SC_T1_
FNL:18,758,870
FNA:18,0,_ZNSt3__111__introsortINS_17_ClassicAlgPolicyERZN7pyfolio10TimeSeriesIdE22sort_by_time_optimizedEvEUlRKT_RKT0_E_PNS_4pairINS2_8DateTimeEdEELb0EEEvT1_SH_S8_NS_15iterator_traitsISH_E15difference_typeEb
FNL:19,873,889
FNA:19,0,_ZNSt3__17__log2iB8ne180100IlEET_S1_
FNL:20,89,101
FNA:20,0,_ZNSt3__17__sort4B8ne180100INS_17_ClassicAlgPolicyERZN7pyfolio10TimeSeriesIdE22sort_by_time_optimizedEvEUlRKT_RKT0_E_PNS_4pairINS2_8DateTimeEdEEEEvT1_SH_SH_SH_S8_
FNL:21,922,933
FNA:21,0,_ZNSt3__115__sort_dispatchB8ne180100INS_17_ClassicAlgPolicyEPNS_4pairIN7pyfolio8DateTimeEdEEZNS3_10TimeSeriesIdE22sort_by_time_optimizedEvEUlRKT_RKT0_E_EEvSC_SC_RT1_
FNL:22,960,963
FNA:22,5,_ZNSt3__115__sort_dispatchB8ne180100INS_17_ClassicAlgPolicyEdLi0EEEvPT0_S3_RNS_6__lessIvvEE
FNL:23,989,999
FNA:23,0,_ZNSt3__111__sort_implB8ne180100INS_17_ClassicAlgPolicyENS_11__wrap_iterIPNS_4pairIN7pyfolio8DateTimeEdEEEEZNS4_10TimeSeriesIdE22sort_by_time_optimizedEvEUlRKT_RKT0_E_EEvSE_SE_RT1_
FNA:23,5,_ZNSt3__111__sort_implB8ne180100INS_17_ClassicAlgPolicyENS_11__wrap_iterIPdEENS_6__lessIvvEEEEvT0_S7_RT1_
FNF:24
FNH:4
DA:51,0
DA:54,0
DA:55,0
DA:57,0
DA:58,0
DA:60,0
DA:61,0
DA:62,0
DA:64,0
DA:65,0
DA:66,0
DA:67,0
DA:69,0
DA:71,0
DA:72,0
DA:73,0
DA:75,0
DA:76,0
DA:77,0
DA:79,0
DA:80,0
DA:81,0
DA:82,0
DA:83,0
DA:89,0
DA:91,0
DA:92,0
DA:93,0
DA:94,0
DA:95,0
DA:96,0
DA:97,0
DA:98,0
DA:99,0
DA:100,0
DA:101,0
DA:107,0
DA:115,0
DA:116,0
DA:117,0
DA:118,0
DA:119,0
DA:120,0
DA:121,0
DA:122,0
DA:123,0
DA:124,0
DA:125,0
DA:126,0
DA:127,0
DA:128,0
DA:199,0
DA:201,0
DA:202,0
DA:225,0
DA:231,0
DA:232,0
DA:257,0
DA:264,0
DA:265,0
DA:266,0
DA:284,0
DA:288,0
DA:289,0
DA:290,0
DA:291,0
DA:292,0
DA:293,0
DA:294,0
DA:295,0
DA:296,0
DA:297,0
DA:298,0
DA:299,0
DA:300,0
DA:301,0
DA:302,0
DA:303,0
DA:304,0
DA:305,0
DA:314,0
DA:318,0
DA:319,0
DA:320,0
DA:322,0
DA:323,0
DA:324,0
DA:325,0
DA:326,0
DA:327,0
DA:328,0
DA:329,0
DA:330,0
DA:334,0
DA:335,0
DA:336,0
DA:337,0
DA:338,0
DA:342,0
DA:346,0
DA:349,0
DA:351,0
DA:352,0
DA:353,0
DA:355,0
DA:356,0
DA:358,0
DA:359,0
DA:360,0
DA:362,0
DA:363,0
DA:364,0
DA:365,0
DA:366,0
DA:367,0
DA:368,0
DA:369,0
DA:372,0
DA:373,0
DA:374,0
DA:375,0
DA:376,0
DA:377,0
DA:378,0
DA:379,0
DA:380,0
DA:381,0
DA:382,0
DA:383,0
DA:384,0
DA:385,0
DA:386,0
DA:387,0
DA:388,0
DA:389,0
DA:390,0
DA:391,0
DA:392,0
DA:395,0
DA:401,0
DA:402,0
DA:403,0
DA:404,0
DA:405,0
DA:406,0
DA:408,0
DA:414,0
DA:417,0
DA:418,0
DA:419,0
DA:420,0
DA:421,0
DA:422,0
DA:424,0
DA:430,0
DA:433,0
DA:434,0
DA:435,0
DA:436,0
DA:437,0
DA:438,0
DA:440,0
DA:446,0
DA:454,0
DA:457,0
DA:458,0
DA:459,0
DA:460,0
DA:462,0
DA:463,0
DA:464,0
DA:465,0
DA:466,0
DA:469,0
DA:470,0
DA:471,0
DA:472,0
DA:473,0
DA:474,0
DA:475,0
DA:476,0
DA:479,0
DA:480,0
DA:481,0
DA:482,0
DA:483,0
DA:484,0
DA:485,0
DA:486,0
DA:487,0
DA:488,0
DA:489,0
DA:490,0
DA:493,0
DA:497,0
DA:500,0
DA:501,0
DA:502,0
DA:503,0
DA:504,0
DA:505,0
DA:506,0
DA:507,0
DA:509,0
DA:510,0
DA:513,0
DA:514,0
DA:515,0
DA:516,0
DA:517,0
DA:518,0
DA:519,0
DA:520,0
DA:522,0
DA:523,0
DA:535,0
DA:540,0
DA:541,0
DA:544,0
DA:546,0
DA:548,0
DA:549,0
DA:553,0
DA:554,0
DA:555,0
DA:559,0
DA:562,0
DA:566,0
DA:567,0
DA:568,0
DA:573,0
DA:574,0
DA:575,0
DA:576,0
DA:577,0
DA:581,0
DA:582,0
DA:583,0
DA:586,0
DA:589,0
DA:590,0
DA:593,0
DA:594,0
DA:597,0
DA:600,0
DA:601,0
DA:605,0
DA:606,0
DA:609,0
DA:612,0
DA:613,0
DA:614,0
DA:615,0
DA:616,0
DA:617,0
DA:627,0
DA:632,0
DA:633,0
DA:635,0
DA:639,0
DA:640,0
DA:644,0
DA:647,0
DA:648,0
DA:650,0
DA:652,0
DA:656,0
DA:657,0
DA:663,0
DA:667,0
DA:668,0
DA:669,0
DA:670,0
DA:674,0
DA:675,0
DA:679,0
DA:680,0
DA:683,0
DA:684,0
DA:685,0
DA:686,0
DA:687,0
DA:688,0
DA:695,0
DA:700,0
DA:701,0
DA:703,0
DA:704,0
DA:706,0
DA:707,0
DA:711,0
DA:712,0
DA:713,0
DA:717,0
DA:720,0
DA:724,0
DA:725,0
DA:726,0
DA:727,0
DA:728,0
DA:729,0
DA:730,0
DA:734,0
DA:735,0
DA:739,0
DA:740,0
DA:742,0
DA:743,0
DA:744,0
DA:745,0
DA:746,0
DA:747,0
DA:758,0
DA:767,0
DA:769,0
DA:770,0
DA:771,0
DA:772,0
DA:775,0
DA:777,0
DA:778,0
DA:779,0
DA:781,0
DA:782,0
DA:784,0
DA:785,0
DA:786,0
DA:788,0
DA:789,0
DA:790,0
DA:791,0
DA:792,0
DA:793,0
DA:794,0
DA:795,0
DA:798,0
DA:799,0
DA:800,0
DA:801,0
DA:802,0
DA:804,0
DA:806,0
DA:808,0
DA:809,0
DA:811,0
DA:813,0
DA:816,0
DA:817,0
DA:818,0
DA:819,0
DA:820,0
DA:821,0
DA:822,0
DA:823,0
DA:824,0
DA:825,0
DA:826,0
DA:837,0
DA:838,0
DA:839,0
DA:840,0
DA:843,0
DA:844,0
DA:845,0
DA:846,0
DA:847,0
DA:850,0
DA:851,0
DA:852,0
DA:853,0
DA:854,0
DA:855,0
DA:856,0
DA:858,0
DA:859,0
DA:860,0
DA:863,0
DA:865,0
DA:866,0
DA:867,0
DA:868,0
DA:870,0
DA:873,0
DA:874,0
DA:875,0
DA:879,0
DA:889,0
DA:922,0
DA:924,0
DA:929,0
DA:932,0
DA:933,0
DA:960,5
DA:962,5
DA:963,5
DA:989,5
DA:990,5
DA:996,5
DA:998,5
DA:999,5
DA:1003,5
DA:1004,5
DA:1005,5
DA:1009,5
DA:1010,5
DA:1011,5
LF:406
LH:14
end_of_record
TN:
SF:/Library/Developer/CommandLineTools/SDKs/MacOSX.sdk/usr/include/c++/v1/__algorithm/sort_heap.h
FNL:0,34,42
FNA:0,0,_ZNSt3__111__sort_heapB8ne180100INS_17_ClassicAlgPolicyERZN7pyfolio10TimeSeriesIdE22sort_by_time_optimizedEvEUlRKT_RKT0_E_PNS_4pairINS2_8DateTimeEdEEEEvT1_SH_OS8_
FNF:1
FNH:0
DA:34,0
DA:35,0
DA:36,0
DA:39,0
DA:40,0
DA:41,0
DA:42,0
LF:7
LH:0
end_of_record
TN:
SF:/Library/Developer/CommandLineTools/SDKs/MacOSX.sdk/usr/include/c++/v1/__algorithm/unwrap_iter.h
FNL:0,39,39
FNA:0,12,_ZNSt3__118__unwrap_iter_implINS_15insert_iteratorINS_13unordered_setINS_12basic_stringIcNS_11char_traitsIcEENS_9allocatorIcEEEENS_4hashIS8_EENS_8equal_toIS8_EENS6_IS8_EEEEEELb0EE8__rewrapB8ne180100ESF_SF_
FNA:0,12,_ZNSt3__118__unwrap_iter_implINS_15insert_iteratorINS_6vectorINS_12basic_stringIcNS_11char_traitsIcEENS_9allocatorIcEEEENS6_IS8_EEEEEELb0EE8__rewrapB8ne180100ESB_SB_
FNA:0,2,_ZNSt3__118__unwrap_iter_implINS_16reverse_iteratorIPN7pyfolio8DateTimeEEELb0EE8__rewrapB8ne180100ES5_S5_
FNA:0,0,_ZNSt3__118__unwrap_iter_implINS_16reverse_iteratorIPN7testing8internal13edit_distance8EditTypeEEELb0EE8__rewrapB8ne180100ES7_S7_
FNA:0,0,_ZNSt3__118__unwrap_iter_implINS_16reverse_iteratorIPPN7testing11EnvironmentEEELb0EE8__rewrapB8ne180100ES6_S6_
FNA:0,8,_ZNSt3__118__unwrap_iter_implINS_16reverse_iteratorIPPN7testing17TestEventListenerEEELb0EE8__rewrapB8ne180100ES6_S6_
FNA:0,46,_ZNSt3__118__unwrap_iter_implINS_16reverse_iteratorIPPN7testing8TestInfoEEELb0EE8__rewrapB8ne180100ES6_S6_
FNA:0,8,_ZNSt3__118__unwrap_iter_implINS_16reverse_iteratorIPPN7testing9TestSuiteEEELb0EE8__rewrapB8ne180100ES6_S6_
FNA:0,0,_ZNSt3__118__unwrap_iter_implINS_16reverse_iteratorIPPcEELb0EE8__rewrapB8ne180100ES4_S4_
FNA:0,50,_ZNSt3__118__unwrap_iter_implINS_16reverse_iteratorIPdEELb0EE8__rewrapB8ne180100ES3_S3_
FNA:0,54,_ZNSt3__118__unwrap_iter_implINS_16reverse_iteratorIPiEELb0EE8__rewrapB8ne180100ES3_S3_
FNA:0,0,_ZNSt3__118__unwrap_iter_implINS_16reverse_iteratorIPmEELb0EE8__rewrapB8ne180100ES3_S3_
FNL:1,40,40
FNA:1,12,_ZNSt3__118__unwrap_iter_implINS_15insert_iteratorINS_13unordered_setINS_12basic_stringIcNS_11char_traitsIcEENS_9allocatorIcEEEENS_4hashIS8_EENS_8equal_toIS8_EENS6_IS8_EEEEEELb0EE8__unwrapB8ne180100ESF_
FNA:1,12,_ZNSt3__118__unwrap_iter_implINS_15insert_iteratorINS_6vectorINS_12basic_stringIcNS_11char_traitsIcEENS_9allocatorIcEEEENS6_IS8_EEEEEELb0EE8__unwrapB8ne180100ESB_
FNA:1,3,_ZNSt3__118__unwrap_iter_implINS_16reverse_iteratorIPN7pyfolio8DateTimeEEELb0EE8__unwrapB8ne180100ES5_
FNA:1,0,_ZNSt3__118__unwrap_iter_implINS_16reverse_iteratorIPN7testing8internal13edit_distance8EditTypeEEELb0EE8__unwrapB8ne180100ES7_
FNA:1,0,_ZNSt3__118__unwrap_iter_implINS_16reverse_iteratorIPPN7testing11EnvironmentEEELb0EE8__unwrapB8ne180100ES6_
FNA:1,12,_ZNSt3__118__unwrap_iter_implINS_16reverse_iteratorIPPN7testing17TestEventListenerEEELb0EE8__unwrapB8ne180100ES6_
FNA:1,69,_ZNSt3__118__unwrap_iter_implINS_16reverse_iteratorIPPN7testing8TestInfoEEELb0EE8__unwrapB8ne180100ES6_
FNA:1,12,_ZNSt3__118__unwrap_iter_implINS_16reverse_iteratorIPPN7testing9TestSuiteEEELb0EE8__unwrapB8ne180100ES6_
FNA:1,0,_ZNSt3__118__unwrap_iter_implINS_16reverse_iteratorIPPcEELb0EE8__unwrapB8ne180100ES4_
FNA:1,75,_ZNSt3__118__unwrap_iter_implINS_16reverse_iteratorIPdEELb0EE8__unwrapB8ne180100ES3_
FNA:1,81,_ZNSt3__118__unwrap_iter_implINS_16reverse_iteratorIPiEELb0EE8__unwrapB8ne180100ES3_
FNA:1,0,_ZNSt3__118__unwrap_iter_implINS_16reverse_iteratorIPmEELb0EE8__unwrapB8ne180100ES3_
FNL:2,51,52
FNA:2,0,_ZNSt3__118__unwrap_iter_implINS_11__wrap_iterIPKNS_12basic_stringIcNS_11char_traitsIcEENS_9allocatorIcEEEEEELb1EE8__rewrapB8ne180100ESA_S9_
FNA:2,24,_ZNSt3__118__unwrap_iter_implINS_11__wrap_iterIPNS_12basic_stringIcNS_11char_traitsIcEENS_9allocatorIcEEEEEELb1EE8__rewrapB8ne180100ES9_S8_
FNA:2,37,_ZNSt3__118__unwrap_iter_implIPKN7pyfolio8DateTimeELb1EE8__rewrapB8ne180100ES4_S4_
FNA:2,0,_ZNSt3__118__unwrap_iter_implIPKNS_3mapINS_12basic_stringIcNS_11char_traitsIcEENS_9allocatorIcEEEEdNS_4lessIS7_EENS5_INS_4pairIKS7_dEEEEEELb1EE8__rewrapB8ne180100ESG_SG_
FNA:2,154,_ZNSt3__118__unwrap_iter_implIPKcLb1EE8__rewrapB8ne180100ES2_S2_
FNA:2,75,_ZNSt3__118__unwrap_iter_implIPKdLb1EE8__rewrapB8ne180100ES2_S2_
FNA:2,374,_ZNSt3__118__unwrap_iter_implIPN7pyfolio8DateTimeELb1EE8__rewrapB8ne180100ES3_S3_
FNA:2,0,_ZNSt3__118__unwrap_iter_implIPN7testing8internal13edit_distance8EditTypeELb1EE8__rewrapB8ne180100ES5_S5_
FNA:2,4,_ZNSt3__118__unwrap_iter_implIPNS_12basic_stringIcNS_11char_traitsIcEENS_9allocatorIcEEEELb1EE8__rewrapB8ne180100ES7_S7_
FNA:2,18,_ZNSt3__118__unwrap_iter_implIPNS_3mapINS_12basic_stringIcNS_11char_traitsIcEENS_9allocatorIcEEEEdNS_4lessIS7_EENS5_INS_4pairIKS7_dEEEEEELb1EE8__rewrapB8ne180100ESF_SF_
FNA:2,0,_ZNSt3__118__unwrap_iter_implIPPN7testing17TestEventListenerELb1EE8__rewrapB8ne180100ES4_S4_
FNA:2,0,_ZNSt3__118__unwrap_iter_implIPPN7testing9TestSuiteELb1EE8__rewrapB8ne180100ES4_S4_
FNA:2,0,_ZNSt3__118__unwrap_iter_implIPPcLb1EE8__rewrapB8ne180100ES2_S2_
FNA:2,154,_ZNSt3__118__unwrap_iter_implIPcLb1EE8__rewrapB8ne180100ES1_S1_
FNA:2,477,_ZNSt3__118__unwrap_iter_implIPdLb1EE8__rewrapB8ne180100ES1_S1_
FNL:3,55,56
FNA:3,0,_ZNSt3__118__unwrap_iter_implINS_11__wrap_iterIPKNS_12basic_stringIcNS_11char_traitsIcEENS_9allocatorIcEEEEEELb1EE8__unwrapB8ne180100ESA_
FNA:3,6,_ZNSt3__118__unwrap_iter_implINS_11__wrap_iterIPKdEELb1EE8__unwrapB8ne180100ES4_
FNA:3,48,_ZNSt3__118__unwrap_iter_implINS_11__wrap_iterIPNS_12basic_stringIcNS_11char_traitsIcEENS_9allocatorIcEEEEEELb1EE8__unwrapB8ne180100ES9_
FNA:3,0,_ZNSt3__118__unwrap_iter_implINS_11__wrap_iterIPNS_4pairIN7pyfolio8DateTimeEdEEEELb1EE8__unwrapB8ne180100ES7_
FNA:3,20,_ZNSt3__118__unwrap_iter_implINS_11__wrap_iterIPdEELb1EE8__unwrapB8ne180100ES3_
FNA:3,148,_ZNSt3__118__unwrap_iter_implIPKN7pyfolio8DateTimeELb1EE8__unwrapB8ne180100ES4_
FNA:3,36,_ZNSt3__118__unwrap_iter_implIPKNS_3mapINS_12basic_stringIcNS_11char_traitsIcEENS_9allocatorIcEEEEdNS_4lessIS7_EENS5_INS_4pairIKS7_dEEEEEELb1EE8__unwrapB8ne180100ESG_
FNA:3,0,_ZNSt3__118__unwrap_iter_implIPKPKcLb1EE8__unwrapB8ne180100ES4_
FNA:3,308,_ZNSt3__118__unwrap_iter_implIPKcLb1EE8__unwrapB8ne180100ES2_
FNA:3,294,_ZNSt3__118__unwrap_iter_implIPKdLb1EE8__unwrapB8ne180100ES2_
FNA:3,674,_ZNSt3__118__unwrap_iter_implIPN7pyfolio8DateTimeELb1EE8__unwrapB8ne180100ES3_
FNA:3,0,_ZNSt3__118__unwrap_iter_implIPN7testing8internal13edit_distance8EditTypeELb1EE8__unwrapB8ne180100ES5_
FNA:3,12,_ZNSt3__118__unwrap_iter_implIPNS_12basic_stringIcNS_11char_traitsIcEENS_9allocatorIcEEEELb1EE8__unwrapB8ne180100ES7_
FNA:3,18,_ZNSt3__118__unwrap_iter_implIPNS_3mapINS_12basic_stringIcNS_11char_traitsIcEENS_9allocatorIcEEEEdNS_4lessIS7_EENS5_INS_4pairIKS7_dEEEEEELb1EE8__unwrapB8ne180100ESF_
FNA:3,0,_ZNSt3__118__unwrap_iter_implIPPN7testing17TestEventListenerELb1EE8__unwrapB8ne180100ES4_
FNA:3,0,_ZNSt3__118__unwrap_iter_implIPPN7testing9TestSuiteELb1EE8__unwrapB8ne180100ES4_
FNA:3,0,_ZNSt3__118__unwrap_iter_implIPPcLb1EE8__unwrapB8ne180100ES2_
FNA:3,154,_ZNSt3__118__unwrap_iter_implIPcLb1EE8__unwrapB8ne180100ES1_
FNA:3,804,_ZNSt3__118__unwrap_iter_implIPdLb1EE8__unwrapB8ne180100ES1_
FNL:4,64,65
FNA:4,0,_ZNSt3__113__unwrap_iterB8ne180100INS_11__wrap_iterIPKNS_12basic_stringIcNS_11char_traitsIcEENS_9allocatorIcEEEEEENS_18__unwrap_iter_implISA_Lb1EEELi0EEEDTclsrT0_8__unwrapclsr3stdE7declvalIT_EEEESE_
FNA:4,6,_ZNSt3__113__unwrap_iterB8ne180100INS_11__wrap_iterIPKdEENS_18__unwrap_iter_implIS4_Lb1EEELi0EEEDTclsrT0_8__unwrapclsr3stdE7declvalIT_EEEES8_
FNA:4,48,_ZNSt3__113__unwrap_iterB8ne180100INS_11__wrap_iterIPNS_12basic_stringIcNS_11char_traitsIcEENS_9allocatorIcEEEEEENS_18__unwrap_iter_implIS9_Lb1EEELi0EEEDTclsrT0_8__unwrapclsr3stdE7declvalIT_EEEESD_
FNA:4,0,_ZNSt3__113__unwrap_iterB8ne180100INS_11__wrap_iterIPNS_4pairIN7pyfolio8DateTimeEdEEEENS_18__unwrap_iter_implIS7_Lb1EEELi0EEEDTclsrT0_8__unwrapclsr3stdE7declvalIT_EEEESB_
FNA:4,20,_ZNSt3__113__unwrap_iterB8ne180100INS_11__wrap_iterIPdEENS_18__unwrap_iter_implIS3_Lb1EEELi0EEEDTclsrT0_8__unwrapclsr3stdE7declvalIT_EEEES7_
FNA:4,12,_ZNSt3__113__unwrap_iterB8ne180100INS_15insert_iteratorINS_13unordered_setINS_12basic_stringIcNS_11char_traitsIcEENS_9allocatorIcEEEENS_4hashIS8_EENS_8equal_toIS8_EENS6_IS8_EEEEEENS_18__unwrap_iter_implISF_Lb0EEELi0EEEDTclsrT0_8__unwrapclsr3stdE7declvalIT_EEEESJ_
FNA:4,12,_ZNSt3__113__unwrap_iterB8ne180100INS_15insert_iteratorINS_6vectorINS_12basic_stringIcNS_11char_traitsIcEENS_9allocatorIcEEEENS6_IS8_EEEEEENS_18__unwrap_iter_implISB_Lb0EEELi0EEEDTclsrT0_8__unwrapclsr3stdE7declvalIT_EEEESF_
FNA:4,3,_ZNSt3__113__unwrap_iterB8ne180100INS_16reverse_iteratorIPN7pyfolio8DateTimeEEENS_18__unwrap_iter_implIS5_Lb0EEELi0EEEDTclsrT0_8__unwrapclsr3stdE7declvalIT_EEEES9_
FNA:4,0,_ZNSt3__113__unwrap_iterB8ne180100INS_16reverse_iteratorIPN7testing8internal13edit_distance8EditTypeEEENS_18__unwrap_iter_implIS7_Lb0EEELi0EEEDTclsrT0_8__unwrapclsr3stdE7declvalIT_EEEESB_
FNA:4,0,_ZNSt3__113__unwrap_iterB8ne180100INS_16reverse_iteratorIPPN7testing11EnvironmentEEENS_18__unwrap_iter_implIS6_Lb0EEELi0EEEDTclsrT0_8__unwrapclsr3stdE7declvalIT_EEEESA_
FNA:4,12,_ZNSt3__113__unwrap_iterB8ne180100INS_16reverse_iteratorIPPN7testing17TestEventListenerEEENS_18__unwrap_iter_implIS6_Lb0EEELi0EEEDTclsrT0_8__unwrapclsr3stdE7declvalIT_EEEESA_
FNA:4,69,_ZNSt3__113__unwrap_iterB8ne180100INS_16reverse_iteratorIPPN7testing8TestInfoEEENS_18__unwrap_iter_implIS6_Lb0EEELi0EEEDTclsrT0_8__unwrapclsr3stdE7declvalIT_EEEESA_
FNA:4,12,_ZNSt3__113__unwrap_iterB8ne180100INS_16reverse_iteratorIPPN7testing9TestSuiteEEENS_18__unwrap_iter_implIS6_Lb0EEELi0EEEDTclsrT0_8__unwrapclsr3stdE7declvalIT_EEEESA_
FNA:4,0,_ZNSt3__113__unwrap_iterB8ne180100INS_16reverse_iteratorIPPcEENS_18__unwrap_iter_implIS4_Lb0EEELi0EEEDTclsrT0_8__unwrapclsr3stdE7declvalIT_EEEES8_
FNA:4,75,_ZNSt3__113__unwrap_iterB8ne180100INS_16reverse_iteratorIPdEENS_18__unwrap_iter_implIS3_Lb0EEELi0EEEDTclsrT0_8__unwrapclsr3stdE7declvalIT_EEEES7_
FNA:4,81,_ZNSt3__113__unwrap_iterB8ne180100INS_16reverse_iteratorIPiEENS_18__unwrap_iter_implIS3_Lb0EEELi0EEEDTclsrT0_8__unwrapclsr3stdE7declvalIT_EEEES7_
FNA:4,0,_ZNSt3__113__unwrap_iterB8ne180100INS_16reverse_iteratorIPmEENS_18__unwrap_iter_implIS3_Lb0EEELi0EEEDTclsrT0_8__unwrapclsr3stdE7declvalIT_EEEES7_
FNA:4,148,_ZNSt3__113__unwrap_iterB8ne180100IPKN7pyfolio8DateTimeENS_18__unwrap_iter_implIS4_Lb1EEELi0EEEDTclsrT0_8__unwrapclsr3stdE7declvalIT_EEEES8_
FNA:4,36,_ZNSt3__113__unwrap_iterB8ne180100IPKNS_3mapINS_12basic_stringIcNS_11char_traitsIcEENS_9allocatorIcEEEEdNS_4lessIS7_EENS5_INS_4pairIKS7_dEEEEEENS_18__unwrap_iter_implISG_Lb1EEELi0EEEDTclsrT0_8__unwrapclsr3stdE7declvalIT_EEEESK_
FNA:4,0,_ZNSt3__113__unwrap_iterB8ne180100IPKPKcNS_18__unwrap_iter_implIS4_Lb1EEELi0EEEDTclsrT0_8__unwrapclsr3stdE7declvalIT_EEEES8_
FNA:4,308,_ZNSt3__113__unwrap_iterB8ne180100IPKcNS_18__unwrap_iter_implIS2_Lb1EEELi0EEEDTclsrT0_8__unwrapclsr3stdE7declvalIT_EEEES6_
FNA:4,294,_ZNSt3__113__unwrap_iterB8ne180100IPKdNS_18__unwrap_iter_implIS2_Lb1EEELi0EEEDTclsrT0_8__unwrapclsr3stdE7declvalIT_EEEES6_
FNA:4,674,_ZNSt3__113__unwrap_iterB8ne180100IPN7pyfolio8DateTimeENS_18__unwrap_iter_implIS3_Lb1EEELi0EEEDTclsrT0_8__unwrapclsr3stdE7declvalIT_EEEES7_
FNA:4,0,_ZNSt3__113__unwrap_iterB8ne180100IPN7testing8internal13edit_distance8EditTypeENS_18__unwrap_iter_implIS5_Lb1EEELi0EEEDTclsrT0_8__unwrapclsr3stdE7declvalIT_EEEES9_
FNA:4,12,_ZNSt3__113__unwrap_iterB8ne180100IPNS_12basic_stringIcNS_11char_traitsIcEENS_9allocatorIcEEEENS_18__unwrap_iter_implIS7_Lb1EEELi0EEEDTclsrT0_8__unwrapclsr3stdE7declvalIT_EEEESB_
FNA:4,18,_ZNSt3__113__unwrap_iterB8ne180100IPNS_3mapINS_12basic_stringIcNS_11char_traitsIcEENS_9allocatorIcEEEEdNS_4lessIS7_EENS5_INS_4pairIKS7_dEEEEEENS_18__unwrap_iter_implISF_Lb1EEELi0EEEDTclsrT0_8__unwrapclsr3stdE7declvalIT_EEEESJ_
FNA:4,0,_ZNSt3__113__unwrap_iterB8ne180100IPPN7testing17TestEventListenerENS_18__unwrap_iter_implIS4_Lb1EEELi0EEEDTclsrT0_8__unwrapclsr3stdE7declvalIT_EEEES8_
FNA:4,0,_ZNSt3__113__unwrap_iterB8ne180100IPPN7testing9TestSuiteENS_18__unwrap_iter_implIS4_Lb1EEELi0EEEDTclsrT0_8__unwrapclsr3stdE7declvalIT_EEEES8_
FNA:4,0,_ZNSt3__113__unwrap_iterB8ne180100IPPcNS_18__unwrap_iter_implIS2_Lb1EEELi0EEEDTclsrT0_8__unwrapclsr3stdE7declvalIT_EEEES6_
FNA:4,154,_ZNSt3__113__unwrap_iterB8ne180100IPcNS_18__unwrap_iter_implIS1_Lb1EEELi0EEEDTclsrT0_8__unwrapclsr3stdE7declvalIT_EEEES5_
FNA:4,804,_ZNSt3__113__unwrap_iterB8ne180100IPdNS_18__unwrap_iter_implIS1_Lb1EEELi0EEEDTclsrT0_8__unwrapclsr3stdE7declvalIT_EEEES5_
FNL:5,77,78
FNA:5,0,_ZNSt3__113__rewrap_iterB8ne180100INS_11__wrap_iterIPKNS_12basic_stringIcNS_11char_traitsIcEENS_9allocatorIcEEEEEES9_NS_18__unwrap_iter_implISA_Lb1EEEEET_SD_T0_
FNA:5,24,_ZNSt3__113__rewrap_iterB8ne180100INS_11__wrap_iterIPNS_12basic_stringIcNS_11char_traitsIcEENS_9allocatorIcEEEEEES8_NS_18__unwrap_iter_implIS9_Lb1EEEEET_SC_T0_
FNA:5,12,_ZNSt3__113__rewrap_iterB8ne180100INS_15insert_iteratorINS_13unordered_setINS_12basic_stringIcNS_11char_traitsIcEENS_9allocatorIcEEEENS_4hashIS8_EENS_8equal_toIS8_EENS6_IS8_EEEEEESF_NS_18__unwrap_iter_implISF_Lb0EEEEET_SI_T0_
FNA:5,12,_ZNSt3__113__rewrap_iterB8ne180100INS_15insert_iteratorINS_6vectorINS_12basic_stringIcNS_11char_traitsIcEENS_9allocatorIcEEEENS6_IS8_EEEEEESB_NS_18__unwrap_iter_implISB_Lb0EEEEET_SE_T0_
FNA:5,2,_ZNSt3__113__rewrap_iterB8ne180100INS_16reverse_iteratorIPN7pyfolio8DateTimeEEES5_NS_18__unwrap_iter_implIS5_Lb0EEEEET_S8_T0_
FNA:5,0,_ZNSt3__113__rewrap_iterB8ne180100INS_16reverse_iteratorIPN7testing8internal13edit_distance8EditTypeEEES7_NS_18__unwrap_iter_implIS7_Lb0EEEEET_SA_T0_
FNA:5,0,_ZNSt3__113__rewrap_iterB8ne180100INS_16reverse_iteratorIPPN7testing11EnvironmentEEES6_NS_18__unwrap_iter_implIS6_Lb0EEEEET_S9_T0_
FNA:5,8,_ZNSt3__113__rewrap_iterB8ne180100INS_16reverse_iteratorIPPN7testing17TestEventListenerEEES6_NS_18__unwrap_iter_implIS6_Lb0EEEEET_S9_T0_
FNA:5,46,_ZNSt3__113__rewrap_iterB8ne180100INS_16reverse_iteratorIPPN7testing8TestInfoEEES6_NS_18__unwrap_iter_implIS6_Lb0EEEEET_S9_T0_
FNA:5,8,_ZNSt3__113__rewrap_iterB8ne180100INS_16reverse_iteratorIPPN7testing9TestSuiteEEES6_NS_18__unwrap_iter_implIS6_Lb0EEEEET_S9_T0_
FNA:5,0,_ZNSt3__113__rewrap_iterB8ne180100INS_16reverse_iteratorIPPcEES4_NS_18__unwrap_iter_implIS4_Lb0EEEEET_S7_T0_
FNA:5,50,_ZNSt3__113__rewrap_iterB8ne180100INS_16reverse_iteratorIPdEES3_NS_18__unwrap_iter_implIS3_Lb0EEEEET_S6_T0_
FNA:5,54,_ZNSt3__113__rewrap_iterB8ne180100INS_16reverse_iteratorIPiEES3_NS_18__unwrap_iter_implIS3_Lb0EEEEET_S6_T0_
FNA:5,0,_ZNSt3__113__rewrap_iterB8ne180100INS_16reverse_iteratorIPmEES3_NS_18__unwrap_iter_implIS3_Lb0EEEEET_S6_T0_
FNA:5,37,_ZNSt3__113__rewrap_iterB8ne180100IPKN7pyfolio8DateTimeES4_NS_18__unwrap_iter_implIS4_Lb1EEEEET_S7_T0_
FNA:5,0,_ZNSt3__113__rewrap_iterB8ne180100IPKNS_3mapINS_12basic_stringIcNS_11char_traitsIcEENS_9allocatorIcEEEEdNS_4lessIS7_EENS5_INS_4pairIKS7_dEEEEEESG_NS_18__unwrap_iter_implISG_Lb1EEEEET_SJ_T0_
FNA:5,154,_ZNSt3__113__rewrap_iterB8ne180100IPKcS2_NS_18__unwrap_iter_implIS2_Lb1EEEEET_S5_T0_
FNA:5,75,_ZNSt3__113__rewrap_iterB8ne180100IPKdS2_NS_18__unwrap_iter_implIS2_Lb1EEEEET_S5_T0_
FNA:5,374,_ZNSt3__113__rewrap_iterB8ne180100IPN7pyfolio8DateTimeES3_NS_18__unwrap_iter_implIS3_Lb1EEEEET_S6_T0_
FNA:5,0,_ZNSt3__113__rewrap_iterB8ne180100IPN7testing8internal13edit_distance8EditTypeES5_NS_18__unwrap_iter_implIS5_Lb1EEEEET_S8_T0_
FNA:5,4,_ZNSt3__113__rewrap_iterB8ne180100IPNS_12basic_stringIcNS_11char_traitsIcEENS_9allocatorIcEEEES7_NS_18__unwrap_iter_implIS7_Lb1EEEEET_SA_T0_
FNA:5,18,_ZNSt3__113__rewrap_iterB8ne180100IPNS_3mapINS_12basic_stringIcNS_11char_traitsIcEENS_9allocatorIcEEEEdNS_4lessIS7_EENS5_INS_4pairIKS7_dEEEEEESF_NS_18__unwrap_iter_implISF_Lb1EEEEET_SI_T0_
FNA:5,0,_ZNSt3__113__rewrap_iterB8ne180100IPPN7testing17TestEventListenerES4_NS_18__unwrap_iter_implIS4_Lb1EEEEET_S7_T0_
FNA:5,0,_ZNSt3__113__rewrap_iterB8ne180100IPPN7testing9TestSuiteES4_NS_18__unwrap_iter_implIS4_Lb1EEEEET_S7_T0_
FNA:5,0,_ZNSt3__113__rewrap_iterB8ne180100IPPcS2_NS_18__unwrap_iter_implIS2_Lb1EEEEET_S5_T0_
FNA:5,154,_ZNSt3__113__rewrap_iterB8ne180100IPcS1_NS_18__unwrap_iter_implIS1_Lb1EEEEET_S4_T0_
FNA:5,477,_ZNSt3__113__rewrap_iterB8ne180100IPdS1_NS_18__unwrap_iter_implIS1_Lb1EEEEET_S4_T0_
FNF:6
FNH:6
DA:39,192
DA:40,276
DA:51,1317
DA:52,1317
DA:55,2522
DA:56,2522
DA:64,2798
DA:65,2798
DA:77,1509
DA:78,1509
LF:10
LH:10
end_of_record
TN:
SF:/Library/Developer/CommandLineTools/SDKs/MacOSX.sdk/usr/include/c++/v1/__algorithm/unwrap_range.h
FNL:0,64,65
FNA:0,0,_ZNSt3__119__unwrap_range_implINS_11__wrap_iterIPKNS_12basic_stringIcNS_11char_traitsIcEENS_9allocatorIcEEEEEESA_E8__unwrapB8ne180100ESA_SA_
FNA:0,3,_ZNSt3__119__unwrap_range_implINS_11__wrap_iterIPKdEES4_E8__unwrapB8ne180100ES4_S4_
FNA:0,24,_ZNSt3__119__unwrap_range_implINS_11__wrap_iterIPNS_12basic_stringIcNS_11char_traitsIcEENS_9allocatorIcEEEEEES9_E8__unwrapB8ne180100ES9_S9_
FNA:0,1,_ZNSt3__119__unwrap_range_implINS_16reverse_iteratorIPN7pyfolio8DateTimeEEES5_E8__unwrapB8ne180100ES5_S5_
FNA:0,0,_ZNSt3__119__unwrap_range_implINS_16reverse_iteratorIPN7testing8internal13edit_distance8EditTypeEEES7_E8__unwrapB8ne180100ES7_S7_
FNA:0,0,_ZNSt3__119__unwrap_range_implINS_16reverse_iteratorIPPN7testing11EnvironmentEEES6_E8__unwrapB8ne180100ES6_S6_
FNA:0,4,_ZNSt3__119__unwrap_range_implINS_16reverse_iteratorIPPN7testing17TestEventListenerEEES6_E8__unwrapB8ne180100ES6_S6_
FNA:0,23,_ZNSt3__119__unwrap_range_implINS_16reverse_iteratorIPPN7testing8TestInfoEEES6_E8__unwrapB8ne180100ES6_S6_
FNA:0,4,_ZNSt3__119__unwrap_range_implINS_16reverse_iteratorIPPN7testing9TestSuiteEEES6_E8__unwrapB8ne180100ES6_S6_
FNA:0,0,_ZNSt3__119__unwrap_range_implINS_16reverse_iteratorIPPcEES4_E8__unwrapB8ne180100ES4_S4_
FNA:0,25,_ZNSt3__119__unwrap_range_implINS_16reverse_iteratorIPdEES3_E8__unwrapB8ne180100ES3_S3_
FNA:0,27,_ZNSt3__119__unwrap_range_implINS_16reverse_iteratorIPiEES3_E8__unwrapB8ne180100ES3_S3_
FNA:0,0,_ZNSt3__119__unwrap_range_implINS_16reverse_iteratorIPmEES3_E8__unwrapB8ne180100ES3_S3_
FNA:0,74,_ZNSt3__119__unwrap_range_implIPKN7pyfolio8DateTimeES4_E8__unwrapB8ne180100ES4_S4_
FNA:0,18,_ZNSt3__119__unwrap_range_implIPKNS_3mapINS_12basic_stringIcNS_11char_traitsIcEENS_9allocatorIcEEEEdNS_4lessIS7_EENS5_INS_4pairIKS7_dEEEEEESG_E8__unwrapB8ne180100ESG_SG_
FNA:0,0,_ZNSt3__119__unwrap_range_implIPKPKcS4_E8__unwrapB8ne180100ES4_S4_
FNA:0,154,_ZNSt3__119__unwrap_range_implIPKcS2_E8__unwrapB8ne180100ES2_S2_
FNA:0,147,_ZNSt3__119__unwrap_range_implIPKdS2_E8__unwrapB8ne180100ES2_S2_
FNA:0,200,_ZNSt3__119__unwrap_range_implIPN7pyfolio8DateTimeES3_E8__unwrapB8ne180100ES3_S3_
FNA:0,0,_ZNSt3__119__unwrap_range_implIPN7testing8internal13edit_distance8EditTypeES5_E8__unwrapB8ne180100ES5_S5_
FNA:0,4,_ZNSt3__119__unwrap_range_implIPNS_12basic_stringIcNS_11char_traitsIcEENS_9allocatorIcEEEES7_E8__unwrapB8ne180100ES7_S7_
FNA:0,0,_ZNSt3__119__unwrap_range_implIPPN7testing17TestEventListenerES4_E8__unwrapB8ne180100ES4_S4_
FNA:0,0,_ZNSt3__119__unwrap_range_implIPPN7testing9TestSuiteES4_E8__unwrapB8ne180100ES4_S4_
FNA:0,0,_ZNSt3__119__unwrap_range_implIPPcS2_E8__unwrapB8ne180100ES2_S2_
FNA:0,218,_ZNSt3__119__unwrap_range_implIPdS1_E8__unwrapB8ne180100ES1_S1_
FNL:1,69,70
FNA:1,24,_ZNSt3__119__unwrap_range_implINS_11__wrap_iterIPNS_12basic_stringIcNS_11char_traitsIcEENS_9allocatorIcEEEEEES9_E8__rewrapB8ne180100ES9_S8_
FNA:1,1,_ZNSt3__119__unwrap_range_implINS_16reverse_iteratorIPN7pyfolio8DateTimeEEES5_E8__rewrapB8ne180100ES5_S5_
FNA:1,0,_ZNSt3__119__unwrap_range_implINS_16reverse_iteratorIPN7testing8internal13edit_distance8EditTypeEEES7_E8__rewrapB8ne180100ES7_S7_
FNA:1,0,_ZNSt3__119__unwrap_range_implINS_16reverse_iteratorIPPN7testing11EnvironmentEEES6_E8__rewrapB8ne180100ES6_S6_
FNA:1,4,_ZNSt3__119__unwrap_range_implINS_16reverse_iteratorIPPN7testing17TestEventListenerEEES6_E8__rewrapB8ne180100ES6_S6_
FNA:1,23,_ZNSt3__119__unwrap_range_implINS_16reverse_iteratorIPPN7testing8TestInfoEEES6_E8__rewrapB8ne180100ES6_S6_
FNA:1,4,_ZNSt3__119__unwrap_range_implINS_16reverse_iteratorIPPN7testing9TestSuiteEEES6_E8__rewrapB8ne180100ES6_S6_
FNA:1,0,_ZNSt3__119__unwrap_range_implINS_16reverse_iteratorIPPcEES4_E8__rewrapB8ne180100ES4_S4_
FNA:1,25,_ZNSt3__119__unwrap_range_implINS_16reverse_iteratorIPdEES3_E8__rewrapB8ne180100ES3_S3_
FNA:1,27,_ZNSt3__119__unwrap_range_implINS_16reverse_iteratorIPiEES3_E8__rewrapB8ne180100ES3_S3_
FNA:1,0,_ZNSt3__119__unwrap_range_implINS_16reverse_iteratorIPmEES3_E8__rewrapB8ne180100ES3_S3_
FNA:1,37,_ZNSt3__119__unwrap_range_implIPKN7pyfolio8DateTimeES4_E8__rewrapB8ne180100ES4_S4_
FNA:1,0,_ZNSt3__119__unwrap_range_implIPKNS_3mapINS_12basic_stringIcNS_11char_traitsIcEENS_9allocatorIcEEEEdNS_4lessIS7_EENS5_INS_4pairIKS7_dEEEEEESG_E8__rewrapB8ne180100ESG_SG_
FNA:1,154,_ZNSt3__119__unwrap_range_implIPKcS2_E8__rewrapB8ne180100ES2_S2_
FNA:1,75,_ZNSt3__119__unwrap_range_implIPKdS2_E8__rewrapB8ne180100ES2_S2_
FNA:1,100,_ZNSt3__119__unwrap_range_implIPN7pyfolio8DateTimeES3_E8__rewrapB8ne180100ES3_S3_
FNA:1,0,_ZNSt3__119__unwrap_range_implIPN7testing8internal13edit_distance8EditTypeES5_E8__rewrapB8ne180100ES5_S5_
FNA:1,0,_ZNSt3__119__unwrap_range_implIPNS_12basic_stringIcNS_11char_traitsIcEENS_9allocatorIcEEEES7_E8__rewrapB8ne180100ES7_S7_
FNA:1,0,_ZNSt3__119__unwrap_range_implIPPN7testing17TestEventListenerES4_E8__rewrapB8ne180100ES4_S4_
FNA:1,0,_ZNSt3__119__unwrap_range_implIPPN7testing9TestSuiteES4_E8__rewrapB8ne180100ES4_S4_
FNA:1,0,_ZNSt3__119__unwrap_range_implIPPcS2_E8__rewrapB8ne180100ES2_S2_
FNA:1,109,_ZNSt3__119__unwrap_range_implIPdS1_E8__rewrapB8ne180100ES1_S1_
FNL:2,75,76
FNA:2,0,_ZNSt3__114__unwrap_rangeB8ne180100INS_11__wrap_iterIPKNS_12basic_stringIcNS_11char_traitsIcEENS_9allocatorIcEEEEEESA_EEDaT_T0_
FNA:2,3,_ZNSt3__114__unwrap_rangeB8ne180100INS_11__wrap_iterIPKdEES4_EEDaT_T0_
FNA:2,24,_ZNSt3__114__unwrap_rangeB8ne180100INS_11__wrap_iterIPNS_12basic_stringIcNS_11char_traitsIcEENS_9allocatorIcEEEEEES9_EEDaT_T0_
FNA:2,1,_ZNSt3__114__unwrap_rangeB8ne180100INS_16reverse_iteratorIPN7pyfolio8DateTimeEEES5_EEDaT_T0_
FNA:2,0,_ZNSt3__114__unwrap_rangeB8ne180100INS_16reverse_iteratorIPN7testing8internal13edit_distance8EditTypeEEES7_EEDaT_T0_
FNA:2,0,_ZNSt3__114__unwrap_rangeB8ne180100INS_16reverse_iteratorIPPN7testing11EnvironmentEEES6_EEDaT_T0_
FNA:2,4,_ZNSt3__114__unwrap_rangeB8ne180100INS_16reverse_iteratorIPPN7testing17TestEventListenerEEES6_EEDaT_T0_
FNA:2,23,_ZNSt3__114__unwrap_rangeB8ne180100INS_16reverse_iteratorIPPN7testing8TestInfoEEES6_EEDaT_T0_
FNA:2,4,_ZNSt3__114__unwrap_rangeB8ne180100INS_16reverse_iteratorIPPN7testing9TestSuiteEEES6_EEDaT_T0_
FNA:2,0,_ZNSt3__114__unwrap_rangeB8ne180100INS_16reverse_iteratorIPPcEES4_EEDaT_T0_
FNA:2,25,_ZNSt3__114__unwrap_rangeB8ne180100INS_16reverse_iteratorIPdEES3_EEDaT_T0_
FNA:2,27,_ZNSt3__114__unwrap_rangeB8ne180100INS_16reverse_iteratorIPiEES3_EEDaT_T0_
FNA:2,0,_ZNSt3__114__unwrap_rangeB8ne180100INS_16reverse_iteratorIPmEES3_EEDaT_T0_
FNA:2,74,_ZNSt3__114__unwrap_rangeB8ne180100IPKN7pyfolio8DateTimeES4_EEDaT_T0_
FNA:2,18,_ZNSt3__114__unwrap_rangeB8ne180100IPKNS_3mapINS_12basic_stringIcNS_11char_traitsIcEENS_9allocatorIcEEEEdNS_4lessIS7_EENS5_INS_4pairIKS7_dEEEEEESG_EEDaT_T0_
FNA:2,0,_ZNSt3__114__unwrap_rangeB8ne180100IPKPKcS4_EEDaT_T0_
FNA:2,154,_ZNSt3__114__unwrap_rangeB8ne180100IPKcS2_EEDaT_T0_
FNA:2,147,_ZNSt3__114__unwrap_rangeB8ne180100IPKdS2_EEDaT_T0_
FNA:2,200,_ZNSt3__114__unwrap_rangeB8ne180100IPN7pyfolio8DateTimeES3_EEDaT_T0_
FNA:2,0,_ZNSt3__114__unwrap_rangeB8ne180100IPN7testing8internal13edit_distance8EditTypeES5_EEDaT_T0_
FNA:2,4,_ZNSt3__114__unwrap_rangeB8ne180100IPNS_12basic_stringIcNS_11char_traitsIcEENS_9allocatorIcEEEES7_EEDaT_T0_
FNA:2,0,_ZNSt3__114__unwrap_rangeB8ne180100IPPN7testing17TestEventListenerES4_EEDaT_T0_
FNA:2,0,_ZNSt3__114__unwrap_rangeB8ne180100IPPN7testing9TestSuiteES4_EEDaT_T0_
FNA:2,0,_ZNSt3__114__unwrap_rangeB8ne180100IPPcS2_EEDaT_T0_
FNA:2,218,_ZNSt3__114__unwrap_rangeB8ne180100IPdS1_EEDaT_T0_
FNL:3,80,81
FNA:3,24,_ZNSt3__114__rewrap_rangeB8ne180100INS_11__wrap_iterIPNS_12basic_stringIcNS_11char_traitsIcEENS_9allocatorIcEEEEEES9_S8_EET0_SA_T1_
FNA:3,1,_ZNSt3__114__rewrap_rangeB8ne180100INS_16reverse_iteratorIPN7pyfolio8DateTimeEEES5_S5_EET0_S6_T1_
FNA:3,0,_ZNSt3__114__rewrap_rangeB8ne180100INS_16reverse_iteratorIPN7testing8internal13edit_distance8EditTypeEEES7_S7_EET0_S8_T1_
FNA:3,0,_ZNSt3__114__rewrap_rangeB8ne180100INS_16reverse_iteratorIPPN7testing11EnvironmentEEES6_S6_EET0_S7_T1_
FNA:3,4,_ZNSt3__114__rewrap_rangeB8ne180100INS_16reverse_iteratorIPPN7testing17TestEventListenerEEES6_S6_EET0_S7_T1_
FNA:3,23,_ZNSt3__114__rewrap_rangeB8ne180100INS_16reverse_iteratorIPPN7testing8TestInfoEEES6_S6_EET0_S7_T1_
FNA:3,4,_ZNSt3__114__rewrap_rangeB8ne180100INS_16reverse_iteratorIPPN7testing9TestSuiteEEES6_S6_EET0_S7_T1_
FNA:3,0,_ZNSt3__114__rewrap_rangeB8ne180100INS_16reverse_iteratorIPPcEES4_S4_EET0_S5_T1_
FNA:3,25,_ZNSt3__114__rewrap_rangeB8ne180100INS_16reverse_iteratorIPdEES3_S3_EET0_S4_T1_
FNA:3,27,_ZNSt3__114__rewrap_rangeB8ne180100INS_16reverse_iteratorIPiEES3_S3_EET0_S4_T1_
FNA:3,0,_ZNSt3__114__rewrap_rangeB8ne180100INS_16reverse_iteratorIPmEES3_S3_EET0_S4_T1_
FNA:3,37,_ZNSt3__114__rewrap_rangeB8ne180100IPKN7pyfolio8DateTimeES4_S4_EET0_S5_T1_
FNA:3,0,_ZNSt3__114__rewrap_rangeB8ne180100IPKNS_3mapINS_12basic_stringIcNS_11char_traitsIcEENS_9allocatorIcEEEEdNS_4lessIS7_EENS5_INS_4pairIKS7_dEEEEEESG_SG_EET0_SH_T1_
FNA:3,154,_ZNSt3__114__rewrap_rangeB8ne180100IPKcS2_S2_EET0_S3_T1_
FNA:3,75,_ZNSt3__114__rewrap_rangeB8ne180100IPKdS2_S2_EET0_S3_T1_
FNA:3,100,_ZNSt3__114__rewrap_rangeB8ne180100IPN7pyfolio8DateTimeES3_S3_EET0_S4_T1_
FNA:3,0,_ZNSt3__114__rewrap_rangeB8ne180100IPN7testing8internal13edit_distance8EditTypeES5_S5_EET0_S6_T1_
FNA:3,0,_ZNSt3__114__rewrap_rangeB8ne180100IPNS_12basic_stringIcNS_11char_traitsIcEENS_9allocatorIcEEEES7_S7_EET0_S8_T1_
FNA:3,0,_ZNSt3__114__rewrap_rangeB8ne180100IPPN7testing17TestEventListenerES4_S4_EET0_S5_T1_
FNA:3,0,_ZNSt3__114__rewrap_rangeB8ne180100IPPN7testing9TestSuiteES4_S4_EET0_S5_T1_
FNA:3,0,_ZNSt3__114__rewrap_rangeB8ne180100IPPcS2_S2_EET0_S3_T1_
FNA:3,109,_ZNSt3__114__rewrap_rangeB8ne180100IPdS1_S1_EET0_S2_T1_
FNF:4
FNH:4
DA:64,926
DA:65,926
DA:69,583
DA:70,583
DA:75,926
DA:76,926
DA:80,583
DA:81,583
LF:8
LH:8
end_of_record
TN:
SF:/Library/Developer/CommandLineTools/SDKs/MacOSX.sdk/usr/include/c++/v1/__atomic/atomic.h
FNL:0,47,47
FNA:0,1,_ZNSt3__16atomicIiEC1B8ne180100Ei
FNA:0,1,_ZNSt3__16atomicIiEC2B8ne180100Ei
FNF:1
FNH:1
DA:47,2
LF:1
LH:1
end_of_record
TN:
SF:/Library/Developer/CommandLineTools/SDKs/MacOSX.sdk/usr/include/c++/v1/__atomic/atomic_base.h
FNL:0,132,132
FNA:0,1,_ZNSt3__113__atomic_baseIiLb0EEC2B8ne180100Ei
FNL:1,150,150
FNA:1,1,_ZNSt3__113__atomic_baseIiLb1EEC2B8ne180100Ei
FNL:2,155,156
FNA:2,10,_ZNSt3__113__atomic_baseIiLb1EE9fetch_addB8ne180100EiNS_12memory_orderE
FNL:3,161,162
FNA:3,0,_ZNSt3__113__atomic_baseIiLb1EE9fetch_subB8ne180100EiNS_12memory_orderE
FNL:4,58,60
FNA:4,1,_ZNKSt3__113__atomic_baseIiLb0EE4loadB8ne180100ENS_12memory_orderE
FNF:5
FNH:4
DA:58,1
DA:60,1
DA:132,1
DA:150,1
DA:155,10
DA:156,10
DA:161,0
DA:162,0
LF:8
LH:6
end_of_record
TN:
SF:/Library/Developer/CommandLineTools/SDKs/MacOSX.sdk/usr/include/c++/v1/__atomic/cxx_atomic_impl.h
FNL:0,305,305
FNA:0,1,_ZNSt3__122__cxx_atomic_base_implIiEC2Ei
FNL:1,347,350
FNA:1,1,_ZNSt3__117__cxx_atomic_loadB8ne180100IiEET_PKNS_22__cxx_atomic_base_implIS1_EENS_12memory_orderE
FNL:2,448,450
FNA:2,10,_ZNSt3__122__cxx_atomic_fetch_addB8ne180100IiEET_PNS_22__cxx_atomic_base_implIS1_EES1_NS_12memory_orderE
FNL:3,474,476
FNA:3,0,_ZNSt3__122__cxx_atomic_fetch_subB8ne180100IiEET_PNS_22__cxx_atomic_base_implIS1_EES1_NS_12memory_orderE
FNL:4,819,819
FNA:4,1,_ZNSt3__117__cxx_atomic_implIiNS_22__cxx_atomic_base_implIiEEEC1B8ne180100Ei
FNA:4,1,_ZNSt3__117__cxx_atomic_implIiNS_22__cxx_atomic_base_implIiEEEC2B8ne180100Ei
FNF:5
FNH:4
DA:305,1
DA:347,1
DA:349,1
DA:350,1
DA:448,10
DA:449,10
DA:450,10
DA:474,0
DA:475,0
DA:476,0
DA:819,2
LF:11
LH:8
end_of_record
TN:
SF:/Library/Developer/CommandLineTools/SDKs/MacOSX.sdk/usr/include/c++/v1/__bit/blsr.h
FNL:0,28,29
FNA:0,0,_ZNSt3__113__libcpp_blsrB8ne180100Ey
FNF:1
FNH:0
DA:28,0
DA:29,0
LF:2
LH:0
end_of_record
TN:
SF:/Library/Developer/CommandLineTools/SDKs/MacOSX.sdk/usr/include/c++/v1/__bit/countl.h
FNL:0,31,32
FNA:0,0,_ZNSt3__112__libcpp_clzB8ne180100Em
FNL:1,35,36
FNA:1,0,_ZNSt3__112__libcpp_clzB8ne180100Ey
FNF:2
FNH:0
DA:31,0
DA:32,0
DA:35,0
DA:36,0
LF:4
LH:0
end_of_record
TN:
SF:/Library/Developer/CommandLineTools/SDKs/MacOSX.sdk/usr/include/c++/v1/__bit/countr.h
FNL:0,34,35
FNA:0,0,_ZNSt3__112__libcpp_ctzB8ne180100Ey
FNF:1
FNH:0
DA:34,0
DA:35,0
LF:2
LH:0
end_of_record
TN:
SF:/Library/Developer/CommandLineTools/SDKs/MacOSX.sdk/usr/include/c++/v1/__chrono/day.h
FNL:0,33,34
FNA:0,797,_ZNSt3__16chrono3dayC1B8ne180100Ej
FNA:0,797,_ZNSt3__16chrono3dayC2B8ne180100Ej
FNL:1,55,55
FNA:1,1875,_ZNKSt3__16chrono3daycvjB8ne180100Ev
FNL:2,63,64
FNA:2,742,_ZNSt3__16chronossB8ne180100ERKNS0_3dayES3_
FNF:3
FNH:3
DA:33,1594
DA:34,1594
DA:55,1875
DA:63,742
DA:64,742
LF:5
LH:5
end_of_record
TN:
SF:/Library/Developer/CommandLineTools/SDKs/MacOSX.sdk/usr/include/c++/v1/__chrono/duration.h
FNL:0,106,107
FNA:0,32,_ZNSt3__16chrono13duration_castB8ne180100INS0_8durationIiNS_5ratioILl86400ELl1EEEEExNS3_ILl1ELl1000000EEELi0EEET_RKNS2_IT0_T1_EE
FNA:0,383,_ZNSt3__16chrono13duration_castB8ne180100INS0_8durationIxNS_5ratioILl1ELl1000000EEEEEiNS3_ILl86400ELl1EEELi0EEET_RKNS2_IT0_T1_EE
FNA:0,1,_ZNSt3__16chrono13duration_castB8ne180100INS0_8durationIxNS_5ratioILl1ELl1000000EEEEExNS3_ILl1ELl1000000000EEELi0EEET_RKNS2_IT0_T1_EE
FNA:0,71,_ZNSt3__16chrono13duration_castB8ne180100INS0_8durationIxNS_5ratioILl1ELl1000EEEEExNS3_ILl1ELl1000000000EEELi0EEET_RKNS2_IT0_T1_EE
FNA:0,75,_ZNSt3__16chrono13duration_castB8ne180100INS0_8durationIxNS_5ratioILl1ELl1000EEEEExNS3_ILl1ELl1000000EEELi0EEET_RKNS2_IT0_T1_EE
FNL:1,128,132
FNA:1,32,_ZNSt3__16chrono5floorB8ne180100INS0_8durationIiNS_5ratioILl86400ELl1EEEEExNS3_ILl1ELl1000000EEELi0EEET_RKNS2_IT0_T1_EE
FNL:2,210,210
FNA:2,444,_ZNSt3__16chrono8durationIiNS_5ratioILl86400ELl1EEEEC1B8ne180100IiLi0EEERKT_
FNA:2,444,_ZNSt3__16chrono8durationIiNS_5ratioILl86400ELl1EEEEC2B8ne180100IiLi0EEERKT_
FNA:2,72,_ZNSt3__16chrono8durationIxNS_5ratioILl1ELl1000000000EEEEC1B8ne180100IxLi0EEERKT_
FNA:2,72,_ZNSt3__16chrono8durationIxNS_5ratioILl1ELl1000000000EEEEC2B8ne180100IxLi0EEERKT_
FNA:2,461,_ZNSt3__16chrono8durationIxNS_5ratioILl1ELl1000000EEEEC1B8ne180100IxLi0EEERKT_
FNA:2,461,_ZNSt3__16chrono8durationIxNS_5ratioILl1ELl1000000EEEEC2B8ne180100IxLi0EEERKT_
FNA:2,146,_ZNSt3__16chrono8durationIxNS_5ratioILl1ELl1000EEEEC1B8ne180100IxLi0EEERKT_
FNA:2,146,_ZNSt3__16chrono8durationIxNS_5ratioILl1ELl1000EEEEC2B8ne180100IxLi0EEERKT_
FNL:3,219,220
FNA:3,383,_ZNSt3__16chrono8durationIxNS_5ratioILl1ELl1000000EEEEC1B8ne180100IiNS2_ILl86400ELl1EEELi0EEERKNS1_IT_T0_EE
FNA:3,383,_ZNSt3__16chrono8durationIxNS_5ratioILl1ELl1000000EEEEC2B8ne180100IiNS2_ILl86400ELl1EEELi0EEERKNS1_IT_T0_EE
FNL:4,224,224
FNA:4,476,_ZNKSt3__16chrono8durationIiNS_5ratioILl86400ELl1EEEE5countB8ne180100Ev
FNA:4,216,_ZNKSt3__16chrono8durationIxNS_5ratioILl1ELl1000000000EEEE5countB8ne180100Ev
FNA:4,1975,_ZNKSt3__16chrono8durationIxNS_5ratioILl1ELl1000000EEEE5countB8ne180100Ev
FNA:4,146,_ZNKSt3__16chrono8durationIxNS_5ratioILl1ELl1000EEEE5countB8ne180100Ev
FNL:5,308,309
FNA:5,2,_ZNKSt3__16chrono13__duration_eqINS0_8durationIxNS_5ratioILl1ELl1000000EEEEES5_EclB8ne180100ERKS5_S8_
FNL:6,315,316
FNA:6,2,_ZNSt3__16chronoeqB8ne180100IxNS_5ratioILl1ELl1000000EEExS3_EEbRKNS0_8durationIT_T0_EERKNS4_IT1_T2_EE
FNL:7,383,385
FNA:7,32,_ZNSt3__16chronossB8ne180100IiNS_5ratioILl86400ELl1EEExNS2_ILl1ELl1000000EEEEEDaRKNS0_8durationIT_T0_EERKNS6_IT1_T2_EE
FNA:7,631,_ZNSt3__16chronossB8ne180100IxNS_5ratioILl1ELl1000000EEExS3_EEDaRKNS0_8durationIT_T0_EERKNS5_IT1_T2_EE
FNL:8,395,397
FNA:8,13,_ZNSt3__16chronoplB8ne180100IiNS_5ratioILl86400ELl1EEEiS3_EENS_11common_typeIJNS0_8durationIT_T0_EENS5_IT1_T2_EEEE4typeERKS8_RKSB_
FNA:8,2,_ZNSt3__16chronoplB8ne180100IxNS_5ratioILl1ELl1000000EEEiNS2_ILl86400ELl1EEEEENS_11common_typeIJNS0_8durationIT_T0_EENS6_IT1_T2_EEEE4typeERKS9_RKSC_
FNL:9,405,407
[...]
FNA:12,1,_ZN7testing8internal15TestFactoryImplI34DateTimeTest_LeapYearHandling_TestE10CreateTestEv
FNA:12,1,_ZN7testing8internal15TestFactoryImplI34DateTimeTest_MonthEndHandling_TestE10CreateTestEv
FNA:12,1,_ZN7testing8internal15TestFactoryImplI34DateTimeTest_WeekdayDetection_TestE10CreateTestEv
FNA:12,1,_ZN7testing8internal15TestFactoryImplI34StatisticsTest_ConditionalVaR_TestE10CreateTestEv
FNA:12,1,_ZN7testing8internal15TestFactoryImplI35CoreTypesTest_CurrencyHandling_TestE10CreateTestEv
FNA:12,1,_ZN7testing8internal15TestFactoryImplI35DateTimeTest_ParseInvalidDates_TestE10CreateTestEv
FNA:12,1,_ZN7testing8internal15TestFactoryImplI35StatisticsTest_BasicStatistics_TestE10CreateTestEv
FNA:12,1,_ZN7testing8internal15TestFactoryImplI36CoreTypesTest_BasicThreadSafety_TestE10CreateTestEv
FNA:12,1,_ZN7testing8internal15TestFactoryImplI36CoreTypesTest_DateTimeEdgeCases_TestE10CreateTestEv
FNA:12,1,_ZN7testing8internal15TestFactoryImplI36StatisticsTest_InformationRatio_TestE10CreateTestEv
FNA:12,1,_ZN7testing8internal15TestFactoryImplI37CoreTypesTest_DateTimeComparison_TestE10CreateTestEv
FNA:12,1,_ZN7testing8internal15TestFactoryImplI37PerformanceMetricsTest_TailRatio_TestE10CreateTestEv
FNA:12,1,_ZN7testing8internal15TestFactoryImplI37StatisticsTest_DownsideDeviation_TestE10CreateTestEv
FNA:12,1,_ZN7testing8internal15TestFactoryImplI38CoreTypesTest_DateTimeDifferences_TestE10CreateTestEv
FNA:12,1,_ZN7testing8internal15TestFactoryImplI38CoreTypesTest_PerformanceBaseline_TestE10CreateTestEv
FNA:12,1,_ZN7testing8internal15TestFactoryImplI38CoreTypesTest_ResultMonadChaining_TestE10CreateTestEv
FNA:12,1,_ZN7testing8internal15TestFactoryImplI39CoreTypesTest_DateTimeBusinessDays_TestE10CreateTestEv
FNA:12,1,_ZN7testing8internal15TestFactoryImplI39CoreTypesTest_ResultValueOrDefault_TestE10CreateTestEv
FNA:12,1,_ZN7testing8internal15TestFactoryImplI39DateTimeTest_BusinessCalendarBasic_TestE10CreateTestEv
FNA:12,1,_ZN7testing8internal15TestFactoryImplI40PerformanceMetricsTest_AnnualReturn_TestE10CreateTestEv
FNA:12,1,_ZN7testing8internal15TestFactoryImplI41CoreTypesTest_ErrorHandlingEdgeCases_TestE10CreateTestEv
FNA:12,1,_ZN7testing8internal15TestFactoryImplI41DateTimeTest_BusinessDaysCalculation_TestE10CreateTestEv
FNA:12,1,_ZN7testing8internal15TestFactoryImplI41PerformanceMetricsTest_ErrorHandling_TestE10CreateTestEv
FNA:12,1,_ZN7testing8internal15TestFactoryImplI41StatisticsTest_SingleValueTimeSeries_TestE10CreateTestEv
FNA:12,1,_ZN7testing8internal15TestFactoryImplI41StatisticsTest_VolatilityCalculation_TestE10CreateTestEv
FNA:12,1,_ZN7testing8internal15TestFactoryImplI42CoreTypesTest_DateTimeBasicOperations_TestE10CreateTestEv
FNA:12,1,_ZN7testing8internal15TestFactoryImplI42PerformanceMetricsTest_DrawdownSeries_TestE10CreateTestEv
FNA:12,1,_ZN7testing8internal15TestFactoryImplI42PerformanceMetricsTest_RollingMetrics_TestE10CreateTestEv
FNA:12,1,_ZN7testing8internal15TestFactoryImplI42StatisticsTest_PerformanceConsistency_TestE10CreateTestEv
FNA:12,1,_ZN7testing8internal15TestFactoryImplI43CoreTypesTest_BusinessCalendarHolidays_TestE10CreateTestEv
FNA:12,1,_ZN7testing8internal15TestFactoryImplI43CoreTypesTest_BusinessCalendarWeekends_TestE10CreateTestEv
FNA:12,1,_ZN7testing8internal15TestFactoryImplI43CoreTypesTest_ResultMonadErrorHandling_TestE10CreateTestEv
FNA:12,1,_ZN7testing8internal15TestFactoryImplI43StatisticsTest_EmptyTimeSeriesHandling_TestE10CreateTestEv
FNA:12,1,_ZN7testing8internal15TestFactoryImplI44PerformanceMetricsTest_AnnualVolatility_TestE10CreateTestEv
FNA:12,1,_ZN7testing8internal15TestFactoryImplI44PerformanceMetricsTest_CommonSenseRatio_TestE10CreateTestEv
FNA:12,1,_ZN7testing8internal15TestFactoryImplI45PerformanceMetricsTest_AlphaBetaAnalysis_TestE10CreateTestEv
FNA:12,1,_ZN7testing8internal15TestFactoryImplI46DateTimeTest_BusinessCalendarWithHolidays_TestE10CreateTestEv
FNA:12,1,_ZN7testing8internal15TestFactoryImplI46PerformanceMetricsTest_UpDownCaptureRatio_TestE10CreateTestEv
FNA:12,1,_ZN7testing8internal15TestFactoryImplI47PerformanceMetricsTest_MaxDrawdownAnalysis_TestE10CreateTestEv
FNA:12,1,_ZN7testing8internal15TestFactoryImplI48CoreTypesTest_ResultMonadBasicFunctionality_TestE10CreateTestEv
FNA:12,1,_ZN7testing8internal15TestFactoryImplI49PerformanceMetricsTest_StabilityOfTimeseries_TestE10CreateTestEv
FNA:12,1,_ZN7testing8internal15TestFactoryImplI50PerformanceMetricsTest_CalmarRatioCalculation_TestE10CreateTestEv
FNA:12,1,_ZN7testing8internal15TestFactoryImplI50PerformanceMetricsTest_SharpeRatioCalculation_TestE10CreateTestEv
FNA:12,1,_ZN7testing8internal15TestFactoryImplI51PerformanceMetricsTest_SortinoRatioCalculation_TestE10CreateTestEv
FNA:12,1,_ZN7testing8internal15TestFactoryImplI52PerformanceMetricsTest_CumulativeReturnsProfile_TestE10CreateTestEv
FNA:12,1,_ZN7testing8internal15TestFactoryImplI52PerformanceMetricsTest_TrackingErrorCalculation_TestE10CreateTestEv
FNA:12,1,_ZN7testing8internal15TestFactoryImplI53PerformanceMetricsTest_ComprehensiveMetricsSuite_TestE10CreateTestEv
FNA:12,1,_ZN7testing8internal15TestFactoryImplI55PerformanceMetricsTest_InformationRatioCalculation_TestE10CreateTestEv
FNL:13,490
FNA:13,0,_ZN7testing8internal12CodeLocationC1EOS1_
FNA:13,126,_ZN7testing8internal12CodeLocationC1ERKS1_
FNA:13,0,_ZN7testing8internal12CodeLocationC2EOS1_
FNA:13,126,_ZN7testing8internal12CodeLocationC2ERKS1_
FNA:13,126,_ZN7testing8internal12CodeLocationD1Ev
FNA:13,126,_ZN7testing8internal12CodeLocationD2Ev
FNL:14,491,492
FNA:14,63,_ZN7testing8internal12CodeLocationC1ERKNSt3__112basic_stringIcNS2_11char_traitsIcEENS2_9allocatorIcEEEEi
FNA:14,63,_ZN7testing8internal12CodeLocationC2ERKNSt3__112basic_stringIcNS2_11char_traitsIcEENS2_9allocatorIcEEEEi
FNL:15,504,506
FNA:15,252,_ZN7testing8internal19GetNotDefaultOrNullEPFvvES2_
FNL:16,519,538
FNA:16,10,_ZN7testing8internal16SuiteApiResolverI12DateTimeTestE19GetSetUpCaseOrSuiteEPKci
FNA:16,18,_ZN7testing8internal16SuiteApiResolverI13CoreTypesTestE19GetSetUpCaseOrSuiteEPKci
FNA:16,17,_ZN7testing8internal16SuiteApiResolverI14StatisticsTestE19GetSetUpCaseOrSuiteEPKci
FNA:16,18,_ZN7testing8internal16SuiteApiResolverI22PerformanceMetricsTestE19GetSetUpCaseOrSuiteEPKci
FNA:16,0,_ZN7testing8internal16SuiteApiResolverINS0_12_GLOBAL__N_111FailureTestEE19GetSetUpCaseOrSuiteEPKci
FNL:17,540,559
FNA:17,10,_ZN7testing8internal16SuiteApiResolverI12DateTimeTestE22GetTearDownCaseOrSuiteEPKci
FNA:17,18,_ZN7testing8internal16SuiteApiResolverI13CoreTypesTestE22GetTearDownCaseOrSuiteEPKci
FNA:17,17,_ZN7testing8internal16SuiteApiResolverI14StatisticsTestE22GetTearDownCaseOrSuiteEPKci
FNA:17,18,_ZN7testing8internal16SuiteApiResolverI22PerformanceMetricsTestE22GetTearDownCaseOrSuiteEPKci
FNA:17,0,_ZN7testing8internal16SuiteApiResolverINS0_12_GLOBAL__N_111FailureTestEE22GetTearDownCaseOrSuiteEPKci
FNL:18,650,658
FNA:18,0,_ZN7testing8internal9SkipCommaEPKc
FNL:19,662,664
FNA:19,0,_ZN7testing8internal19GetPrefixUntilCommaEPKc
FNL:20,842,842
FNA:20,0,_ZN7testing8internal11AlwaysFalseEv
FNL:21,872,872
FNA:21,4,_ZN7testing8internal6RandomC1Ej
FNA:21,4,_ZN7testing8internal6RandomC2Ej
FNL:22,874,874
FNA:22,0,_ZN7testing8internal6Random6ReseedEj
FNF:23
FNH:16
DA:293,32
DA:318,16
DA:321,0
DA:327,16
DA:330,16
DA:339,8
DA:342,8
DA:344,8
DA:346,8
DA:370,16
DA:371,16
DA:373,0
DA:376,16
DA:378,16
DA:382,8
DA:384,8
DA:385,8
DA:386,8
DA:432,67
DA:437,67
DA:451,0
DA:458,63
DA:470,63
DA:491,126
DA:492,126
DA:504,252
DA:506,252
DA:519,63
DA:522,63
DA:523,63
DA:524,63
DA:525,63
DA:527,63
DA:528,0
DA:530,0
DA:532,63
DA:538,0
DA:540,63
DA:543,63
DA:544,63
DA:545,63
DA:546,63
DA:548,63
DA:549,0
DA:551,0
DA:553,63
DA:559,0
DA:650,0
DA:651,0
DA:652,0
DA:653,0
DA:655,0
DA:657,0
DA:658,0
DA:662,0
DA:663,0
DA:664,0
DA:842,0
DA:872,8
DA:874,0
LF:60
LH:39
end_of_record
TN:
SF:/Users/yunjinqi/Documents/source_code/pyfolio_cpp/build_coverage/_deps/googletest-src/googletest/include/gtest/internal/gtest-param-util.h
FNL:0,691,691
FNA:0,4,_ZN7testing8internal30ParameterizedTestSuiteRegistryC1Ev
FNA:0,4,_ZN7testing8internal30ParameterizedTestSuiteRegistryC2Ev
FNL:1,692,696
FNA:1,0,_ZN7testing8internal30ParameterizedTestSuiteRegistryD1Ev
FNA:1,0,_ZN7testing8internal30ParameterizedTestSuiteRegistryD2Ev
FNL:2,729,733
FNA:2,4,_ZN7testing8internal30ParameterizedTestSuiteRegistry13RegisterTestsEv
FNL:3,758
FNA:3,4,_ZN7testing8internal34TypeParameterizedTestSuiteRegistryC1Ev
FNA:3,4,_ZN7testing8internal34TypeParameterizedTestSuiteRegistryC2Ev
FNA:3,0,_ZN7testing8internal34TypeParameterizedTestSuiteRegistryD1Ev
FNA:3,0,_ZN7testing8internal34TypeParameterizedTestSuiteRegistryD2Ev
FNL:4,772
FNA:4,0,_ZN7testing8internal34TypeParameterizedTestSuiteRegistry30TypeParameterizedTestSuiteInfoC1EOS2_
FNA:4,0,_ZN7testing8internal34TypeParameterizedTestSuiteRegistry30TypeParameterizedTestSuiteInfoC1ERKS2_
FNA:4,0,_ZN7testing8internal34TypeParameterizedTestSuiteRegistry30TypeParameterizedTestSuiteInfoC2EOS2_
FNA:4,0,_ZN7testing8internal34TypeParameterizedTestSuiteRegistry30TypeParameterizedTestSuiteInfoC2ERKS2_
FNA:4,0,_ZN7testing8internal34TypeParameterizedTestSuiteRegistry30TypeParameterizedTestSuiteInfoD1Ev
FNA:4,0,_ZN7testing8internal34TypeParameterizedTestSuiteRegistry30TypeParameterizedTestSuiteInfoD2Ev
FNL:5,773,774
FNA:5,0,_ZN7testing8internal34TypeParameterizedTestSuiteRegistry30TypeParameterizedTestSuiteInfoC1ENS0_12CodeLocationE
FNA:5,0,_ZN7testing8internal34TypeParameterizedTestSuiteRegistry30TypeParameterizedTestSuiteInfoC2ENS0_12CodeLocationE
FNF:6
FNH:3
DA:691,8
DA:692,0
DA:693,0
DA:694,0
DA:696,0
DA:729,4
DA:730,4
DA:731,0
DA:733,4
DA:773,0
DA:774,0
LF:11
LH:4
end_of_record
TN:
SF:/Users/yunjinqi/Documents/source_code/pyfolio_cpp/build_coverage/_deps/googletest-src/googletest/include/gtest/internal/gtest-port.h
FNL:0,1068,1069
FNA:0,0,_ZN7testing8internal13ImplicitCast_IPKvEET_S4_
FNL:1,1119,1131
FNA:1,7,_ZN7testing8internal27CheckedDowncastToActualTypeINS0_11ThreadLocalINSt3__16vectorINS0_9TraceInfoENS3_9allocatorIS5_EEEEE11ValueHolderENS0_26ThreadLocalValueHolderBaseEEEPT_PT0_
FNA:1,7,_ZN7testing8internal27CheckedDowncastToActualTypeINS0_11ThreadLocalIPNS_31TestPartResultReporterInterfaceEE11ValueHolderENS0_26ThreadLocalValueHolderBaseEEEPT_PT0_
FNL:2,1622,1626
FNA:2,16,_ZN7testing8internal9MutexBase4LockEv
FNL:3,1629,1636
FNA:3,16,_ZN7testing8internal9MutexBase6UnlockEv
FNL:4,1679,1682
FNA:4,79,_ZN7testing8internal5MutexC1Ev
FNA:4,79,_ZN7testing8internal5MutexC2Ev
FNL:5,1683,1683
FNA:5,0,_ZN7testing8internal5MutexD1Ev
FNA:5,0,_ZN7testing8internal5MutexD2Ev
FNL:6,1697,1697
FNA:6,16,_ZN7testing8internal14GTestMutexLockC1EPNS0_9MutexBaseE
FNA:6,16,_ZN7testing8internal14GTestMutexLockC2EPNS0_9MutexBaseE
FNL:7,1699,1699
FNA:7,16,_ZN7testing8internal14GTestMutexLockD1Ev
FNA:7,16,_ZN7testing8internal14GTestMutexLockD2Ev
FNL:8,1716
FNA:8,2,_ZN7testing8internal26ThreadLocalValueHolderBaseC2Ev
FNL:9,1718,1718
FNA:9,0,_ZN7testing8internal26ThreadLocalValueHolderBaseD0Ev
FNA:9,0,_ZN7testing8internal26ThreadLocalValueHolderBaseD1Ev
FNA:9,0,_ZN7testing8internal26ThreadLocalValueHolderBaseD2Ev
FNL:10,1723,1725
FNA:10,0,DeleteThreadLocalValue
FNL:11,1731,1732
FNA:11,4,_ZN7testing8internal11ThreadLocalINSt3__16vectorINS0_9TraceInfoENS2_9allocatorIS4_EEEEEC1Ev
FNA:11,4,_ZN7testing8internal11ThreadLocalINSt3__16vectorINS0_9TraceInfoENS2_9allocatorIS4_EEEEEC2Ev
FNL:12,1733,1735
FNA:12,4,_ZN7testing8internal11ThreadLocalIPNS_31TestPartResultReporterInterfaceEEC1ERKS3_
FNA:12,4,_ZN7testing8internal11ThreadLocalIPNS_31TestPartResultReporterInterfaceEEC2ERKS3_
FNL:13,1737,1744
FNA:13,0,_ZN7testing8internal11ThreadLocalINSt3__16vectorINS0_9TraceInfoENS2_9allocatorIS4_EEEEED1Ev
FNA:13,0,_ZN7testing8internal11ThreadLocalINSt3__16vectorINS0_9TraceInfoENS2_9allocatorIS4_EEEEED2Ev
FNA:13,0,_ZN7testing8internal11ThreadLocalIPNS_31TestPartResultReporterInterfaceEED1Ev
FNA:13,0,_ZN7testing8internal11ThreadLocalIPNS_31TestPartResultReporterInterfaceEED2Ev
FNL:14,1746,1746
FNA:14,8,_ZN7testing8internal11ThreadLocalINSt3__16vectorINS0_9TraceInfoENS2_9allocatorIS4_EEEEE7pointerEv
FNA:14,0,_ZN7testing8internal11ThreadLocalIPNS_31TestPartResultReporterInterfaceEE7pointerEv
FNL:15,1747,1747
FNA:15,8,_ZNK7testing8internal11ThreadLocalIPNS_31TestPartResultReporterInterfaceEE7pointerEv
FNL:16,1748,1748
FNA:16,8,_ZNK7testing8internal11ThreadLocalIPNS_31TestPartResultReporterInterfaceEE3getEv
FNL:17,1749,1749
FNA:17,0,_ZN7testing8internal11ThreadLocalIPNS_31TestPartResultReporterInterfaceEE3setERKS3_
FNL:18,1753
FNA:18,0,_ZN7testing8internal11ThreadLocalINSt3__16vectorINS0_9TraceInfoENS2_9allocatorIS4_EEEEE11ValueHolderD0Ev
FNA:18,0,_ZN7testing8internal11ThreadLocalINSt3__16vectorINS0_9TraceInfoENS2_9allocatorIS4_EEEEE11ValueHolderD1Ev
FNA:18,0,_ZN7testing8internal11ThreadLocalINSt3__16vectorINS0_9TraceInfoENS2_9allocatorIS4_EEEEE11ValueHolderD2Ev
FNA:18,0,_ZN7testing8internal11ThreadLocalIPNS_31TestPartResultReporterInterfaceEE11ValueHolderD0Ev
FNA:18,0,_ZN7testing8internal11ThreadLocalIPNS_31TestPartResultReporterInterfaceEE11ValueHolderD1Ev
FNA:18,0,_ZN7testing8internal11ThreadLocalIPNS_31TestPartResultReporterInterfaceEE11ValueHolderD2Ev
FNL:19,1755,1755
FNA:19,1,_ZN7testing8internal11ThreadLocalINSt3__16vectorINS0_9TraceInfoENS2_9allocatorIS4_EEEEE11ValueHolderC1Ev
FNA:19,1,_ZN7testing8internal11ThreadLocalINSt3__16vectorINS0_9TraceInfoENS2_9allocatorIS4_EEEEE11ValueHolderC2Ev
FNL:20,1756,1756
FNA:20,1,_ZN7testing8internal11ThreadLocalIPNS_31TestPartResultReporterInterfaceEE11ValueHolderC1ERKS3_
FNA:20,1,_ZN7testing8internal11ThreadLocalIPNS_31TestPartResultReporterInterfaceEE11ValueHolderC2ERKS3_
FNL:21,1758,1758
FNA:21,8,_ZN7testing8internal11ThreadLocalINSt3__16vectorINS0_9TraceInfoENS2_9allocatorIS4_EEEEE11ValueHolder7pointerEv
FNA:21,8,_ZN7testing8internal11ThreadLocalIPNS_31TestPartResultReporterInterfaceEE11ValueHolder7pointerEv
FNL:22,1766,1773
FNA:22,4,_ZN7testing8internal11ThreadLocalINSt3__16vectorINS0_9TraceInfoENS2_9allocatorIS4_EEEEE9CreateKeyEv
FNA:22,4,_ZN7testing8internal11ThreadLocalIPNS_31TestPartResultReporterInterfaceEE9CreateKeyEv
FNL:23,1775,1786
FNA:23,8,_ZNK7testing8internal11ThreadLocalINSt3__16vectorINS0_9TraceInfoENS2_9allocatorIS4_EEEEE16GetOrCreateValueEv
FNA:23,8,_ZNK7testing8internal11ThreadLocalIPNS_31TestPartResultReporterInterfaceEE16GetOrCreateValueEv
FNL:24,1790,1790
FNA:24,4,_ZN7testing8internal11ThreadLocalINSt3__16vectorINS0_9TraceInfoENS2_9allocatorIS4_EEEEE18ValueHolderFactoryC2Ev
FNA:24,4,_ZN7testing8internal11ThreadLocalIPNS_31TestPartResultReporterInterfaceEE18ValueHolderFactoryC2Ev
FNL:25,1791,1791
FNA:25,0,_ZN7testing8internal11ThreadLocalINSt3__16vectorINS0_9TraceInfoENS2_9allocatorIS4_EEEEE18ValueHolderFactoryD0Ev
FNA:25,0,_ZN7testing8internal11ThreadLocalINSt3__16vectorINS0_9TraceInfoENS2_9allocatorIS4_EEEEE18ValueHolderFactoryD1Ev
FNA:25,0,_ZN7testing8internal11ThreadLocalINSt3__16vectorINS0_9TraceInfoENS2_9allocatorIS4_EEEEE18ValueHolderFactoryD2Ev
FNA:25,0,_ZN7testing8internal11ThreadLocalIPNS_31TestPartResultReporterInterfaceEE18ValueHolderFactoryD0Ev
FNA:25,0,_ZN7testing8internal11ThreadLocalIPNS_31TestPartResultReporterInterfaceEE18ValueHolderFactoryD1Ev
FNA:25,0,_ZN7testing8internal11ThreadLocalIPNS_31TestPartResultReporterInterfaceEE18ValueHolderFactoryD2Ev
FNL:26,1799
FNA:26,0,_ZN7testing8internal11ThreadLocalINSt3__16vectorINS0_9TraceInfoENS2_9allocatorIS4_EEEEE25DefaultValueHolderFactoryD0Ev
FNA:26,0,_ZN7testing8internal11ThreadLocalINSt3__16vectorINS0_9TraceInfoENS2_9allocatorIS4_EEEEE25DefaultValueHolderFactoryD1Ev
FNA:26,0,_ZN7testing8internal11ThreadLocalINSt3__16vectorINS0_9TraceInfoENS2_9allocatorIS4_EEEEE25DefaultValueHolderFactoryD2Ev
FNL:27,1801,1801
FNA:27,4,_ZN7testing8internal11ThreadLocalINSt3__16vectorINS0_9TraceInfoENS2_9allocatorIS4_EEEEE25DefaultValueHolderFactoryC1Ev
FNA:27,4,_ZN7testing8internal11ThreadLocalINSt3__16vectorINS0_9TraceInfoENS2_9allocatorIS4_EEEEE25DefaultValueHolderFactoryC2Ev
FNL:28,1802,1802
FNA:28,1,_ZNK7testing8internal11ThreadLocalINSt3__16vectorINS0_9TraceInfoENS2_9allocatorIS4_EEEEE25DefaultValueHolderFactory13MakeNewHolderEv
FNL:29,1810
FNA:29,0,_ZN7testing8internal11ThreadLocalIPNS_31TestPartResultReporterInterfaceEE26InstanceValueHolderFactoryD0Ev
FNA:29,0,_ZN7testing8internal11ThreadLocalIPNS_31TestPartResultReporterInterfaceEE26InstanceValueHolderFactoryD1Ev
FNA:29,0,_ZN7testing8internal11ThreadLocalIPNS_31TestPartResultReporterInterfaceEE26InstanceValueHolderFactoryD2Ev
FNL:30,1812,1812
FNA:30,4,_ZN7testing8internal11ThreadLocalIPNS_31TestPartResultReporterInterfaceEE26InstanceValueHolderFactoryC1ERKS3_
FNA:30,4,_ZN7testing8internal11ThreadLocalIPNS_31TestPartResultReporterInterfaceEE26InstanceValueHolderFactoryC2ERKS3_
FNL:31,1813,1815
FNA:31,1,_ZNK7testing8internal11ThreadLocalIPNS_31TestPartResultReporterInterfaceEE26InstanceValueHolderFactory13MakeNewHolderEv
FNL:32,1908,1909
FNA:32,0,_ZN7testing8internal7IsDigitEc
FNL:33,1914,1915
FNA:33,0,_ZN7testing8internal7IsSpaceEc
FNL:34,1920,1921
FNA:34,0,_ZN7testing8internal8IsXDigitEc
FNL:35,1924,1925
FNA:35,0,_ZN7testing8internal8IsXDigitEDu
FNL:36,1928,1930
FNA:36,0,_ZN7testing8internal8IsXDigitEDs
FNL:37,1932,1934
FNA:37,0,_ZN7testing8internal8IsXDigitEDi
FNL:38,1936,1938
FNA:38,0,_ZN7testing8internal8IsXDigitEw
FNL:39,1944,1945
FNA:39,1656,_ZN7testing8internal7ToUpperEc
FNL:40,1948,1951
FNA:40,0,_ZN7testing8internal19StripTrailingSpacesENSt3__112basic_stringIcNS1_11char_traitsIcEENS1_9allocatorIcEEEE
FNL:41,2018,2018
FNA:41,4,_ZN7testing8internal5posix6FileNoEP7__sFILE
FNL:42,2019,2019
FNA:42,4,_ZN7testing8internal5posix8DoIsATTYEi
FNL:43,2020,2020
FNA:43,0,_ZN7testing8internal5posix4StatEPKcP4stat
FNL:44,2021,2022
FNA:44,8,_ZN7testing8internal5posix10StrCaseCmpEPKcS3_
FNL:45,2024,2024
FNA:45,0,_ZN7testing8internal5posix6StrDupEPKc
FNL:46,2031,2031
FNA:46,0,_ZN7testing8internal5posix5IsDirERK4stat
FNL:47,2035,2043
FNA:47,4,_ZN7testing8internal5posix6IsATTYEi
FNL:48,2059,2067
FNA:48,0,_ZN7testing8internal5posix5FOpenEPKcS3_
FNL:49,2074,2074
FNA:49,0,_ZN7testing8internal5posix6FDOpenEiPKc
FNL:50,2076,2076
FNA:50,0,_ZN7testing8internal5posix6FCloseEP7__sFILE
FNL:51,2078,2079
FNA:51,0,_ZN7testing8internal5posix4ReadEiPvj
FNL:52,2081,2082
FNA:52,0,_ZN7testing8internal5posix5WriteEiPKvj
FNL:53,2084,2084
FNA:53,0,_ZN7testing8internal5posix5CloseEi
FNL:54,2085,2085
FNA:54,0,_ZN7testing8internal5posix8StrErrorEi
FNL:55,2087,2100
FNA:55,124,_ZN7testing8internal5posix6GetEnvEPKc
FNL:56,2112,2112
FNA:56,0,_ZN7testing8internal5posix5AbortEv
FNL:57,970,970
FNA:57,0,_ZN7testing8internal8GTestLog9GetStreamEv
FNL:58,986,986
FNA:58,0,_ZN7testing8internal11LogToStderrEv
FNL:59,987,987
FNA:59,0,_ZN7testing8internal12FlushInfoLogEv
FNF:60
FNH:28
DA:970,0
DA:986,0
DA:987,0
DA:1068,0
DA:1069,0
DA:1119,14
DA:1121,14
DA:1127,14
DA:1131,0
DA:1622,16
DA:1623,16
DA:1624,16
DA:1625,16
DA:1626,16
DA:1629,16
DA:1634,16
DA:1635,16
DA:1636,16
DA:1679,158
DA:1680,79
DA:1681,79
DA:1682,158
DA:1683,0
DA:1697,32
DA:1699,32
DA:1718,0
DA:1723,0
DA:1724,0
DA:1725,0
DA:1731,8
DA:1732,8
DA:1733,8
DA:1734,4
DA:1735,8
DA:1737,0
DA:1739,0
DA:1743,0
DA:1744,0
DA:1746,8
DA:1747,8
DA:1748,8
DA:1749,0
DA:1755,2
DA:1756,2
DA:1758,16
DA:1766,8
DA:1770,8
DA:1772,8
DA:1773,0
DA:1775,16
DA:1776,16
DA:1777,16
DA:1778,16
DA:1779,14
DA:1782,2
DA:1783,2
DA:1784,2
DA:1785,2
DA:1786,16
DA:1790,8
DA:1791,0
DA:1801,8
DA:1802,1
DA:1812,8
DA:1813,1
DA:1814,1
DA:1815,0
DA:1908,0
DA:1909,0
DA:1914,0
DA:1915,0
DA:1920,0
DA:1921,0
DA:1924,0
DA:1925,0
DA:1928,0
DA:1929,0
DA:1930,0
DA:1932,0
DA:1933,0
DA:1934,0
DA:1936,0
DA:1937,0
DA:1938,0
DA:1944,1656
DA:1945,1656
DA:1948,0
DA:1949,0
DA:1950,0
DA:1951,0
DA:2018,4
DA:2019,4
DA:2020,0
DA:2021,8
DA:2022,8
DA:2024,0
DA:2031,0
DA:2035,4
DA:2039,4
DA:2040,4
DA:2041,4
DA:2043,4
DA:2059,0
DA:2067,0
DA:2074,0
DA:2076,0
DA:2078,0
DA:2079,0
DA:2081,0
DA:2082,0
DA:2084,0
DA:2085,0
DA:2087,124
DA:2100,124
DA:2112,0
LF:115
LH:61
end_of_record
TN:
SF:/Users/yunjinqi/Documents/source_code/pyfolio_cpp/build_coverage/_deps/googletest-src/googletest/src/gtest-all.cc
